[2023-05-23T00:00:29.664+0000] {processor.py:157} INFO - Started process (PID=7234) to work on /home/airflow/.local/lib/python3.7/site-packages/airflow/example_dags/example_sensors.py
[2023-05-23T00:00:29.665+0000] {processor.py:826} INFO - Processing file /home/airflow/.local/lib/python3.7/site-packages/airflow/example_dags/example_sensors.py for tasks to queue
[2023-05-23T00:00:29.665+0000] {logging_mixin.py:149} INFO - [2023-05-23T00:00:29.665+0000] {dagbag.py:541} INFO - Filling up the DagBag from /home/airflow/.local/lib/python3.7/site-packages/airflow/example_dags/example_sensors.py
[2023-05-23T00:00:29.676+0000] {processor.py:836} INFO - DAG(s) dict_keys(['example_sensors']) retrieved from /home/airflow/.local/lib/python3.7/site-packages/airflow/example_dags/example_sensors.py
[2023-05-23T00:00:29.700+0000] {logging_mixin.py:149} INFO - [2023-05-23T00:00:29.700+0000] {dag.py:2726} INFO - Sync 1 DAGs
[2023-05-23T00:00:29.723+0000] {logging_mixin.py:149} INFO - [2023-05-23T00:00:29.722+0000] {dag.py:3490} INFO - Setting next_dagrun for example_sensors to None, run_after=None
[2023-05-23T00:00:29.742+0000] {processor.py:179} INFO - Processing /home/airflow/.local/lib/python3.7/site-packages/airflow/example_dags/example_sensors.py took 0.080 seconds
[2023-05-23T00:01:00.528+0000] {processor.py:157} INFO - Started process (PID=7303) to work on /home/airflow/.local/lib/python3.7/site-packages/airflow/example_dags/example_sensors.py
[2023-05-23T00:01:00.529+0000] {processor.py:826} INFO - Processing file /home/airflow/.local/lib/python3.7/site-packages/airflow/example_dags/example_sensors.py for tasks to queue
[2023-05-23T00:01:00.530+0000] {logging_mixin.py:149} INFO - [2023-05-23T00:01:00.529+0000] {dagbag.py:541} INFO - Filling up the DagBag from /home/airflow/.local/lib/python3.7/site-packages/airflow/example_dags/example_sensors.py
[2023-05-23T00:01:00.537+0000] {processor.py:836} INFO - DAG(s) dict_keys(['example_sensors']) retrieved from /home/airflow/.local/lib/python3.7/site-packages/airflow/example_dags/example_sensors.py
[2023-05-23T00:01:00.560+0000] {logging_mixin.py:149} INFO - [2023-05-23T00:01:00.560+0000] {dag.py:2726} INFO - Sync 1 DAGs
[2023-05-23T00:01:00.586+0000] {logging_mixin.py:149} INFO - [2023-05-23T00:01:00.585+0000] {dag.py:3490} INFO - Setting next_dagrun for example_sensors to None, run_after=None
[2023-05-23T00:01:00.604+0000] {processor.py:179} INFO - Processing /home/airflow/.local/lib/python3.7/site-packages/airflow/example_dags/example_sensors.py took 0.078 seconds
[2023-05-23T00:01:31.081+0000] {processor.py:157} INFO - Started process (PID=7373) to work on /home/airflow/.local/lib/python3.7/site-packages/airflow/example_dags/example_sensors.py
[2023-05-23T00:01:31.081+0000] {processor.py:826} INFO - Processing file /home/airflow/.local/lib/python3.7/site-packages/airflow/example_dags/example_sensors.py for tasks to queue
[2023-05-23T00:01:31.082+0000] {logging_mixin.py:149} INFO - [2023-05-23T00:01:31.082+0000] {dagbag.py:541} INFO - Filling up the DagBag from /home/airflow/.local/lib/python3.7/site-packages/airflow/example_dags/example_sensors.py
[2023-05-23T00:01:31.089+0000] {processor.py:836} INFO - DAG(s) dict_keys(['example_sensors']) retrieved from /home/airflow/.local/lib/python3.7/site-packages/airflow/example_dags/example_sensors.py
[2023-05-23T00:01:31.114+0000] {logging_mixin.py:149} INFO - [2023-05-23T00:01:31.114+0000] {dag.py:2726} INFO - Sync 1 DAGs
[2023-05-23T00:01:31.137+0000] {logging_mixin.py:149} INFO - [2023-05-23T00:01:31.137+0000] {dag.py:3490} INFO - Setting next_dagrun for example_sensors to None, run_after=None
[2023-05-23T00:01:31.155+0000] {processor.py:179} INFO - Processing /home/airflow/.local/lib/python3.7/site-packages/airflow/example_dags/example_sensors.py took 0.076 seconds
[2023-05-23T00:02:02.295+0000] {processor.py:157} INFO - Started process (PID=7443) to work on /home/airflow/.local/lib/python3.7/site-packages/airflow/example_dags/example_sensors.py
[2023-05-23T00:02:02.295+0000] {processor.py:826} INFO - Processing file /home/airflow/.local/lib/python3.7/site-packages/airflow/example_dags/example_sensors.py for tasks to queue
[2023-05-23T00:02:02.296+0000] {logging_mixin.py:149} INFO - [2023-05-23T00:02:02.296+0000] {dagbag.py:541} INFO - Filling up the DagBag from /home/airflow/.local/lib/python3.7/site-packages/airflow/example_dags/example_sensors.py
[2023-05-23T00:02:02.303+0000] {processor.py:836} INFO - DAG(s) dict_keys(['example_sensors']) retrieved from /home/airflow/.local/lib/python3.7/site-packages/airflow/example_dags/example_sensors.py
[2023-05-23T00:02:02.327+0000] {logging_mixin.py:149} INFO - [2023-05-23T00:02:02.327+0000] {dag.py:2726} INFO - Sync 1 DAGs
[2023-05-23T00:02:02.349+0000] {logging_mixin.py:149} INFO - [2023-05-23T00:02:02.349+0000] {dag.py:3490} INFO - Setting next_dagrun for example_sensors to None, run_after=None
[2023-05-23T00:02:02.369+0000] {processor.py:179} INFO - Processing /home/airflow/.local/lib/python3.7/site-packages/airflow/example_dags/example_sensors.py took 0.076 seconds
[2023-05-23T00:02:33.006+0000] {processor.py:157} INFO - Started process (PID=7512) to work on /home/airflow/.local/lib/python3.7/site-packages/airflow/example_dags/example_sensors.py
[2023-05-23T00:02:33.007+0000] {processor.py:826} INFO - Processing file /home/airflow/.local/lib/python3.7/site-packages/airflow/example_dags/example_sensors.py for tasks to queue
[2023-05-23T00:02:33.008+0000] {logging_mixin.py:149} INFO - [2023-05-23T00:02:33.007+0000] {dagbag.py:541} INFO - Filling up the DagBag from /home/airflow/.local/lib/python3.7/site-packages/airflow/example_dags/example_sensors.py
[2023-05-23T00:02:33.015+0000] {processor.py:836} INFO - DAG(s) dict_keys(['example_sensors']) retrieved from /home/airflow/.local/lib/python3.7/site-packages/airflow/example_dags/example_sensors.py
[2023-05-23T00:02:33.038+0000] {logging_mixin.py:149} INFO - [2023-05-23T00:02:33.038+0000] {dag.py:2726} INFO - Sync 1 DAGs
[2023-05-23T00:02:33.061+0000] {logging_mixin.py:149} INFO - [2023-05-23T00:02:33.061+0000] {dag.py:3490} INFO - Setting next_dagrun for example_sensors to None, run_after=None
[2023-05-23T00:02:33.080+0000] {processor.py:179} INFO - Processing /home/airflow/.local/lib/python3.7/site-packages/airflow/example_dags/example_sensors.py took 0.075 seconds
[2023-05-23T00:03:03.304+0000] {processor.py:157} INFO - Started process (PID=7582) to work on /home/airflow/.local/lib/python3.7/site-packages/airflow/example_dags/example_sensors.py
[2023-05-23T00:03:03.305+0000] {processor.py:826} INFO - Processing file /home/airflow/.local/lib/python3.7/site-packages/airflow/example_dags/example_sensors.py for tasks to queue
[2023-05-23T00:03:03.306+0000] {logging_mixin.py:149} INFO - [2023-05-23T00:03:03.306+0000] {dagbag.py:541} INFO - Filling up the DagBag from /home/airflow/.local/lib/python3.7/site-packages/airflow/example_dags/example_sensors.py
[2023-05-23T00:03:03.313+0000] {processor.py:836} INFO - DAG(s) dict_keys(['example_sensors']) retrieved from /home/airflow/.local/lib/python3.7/site-packages/airflow/example_dags/example_sensors.py
[2023-05-23T00:03:03.336+0000] {logging_mixin.py:149} INFO - [2023-05-23T00:03:03.336+0000] {dag.py:2726} INFO - Sync 1 DAGs
[2023-05-23T00:03:03.358+0000] {logging_mixin.py:149} INFO - [2023-05-23T00:03:03.358+0000] {dag.py:3490} INFO - Setting next_dagrun for example_sensors to None, run_after=None
[2023-05-23T00:03:03.377+0000] {processor.py:179} INFO - Processing /home/airflow/.local/lib/python3.7/site-packages/airflow/example_dags/example_sensors.py took 0.075 seconds
[2023-05-23T00:03:33.718+0000] {processor.py:157} INFO - Started process (PID=7652) to work on /home/airflow/.local/lib/python3.7/site-packages/airflow/example_dags/example_sensors.py
[2023-05-23T00:03:33.718+0000] {processor.py:826} INFO - Processing file /home/airflow/.local/lib/python3.7/site-packages/airflow/example_dags/example_sensors.py for tasks to queue
[2023-05-23T00:03:33.719+0000] {logging_mixin.py:149} INFO - [2023-05-23T00:03:33.719+0000] {dagbag.py:541} INFO - Filling up the DagBag from /home/airflow/.local/lib/python3.7/site-packages/airflow/example_dags/example_sensors.py
[2023-05-23T00:03:33.726+0000] {processor.py:836} INFO - DAG(s) dict_keys(['example_sensors']) retrieved from /home/airflow/.local/lib/python3.7/site-packages/airflow/example_dags/example_sensors.py
[2023-05-23T00:03:33.750+0000] {logging_mixin.py:149} INFO - [2023-05-23T00:03:33.750+0000] {dag.py:2726} INFO - Sync 1 DAGs
[2023-05-23T00:03:33.772+0000] {logging_mixin.py:149} INFO - [2023-05-23T00:03:33.772+0000] {dag.py:3490} INFO - Setting next_dagrun for example_sensors to None, run_after=None
[2023-05-23T00:03:33.790+0000] {processor.py:179} INFO - Processing /home/airflow/.local/lib/python3.7/site-packages/airflow/example_dags/example_sensors.py took 0.075 seconds
[2023-05-23T00:04:04.625+0000] {processor.py:157} INFO - Started process (PID=7721) to work on /home/airflow/.local/lib/python3.7/site-packages/airflow/example_dags/example_sensors.py
[2023-05-23T00:04:04.626+0000] {processor.py:826} INFO - Processing file /home/airflow/.local/lib/python3.7/site-packages/airflow/example_dags/example_sensors.py for tasks to queue
[2023-05-23T00:04:04.626+0000] {logging_mixin.py:149} INFO - [2023-05-23T00:04:04.626+0000] {dagbag.py:541} INFO - Filling up the DagBag from /home/airflow/.local/lib/python3.7/site-packages/airflow/example_dags/example_sensors.py
[2023-05-23T00:04:04.635+0000] {processor.py:836} INFO - DAG(s) dict_keys(['example_sensors']) retrieved from /home/airflow/.local/lib/python3.7/site-packages/airflow/example_dags/example_sensors.py
[2023-05-23T00:04:04.659+0000] {logging_mixin.py:149} INFO - [2023-05-23T00:04:04.659+0000] {dag.py:2726} INFO - Sync 1 DAGs
[2023-05-23T00:04:04.681+0000] {logging_mixin.py:149} INFO - [2023-05-23T00:04:04.680+0000] {dag.py:3490} INFO - Setting next_dagrun for example_sensors to None, run_after=None
[2023-05-23T00:04:04.699+0000] {processor.py:179} INFO - Processing /home/airflow/.local/lib/python3.7/site-packages/airflow/example_dags/example_sensors.py took 0.077 seconds
[2023-05-23T00:04:34.864+0000] {processor.py:157} INFO - Started process (PID=7790) to work on /home/airflow/.local/lib/python3.7/site-packages/airflow/example_dags/example_sensors.py
[2023-05-23T00:04:34.865+0000] {processor.py:826} INFO - Processing file /home/airflow/.local/lib/python3.7/site-packages/airflow/example_dags/example_sensors.py for tasks to queue
[2023-05-23T00:04:34.866+0000] {logging_mixin.py:149} INFO - [2023-05-23T00:04:34.866+0000] {dagbag.py:541} INFO - Filling up the DagBag from /home/airflow/.local/lib/python3.7/site-packages/airflow/example_dags/example_sensors.py
[2023-05-23T00:04:34.874+0000] {processor.py:836} INFO - DAG(s) dict_keys(['example_sensors']) retrieved from /home/airflow/.local/lib/python3.7/site-packages/airflow/example_dags/example_sensors.py
[2023-05-23T00:04:34.899+0000] {logging_mixin.py:149} INFO - [2023-05-23T00:04:34.899+0000] {dag.py:2726} INFO - Sync 1 DAGs
[2023-05-23T00:04:34.922+0000] {logging_mixin.py:149} INFO - [2023-05-23T00:04:34.921+0000] {dag.py:3490} INFO - Setting next_dagrun for example_sensors to None, run_after=None
[2023-05-23T00:04:34.941+0000] {processor.py:179} INFO - Processing /home/airflow/.local/lib/python3.7/site-packages/airflow/example_dags/example_sensors.py took 0.079 seconds
[2023-05-23T00:05:05.731+0000] {processor.py:157} INFO - Started process (PID=7859) to work on /home/airflow/.local/lib/python3.7/site-packages/airflow/example_dags/example_sensors.py
[2023-05-23T00:05:05.731+0000] {processor.py:826} INFO - Processing file /home/airflow/.local/lib/python3.7/site-packages/airflow/example_dags/example_sensors.py for tasks to queue
[2023-05-23T00:05:05.732+0000] {logging_mixin.py:149} INFO - [2023-05-23T00:05:05.732+0000] {dagbag.py:541} INFO - Filling up the DagBag from /home/airflow/.local/lib/python3.7/site-packages/airflow/example_dags/example_sensors.py
[2023-05-23T00:05:05.739+0000] {processor.py:836} INFO - DAG(s) dict_keys(['example_sensors']) retrieved from /home/airflow/.local/lib/python3.7/site-packages/airflow/example_dags/example_sensors.py
[2023-05-23T00:05:05.763+0000] {logging_mixin.py:149} INFO - [2023-05-23T00:05:05.762+0000] {dag.py:2726} INFO - Sync 1 DAGs
[2023-05-23T00:05:05.784+0000] {logging_mixin.py:149} INFO - [2023-05-23T00:05:05.784+0000] {dag.py:3490} INFO - Setting next_dagrun for example_sensors to None, run_after=None
[2023-05-23T00:05:05.900+0000] {processor.py:179} INFO - Processing /home/airflow/.local/lib/python3.7/site-packages/airflow/example_dags/example_sensors.py took 0.172 seconds
[2023-05-23T00:05:35.974+0000] {processor.py:157} INFO - Started process (PID=7929) to work on /home/airflow/.local/lib/python3.7/site-packages/airflow/example_dags/example_sensors.py
[2023-05-23T00:05:35.975+0000] {processor.py:826} INFO - Processing file /home/airflow/.local/lib/python3.7/site-packages/airflow/example_dags/example_sensors.py for tasks to queue
[2023-05-23T00:05:35.976+0000] {logging_mixin.py:149} INFO - [2023-05-23T00:05:35.975+0000] {dagbag.py:541} INFO - Filling up the DagBag from /home/airflow/.local/lib/python3.7/site-packages/airflow/example_dags/example_sensors.py
[2023-05-23T00:05:35.983+0000] {processor.py:836} INFO - DAG(s) dict_keys(['example_sensors']) retrieved from /home/airflow/.local/lib/python3.7/site-packages/airflow/example_dags/example_sensors.py
[2023-05-23T00:05:36.007+0000] {logging_mixin.py:149} INFO - [2023-05-23T00:05:36.007+0000] {dag.py:2726} INFO - Sync 1 DAGs
[2023-05-23T00:05:36.030+0000] {logging_mixin.py:149} INFO - [2023-05-23T00:05:36.030+0000] {dag.py:3490} INFO - Setting next_dagrun for example_sensors to None, run_after=None
[2023-05-23T00:05:36.055+0000] {processor.py:179} INFO - Processing /home/airflow/.local/lib/python3.7/site-packages/airflow/example_dags/example_sensors.py took 0.083 seconds
[2023-05-23T00:06:06.357+0000] {processor.py:157} INFO - Started process (PID=7998) to work on /home/airflow/.local/lib/python3.7/site-packages/airflow/example_dags/example_sensors.py
[2023-05-23T00:06:06.358+0000] {processor.py:826} INFO - Processing file /home/airflow/.local/lib/python3.7/site-packages/airflow/example_dags/example_sensors.py for tasks to queue
[2023-05-23T00:06:06.359+0000] {logging_mixin.py:149} INFO - [2023-05-23T00:06:06.359+0000] {dagbag.py:541} INFO - Filling up the DagBag from /home/airflow/.local/lib/python3.7/site-packages/airflow/example_dags/example_sensors.py
[2023-05-23T00:06:06.366+0000] {processor.py:836} INFO - DAG(s) dict_keys(['example_sensors']) retrieved from /home/airflow/.local/lib/python3.7/site-packages/airflow/example_dags/example_sensors.py
[2023-05-23T00:06:06.391+0000] {logging_mixin.py:149} INFO - [2023-05-23T00:06:06.390+0000] {dag.py:2726} INFO - Sync 1 DAGs
[2023-05-23T00:06:06.412+0000] {logging_mixin.py:149} INFO - [2023-05-23T00:06:06.412+0000] {dag.py:3490} INFO - Setting next_dagrun for example_sensors to None, run_after=None
[2023-05-23T00:06:06.430+0000] {processor.py:179} INFO - Processing /home/airflow/.local/lib/python3.7/site-packages/airflow/example_dags/example_sensors.py took 0.075 seconds
[2023-05-23T00:06:36.475+0000] {processor.py:157} INFO - Started process (PID=8067) to work on /home/airflow/.local/lib/python3.7/site-packages/airflow/example_dags/example_sensors.py
[2023-05-23T00:06:36.475+0000] {processor.py:826} INFO - Processing file /home/airflow/.local/lib/python3.7/site-packages/airflow/example_dags/example_sensors.py for tasks to queue
[2023-05-23T00:06:36.476+0000] {logging_mixin.py:149} INFO - [2023-05-23T00:06:36.476+0000] {dagbag.py:541} INFO - Filling up the DagBag from /home/airflow/.local/lib/python3.7/site-packages/airflow/example_dags/example_sensors.py
[2023-05-23T00:06:36.483+0000] {processor.py:836} INFO - DAG(s) dict_keys(['example_sensors']) retrieved from /home/airflow/.local/lib/python3.7/site-packages/airflow/example_dags/example_sensors.py
[2023-05-23T00:06:36.507+0000] {logging_mixin.py:149} INFO - [2023-05-23T00:06:36.507+0000] {dag.py:2726} INFO - Sync 1 DAGs
[2023-05-23T00:06:36.529+0000] {logging_mixin.py:149} INFO - [2023-05-23T00:06:36.529+0000] {dag.py:3490} INFO - Setting next_dagrun for example_sensors to None, run_after=None
[2023-05-23T00:06:36.548+0000] {processor.py:179} INFO - Processing /home/airflow/.local/lib/python3.7/site-packages/airflow/example_dags/example_sensors.py took 0.075 seconds
[2023-05-23T00:07:07.344+0000] {processor.py:157} INFO - Started process (PID=8136) to work on /home/airflow/.local/lib/python3.7/site-packages/airflow/example_dags/example_sensors.py
[2023-05-23T00:07:07.345+0000] {processor.py:826} INFO - Processing file /home/airflow/.local/lib/python3.7/site-packages/airflow/example_dags/example_sensors.py for tasks to queue
[2023-05-23T00:07:07.346+0000] {logging_mixin.py:149} INFO - [2023-05-23T00:07:07.346+0000] {dagbag.py:541} INFO - Filling up the DagBag from /home/airflow/.local/lib/python3.7/site-packages/airflow/example_dags/example_sensors.py
[2023-05-23T00:07:07.353+0000] {processor.py:836} INFO - DAG(s) dict_keys(['example_sensors']) retrieved from /home/airflow/.local/lib/python3.7/site-packages/airflow/example_dags/example_sensors.py
[2023-05-23T00:07:07.377+0000] {logging_mixin.py:149} INFO - [2023-05-23T00:07:07.376+0000] {dag.py:2726} INFO - Sync 1 DAGs
[2023-05-23T00:07:07.399+0000] {logging_mixin.py:149} INFO - [2023-05-23T00:07:07.399+0000] {dag.py:3490} INFO - Setting next_dagrun for example_sensors to None, run_after=None
[2023-05-23T00:07:07.425+0000] {processor.py:179} INFO - Processing /home/airflow/.local/lib/python3.7/site-packages/airflow/example_dags/example_sensors.py took 0.083 seconds
[2023-05-23T00:07:37.878+0000] {processor.py:157} INFO - Started process (PID=8205) to work on /home/airflow/.local/lib/python3.7/site-packages/airflow/example_dags/example_sensors.py
[2023-05-23T00:07:37.878+0000] {processor.py:826} INFO - Processing file /home/airflow/.local/lib/python3.7/site-packages/airflow/example_dags/example_sensors.py for tasks to queue
[2023-05-23T00:07:37.879+0000] {logging_mixin.py:149} INFO - [2023-05-23T00:07:37.879+0000] {dagbag.py:541} INFO - Filling up the DagBag from /home/airflow/.local/lib/python3.7/site-packages/airflow/example_dags/example_sensors.py
[2023-05-23T00:07:37.886+0000] {processor.py:836} INFO - DAG(s) dict_keys(['example_sensors']) retrieved from /home/airflow/.local/lib/python3.7/site-packages/airflow/example_dags/example_sensors.py
[2023-05-23T00:07:37.910+0000] {logging_mixin.py:149} INFO - [2023-05-23T00:07:37.910+0000] {dag.py:2726} INFO - Sync 1 DAGs
[2023-05-23T00:07:37.931+0000] {logging_mixin.py:149} INFO - [2023-05-23T00:07:37.931+0000] {dag.py:3490} INFO - Setting next_dagrun for example_sensors to None, run_after=None
[2023-05-23T00:07:37.947+0000] {processor.py:179} INFO - Processing /home/airflow/.local/lib/python3.7/site-packages/airflow/example_dags/example_sensors.py took 0.072 seconds
[2023-05-23T00:08:08.041+0000] {processor.py:157} INFO - Started process (PID=8274) to work on /home/airflow/.local/lib/python3.7/site-packages/airflow/example_dags/example_sensors.py
[2023-05-23T00:08:08.042+0000] {processor.py:826} INFO - Processing file /home/airflow/.local/lib/python3.7/site-packages/airflow/example_dags/example_sensors.py for tasks to queue
[2023-05-23T00:08:08.042+0000] {logging_mixin.py:149} INFO - [2023-05-23T00:08:08.042+0000] {dagbag.py:541} INFO - Filling up the DagBag from /home/airflow/.local/lib/python3.7/site-packages/airflow/example_dags/example_sensors.py
[2023-05-23T00:08:08.049+0000] {processor.py:836} INFO - DAG(s) dict_keys(['example_sensors']) retrieved from /home/airflow/.local/lib/python3.7/site-packages/airflow/example_dags/example_sensors.py
[2023-05-23T00:08:08.074+0000] {logging_mixin.py:149} INFO - [2023-05-23T00:08:08.073+0000] {dag.py:2726} INFO - Sync 1 DAGs
[2023-05-23T00:08:08.096+0000] {logging_mixin.py:149} INFO - [2023-05-23T00:08:08.096+0000] {dag.py:3490} INFO - Setting next_dagrun for example_sensors to None, run_after=None
[2023-05-23T00:08:08.114+0000] {processor.py:179} INFO - Processing /home/airflow/.local/lib/python3.7/site-packages/airflow/example_dags/example_sensors.py took 0.075 seconds
[2023-05-23T00:08:38.443+0000] {processor.py:157} INFO - Started process (PID=8344) to work on /home/airflow/.local/lib/python3.7/site-packages/airflow/example_dags/example_sensors.py
[2023-05-23T00:08:38.444+0000] {processor.py:826} INFO - Processing file /home/airflow/.local/lib/python3.7/site-packages/airflow/example_dags/example_sensors.py for tasks to queue
[2023-05-23T00:08:38.444+0000] {logging_mixin.py:149} INFO - [2023-05-23T00:08:38.444+0000] {dagbag.py:541} INFO - Filling up the DagBag from /home/airflow/.local/lib/python3.7/site-packages/airflow/example_dags/example_sensors.py
[2023-05-23T00:08:38.452+0000] {processor.py:836} INFO - DAG(s) dict_keys(['example_sensors']) retrieved from /home/airflow/.local/lib/python3.7/site-packages/airflow/example_dags/example_sensors.py
[2023-05-23T00:08:38.477+0000] {logging_mixin.py:149} INFO - [2023-05-23T00:08:38.477+0000] {dag.py:2726} INFO - Sync 1 DAGs
[2023-05-23T00:08:38.502+0000] {logging_mixin.py:149} INFO - [2023-05-23T00:08:38.501+0000] {dag.py:3490} INFO - Setting next_dagrun for example_sensors to None, run_after=None
[2023-05-23T00:08:38.521+0000] {processor.py:179} INFO - Processing /home/airflow/.local/lib/python3.7/site-packages/airflow/example_dags/example_sensors.py took 0.081 seconds
[2023-05-23T00:09:08.587+0000] {processor.py:157} INFO - Started process (PID=8414) to work on /home/airflow/.local/lib/python3.7/site-packages/airflow/example_dags/example_sensors.py
[2023-05-23T00:09:08.587+0000] {processor.py:826} INFO - Processing file /home/airflow/.local/lib/python3.7/site-packages/airflow/example_dags/example_sensors.py for tasks to queue
[2023-05-23T00:09:08.588+0000] {logging_mixin.py:149} INFO - [2023-05-23T00:09:08.588+0000] {dagbag.py:541} INFO - Filling up the DagBag from /home/airflow/.local/lib/python3.7/site-packages/airflow/example_dags/example_sensors.py
[2023-05-23T00:09:08.595+0000] {processor.py:836} INFO - DAG(s) dict_keys(['example_sensors']) retrieved from /home/airflow/.local/lib/python3.7/site-packages/airflow/example_dags/example_sensors.py
[2023-05-23T00:09:08.619+0000] {logging_mixin.py:149} INFO - [2023-05-23T00:09:08.619+0000] {dag.py:2726} INFO - Sync 1 DAGs
[2023-05-23T00:09:08.641+0000] {logging_mixin.py:149} INFO - [2023-05-23T00:09:08.641+0000] {dag.py:3490} INFO - Setting next_dagrun for example_sensors to None, run_after=None
[2023-05-23T00:09:08.660+0000] {processor.py:179} INFO - Processing /home/airflow/.local/lib/python3.7/site-packages/airflow/example_dags/example_sensors.py took 0.076 seconds
[2023-05-23T00:09:38.965+0000] {processor.py:157} INFO - Started process (PID=8483) to work on /home/airflow/.local/lib/python3.7/site-packages/airflow/example_dags/example_sensors.py
[2023-05-23T00:09:38.966+0000] {processor.py:826} INFO - Processing file /home/airflow/.local/lib/python3.7/site-packages/airflow/example_dags/example_sensors.py for tasks to queue
[2023-05-23T00:09:38.966+0000] {logging_mixin.py:149} INFO - [2023-05-23T00:09:38.966+0000] {dagbag.py:541} INFO - Filling up the DagBag from /home/airflow/.local/lib/python3.7/site-packages/airflow/example_dags/example_sensors.py
[2023-05-23T00:09:38.974+0000] {processor.py:836} INFO - DAG(s) dict_keys(['example_sensors']) retrieved from /home/airflow/.local/lib/python3.7/site-packages/airflow/example_dags/example_sensors.py
[2023-05-23T00:09:38.998+0000] {logging_mixin.py:149} INFO - [2023-05-23T00:09:38.997+0000] {dag.py:2726} INFO - Sync 1 DAGs
[2023-05-23T00:09:39.021+0000] {logging_mixin.py:149} INFO - [2023-05-23T00:09:39.021+0000] {dag.py:3490} INFO - Setting next_dagrun for example_sensors to None, run_after=None
[2023-05-23T00:09:39.038+0000] {processor.py:179} INFO - Processing /home/airflow/.local/lib/python3.7/site-packages/airflow/example_dags/example_sensors.py took 0.075 seconds
[2023-05-23T00:10:09.652+0000] {processor.py:157} INFO - Started process (PID=8552) to work on /home/airflow/.local/lib/python3.7/site-packages/airflow/example_dags/example_sensors.py
[2023-05-23T00:10:09.653+0000] {processor.py:826} INFO - Processing file /home/airflow/.local/lib/python3.7/site-packages/airflow/example_dags/example_sensors.py for tasks to queue
[2023-05-23T00:10:09.653+0000] {logging_mixin.py:149} INFO - [2023-05-23T00:10:09.653+0000] {dagbag.py:541} INFO - Filling up the DagBag from /home/airflow/.local/lib/python3.7/site-packages/airflow/example_dags/example_sensors.py
[2023-05-23T00:10:09.660+0000] {processor.py:836} INFO - DAG(s) dict_keys(['example_sensors']) retrieved from /home/airflow/.local/lib/python3.7/site-packages/airflow/example_dags/example_sensors.py
[2023-05-23T00:10:09.684+0000] {logging_mixin.py:149} INFO - [2023-05-23T00:10:09.683+0000] {dag.py:2726} INFO - Sync 1 DAGs
[2023-05-23T00:10:09.707+0000] {logging_mixin.py:149} INFO - [2023-05-23T00:10:09.706+0000] {dag.py:3490} INFO - Setting next_dagrun for example_sensors to None, run_after=None
[2023-05-23T00:10:09.725+0000] {processor.py:179} INFO - Processing /home/airflow/.local/lib/python3.7/site-packages/airflow/example_dags/example_sensors.py took 0.076 seconds
[2023-05-23T00:10:40.335+0000] {processor.py:157} INFO - Started process (PID=8621) to work on /home/airflow/.local/lib/python3.7/site-packages/airflow/example_dags/example_sensors.py
[2023-05-23T00:10:40.335+0000] {processor.py:826} INFO - Processing file /home/airflow/.local/lib/python3.7/site-packages/airflow/example_dags/example_sensors.py for tasks to queue
[2023-05-23T00:10:40.336+0000] {logging_mixin.py:149} INFO - [2023-05-23T00:10:40.336+0000] {dagbag.py:541} INFO - Filling up the DagBag from /home/airflow/.local/lib/python3.7/site-packages/airflow/example_dags/example_sensors.py
[2023-05-23T00:10:40.343+0000] {processor.py:836} INFO - DAG(s) dict_keys(['example_sensors']) retrieved from /home/airflow/.local/lib/python3.7/site-packages/airflow/example_dags/example_sensors.py
[2023-05-23T00:10:40.367+0000] {logging_mixin.py:149} INFO - [2023-05-23T00:10:40.367+0000] {dag.py:2726} INFO - Sync 1 DAGs
[2023-05-23T00:10:40.391+0000] {logging_mixin.py:149} INFO - [2023-05-23T00:10:40.391+0000] {dag.py:3490} INFO - Setting next_dagrun for example_sensors to None, run_after=None
[2023-05-23T00:10:40.410+0000] {processor.py:179} INFO - Processing /home/airflow/.local/lib/python3.7/site-packages/airflow/example_dags/example_sensors.py took 0.078 seconds
[2023-05-23T00:11:11.271+0000] {processor.py:157} INFO - Started process (PID=8691) to work on /home/airflow/.local/lib/python3.7/site-packages/airflow/example_dags/example_sensors.py
[2023-05-23T00:11:11.272+0000] {processor.py:826} INFO - Processing file /home/airflow/.local/lib/python3.7/site-packages/airflow/example_dags/example_sensors.py for tasks to queue
[2023-05-23T00:11:11.273+0000] {logging_mixin.py:149} INFO - [2023-05-23T00:11:11.273+0000] {dagbag.py:541} INFO - Filling up the DagBag from /home/airflow/.local/lib/python3.7/site-packages/airflow/example_dags/example_sensors.py
[2023-05-23T00:11:11.280+0000] {processor.py:836} INFO - DAG(s) dict_keys(['example_sensors']) retrieved from /home/airflow/.local/lib/python3.7/site-packages/airflow/example_dags/example_sensors.py
[2023-05-23T00:11:11.302+0000] {logging_mixin.py:149} INFO - [2023-05-23T00:11:11.302+0000] {dag.py:2726} INFO - Sync 1 DAGs
[2023-05-23T00:11:11.323+0000] {logging_mixin.py:149} INFO - [2023-05-23T00:11:11.323+0000] {dag.py:3490} INFO - Setting next_dagrun for example_sensors to None, run_after=None
[2023-05-23T00:11:11.340+0000] {processor.py:179} INFO - Processing /home/airflow/.local/lib/python3.7/site-packages/airflow/example_dags/example_sensors.py took 0.071 seconds
[2023-05-23T00:11:41.936+0000] {processor.py:157} INFO - Started process (PID=8760) to work on /home/airflow/.local/lib/python3.7/site-packages/airflow/example_dags/example_sensors.py
[2023-05-23T00:11:41.936+0000] {processor.py:826} INFO - Processing file /home/airflow/.local/lib/python3.7/site-packages/airflow/example_dags/example_sensors.py for tasks to queue
[2023-05-23T00:11:41.937+0000] {logging_mixin.py:149} INFO - [2023-05-23T00:11:41.937+0000] {dagbag.py:541} INFO - Filling up the DagBag from /home/airflow/.local/lib/python3.7/site-packages/airflow/example_dags/example_sensors.py
[2023-05-23T00:11:41.944+0000] {processor.py:836} INFO - DAG(s) dict_keys(['example_sensors']) retrieved from /home/airflow/.local/lib/python3.7/site-packages/airflow/example_dags/example_sensors.py
[2023-05-23T00:11:41.967+0000] {logging_mixin.py:149} INFO - [2023-05-23T00:11:41.967+0000] {dag.py:2726} INFO - Sync 1 DAGs
[2023-05-23T00:11:41.990+0000] {logging_mixin.py:149} INFO - [2023-05-23T00:11:41.990+0000] {dag.py:3490} INFO - Setting next_dagrun for example_sensors to None, run_after=None
[2023-05-23T00:11:42.007+0000] {processor.py:179} INFO - Processing /home/airflow/.local/lib/python3.7/site-packages/airflow/example_dags/example_sensors.py took 0.073 seconds
[2023-05-23T00:12:12.590+0000] {processor.py:157} INFO - Started process (PID=8830) to work on /home/airflow/.local/lib/python3.7/site-packages/airflow/example_dags/example_sensors.py
[2023-05-23T00:12:12.590+0000] {processor.py:826} INFO - Processing file /home/airflow/.local/lib/python3.7/site-packages/airflow/example_dags/example_sensors.py for tasks to queue
[2023-05-23T00:12:12.591+0000] {logging_mixin.py:149} INFO - [2023-05-23T00:12:12.591+0000] {dagbag.py:541} INFO - Filling up the DagBag from /home/airflow/.local/lib/python3.7/site-packages/airflow/example_dags/example_sensors.py
[2023-05-23T00:12:12.600+0000] {processor.py:836} INFO - DAG(s) dict_keys(['example_sensors']) retrieved from /home/airflow/.local/lib/python3.7/site-packages/airflow/example_dags/example_sensors.py
[2023-05-23T00:12:12.628+0000] {logging_mixin.py:149} INFO - [2023-05-23T00:12:12.628+0000] {dag.py:2726} INFO - Sync 1 DAGs
[2023-05-23T00:12:12.652+0000] {logging_mixin.py:149} INFO - [2023-05-23T00:12:12.652+0000] {dag.py:3490} INFO - Setting next_dagrun for example_sensors to None, run_after=None
[2023-05-23T00:12:12.677+0000] {processor.py:179} INFO - Processing /home/airflow/.local/lib/python3.7/site-packages/airflow/example_dags/example_sensors.py took 0.089 seconds
[2023-05-23T00:12:43.324+0000] {processor.py:157} INFO - Started process (PID=8899) to work on /home/airflow/.local/lib/python3.7/site-packages/airflow/example_dags/example_sensors.py
[2023-05-23T00:12:43.324+0000] {processor.py:826} INFO - Processing file /home/airflow/.local/lib/python3.7/site-packages/airflow/example_dags/example_sensors.py for tasks to queue
[2023-05-23T00:12:43.325+0000] {logging_mixin.py:149} INFO - [2023-05-23T00:12:43.325+0000] {dagbag.py:541} INFO - Filling up the DagBag from /home/airflow/.local/lib/python3.7/site-packages/airflow/example_dags/example_sensors.py
[2023-05-23T00:12:43.332+0000] {processor.py:836} INFO - DAG(s) dict_keys(['example_sensors']) retrieved from /home/airflow/.local/lib/python3.7/site-packages/airflow/example_dags/example_sensors.py
[2023-05-23T00:12:43.355+0000] {logging_mixin.py:149} INFO - [2023-05-23T00:12:43.355+0000] {dag.py:2726} INFO - Sync 1 DAGs
[2023-05-23T00:12:43.376+0000] {logging_mixin.py:149} INFO - [2023-05-23T00:12:43.376+0000] {dag.py:3490} INFO - Setting next_dagrun for example_sensors to None, run_after=None
[2023-05-23T00:12:43.398+0000] {processor.py:179} INFO - Processing /home/airflow/.local/lib/python3.7/site-packages/airflow/example_dags/example_sensors.py took 0.077 seconds
[2023-05-23T00:13:13.795+0000] {processor.py:157} INFO - Started process (PID=8969) to work on /home/airflow/.local/lib/python3.7/site-packages/airflow/example_dags/example_sensors.py
[2023-05-23T00:13:13.795+0000] {processor.py:826} INFO - Processing file /home/airflow/.local/lib/python3.7/site-packages/airflow/example_dags/example_sensors.py for tasks to queue
[2023-05-23T00:13:13.796+0000] {logging_mixin.py:149} INFO - [2023-05-23T00:13:13.796+0000] {dagbag.py:541} INFO - Filling up the DagBag from /home/airflow/.local/lib/python3.7/site-packages/airflow/example_dags/example_sensors.py
[2023-05-23T00:13:13.803+0000] {processor.py:836} INFO - DAG(s) dict_keys(['example_sensors']) retrieved from /home/airflow/.local/lib/python3.7/site-packages/airflow/example_dags/example_sensors.py
[2023-05-23T00:13:13.826+0000] {logging_mixin.py:149} INFO - [2023-05-23T00:13:13.826+0000] {dag.py:2726} INFO - Sync 1 DAGs
[2023-05-23T00:13:13.848+0000] {logging_mixin.py:149} INFO - [2023-05-23T00:13:13.848+0000] {dag.py:3490} INFO - Setting next_dagrun for example_sensors to None, run_after=None
[2023-05-23T00:13:14.618+0000] {processor.py:179} INFO - Processing /home/airflow/.local/lib/python3.7/site-packages/airflow/example_dags/example_sensors.py took 0.826 seconds
[2023-05-23T00:13:45.322+0000] {processor.py:157} INFO - Started process (PID=9039) to work on /home/airflow/.local/lib/python3.7/site-packages/airflow/example_dags/example_sensors.py
[2023-05-23T00:13:45.323+0000] {processor.py:826} INFO - Processing file /home/airflow/.local/lib/python3.7/site-packages/airflow/example_dags/example_sensors.py for tasks to queue
[2023-05-23T00:13:45.324+0000] {logging_mixin.py:149} INFO - [2023-05-23T00:13:45.324+0000] {dagbag.py:541} INFO - Filling up the DagBag from /home/airflow/.local/lib/python3.7/site-packages/airflow/example_dags/example_sensors.py
[2023-05-23T00:13:45.334+0000] {processor.py:836} INFO - DAG(s) dict_keys(['example_sensors']) retrieved from /home/airflow/.local/lib/python3.7/site-packages/airflow/example_dags/example_sensors.py
[2023-05-23T00:13:45.361+0000] {logging_mixin.py:149} INFO - [2023-05-23T00:13:45.361+0000] {dag.py:2726} INFO - Sync 1 DAGs
[2023-05-23T00:13:45.385+0000] {logging_mixin.py:149} INFO - [2023-05-23T00:13:45.385+0000] {dag.py:3490} INFO - Setting next_dagrun for example_sensors to None, run_after=None
[2023-05-23T00:13:45.403+0000] {processor.py:179} INFO - Processing /home/airflow/.local/lib/python3.7/site-packages/airflow/example_dags/example_sensors.py took 0.083 seconds
[2023-05-23T00:14:15.671+0000] {processor.py:157} INFO - Started process (PID=9108) to work on /home/airflow/.local/lib/python3.7/site-packages/airflow/example_dags/example_sensors.py
[2023-05-23T00:14:15.672+0000] {processor.py:826} INFO - Processing file /home/airflow/.local/lib/python3.7/site-packages/airflow/example_dags/example_sensors.py for tasks to queue
[2023-05-23T00:14:15.674+0000] {logging_mixin.py:149} INFO - [2023-05-23T00:14:15.673+0000] {dagbag.py:541} INFO - Filling up the DagBag from /home/airflow/.local/lib/python3.7/site-packages/airflow/example_dags/example_sensors.py
[2023-05-23T00:14:15.686+0000] {processor.py:836} INFO - DAG(s) dict_keys(['example_sensors']) retrieved from /home/airflow/.local/lib/python3.7/site-packages/airflow/example_dags/example_sensors.py
[2023-05-23T00:14:15.715+0000] {logging_mixin.py:149} INFO - [2023-05-23T00:14:15.715+0000] {dag.py:2726} INFO - Sync 1 DAGs
[2023-05-23T00:14:15.740+0000] {logging_mixin.py:149} INFO - [2023-05-23T00:14:15.740+0000] {dag.py:3490} INFO - Setting next_dagrun for example_sensors to None, run_after=None
[2023-05-23T00:14:15.762+0000] {processor.py:179} INFO - Processing /home/airflow/.local/lib/python3.7/site-packages/airflow/example_dags/example_sensors.py took 0.095 seconds
[2023-05-23T00:14:45.795+0000] {processor.py:157} INFO - Started process (PID=9177) to work on /home/airflow/.local/lib/python3.7/site-packages/airflow/example_dags/example_sensors.py
[2023-05-23T00:14:45.796+0000] {processor.py:826} INFO - Processing file /home/airflow/.local/lib/python3.7/site-packages/airflow/example_dags/example_sensors.py for tasks to queue
[2023-05-23T00:14:45.796+0000] {logging_mixin.py:149} INFO - [2023-05-23T00:14:45.796+0000] {dagbag.py:541} INFO - Filling up the DagBag from /home/airflow/.local/lib/python3.7/site-packages/airflow/example_dags/example_sensors.py
[2023-05-23T00:14:45.804+0000] {processor.py:836} INFO - DAG(s) dict_keys(['example_sensors']) retrieved from /home/airflow/.local/lib/python3.7/site-packages/airflow/example_dags/example_sensors.py
[2023-05-23T00:14:45.826+0000] {logging_mixin.py:149} INFO - [2023-05-23T00:14:45.826+0000] {dag.py:2726} INFO - Sync 1 DAGs
[2023-05-23T00:14:45.847+0000] {logging_mixin.py:149} INFO - [2023-05-23T00:14:45.847+0000] {dag.py:3490} INFO - Setting next_dagrun for example_sensors to None, run_after=None
[2023-05-23T00:14:45.865+0000] {processor.py:179} INFO - Processing /home/airflow/.local/lib/python3.7/site-packages/airflow/example_dags/example_sensors.py took 0.072 seconds
[2023-05-23T00:15:16.285+0000] {processor.py:157} INFO - Started process (PID=9246) to work on /home/airflow/.local/lib/python3.7/site-packages/airflow/example_dags/example_sensors.py
[2023-05-23T00:15:16.285+0000] {processor.py:826} INFO - Processing file /home/airflow/.local/lib/python3.7/site-packages/airflow/example_dags/example_sensors.py for tasks to queue
[2023-05-23T00:15:16.286+0000] {logging_mixin.py:149} INFO - [2023-05-23T00:15:16.286+0000] {dagbag.py:541} INFO - Filling up the DagBag from /home/airflow/.local/lib/python3.7/site-packages/airflow/example_dags/example_sensors.py
[2023-05-23T00:15:16.294+0000] {processor.py:836} INFO - DAG(s) dict_keys(['example_sensors']) retrieved from /home/airflow/.local/lib/python3.7/site-packages/airflow/example_dags/example_sensors.py
[2023-05-23T00:15:16.321+0000] {logging_mixin.py:149} INFO - [2023-05-23T00:15:16.321+0000] {dag.py:2726} INFO - Sync 1 DAGs
[2023-05-23T00:15:16.346+0000] {logging_mixin.py:149} INFO - [2023-05-23T00:15:16.346+0000] {dag.py:3490} INFO - Setting next_dagrun for example_sensors to None, run_after=None
[2023-05-23T00:15:16.405+0000] {processor.py:179} INFO - Processing /home/airflow/.local/lib/python3.7/site-packages/airflow/example_dags/example_sensors.py took 0.123 seconds
[2023-05-23T00:15:46.571+0000] {processor.py:157} INFO - Started process (PID=9316) to work on /home/airflow/.local/lib/python3.7/site-packages/airflow/example_dags/example_sensors.py
[2023-05-23T00:15:46.571+0000] {processor.py:826} INFO - Processing file /home/airflow/.local/lib/python3.7/site-packages/airflow/example_dags/example_sensors.py for tasks to queue
[2023-05-23T00:15:46.572+0000] {logging_mixin.py:149} INFO - [2023-05-23T00:15:46.572+0000] {dagbag.py:541} INFO - Filling up the DagBag from /home/airflow/.local/lib/python3.7/site-packages/airflow/example_dags/example_sensors.py
[2023-05-23T00:15:46.579+0000] {processor.py:836} INFO - DAG(s) dict_keys(['example_sensors']) retrieved from /home/airflow/.local/lib/python3.7/site-packages/airflow/example_dags/example_sensors.py
[2023-05-23T00:15:46.605+0000] {logging_mixin.py:149} INFO - [2023-05-23T00:15:46.605+0000] {dag.py:2726} INFO - Sync 1 DAGs
[2023-05-23T00:15:46.628+0000] {logging_mixin.py:149} INFO - [2023-05-23T00:15:46.628+0000] {dag.py:3490} INFO - Setting next_dagrun for example_sensors to None, run_after=None
[2023-05-23T00:15:46.649+0000] {processor.py:179} INFO - Processing /home/airflow/.local/lib/python3.7/site-packages/airflow/example_dags/example_sensors.py took 0.080 seconds
[2023-05-23T00:16:17.046+0000] {processor.py:157} INFO - Started process (PID=9385) to work on /home/airflow/.local/lib/python3.7/site-packages/airflow/example_dags/example_sensors.py
[2023-05-23T00:16:17.047+0000] {processor.py:826} INFO - Processing file /home/airflow/.local/lib/python3.7/site-packages/airflow/example_dags/example_sensors.py for tasks to queue
[2023-05-23T00:16:17.048+0000] {logging_mixin.py:149} INFO - [2023-05-23T00:16:17.047+0000] {dagbag.py:541} INFO - Filling up the DagBag from /home/airflow/.local/lib/python3.7/site-packages/airflow/example_dags/example_sensors.py
[2023-05-23T00:16:17.055+0000] {processor.py:836} INFO - DAG(s) dict_keys(['example_sensors']) retrieved from /home/airflow/.local/lib/python3.7/site-packages/airflow/example_dags/example_sensors.py
[2023-05-23T00:16:17.078+0000] {logging_mixin.py:149} INFO - [2023-05-23T00:16:17.078+0000] {dag.py:2726} INFO - Sync 1 DAGs
[2023-05-23T00:16:17.100+0000] {logging_mixin.py:149} INFO - [2023-05-23T00:16:17.100+0000] {dag.py:3490} INFO - Setting next_dagrun for example_sensors to None, run_after=None
[2023-05-23T00:16:17.118+0000] {processor.py:179} INFO - Processing /home/airflow/.local/lib/python3.7/site-packages/airflow/example_dags/example_sensors.py took 0.074 seconds
[2023-05-23T00:16:47.529+0000] {processor.py:157} INFO - Started process (PID=9454) to work on /home/airflow/.local/lib/python3.7/site-packages/airflow/example_dags/example_sensors.py
[2023-05-23T00:16:47.529+0000] {processor.py:826} INFO - Processing file /home/airflow/.local/lib/python3.7/site-packages/airflow/example_dags/example_sensors.py for tasks to queue
[2023-05-23T00:16:47.530+0000] {logging_mixin.py:149} INFO - [2023-05-23T00:16:47.530+0000] {dagbag.py:541} INFO - Filling up the DagBag from /home/airflow/.local/lib/python3.7/site-packages/airflow/example_dags/example_sensors.py
[2023-05-23T00:16:47.538+0000] {processor.py:836} INFO - DAG(s) dict_keys(['example_sensors']) retrieved from /home/airflow/.local/lib/python3.7/site-packages/airflow/example_dags/example_sensors.py
[2023-05-23T00:16:47.561+0000] {logging_mixin.py:149} INFO - [2023-05-23T00:16:47.561+0000] {dag.py:2726} INFO - Sync 1 DAGs
[2023-05-23T00:16:47.583+0000] {logging_mixin.py:149} INFO - [2023-05-23T00:16:47.582+0000] {dag.py:3490} INFO - Setting next_dagrun for example_sensors to None, run_after=None
[2023-05-23T00:16:47.643+0000] {processor.py:179} INFO - Processing /home/airflow/.local/lib/python3.7/site-packages/airflow/example_dags/example_sensors.py took 0.116 seconds
[2023-05-23T00:17:18.094+0000] {processor.py:157} INFO - Started process (PID=9524) to work on /home/airflow/.local/lib/python3.7/site-packages/airflow/example_dags/example_sensors.py
[2023-05-23T00:17:18.095+0000] {processor.py:826} INFO - Processing file /home/airflow/.local/lib/python3.7/site-packages/airflow/example_dags/example_sensors.py for tasks to queue
[2023-05-23T00:17:18.095+0000] {logging_mixin.py:149} INFO - [2023-05-23T00:17:18.095+0000] {dagbag.py:541} INFO - Filling up the DagBag from /home/airflow/.local/lib/python3.7/site-packages/airflow/example_dags/example_sensors.py
[2023-05-23T00:17:18.103+0000] {processor.py:836} INFO - DAG(s) dict_keys(['example_sensors']) retrieved from /home/airflow/.local/lib/python3.7/site-packages/airflow/example_dags/example_sensors.py
[2023-05-23T00:17:18.126+0000] {logging_mixin.py:149} INFO - [2023-05-23T00:17:18.126+0000] {dag.py:2726} INFO - Sync 1 DAGs
[2023-05-23T00:17:18.149+0000] {logging_mixin.py:149} INFO - [2023-05-23T00:17:18.149+0000] {dag.py:3490} INFO - Setting next_dagrun for example_sensors to None, run_after=None
[2023-05-23T00:17:18.183+0000] {processor.py:179} INFO - Processing /home/airflow/.local/lib/python3.7/site-packages/airflow/example_dags/example_sensors.py took 0.092 seconds
[2023-05-23T00:17:48.397+0000] {processor.py:157} INFO - Started process (PID=9593) to work on /home/airflow/.local/lib/python3.7/site-packages/airflow/example_dags/example_sensors.py
[2023-05-23T00:17:48.398+0000] {processor.py:826} INFO - Processing file /home/airflow/.local/lib/python3.7/site-packages/airflow/example_dags/example_sensors.py for tasks to queue
[2023-05-23T00:17:48.398+0000] {logging_mixin.py:149} INFO - [2023-05-23T00:17:48.398+0000] {dagbag.py:541} INFO - Filling up the DagBag from /home/airflow/.local/lib/python3.7/site-packages/airflow/example_dags/example_sensors.py
[2023-05-23T00:17:48.407+0000] {processor.py:836} INFO - DAG(s) dict_keys(['example_sensors']) retrieved from /home/airflow/.local/lib/python3.7/site-packages/airflow/example_dags/example_sensors.py
[2023-05-23T00:17:48.432+0000] {logging_mixin.py:149} INFO - [2023-05-23T00:17:48.432+0000] {dag.py:2726} INFO - Sync 1 DAGs
[2023-05-23T00:17:48.457+0000] {logging_mixin.py:149} INFO - [2023-05-23T00:17:48.457+0000] {dag.py:3490} INFO - Setting next_dagrun for example_sensors to None, run_after=None
[2023-05-23T00:17:48.481+0000] {processor.py:179} INFO - Processing /home/airflow/.local/lib/python3.7/site-packages/airflow/example_dags/example_sensors.py took 0.087 seconds
[2023-05-23T00:18:18.802+0000] {processor.py:157} INFO - Started process (PID=9662) to work on /home/airflow/.local/lib/python3.7/site-packages/airflow/example_dags/example_sensors.py
[2023-05-23T00:18:18.803+0000] {processor.py:826} INFO - Processing file /home/airflow/.local/lib/python3.7/site-packages/airflow/example_dags/example_sensors.py for tasks to queue
[2023-05-23T00:18:18.803+0000] {logging_mixin.py:149} INFO - [2023-05-23T00:18:18.803+0000] {dagbag.py:541} INFO - Filling up the DagBag from /home/airflow/.local/lib/python3.7/site-packages/airflow/example_dags/example_sensors.py
[2023-05-23T00:18:18.814+0000] {processor.py:836} INFO - DAG(s) dict_keys(['example_sensors']) retrieved from /home/airflow/.local/lib/python3.7/site-packages/airflow/example_dags/example_sensors.py
[2023-05-23T00:18:18.842+0000] {logging_mixin.py:149} INFO - [2023-05-23T00:18:18.841+0000] {dag.py:2726} INFO - Sync 1 DAGs
[2023-05-23T00:18:18.871+0000] {logging_mixin.py:149} INFO - [2023-05-23T00:18:18.870+0000] {dag.py:3490} INFO - Setting next_dagrun for example_sensors to None, run_after=None
[2023-05-23T00:18:18.892+0000] {processor.py:179} INFO - Processing /home/airflow/.local/lib/python3.7/site-packages/airflow/example_dags/example_sensors.py took 0.093 seconds
[2023-05-23T00:18:48.920+0000] {processor.py:157} INFO - Started process (PID=9737) to work on /home/airflow/.local/lib/python3.7/site-packages/airflow/example_dags/example_sensors.py
[2023-05-23T00:18:48.921+0000] {processor.py:826} INFO - Processing file /home/airflow/.local/lib/python3.7/site-packages/airflow/example_dags/example_sensors.py for tasks to queue
[2023-05-23T00:18:48.922+0000] {logging_mixin.py:149} INFO - [2023-05-23T00:18:48.921+0000] {dagbag.py:541} INFO - Filling up the DagBag from /home/airflow/.local/lib/python3.7/site-packages/airflow/example_dags/example_sensors.py
[2023-05-23T00:18:48.929+0000] {processor.py:836} INFO - DAG(s) dict_keys(['example_sensors']) retrieved from /home/airflow/.local/lib/python3.7/site-packages/airflow/example_dags/example_sensors.py
[2023-05-23T00:18:48.957+0000] {logging_mixin.py:149} INFO - [2023-05-23T00:18:48.957+0000] {dag.py:2726} INFO - Sync 1 DAGs
[2023-05-23T00:18:49.087+0000] {logging_mixin.py:149} INFO - [2023-05-23T00:18:49.087+0000] {dag.py:3490} INFO - Setting next_dagrun for example_sensors to None, run_after=None
[2023-05-23T00:18:49.106+0000] {processor.py:179} INFO - Processing /home/airflow/.local/lib/python3.7/site-packages/airflow/example_dags/example_sensors.py took 0.188 seconds
[2023-05-23T00:19:19.252+0000] {processor.py:157} INFO - Started process (PID=9807) to work on /home/airflow/.local/lib/python3.7/site-packages/airflow/example_dags/example_sensors.py
[2023-05-23T00:19:19.252+0000] {processor.py:826} INFO - Processing file /home/airflow/.local/lib/python3.7/site-packages/airflow/example_dags/example_sensors.py for tasks to queue
[2023-05-23T00:19:19.253+0000] {logging_mixin.py:149} INFO - [2023-05-23T00:19:19.253+0000] {dagbag.py:541} INFO - Filling up the DagBag from /home/airflow/.local/lib/python3.7/site-packages/airflow/example_dags/example_sensors.py
[2023-05-23T00:19:19.261+0000] {processor.py:836} INFO - DAG(s) dict_keys(['example_sensors']) retrieved from /home/airflow/.local/lib/python3.7/site-packages/airflow/example_dags/example_sensors.py
[2023-05-23T00:19:19.285+0000] {logging_mixin.py:149} INFO - [2023-05-23T00:19:19.285+0000] {dag.py:2726} INFO - Sync 1 DAGs
[2023-05-23T00:19:19.307+0000] {logging_mixin.py:149} INFO - [2023-05-23T00:19:19.306+0000] {dag.py:3490} INFO - Setting next_dagrun for example_sensors to None, run_after=None
[2023-05-23T00:19:19.323+0000] {processor.py:179} INFO - Processing /home/airflow/.local/lib/python3.7/site-packages/airflow/example_dags/example_sensors.py took 0.074 seconds
[2023-05-23T00:19:50.228+0000] {processor.py:157} INFO - Started process (PID=9875) to work on /home/airflow/.local/lib/python3.7/site-packages/airflow/example_dags/example_sensors.py
[2023-05-23T00:19:50.229+0000] {processor.py:826} INFO - Processing file /home/airflow/.local/lib/python3.7/site-packages/airflow/example_dags/example_sensors.py for tasks to queue
[2023-05-23T00:19:50.230+0000] {logging_mixin.py:149} INFO - [2023-05-23T00:19:50.229+0000] {dagbag.py:541} INFO - Filling up the DagBag from /home/airflow/.local/lib/python3.7/site-packages/airflow/example_dags/example_sensors.py
[2023-05-23T00:19:50.238+0000] {processor.py:836} INFO - DAG(s) dict_keys(['example_sensors']) retrieved from /home/airflow/.local/lib/python3.7/site-packages/airflow/example_dags/example_sensors.py
[2023-05-23T00:19:50.264+0000] {logging_mixin.py:149} INFO - [2023-05-23T00:19:50.263+0000] {dag.py:2726} INFO - Sync 1 DAGs
[2023-05-23T00:19:50.286+0000] {logging_mixin.py:149} INFO - [2023-05-23T00:19:50.286+0000] {dag.py:3490} INFO - Setting next_dagrun for example_sensors to None, run_after=None
[2023-05-23T00:19:50.307+0000] {processor.py:179} INFO - Processing /home/airflow/.local/lib/python3.7/site-packages/airflow/example_dags/example_sensors.py took 0.081 seconds
[2023-05-23T00:20:21.137+0000] {processor.py:157} INFO - Started process (PID=9945) to work on /home/airflow/.local/lib/python3.7/site-packages/airflow/example_dags/example_sensors.py
[2023-05-23T00:20:21.138+0000] {processor.py:826} INFO - Processing file /home/airflow/.local/lib/python3.7/site-packages/airflow/example_dags/example_sensors.py for tasks to queue
[2023-05-23T00:20:21.139+0000] {logging_mixin.py:149} INFO - [2023-05-23T00:20:21.139+0000] {dagbag.py:541} INFO - Filling up the DagBag from /home/airflow/.local/lib/python3.7/site-packages/airflow/example_dags/example_sensors.py
[2023-05-23T00:20:21.146+0000] {processor.py:836} INFO - DAG(s) dict_keys(['example_sensors']) retrieved from /home/airflow/.local/lib/python3.7/site-packages/airflow/example_dags/example_sensors.py
[2023-05-23T00:20:21.169+0000] {logging_mixin.py:149} INFO - [2023-05-23T00:20:21.169+0000] {dag.py:2726} INFO - Sync 1 DAGs
[2023-05-23T00:20:21.280+0000] {logging_mixin.py:149} INFO - [2023-05-23T00:20:21.279+0000] {dag.py:3490} INFO - Setting next_dagrun for example_sensors to None, run_after=None
[2023-05-23T00:20:21.295+0000] {processor.py:179} INFO - Processing /home/airflow/.local/lib/python3.7/site-packages/airflow/example_dags/example_sensors.py took 0.160 seconds
[2023-05-23T00:20:51.489+0000] {processor.py:157} INFO - Started process (PID=10015) to work on /home/airflow/.local/lib/python3.7/site-packages/airflow/example_dags/example_sensors.py
[2023-05-23T00:20:51.490+0000] {processor.py:826} INFO - Processing file /home/airflow/.local/lib/python3.7/site-packages/airflow/example_dags/example_sensors.py for tasks to queue
[2023-05-23T00:20:51.491+0000] {logging_mixin.py:149} INFO - [2023-05-23T00:20:51.491+0000] {dagbag.py:541} INFO - Filling up the DagBag from /home/airflow/.local/lib/python3.7/site-packages/airflow/example_dags/example_sensors.py
[2023-05-23T00:20:51.498+0000] {processor.py:836} INFO - DAG(s) dict_keys(['example_sensors']) retrieved from /home/airflow/.local/lib/python3.7/site-packages/airflow/example_dags/example_sensors.py
[2023-05-23T00:20:51.522+0000] {logging_mixin.py:149} INFO - [2023-05-23T00:20:51.522+0000] {dag.py:2726} INFO - Sync 1 DAGs
[2023-05-23T00:20:51.545+0000] {logging_mixin.py:149} INFO - [2023-05-23T00:20:51.544+0000] {dag.py:3490} INFO - Setting next_dagrun for example_sensors to None, run_after=None
[2023-05-23T00:20:51.562+0000] {processor.py:179} INFO - Processing /home/airflow/.local/lib/python3.7/site-packages/airflow/example_dags/example_sensors.py took 0.075 seconds
[2023-05-23T00:21:22.071+0000] {processor.py:157} INFO - Started process (PID=10084) to work on /home/airflow/.local/lib/python3.7/site-packages/airflow/example_dags/example_sensors.py
[2023-05-23T00:21:22.071+0000] {processor.py:826} INFO - Processing file /home/airflow/.local/lib/python3.7/site-packages/airflow/example_dags/example_sensors.py for tasks to queue
[2023-05-23T00:21:22.072+0000] {logging_mixin.py:149} INFO - [2023-05-23T00:21:22.072+0000] {dagbag.py:541} INFO - Filling up the DagBag from /home/airflow/.local/lib/python3.7/site-packages/airflow/example_dags/example_sensors.py
[2023-05-23T00:21:22.079+0000] {processor.py:836} INFO - DAG(s) dict_keys(['example_sensors']) retrieved from /home/airflow/.local/lib/python3.7/site-packages/airflow/example_dags/example_sensors.py
[2023-05-23T00:21:22.103+0000] {logging_mixin.py:149} INFO - [2023-05-23T00:21:22.103+0000] {dag.py:2726} INFO - Sync 1 DAGs
[2023-05-23T00:21:22.125+0000] {logging_mixin.py:149} INFO - [2023-05-23T00:21:22.125+0000] {dag.py:3490} INFO - Setting next_dagrun for example_sensors to None, run_after=None
[2023-05-23T00:21:22.145+0000] {processor.py:179} INFO - Processing /home/airflow/.local/lib/python3.7/site-packages/airflow/example_dags/example_sensors.py took 0.076 seconds
[2023-05-23T00:21:52.711+0000] {processor.py:157} INFO - Started process (PID=10153) to work on /home/airflow/.local/lib/python3.7/site-packages/airflow/example_dags/example_sensors.py
[2023-05-23T00:21:52.711+0000] {processor.py:826} INFO - Processing file /home/airflow/.local/lib/python3.7/site-packages/airflow/example_dags/example_sensors.py for tasks to queue
[2023-05-23T00:21:52.712+0000] {logging_mixin.py:149} INFO - [2023-05-23T00:21:52.712+0000] {dagbag.py:541} INFO - Filling up the DagBag from /home/airflow/.local/lib/python3.7/site-packages/airflow/example_dags/example_sensors.py
[2023-05-23T00:21:52.719+0000] {processor.py:836} INFO - DAG(s) dict_keys(['example_sensors']) retrieved from /home/airflow/.local/lib/python3.7/site-packages/airflow/example_dags/example_sensors.py
[2023-05-23T00:21:52.742+0000] {logging_mixin.py:149} INFO - [2023-05-23T00:21:52.742+0000] {dag.py:2726} INFO - Sync 1 DAGs
[2023-05-23T00:21:52.865+0000] {logging_mixin.py:149} INFO - [2023-05-23T00:21:52.864+0000] {dag.py:3490} INFO - Setting next_dagrun for example_sensors to None, run_after=None
[2023-05-23T00:21:52.882+0000] {processor.py:179} INFO - Processing /home/airflow/.local/lib/python3.7/site-packages/airflow/example_dags/example_sensors.py took 0.174 seconds
[2023-05-23T00:22:23.854+0000] {processor.py:157} INFO - Started process (PID=10222) to work on /home/airflow/.local/lib/python3.7/site-packages/airflow/example_dags/example_sensors.py
[2023-05-23T00:22:23.855+0000] {processor.py:826} INFO - Processing file /home/airflow/.local/lib/python3.7/site-packages/airflow/example_dags/example_sensors.py for tasks to queue
[2023-05-23T00:22:23.855+0000] {logging_mixin.py:149} INFO - [2023-05-23T00:22:23.855+0000] {dagbag.py:541} INFO - Filling up the DagBag from /home/airflow/.local/lib/python3.7/site-packages/airflow/example_dags/example_sensors.py
[2023-05-23T00:22:23.862+0000] {processor.py:836} INFO - DAG(s) dict_keys(['example_sensors']) retrieved from /home/airflow/.local/lib/python3.7/site-packages/airflow/example_dags/example_sensors.py
[2023-05-23T00:22:23.886+0000] {logging_mixin.py:149} INFO - [2023-05-23T00:22:23.886+0000] {dag.py:2726} INFO - Sync 1 DAGs
[2023-05-23T00:22:23.907+0000] {logging_mixin.py:149} INFO - [2023-05-23T00:22:23.906+0000] {dag.py:3490} INFO - Setting next_dagrun for example_sensors to None, run_after=None
[2023-05-23T00:22:23.926+0000] {processor.py:179} INFO - Processing /home/airflow/.local/lib/python3.7/site-packages/airflow/example_dags/example_sensors.py took 0.075 seconds
[2023-05-23T00:22:54.617+0000] {processor.py:157} INFO - Started process (PID=10298) to work on /home/airflow/.local/lib/python3.7/site-packages/airflow/example_dags/example_sensors.py
[2023-05-23T00:22:54.618+0000] {processor.py:826} INFO - Processing file /home/airflow/.local/lib/python3.7/site-packages/airflow/example_dags/example_sensors.py for tasks to queue
[2023-05-23T00:22:54.619+0000] {logging_mixin.py:149} INFO - [2023-05-23T00:22:54.619+0000] {dagbag.py:541} INFO - Filling up the DagBag from /home/airflow/.local/lib/python3.7/site-packages/airflow/example_dags/example_sensors.py
[2023-05-23T00:22:54.626+0000] {processor.py:836} INFO - DAG(s) dict_keys(['example_sensors']) retrieved from /home/airflow/.local/lib/python3.7/site-packages/airflow/example_dags/example_sensors.py
[2023-05-23T00:22:54.650+0000] {logging_mixin.py:149} INFO - [2023-05-23T00:22:54.650+0000] {dag.py:2726} INFO - Sync 1 DAGs
[2023-05-23T00:22:54.672+0000] {logging_mixin.py:149} INFO - [2023-05-23T00:22:54.672+0000] {dag.py:3490} INFO - Setting next_dagrun for example_sensors to None, run_after=None
[2023-05-23T00:22:54.696+0000] {processor.py:179} INFO - Processing /home/airflow/.local/lib/python3.7/site-packages/airflow/example_dags/example_sensors.py took 0.081 seconds
[2023-05-23T00:23:24.928+0000] {processor.py:157} INFO - Started process (PID=10367) to work on /home/airflow/.local/lib/python3.7/site-packages/airflow/example_dags/example_sensors.py
[2023-05-23T00:23:24.929+0000] {processor.py:826} INFO - Processing file /home/airflow/.local/lib/python3.7/site-packages/airflow/example_dags/example_sensors.py for tasks to queue
[2023-05-23T00:23:24.929+0000] {logging_mixin.py:149} INFO - [2023-05-23T00:23:24.929+0000] {dagbag.py:541} INFO - Filling up the DagBag from /home/airflow/.local/lib/python3.7/site-packages/airflow/example_dags/example_sensors.py
[2023-05-23T00:23:24.937+0000] {processor.py:836} INFO - DAG(s) dict_keys(['example_sensors']) retrieved from /home/airflow/.local/lib/python3.7/site-packages/airflow/example_dags/example_sensors.py
[2023-05-23T00:23:24.960+0000] {logging_mixin.py:149} INFO - [2023-05-23T00:23:24.960+0000] {dag.py:2726} INFO - Sync 1 DAGs
[2023-05-23T00:23:25.099+0000] {logging_mixin.py:149} INFO - [2023-05-23T00:23:25.099+0000] {dag.py:3490} INFO - Setting next_dagrun for example_sensors to None, run_after=None
[2023-05-23T00:23:25.122+0000] {processor.py:179} INFO - Processing /home/airflow/.local/lib/python3.7/site-packages/airflow/example_dags/example_sensors.py took 0.196 seconds
[2023-05-23T00:23:55.262+0000] {processor.py:157} INFO - Started process (PID=10437) to work on /home/airflow/.local/lib/python3.7/site-packages/airflow/example_dags/example_sensors.py
[2023-05-23T00:23:55.262+0000] {processor.py:826} INFO - Processing file /home/airflow/.local/lib/python3.7/site-packages/airflow/example_dags/example_sensors.py for tasks to queue
[2023-05-23T00:23:55.263+0000] {logging_mixin.py:149} INFO - [2023-05-23T00:23:55.263+0000] {dagbag.py:541} INFO - Filling up the DagBag from /home/airflow/.local/lib/python3.7/site-packages/airflow/example_dags/example_sensors.py
[2023-05-23T00:23:55.271+0000] {processor.py:836} INFO - DAG(s) dict_keys(['example_sensors']) retrieved from /home/airflow/.local/lib/python3.7/site-packages/airflow/example_dags/example_sensors.py
[2023-05-23T00:23:55.295+0000] {logging_mixin.py:149} INFO - [2023-05-23T00:23:55.295+0000] {dag.py:2726} INFO - Sync 1 DAGs
[2023-05-23T00:23:55.319+0000] {logging_mixin.py:149} INFO - [2023-05-23T00:23:55.318+0000] {dag.py:3490} INFO - Setting next_dagrun for example_sensors to None, run_after=None
[2023-05-23T00:23:55.427+0000] {processor.py:179} INFO - Processing /home/airflow/.local/lib/python3.7/site-packages/airflow/example_dags/example_sensors.py took 0.168 seconds
[2023-05-23T00:24:25.655+0000] {processor.py:157} INFO - Started process (PID=10506) to work on /home/airflow/.local/lib/python3.7/site-packages/airflow/example_dags/example_sensors.py
[2023-05-23T00:24:25.656+0000] {processor.py:826} INFO - Processing file /home/airflow/.local/lib/python3.7/site-packages/airflow/example_dags/example_sensors.py for tasks to queue
[2023-05-23T00:24:25.656+0000] {logging_mixin.py:149} INFO - [2023-05-23T00:24:25.656+0000] {dagbag.py:541} INFO - Filling up the DagBag from /home/airflow/.local/lib/python3.7/site-packages/airflow/example_dags/example_sensors.py
[2023-05-23T00:24:25.664+0000] {processor.py:836} INFO - DAG(s) dict_keys(['example_sensors']) retrieved from /home/airflow/.local/lib/python3.7/site-packages/airflow/example_dags/example_sensors.py
[2023-05-23T00:24:25.688+0000] {logging_mixin.py:149} INFO - [2023-05-23T00:24:25.688+0000] {dag.py:2726} INFO - Sync 1 DAGs
[2023-05-23T00:24:25.713+0000] {logging_mixin.py:149} INFO - [2023-05-23T00:24:25.713+0000] {dag.py:3490} INFO - Setting next_dagrun for example_sensors to None, run_after=None
[2023-05-23T00:24:25.734+0000] {processor.py:179} INFO - Processing /home/airflow/.local/lib/python3.7/site-packages/airflow/example_dags/example_sensors.py took 0.081 seconds
[2023-05-23T00:24:56.080+0000] {processor.py:157} INFO - Started process (PID=10576) to work on /home/airflow/.local/lib/python3.7/site-packages/airflow/example_dags/example_sensors.py
[2023-05-23T00:24:56.081+0000] {processor.py:826} INFO - Processing file /home/airflow/.local/lib/python3.7/site-packages/airflow/example_dags/example_sensors.py for tasks to queue
[2023-05-23T00:24:56.081+0000] {logging_mixin.py:149} INFO - [2023-05-23T00:24:56.081+0000] {dagbag.py:541} INFO - Filling up the DagBag from /home/airflow/.local/lib/python3.7/site-packages/airflow/example_dags/example_sensors.py
[2023-05-23T00:24:56.089+0000] {processor.py:836} INFO - DAG(s) dict_keys(['example_sensors']) retrieved from /home/airflow/.local/lib/python3.7/site-packages/airflow/example_dags/example_sensors.py
[2023-05-23T00:24:56.113+0000] {logging_mixin.py:149} INFO - [2023-05-23T00:24:56.113+0000] {dag.py:2726} INFO - Sync 1 DAGs
[2023-05-23T00:24:56.238+0000] {logging_mixin.py:149} INFO - [2023-05-23T00:24:56.238+0000] {dag.py:3490} INFO - Setting next_dagrun for example_sensors to None, run_after=None
[2023-05-23T00:24:56.258+0000] {processor.py:179} INFO - Processing /home/airflow/.local/lib/python3.7/site-packages/airflow/example_dags/example_sensors.py took 0.180 seconds
[2023-05-23T00:25:26.302+0000] {processor.py:157} INFO - Started process (PID=10646) to work on /home/airflow/.local/lib/python3.7/site-packages/airflow/example_dags/example_sensors.py
[2023-05-23T00:25:26.303+0000] {processor.py:826} INFO - Processing file /home/airflow/.local/lib/python3.7/site-packages/airflow/example_dags/example_sensors.py for tasks to queue
[2023-05-23T00:25:26.303+0000] {logging_mixin.py:149} INFO - [2023-05-23T00:25:26.303+0000] {dagbag.py:541} INFO - Filling up the DagBag from /home/airflow/.local/lib/python3.7/site-packages/airflow/example_dags/example_sensors.py
[2023-05-23T00:25:26.311+0000] {processor.py:836} INFO - DAG(s) dict_keys(['example_sensors']) retrieved from /home/airflow/.local/lib/python3.7/site-packages/airflow/example_dags/example_sensors.py
[2023-05-23T00:25:26.336+0000] {logging_mixin.py:149} INFO - [2023-05-23T00:25:26.335+0000] {dag.py:2726} INFO - Sync 1 DAGs
[2023-05-23T00:25:26.359+0000] {logging_mixin.py:149} INFO - [2023-05-23T00:25:26.359+0000] {dag.py:3490} INFO - Setting next_dagrun for example_sensors to None, run_after=None
[2023-05-23T00:25:26.377+0000] {processor.py:179} INFO - Processing /home/airflow/.local/lib/python3.7/site-packages/airflow/example_dags/example_sensors.py took 0.077 seconds
[2023-05-23T00:25:57.302+0000] {processor.py:157} INFO - Started process (PID=10714) to work on /home/airflow/.local/lib/python3.7/site-packages/airflow/example_dags/example_sensors.py
[2023-05-23T00:25:57.303+0000] {processor.py:826} INFO - Processing file /home/airflow/.local/lib/python3.7/site-packages/airflow/example_dags/example_sensors.py for tasks to queue
[2023-05-23T00:25:57.303+0000] {logging_mixin.py:149} INFO - [2023-05-23T00:25:57.303+0000] {dagbag.py:541} INFO - Filling up the DagBag from /home/airflow/.local/lib/python3.7/site-packages/airflow/example_dags/example_sensors.py
[2023-05-23T00:25:57.311+0000] {processor.py:836} INFO - DAG(s) dict_keys(['example_sensors']) retrieved from /home/airflow/.local/lib/python3.7/site-packages/airflow/example_dags/example_sensors.py
[2023-05-23T00:25:57.339+0000] {logging_mixin.py:149} INFO - [2023-05-23T00:25:57.339+0000] {dag.py:2726} INFO - Sync 1 DAGs
[2023-05-23T00:25:57.365+0000] {logging_mixin.py:149} INFO - [2023-05-23T00:25:57.365+0000] {dag.py:3490} INFO - Setting next_dagrun for example_sensors to None, run_after=None
[2023-05-23T00:25:57.391+0000] {processor.py:179} INFO - Processing /home/airflow/.local/lib/python3.7/site-packages/airflow/example_dags/example_sensors.py took 0.091 seconds
[2023-05-23T00:26:28.091+0000] {processor.py:157} INFO - Started process (PID=10783) to work on /home/airflow/.local/lib/python3.7/site-packages/airflow/example_dags/example_sensors.py
[2023-05-23T00:26:28.093+0000] {processor.py:826} INFO - Processing file /home/airflow/.local/lib/python3.7/site-packages/airflow/example_dags/example_sensors.py for tasks to queue
[2023-05-23T00:26:28.094+0000] {logging_mixin.py:149} INFO - [2023-05-23T00:26:28.094+0000] {dagbag.py:541} INFO - Filling up the DagBag from /home/airflow/.local/lib/python3.7/site-packages/airflow/example_dags/example_sensors.py
[2023-05-23T00:26:28.108+0000] {processor.py:836} INFO - DAG(s) dict_keys(['example_sensors']) retrieved from /home/airflow/.local/lib/python3.7/site-packages/airflow/example_dags/example_sensors.py
[2023-05-23T00:26:28.143+0000] {logging_mixin.py:149} INFO - [2023-05-23T00:26:28.143+0000] {dag.py:2726} INFO - Sync 1 DAGs
[2023-05-23T00:26:28.178+0000] {logging_mixin.py:149} INFO - [2023-05-23T00:26:28.177+0000] {dag.py:3490} INFO - Setting next_dagrun for example_sensors to None, run_after=None
[2023-05-23T00:26:28.218+0000] {processor.py:179} INFO - Processing /home/airflow/.local/lib/python3.7/site-packages/airflow/example_dags/example_sensors.py took 0.130 seconds
[2023-05-23T00:26:58.986+0000] {processor.py:157} INFO - Started process (PID=10852) to work on /home/airflow/.local/lib/python3.7/site-packages/airflow/example_dags/example_sensors.py
[2023-05-23T00:26:59.129+0000] {processor.py:826} INFO - Processing file /home/airflow/.local/lib/python3.7/site-packages/airflow/example_dags/example_sensors.py for tasks to queue
[2023-05-23T00:26:59.130+0000] {logging_mixin.py:149} INFO - [2023-05-23T00:26:59.130+0000] {dagbag.py:541} INFO - Filling up the DagBag from /home/airflow/.local/lib/python3.7/site-packages/airflow/example_dags/example_sensors.py
[2023-05-23T00:26:59.140+0000] {processor.py:836} INFO - DAG(s) dict_keys(['example_sensors']) retrieved from /home/airflow/.local/lib/python3.7/site-packages/airflow/example_dags/example_sensors.py
[2023-05-23T00:26:59.165+0000] {logging_mixin.py:149} INFO - [2023-05-23T00:26:59.165+0000] {dag.py:2726} INFO - Sync 1 DAGs
[2023-05-23T00:26:59.274+0000] {logging_mixin.py:149} INFO - [2023-05-23T00:26:59.274+0000] {dag.py:3490} INFO - Setting next_dagrun for example_sensors to None, run_after=None
[2023-05-23T00:26:59.538+0000] {processor.py:179} INFO - Processing /home/airflow/.local/lib/python3.7/site-packages/airflow/example_dags/example_sensors.py took 0.555 seconds
[2023-05-23T00:27:29.671+0000] {processor.py:157} INFO - Started process (PID=10922) to work on /home/airflow/.local/lib/python3.7/site-packages/airflow/example_dags/example_sensors.py
[2023-05-23T00:27:29.672+0000] {processor.py:826} INFO - Processing file /home/airflow/.local/lib/python3.7/site-packages/airflow/example_dags/example_sensors.py for tasks to queue
[2023-05-23T00:27:29.673+0000] {logging_mixin.py:149} INFO - [2023-05-23T00:27:29.673+0000] {dagbag.py:541} INFO - Filling up the DagBag from /home/airflow/.local/lib/python3.7/site-packages/airflow/example_dags/example_sensors.py
[2023-05-23T00:27:29.681+0000] {processor.py:836} INFO - DAG(s) dict_keys(['example_sensors']) retrieved from /home/airflow/.local/lib/python3.7/site-packages/airflow/example_dags/example_sensors.py
[2023-05-23T00:27:29.708+0000] {logging_mixin.py:149} INFO - [2023-05-23T00:27:29.708+0000] {dag.py:2726} INFO - Sync 1 DAGs
[2023-05-23T00:27:29.733+0000] {logging_mixin.py:149} INFO - [2023-05-23T00:27:29.733+0000] {dag.py:3490} INFO - Setting next_dagrun for example_sensors to None, run_after=None
[2023-05-23T00:27:29.755+0000] {processor.py:179} INFO - Processing /home/airflow/.local/lib/python3.7/site-packages/airflow/example_dags/example_sensors.py took 0.087 seconds
[2023-05-23T00:28:00.338+0000] {processor.py:157} INFO - Started process (PID=10990) to work on /home/airflow/.local/lib/python3.7/site-packages/airflow/example_dags/example_sensors.py
[2023-05-23T00:28:00.338+0000] {processor.py:826} INFO - Processing file /home/airflow/.local/lib/python3.7/site-packages/airflow/example_dags/example_sensors.py for tasks to queue
[2023-05-23T00:28:00.339+0000] {logging_mixin.py:149} INFO - [2023-05-23T00:28:00.339+0000] {dagbag.py:541} INFO - Filling up the DagBag from /home/airflow/.local/lib/python3.7/site-packages/airflow/example_dags/example_sensors.py
[2023-05-23T00:28:00.346+0000] {processor.py:836} INFO - DAG(s) dict_keys(['example_sensors']) retrieved from /home/airflow/.local/lib/python3.7/site-packages/airflow/example_dags/example_sensors.py
[2023-05-23T00:28:00.370+0000] {logging_mixin.py:149} INFO - [2023-05-23T00:28:00.370+0000] {dag.py:2726} INFO - Sync 1 DAGs
[2023-05-23T00:28:00.393+0000] {logging_mixin.py:149} INFO - [2023-05-23T00:28:00.392+0000] {dag.py:3490} INFO - Setting next_dagrun for example_sensors to None, run_after=None
[2023-05-23T00:28:00.410+0000] {processor.py:179} INFO - Processing /home/airflow/.local/lib/python3.7/site-packages/airflow/example_dags/example_sensors.py took 0.074 seconds
[2023-05-23T00:28:31.078+0000] {processor.py:157} INFO - Started process (PID=11060) to work on /home/airflow/.local/lib/python3.7/site-packages/airflow/example_dags/example_sensors.py
[2023-05-23T00:28:31.079+0000] {processor.py:826} INFO - Processing file /home/airflow/.local/lib/python3.7/site-packages/airflow/example_dags/example_sensors.py for tasks to queue
[2023-05-23T00:28:31.079+0000] {logging_mixin.py:149} INFO - [2023-05-23T00:28:31.079+0000] {dagbag.py:541} INFO - Filling up the DagBag from /home/airflow/.local/lib/python3.7/site-packages/airflow/example_dags/example_sensors.py
[2023-05-23T00:28:31.087+0000] {processor.py:836} INFO - DAG(s) dict_keys(['example_sensors']) retrieved from /home/airflow/.local/lib/python3.7/site-packages/airflow/example_dags/example_sensors.py
[2023-05-23T00:28:31.112+0000] {logging_mixin.py:149} INFO - [2023-05-23T00:28:31.112+0000] {dag.py:2726} INFO - Sync 1 DAGs
[2023-05-23T00:28:31.134+0000] {logging_mixin.py:149} INFO - [2023-05-23T00:28:31.134+0000] {dag.py:3490} INFO - Setting next_dagrun for example_sensors to None, run_after=None
[2023-05-23T00:28:31.233+0000] {processor.py:179} INFO - Processing /home/airflow/.local/lib/python3.7/site-packages/airflow/example_dags/example_sensors.py took 0.157 seconds
[2023-05-23T00:29:01.512+0000] {processor.py:157} INFO - Started process (PID=11130) to work on /home/airflow/.local/lib/python3.7/site-packages/airflow/example_dags/example_sensors.py
[2023-05-23T00:29:01.512+0000] {processor.py:826} INFO - Processing file /home/airflow/.local/lib/python3.7/site-packages/airflow/example_dags/example_sensors.py for tasks to queue
[2023-05-23T00:29:01.513+0000] {logging_mixin.py:149} INFO - [2023-05-23T00:29:01.513+0000] {dagbag.py:541} INFO - Filling up the DagBag from /home/airflow/.local/lib/python3.7/site-packages/airflow/example_dags/example_sensors.py
[2023-05-23T00:29:01.521+0000] {processor.py:836} INFO - DAG(s) dict_keys(['example_sensors']) retrieved from /home/airflow/.local/lib/python3.7/site-packages/airflow/example_dags/example_sensors.py
[2023-05-23T00:29:01.544+0000] {logging_mixin.py:149} INFO - [2023-05-23T00:29:01.544+0000] {dag.py:2726} INFO - Sync 1 DAGs
[2023-05-23T00:29:01.566+0000] {logging_mixin.py:149} INFO - [2023-05-23T00:29:01.565+0000] {dag.py:3490} INFO - Setting next_dagrun for example_sensors to None, run_after=None
[2023-05-23T00:29:01.581+0000] {processor.py:179} INFO - Processing /home/airflow/.local/lib/python3.7/site-packages/airflow/example_dags/example_sensors.py took 0.072 seconds
[2023-05-23T00:29:31.949+0000] {processor.py:157} INFO - Started process (PID=11199) to work on /home/airflow/.local/lib/python3.7/site-packages/airflow/example_dags/example_sensors.py
[2023-05-23T00:29:31.950+0000] {processor.py:826} INFO - Processing file /home/airflow/.local/lib/python3.7/site-packages/airflow/example_dags/example_sensors.py for tasks to queue
[2023-05-23T00:29:31.950+0000] {logging_mixin.py:149} INFO - [2023-05-23T00:29:31.950+0000] {dagbag.py:541} INFO - Filling up the DagBag from /home/airflow/.local/lib/python3.7/site-packages/airflow/example_dags/example_sensors.py
[2023-05-23T00:29:31.958+0000] {processor.py:836} INFO - DAG(s) dict_keys(['example_sensors']) retrieved from /home/airflow/.local/lib/python3.7/site-packages/airflow/example_dags/example_sensors.py
[2023-05-23T00:29:31.983+0000] {logging_mixin.py:149} INFO - [2023-05-23T00:29:31.983+0000] {dag.py:2726} INFO - Sync 1 DAGs
[2023-05-23T00:29:32.007+0000] {logging_mixin.py:149} INFO - [2023-05-23T00:29:32.006+0000] {dag.py:3490} INFO - Setting next_dagrun for example_sensors to None, run_after=None
[2023-05-23T00:29:32.025+0000] {processor.py:179} INFO - Processing /home/airflow/.local/lib/python3.7/site-packages/airflow/example_dags/example_sensors.py took 0.078 seconds
[2023-05-23T00:30:02.575+0000] {processor.py:157} INFO - Started process (PID=11268) to work on /home/airflow/.local/lib/python3.7/site-packages/airflow/example_dags/example_sensors.py
[2023-05-23T00:30:02.578+0000] {processor.py:826} INFO - Processing file /home/airflow/.local/lib/python3.7/site-packages/airflow/example_dags/example_sensors.py for tasks to queue
[2023-05-23T00:30:02.579+0000] {logging_mixin.py:149} INFO - [2023-05-23T00:30:02.579+0000] {dagbag.py:541} INFO - Filling up the DagBag from /home/airflow/.local/lib/python3.7/site-packages/airflow/example_dags/example_sensors.py
[2023-05-23T00:30:02.587+0000] {processor.py:836} INFO - DAG(s) dict_keys(['example_sensors']) retrieved from /home/airflow/.local/lib/python3.7/site-packages/airflow/example_dags/example_sensors.py
[2023-05-23T00:30:02.615+0000] {logging_mixin.py:149} INFO - [2023-05-23T00:30:02.615+0000] {dag.py:2726} INFO - Sync 1 DAGs
[2023-05-23T00:30:02.644+0000] {logging_mixin.py:149} INFO - [2023-05-23T00:30:02.644+0000] {dag.py:3490} INFO - Setting next_dagrun for example_sensors to None, run_after=None
[2023-05-23T00:30:02.802+0000] {processor.py:179} INFO - Processing /home/airflow/.local/lib/python3.7/site-packages/airflow/example_dags/example_sensors.py took 0.230 seconds
[2023-05-23T00:30:33.631+0000] {processor.py:157} INFO - Started process (PID=11337) to work on /home/airflow/.local/lib/python3.7/site-packages/airflow/example_dags/example_sensors.py
[2023-05-23T00:30:33.632+0000] {processor.py:826} INFO - Processing file /home/airflow/.local/lib/python3.7/site-packages/airflow/example_dags/example_sensors.py for tasks to queue
[2023-05-23T00:30:33.633+0000] {logging_mixin.py:149} INFO - [2023-05-23T00:30:33.633+0000] {dagbag.py:541} INFO - Filling up the DagBag from /home/airflow/.local/lib/python3.7/site-packages/airflow/example_dags/example_sensors.py
[2023-05-23T00:30:33.641+0000] {processor.py:836} INFO - DAG(s) dict_keys(['example_sensors']) retrieved from /home/airflow/.local/lib/python3.7/site-packages/airflow/example_dags/example_sensors.py
[2023-05-23T00:30:33.667+0000] {logging_mixin.py:149} INFO - [2023-05-23T00:30:33.667+0000] {dag.py:2726} INFO - Sync 1 DAGs
[2023-05-23T00:30:33.691+0000] {logging_mixin.py:149} INFO - [2023-05-23T00:30:33.691+0000] {dag.py:3490} INFO - Setting next_dagrun for example_sensors to None, run_after=None
[2023-05-23T00:30:33.711+0000] {processor.py:179} INFO - Processing /home/airflow/.local/lib/python3.7/site-packages/airflow/example_dags/example_sensors.py took 0.082 seconds
[2023-05-23T00:31:04.066+0000] {processor.py:157} INFO - Started process (PID=11407) to work on /home/airflow/.local/lib/python3.7/site-packages/airflow/example_dags/example_sensors.py
[2023-05-23T00:31:04.066+0000] {processor.py:826} INFO - Processing file /home/airflow/.local/lib/python3.7/site-packages/airflow/example_dags/example_sensors.py for tasks to queue
[2023-05-23T00:31:04.067+0000] {logging_mixin.py:149} INFO - [2023-05-23T00:31:04.067+0000] {dagbag.py:541} INFO - Filling up the DagBag from /home/airflow/.local/lib/python3.7/site-packages/airflow/example_dags/example_sensors.py
[2023-05-23T00:31:04.075+0000] {processor.py:836} INFO - DAG(s) dict_keys(['example_sensors']) retrieved from /home/airflow/.local/lib/python3.7/site-packages/airflow/example_dags/example_sensors.py
[2023-05-23T00:31:04.099+0000] {logging_mixin.py:149} INFO - [2023-05-23T00:31:04.099+0000] {dag.py:2726} INFO - Sync 1 DAGs
[2023-05-23T00:31:04.122+0000] {logging_mixin.py:149} INFO - [2023-05-23T00:31:04.122+0000] {dag.py:3490} INFO - Setting next_dagrun for example_sensors to None, run_after=None
[2023-05-23T00:31:04.141+0000] {processor.py:179} INFO - Processing /home/airflow/.local/lib/python3.7/site-packages/airflow/example_dags/example_sensors.py took 0.077 seconds
[2023-05-23T00:31:34.607+0000] {processor.py:157} INFO - Started process (PID=11476) to work on /home/airflow/.local/lib/python3.7/site-packages/airflow/example_dags/example_sensors.py
[2023-05-23T00:31:34.608+0000] {processor.py:826} INFO - Processing file /home/airflow/.local/lib/python3.7/site-packages/airflow/example_dags/example_sensors.py for tasks to queue
[2023-05-23T00:31:34.608+0000] {logging_mixin.py:149} INFO - [2023-05-23T00:31:34.608+0000] {dagbag.py:541} INFO - Filling up the DagBag from /home/airflow/.local/lib/python3.7/site-packages/airflow/example_dags/example_sensors.py
[2023-05-23T00:31:34.617+0000] {processor.py:836} INFO - DAG(s) dict_keys(['example_sensors']) retrieved from /home/airflow/.local/lib/python3.7/site-packages/airflow/example_dags/example_sensors.py
[2023-05-23T00:31:34.641+0000] {logging_mixin.py:149} INFO - [2023-05-23T00:31:34.641+0000] {dag.py:2726} INFO - Sync 1 DAGs
[2023-05-23T00:31:34.666+0000] {logging_mixin.py:149} INFO - [2023-05-23T00:31:34.666+0000] {dag.py:3490} INFO - Setting next_dagrun for example_sensors to None, run_after=None
[2023-05-23T00:31:34.690+0000] {processor.py:179} INFO - Processing /home/airflow/.local/lib/python3.7/site-packages/airflow/example_dags/example_sensors.py took 0.086 seconds
[2023-05-23T00:32:05.109+0000] {processor.py:157} INFO - Started process (PID=11545) to work on /home/airflow/.local/lib/python3.7/site-packages/airflow/example_dags/example_sensors.py
[2023-05-23T00:32:05.109+0000] {processor.py:826} INFO - Processing file /home/airflow/.local/lib/python3.7/site-packages/airflow/example_dags/example_sensors.py for tasks to queue
[2023-05-23T00:32:05.110+0000] {logging_mixin.py:149} INFO - [2023-05-23T00:32:05.110+0000] {dagbag.py:541} INFO - Filling up the DagBag from /home/airflow/.local/lib/python3.7/site-packages/airflow/example_dags/example_sensors.py
[2023-05-23T00:32:05.118+0000] {processor.py:836} INFO - DAG(s) dict_keys(['example_sensors']) retrieved from /home/airflow/.local/lib/python3.7/site-packages/airflow/example_dags/example_sensors.py
[2023-05-23T00:32:05.142+0000] {logging_mixin.py:149} INFO - [2023-05-23T00:32:05.142+0000] {dag.py:2726} INFO - Sync 1 DAGs
[2023-05-23T00:32:05.165+0000] {logging_mixin.py:149} INFO - [2023-05-23T00:32:05.165+0000] {dag.py:3490} INFO - Setting next_dagrun for example_sensors to None, run_after=None
[2023-05-23T00:32:05.183+0000] {processor.py:179} INFO - Processing /home/airflow/.local/lib/python3.7/site-packages/airflow/example_dags/example_sensors.py took 0.076 seconds
[2023-05-23T00:32:35.720+0000] {processor.py:157} INFO - Started process (PID=11614) to work on /home/airflow/.local/lib/python3.7/site-packages/airflow/example_dags/example_sensors.py
[2023-05-23T00:32:35.721+0000] {processor.py:826} INFO - Processing file /home/airflow/.local/lib/python3.7/site-packages/airflow/example_dags/example_sensors.py for tasks to queue
[2023-05-23T00:32:35.721+0000] {logging_mixin.py:149} INFO - [2023-05-23T00:32:35.721+0000] {dagbag.py:541} INFO - Filling up the DagBag from /home/airflow/.local/lib/python3.7/site-packages/airflow/example_dags/example_sensors.py
[2023-05-23T00:32:35.728+0000] {processor.py:836} INFO - DAG(s) dict_keys(['example_sensors']) retrieved from /home/airflow/.local/lib/python3.7/site-packages/airflow/example_dags/example_sensors.py
[2023-05-23T00:32:35.752+0000] {logging_mixin.py:149} INFO - [2023-05-23T00:32:35.751+0000] {dag.py:2726} INFO - Sync 1 DAGs
[2023-05-23T00:32:35.773+0000] {logging_mixin.py:149} INFO - [2023-05-23T00:32:35.772+0000] {dag.py:3490} INFO - Setting next_dagrun for example_sensors to None, run_after=None
[2023-05-23T00:32:35.791+0000] {processor.py:179} INFO - Processing /home/airflow/.local/lib/python3.7/site-packages/airflow/example_dags/example_sensors.py took 0.073 seconds
[2023-05-23T00:33:06.340+0000] {processor.py:157} INFO - Started process (PID=11683) to work on /home/airflow/.local/lib/python3.7/site-packages/airflow/example_dags/example_sensors.py
[2023-05-23T00:33:06.341+0000] {processor.py:826} INFO - Processing file /home/airflow/.local/lib/python3.7/site-packages/airflow/example_dags/example_sensors.py for tasks to queue
[2023-05-23T00:33:06.342+0000] {logging_mixin.py:149} INFO - [2023-05-23T00:33:06.342+0000] {dagbag.py:541} INFO - Filling up the DagBag from /home/airflow/.local/lib/python3.7/site-packages/airflow/example_dags/example_sensors.py
[2023-05-23T00:33:06.349+0000] {processor.py:836} INFO - DAG(s) dict_keys(['example_sensors']) retrieved from /home/airflow/.local/lib/python3.7/site-packages/airflow/example_dags/example_sensors.py
[2023-05-23T00:33:06.373+0000] {logging_mixin.py:149} INFO - [2023-05-23T00:33:06.373+0000] {dag.py:2726} INFO - Sync 1 DAGs
[2023-05-23T00:33:06.395+0000] {logging_mixin.py:149} INFO - [2023-05-23T00:33:06.395+0000] {dag.py:3490} INFO - Setting next_dagrun for example_sensors to None, run_after=None
[2023-05-23T00:33:06.413+0000] {processor.py:179} INFO - Processing /home/airflow/.local/lib/python3.7/site-packages/airflow/example_dags/example_sensors.py took 0.075 seconds
[2023-05-23T00:33:37.406+0000] {processor.py:157} INFO - Started process (PID=11761) to work on /home/airflow/.local/lib/python3.7/site-packages/airflow/example_dags/example_sensors.py
[2023-05-23T00:33:37.407+0000] {processor.py:826} INFO - Processing file /home/airflow/.local/lib/python3.7/site-packages/airflow/example_dags/example_sensors.py for tasks to queue
[2023-05-23T00:33:37.408+0000] {logging_mixin.py:149} INFO - [2023-05-23T00:33:37.407+0000] {dagbag.py:541} INFO - Filling up the DagBag from /home/airflow/.local/lib/python3.7/site-packages/airflow/example_dags/example_sensors.py
[2023-05-23T00:33:37.415+0000] {processor.py:836} INFO - DAG(s) dict_keys(['example_sensors']) retrieved from /home/airflow/.local/lib/python3.7/site-packages/airflow/example_dags/example_sensors.py
[2023-05-23T00:33:37.438+0000] {logging_mixin.py:149} INFO - [2023-05-23T00:33:37.438+0000] {dag.py:2726} INFO - Sync 1 DAGs
[2023-05-23T00:33:37.461+0000] {logging_mixin.py:149} INFO - [2023-05-23T00:33:37.460+0000] {dag.py:3490} INFO - Setting next_dagrun for example_sensors to None, run_after=None
[2023-05-23T00:33:37.576+0000] {processor.py:179} INFO - Processing /home/airflow/.local/lib/python3.7/site-packages/airflow/example_dags/example_sensors.py took 0.171 seconds
[2023-05-23T00:34:08.000+0000] {processor.py:157} INFO - Started process (PID=11830) to work on /home/airflow/.local/lib/python3.7/site-packages/airflow/example_dags/example_sensors.py
[2023-05-23T00:34:08.000+0000] {processor.py:826} INFO - Processing file /home/airflow/.local/lib/python3.7/site-packages/airflow/example_dags/example_sensors.py for tasks to queue
[2023-05-23T00:34:08.001+0000] {logging_mixin.py:149} INFO - [2023-05-23T00:34:08.001+0000] {dagbag.py:541} INFO - Filling up the DagBag from /home/airflow/.local/lib/python3.7/site-packages/airflow/example_dags/example_sensors.py
[2023-05-23T00:34:08.009+0000] {processor.py:836} INFO - DAG(s) dict_keys(['example_sensors']) retrieved from /home/airflow/.local/lib/python3.7/site-packages/airflow/example_dags/example_sensors.py
[2023-05-23T00:34:08.033+0000] {logging_mixin.py:149} INFO - [2023-05-23T00:34:08.033+0000] {dag.py:2726} INFO - Sync 1 DAGs
[2023-05-23T00:34:08.055+0000] {logging_mixin.py:149} INFO - [2023-05-23T00:34:08.055+0000] {dag.py:3490} INFO - Setting next_dagrun for example_sensors to None, run_after=None
[2023-05-23T00:34:08.073+0000] {processor.py:179} INFO - Processing /home/airflow/.local/lib/python3.7/site-packages/airflow/example_dags/example_sensors.py took 0.075 seconds
[2023-05-23T00:34:38.617+0000] {processor.py:157} INFO - Started process (PID=11899) to work on /home/airflow/.local/lib/python3.7/site-packages/airflow/example_dags/example_sensors.py
[2023-05-23T00:34:38.618+0000] {processor.py:826} INFO - Processing file /home/airflow/.local/lib/python3.7/site-packages/airflow/example_dags/example_sensors.py for tasks to queue
[2023-05-23T00:34:38.618+0000] {logging_mixin.py:149} INFO - [2023-05-23T00:34:38.618+0000] {dagbag.py:541} INFO - Filling up the DagBag from /home/airflow/.local/lib/python3.7/site-packages/airflow/example_dags/example_sensors.py
[2023-05-23T00:34:38.627+0000] {processor.py:836} INFO - DAG(s) dict_keys(['example_sensors']) retrieved from /home/airflow/.local/lib/python3.7/site-packages/airflow/example_dags/example_sensors.py
[2023-05-23T00:34:38.656+0000] {logging_mixin.py:149} INFO - [2023-05-23T00:34:38.656+0000] {dag.py:2726} INFO - Sync 1 DAGs
[2023-05-23T00:34:38.683+0000] {logging_mixin.py:149} INFO - [2023-05-23T00:34:38.683+0000] {dag.py:3490} INFO - Setting next_dagrun for example_sensors to None, run_after=None
[2023-05-23T00:34:38.712+0000] {processor.py:179} INFO - Processing /home/airflow/.local/lib/python3.7/site-packages/airflow/example_dags/example_sensors.py took 0.098 seconds
[2023-05-23T00:35:09.167+0000] {processor.py:157} INFO - Started process (PID=11969) to work on /home/airflow/.local/lib/python3.7/site-packages/airflow/example_dags/example_sensors.py
[2023-05-23T00:35:09.168+0000] {processor.py:826} INFO - Processing file /home/airflow/.local/lib/python3.7/site-packages/airflow/example_dags/example_sensors.py for tasks to queue
[2023-05-23T00:35:09.168+0000] {logging_mixin.py:149} INFO - [2023-05-23T00:35:09.168+0000] {dagbag.py:541} INFO - Filling up the DagBag from /home/airflow/.local/lib/python3.7/site-packages/airflow/example_dags/example_sensors.py
[2023-05-23T00:35:09.176+0000] {processor.py:836} INFO - DAG(s) dict_keys(['example_sensors']) retrieved from /home/airflow/.local/lib/python3.7/site-packages/airflow/example_dags/example_sensors.py
[2023-05-23T00:35:09.201+0000] {logging_mixin.py:149} INFO - [2023-05-23T00:35:09.200+0000] {dag.py:2726} INFO - Sync 1 DAGs
[2023-05-23T00:35:09.223+0000] {logging_mixin.py:149} INFO - [2023-05-23T00:35:09.223+0000] {dag.py:3490} INFO - Setting next_dagrun for example_sensors to None, run_after=None
[2023-05-23T00:35:09.247+0000] {processor.py:179} INFO - Processing /home/airflow/.local/lib/python3.7/site-packages/airflow/example_dags/example_sensors.py took 0.083 seconds
[2023-05-23T00:35:39.675+0000] {processor.py:157} INFO - Started process (PID=12038) to work on /home/airflow/.local/lib/python3.7/site-packages/airflow/example_dags/example_sensors.py
[2023-05-23T00:35:39.676+0000] {processor.py:826} INFO - Processing file /home/airflow/.local/lib/python3.7/site-packages/airflow/example_dags/example_sensors.py for tasks to queue
[2023-05-23T00:35:39.677+0000] {logging_mixin.py:149} INFO - [2023-05-23T00:35:39.677+0000] {dagbag.py:541} INFO - Filling up the DagBag from /home/airflow/.local/lib/python3.7/site-packages/airflow/example_dags/example_sensors.py
[2023-05-23T00:35:39.684+0000] {processor.py:836} INFO - DAG(s) dict_keys(['example_sensors']) retrieved from /home/airflow/.local/lib/python3.7/site-packages/airflow/example_dags/example_sensors.py
[2023-05-23T00:35:39.710+0000] {logging_mixin.py:149} INFO - [2023-05-23T00:35:39.710+0000] {dag.py:2726} INFO - Sync 1 DAGs
[2023-05-23T00:35:39.733+0000] {logging_mixin.py:149} INFO - [2023-05-23T00:35:39.733+0000] {dag.py:3490} INFO - Setting next_dagrun for example_sensors to None, run_after=None
[2023-05-23T00:35:39.783+0000] {processor.py:179} INFO - Processing /home/airflow/.local/lib/python3.7/site-packages/airflow/example_dags/example_sensors.py took 0.110 seconds
[2023-05-23T00:36:10.548+0000] {processor.py:157} INFO - Started process (PID=12108) to work on /home/airflow/.local/lib/python3.7/site-packages/airflow/example_dags/example_sensors.py
[2023-05-23T00:36:10.549+0000] {processor.py:826} INFO - Processing file /home/airflow/.local/lib/python3.7/site-packages/airflow/example_dags/example_sensors.py for tasks to queue
[2023-05-23T00:36:10.550+0000] {logging_mixin.py:149} INFO - [2023-05-23T00:36:10.550+0000] {dagbag.py:541} INFO - Filling up the DagBag from /home/airflow/.local/lib/python3.7/site-packages/airflow/example_dags/example_sensors.py
[2023-05-23T00:36:10.558+0000] {processor.py:836} INFO - DAG(s) dict_keys(['example_sensors']) retrieved from /home/airflow/.local/lib/python3.7/site-packages/airflow/example_dags/example_sensors.py
[2023-05-23T00:36:10.586+0000] {logging_mixin.py:149} INFO - [2023-05-23T00:36:10.585+0000] {dag.py:2726} INFO - Sync 1 DAGs
[2023-05-23T00:36:10.614+0000] {logging_mixin.py:149} INFO - [2023-05-23T00:36:10.614+0000] {dag.py:3490} INFO - Setting next_dagrun for example_sensors to None, run_after=None
[2023-05-23T00:36:10.648+0000] {processor.py:179} INFO - Processing /home/airflow/.local/lib/python3.7/site-packages/airflow/example_dags/example_sensors.py took 0.102 seconds
[2023-05-23T00:36:41.497+0000] {processor.py:157} INFO - Started process (PID=12177) to work on /home/airflow/.local/lib/python3.7/site-packages/airflow/example_dags/example_sensors.py
[2023-05-23T00:36:41.498+0000] {processor.py:826} INFO - Processing file /home/airflow/.local/lib/python3.7/site-packages/airflow/example_dags/example_sensors.py for tasks to queue
[2023-05-23T00:36:41.498+0000] {logging_mixin.py:149} INFO - [2023-05-23T00:36:41.498+0000] {dagbag.py:541} INFO - Filling up the DagBag from /home/airflow/.local/lib/python3.7/site-packages/airflow/example_dags/example_sensors.py
[2023-05-23T00:36:41.506+0000] {processor.py:836} INFO - DAG(s) dict_keys(['example_sensors']) retrieved from /home/airflow/.local/lib/python3.7/site-packages/airflow/example_dags/example_sensors.py
[2023-05-23T00:36:41.531+0000] {logging_mixin.py:149} INFO - [2023-05-23T00:36:41.531+0000] {dag.py:2726} INFO - Sync 1 DAGs
[2023-05-23T00:36:41.554+0000] {logging_mixin.py:149} INFO - [2023-05-23T00:36:41.554+0000] {dag.py:3490} INFO - Setting next_dagrun for example_sensors to None, run_after=None
[2023-05-23T00:36:41.574+0000] {processor.py:179} INFO - Processing /home/airflow/.local/lib/python3.7/site-packages/airflow/example_dags/example_sensors.py took 0.079 seconds
[2023-05-23T00:37:11.707+0000] {processor.py:157} INFO - Started process (PID=12247) to work on /home/airflow/.local/lib/python3.7/site-packages/airflow/example_dags/example_sensors.py
[2023-05-23T00:37:11.708+0000] {processor.py:826} INFO - Processing file /home/airflow/.local/lib/python3.7/site-packages/airflow/example_dags/example_sensors.py for tasks to queue
[2023-05-23T00:37:11.708+0000] {logging_mixin.py:149} INFO - [2023-05-23T00:37:11.708+0000] {dagbag.py:541} INFO - Filling up the DagBag from /home/airflow/.local/lib/python3.7/site-packages/airflow/example_dags/example_sensors.py
[2023-05-23T00:37:11.716+0000] {processor.py:836} INFO - DAG(s) dict_keys(['example_sensors']) retrieved from /home/airflow/.local/lib/python3.7/site-packages/airflow/example_dags/example_sensors.py
[2023-05-23T00:37:11.740+0000] {logging_mixin.py:149} INFO - [2023-05-23T00:37:11.740+0000] {dag.py:2726} INFO - Sync 1 DAGs
[2023-05-23T00:37:11.764+0000] {logging_mixin.py:149} INFO - [2023-05-23T00:37:11.764+0000] {dag.py:3490} INFO - Setting next_dagrun for example_sensors to None, run_after=None
[2023-05-23T00:37:11.782+0000] {processor.py:179} INFO - Processing /home/airflow/.local/lib/python3.7/site-packages/airflow/example_dags/example_sensors.py took 0.077 seconds
[2023-05-23T00:37:42.322+0000] {processor.py:157} INFO - Started process (PID=12316) to work on /home/airflow/.local/lib/python3.7/site-packages/airflow/example_dags/example_sensors.py
[2023-05-23T00:37:42.322+0000] {processor.py:826} INFO - Processing file /home/airflow/.local/lib/python3.7/site-packages/airflow/example_dags/example_sensors.py for tasks to queue
[2023-05-23T00:37:42.323+0000] {logging_mixin.py:149} INFO - [2023-05-23T00:37:42.323+0000] {dagbag.py:541} INFO - Filling up the DagBag from /home/airflow/.local/lib/python3.7/site-packages/airflow/example_dags/example_sensors.py
[2023-05-23T00:37:42.332+0000] {processor.py:836} INFO - DAG(s) dict_keys(['example_sensors']) retrieved from /home/airflow/.local/lib/python3.7/site-packages/airflow/example_dags/example_sensors.py
[2023-05-23T00:37:42.357+0000] {logging_mixin.py:149} INFO - [2023-05-23T00:37:42.357+0000] {dag.py:2726} INFO - Sync 1 DAGs
[2023-05-23T00:37:42.378+0000] {logging_mixin.py:149} INFO - [2023-05-23T00:37:42.378+0000] {dag.py:3490} INFO - Setting next_dagrun for example_sensors to None, run_after=None
[2023-05-23T00:37:42.396+0000] {processor.py:179} INFO - Processing /home/airflow/.local/lib/python3.7/site-packages/airflow/example_dags/example_sensors.py took 0.076 seconds
[2023-05-23T00:38:12.593+0000] {processor.py:157} INFO - Started process (PID=12386) to work on /home/airflow/.local/lib/python3.7/site-packages/airflow/example_dags/example_sensors.py
[2023-05-23T00:38:12.594+0000] {processor.py:826} INFO - Processing file /home/airflow/.local/lib/python3.7/site-packages/airflow/example_dags/example_sensors.py for tasks to queue
[2023-05-23T00:38:12.594+0000] {logging_mixin.py:149} INFO - [2023-05-23T00:38:12.594+0000] {dagbag.py:541} INFO - Filling up the DagBag from /home/airflow/.local/lib/python3.7/site-packages/airflow/example_dags/example_sensors.py
[2023-05-23T00:38:12.602+0000] {processor.py:836} INFO - DAG(s) dict_keys(['example_sensors']) retrieved from /home/airflow/.local/lib/python3.7/site-packages/airflow/example_dags/example_sensors.py
[2023-05-23T00:38:12.625+0000] {logging_mixin.py:149} INFO - [2023-05-23T00:38:12.625+0000] {dag.py:2726} INFO - Sync 1 DAGs
[2023-05-23T00:38:12.648+0000] {logging_mixin.py:149} INFO - [2023-05-23T00:38:12.647+0000] {dag.py:3490} INFO - Setting next_dagrun for example_sensors to None, run_after=None
[2023-05-23T00:38:12.688+0000] {processor.py:179} INFO - Processing /home/airflow/.local/lib/python3.7/site-packages/airflow/example_dags/example_sensors.py took 0.097 seconds
[2023-05-23T00:38:43.177+0000] {processor.py:157} INFO - Started process (PID=12455) to work on /home/airflow/.local/lib/python3.7/site-packages/airflow/example_dags/example_sensors.py
[2023-05-23T00:38:43.177+0000] {processor.py:826} INFO - Processing file /home/airflow/.local/lib/python3.7/site-packages/airflow/example_dags/example_sensors.py for tasks to queue
[2023-05-23T00:38:43.178+0000] {logging_mixin.py:149} INFO - [2023-05-23T00:38:43.178+0000] {dagbag.py:541} INFO - Filling up the DagBag from /home/airflow/.local/lib/python3.7/site-packages/airflow/example_dags/example_sensors.py
[2023-05-23T00:38:43.185+0000] {processor.py:836} INFO - DAG(s) dict_keys(['example_sensors']) retrieved from /home/airflow/.local/lib/python3.7/site-packages/airflow/example_dags/example_sensors.py
[2023-05-23T00:38:43.209+0000] {logging_mixin.py:149} INFO - [2023-05-23T00:38:43.209+0000] {dag.py:2726} INFO - Sync 1 DAGs
[2023-05-23T00:38:43.230+0000] {logging_mixin.py:149} INFO - [2023-05-23T00:38:43.230+0000] {dag.py:3490} INFO - Setting next_dagrun for example_sensors to None, run_after=None
[2023-05-23T00:38:43.250+0000] {processor.py:179} INFO - Processing /home/airflow/.local/lib/python3.7/site-packages/airflow/example_dags/example_sensors.py took 0.075 seconds
[2023-05-23T00:39:13.736+0000] {processor.py:157} INFO - Started process (PID=12524) to work on /home/airflow/.local/lib/python3.7/site-packages/airflow/example_dags/example_sensors.py
[2023-05-23T00:39:13.737+0000] {processor.py:826} INFO - Processing file /home/airflow/.local/lib/python3.7/site-packages/airflow/example_dags/example_sensors.py for tasks to queue
[2023-05-23T00:39:13.738+0000] {logging_mixin.py:149} INFO - [2023-05-23T00:39:13.738+0000] {dagbag.py:541} INFO - Filling up the DagBag from /home/airflow/.local/lib/python3.7/site-packages/airflow/example_dags/example_sensors.py
[2023-05-23T00:39:13.745+0000] {processor.py:836} INFO - DAG(s) dict_keys(['example_sensors']) retrieved from /home/airflow/.local/lib/python3.7/site-packages/airflow/example_dags/example_sensors.py
[2023-05-23T00:39:13.770+0000] {logging_mixin.py:149} INFO - [2023-05-23T00:39:13.770+0000] {dag.py:2726} INFO - Sync 1 DAGs
[2023-05-23T00:39:13.794+0000] {logging_mixin.py:149} INFO - [2023-05-23T00:39:13.794+0000] {dag.py:3490} INFO - Setting next_dagrun for example_sensors to None, run_after=None
[2023-05-23T00:39:13.813+0000] {processor.py:179} INFO - Processing /home/airflow/.local/lib/python3.7/site-packages/airflow/example_dags/example_sensors.py took 0.079 seconds
[2023-05-23T00:39:44.486+0000] {processor.py:157} INFO - Started process (PID=12593) to work on /home/airflow/.local/lib/python3.7/site-packages/airflow/example_dags/example_sensors.py
[2023-05-23T00:39:44.486+0000] {processor.py:826} INFO - Processing file /home/airflow/.local/lib/python3.7/site-packages/airflow/example_dags/example_sensors.py for tasks to queue
[2023-05-23T00:39:44.487+0000] {logging_mixin.py:149} INFO - [2023-05-23T00:39:44.487+0000] {dagbag.py:541} INFO - Filling up the DagBag from /home/airflow/.local/lib/python3.7/site-packages/airflow/example_dags/example_sensors.py
[2023-05-23T00:39:44.495+0000] {processor.py:836} INFO - DAG(s) dict_keys(['example_sensors']) retrieved from /home/airflow/.local/lib/python3.7/site-packages/airflow/example_dags/example_sensors.py
[2023-05-23T00:39:44.522+0000] {logging_mixin.py:149} INFO - [2023-05-23T00:39:44.522+0000] {dag.py:2726} INFO - Sync 1 DAGs
[2023-05-23T00:39:44.550+0000] {logging_mixin.py:149} INFO - [2023-05-23T00:39:44.549+0000] {dag.py:3490} INFO - Setting next_dagrun for example_sensors to None, run_after=None
[2023-05-23T00:39:44.578+0000] {processor.py:179} INFO - Processing /home/airflow/.local/lib/python3.7/site-packages/airflow/example_dags/example_sensors.py took 0.095 seconds
