[2023-05-23T00:00:01.629+0000] {processor.py:157} INFO - Started process (PID=7170) to work on /home/airflow/.local/lib/python3.7/site-packages/airflow/example_dags/tutorial_dag.py
[2023-05-23T00:00:01.630+0000] {processor.py:826} INFO - Processing file /home/airflow/.local/lib/python3.7/site-packages/airflow/example_dags/tutorial_dag.py for tasks to queue
[2023-05-23T00:00:01.631+0000] {logging_mixin.py:149} INFO - [2023-05-23T00:00:01.630+0000] {dagbag.py:541} INFO - Filling up the DagBag from /home/airflow/.local/lib/python3.7/site-packages/airflow/example_dags/tutorial_dag.py
[2023-05-23T00:00:01.634+0000] {processor.py:836} INFO - DAG(s) dict_keys(['tutorial_dag']) retrieved from /home/airflow/.local/lib/python3.7/site-packages/airflow/example_dags/tutorial_dag.py
[2023-05-23T00:00:01.654+0000] {logging_mixin.py:149} INFO - [2023-05-23T00:00:01.654+0000] {dag.py:2726} INFO - Sync 1 DAGs
[2023-05-23T00:00:01.676+0000] {logging_mixin.py:149} INFO - [2023-05-23T00:00:01.676+0000] {dag.py:3490} INFO - Setting next_dagrun for tutorial_dag to None, run_after=None
[2023-05-23T00:00:01.694+0000] {processor.py:179} INFO - Processing /home/airflow/.local/lib/python3.7/site-packages/airflow/example_dags/tutorial_dag.py took 0.067 seconds
[2023-05-23T00:00:31.875+0000] {processor.py:157} INFO - Started process (PID=7239) to work on /home/airflow/.local/lib/python3.7/site-packages/airflow/example_dags/tutorial_dag.py
[2023-05-23T00:00:31.876+0000] {processor.py:826} INFO - Processing file /home/airflow/.local/lib/python3.7/site-packages/airflow/example_dags/tutorial_dag.py for tasks to queue
[2023-05-23T00:00:31.877+0000] {logging_mixin.py:149} INFO - [2023-05-23T00:00:31.877+0000] {dagbag.py:541} INFO - Filling up the DagBag from /home/airflow/.local/lib/python3.7/site-packages/airflow/example_dags/tutorial_dag.py
[2023-05-23T00:00:31.881+0000] {processor.py:836} INFO - DAG(s) dict_keys(['tutorial_dag']) retrieved from /home/airflow/.local/lib/python3.7/site-packages/airflow/example_dags/tutorial_dag.py
[2023-05-23T00:00:31.900+0000] {logging_mixin.py:149} INFO - [2023-05-23T00:00:31.900+0000] {dag.py:2726} INFO - Sync 1 DAGs
[2023-05-23T00:00:31.923+0000] {logging_mixin.py:149} INFO - [2023-05-23T00:00:31.923+0000] {dag.py:3490} INFO - Setting next_dagrun for tutorial_dag to None, run_after=None
[2023-05-23T00:00:31.949+0000] {processor.py:179} INFO - Processing /home/airflow/.local/lib/python3.7/site-packages/airflow/example_dags/tutorial_dag.py took 0.076 seconds
[2023-05-23T00:01:02.790+0000] {processor.py:157} INFO - Started process (PID=7308) to work on /home/airflow/.local/lib/python3.7/site-packages/airflow/example_dags/tutorial_dag.py
[2023-05-23T00:01:02.791+0000] {processor.py:826} INFO - Processing file /home/airflow/.local/lib/python3.7/site-packages/airflow/example_dags/tutorial_dag.py for tasks to queue
[2023-05-23T00:01:02.792+0000] {logging_mixin.py:149} INFO - [2023-05-23T00:01:02.791+0000] {dagbag.py:541} INFO - Filling up the DagBag from /home/airflow/.local/lib/python3.7/site-packages/airflow/example_dags/tutorial_dag.py
[2023-05-23T00:01:02.796+0000] {processor.py:836} INFO - DAG(s) dict_keys(['tutorial_dag']) retrieved from /home/airflow/.local/lib/python3.7/site-packages/airflow/example_dags/tutorial_dag.py
[2023-05-23T00:01:02.821+0000] {logging_mixin.py:149} INFO - [2023-05-23T00:01:02.821+0000] {dag.py:2726} INFO - Sync 1 DAGs
[2023-05-23T00:01:02.846+0000] {logging_mixin.py:149} INFO - [2023-05-23T00:01:02.845+0000] {dag.py:3490} INFO - Setting next_dagrun for tutorial_dag to None, run_after=None
[2023-05-23T00:01:02.865+0000] {processor.py:179} INFO - Processing /home/airflow/.local/lib/python3.7/site-packages/airflow/example_dags/tutorial_dag.py took 0.079 seconds
[2023-05-23T00:01:33.273+0000] {processor.py:157} INFO - Started process (PID=7378) to work on /home/airflow/.local/lib/python3.7/site-packages/airflow/example_dags/tutorial_dag.py
[2023-05-23T00:01:33.274+0000] {processor.py:826} INFO - Processing file /home/airflow/.local/lib/python3.7/site-packages/airflow/example_dags/tutorial_dag.py for tasks to queue
[2023-05-23T00:01:33.275+0000] {logging_mixin.py:149} INFO - [2023-05-23T00:01:33.275+0000] {dagbag.py:541} INFO - Filling up the DagBag from /home/airflow/.local/lib/python3.7/site-packages/airflow/example_dags/tutorial_dag.py
[2023-05-23T00:01:33.278+0000] {processor.py:836} INFO - DAG(s) dict_keys(['tutorial_dag']) retrieved from /home/airflow/.local/lib/python3.7/site-packages/airflow/example_dags/tutorial_dag.py
[2023-05-23T00:01:33.297+0000] {logging_mixin.py:149} INFO - [2023-05-23T00:01:33.297+0000] {dag.py:2726} INFO - Sync 1 DAGs
[2023-05-23T00:01:33.319+0000] {logging_mixin.py:149} INFO - [2023-05-23T00:01:33.319+0000] {dag.py:3490} INFO - Setting next_dagrun for tutorial_dag to None, run_after=None
[2023-05-23T00:01:33.336+0000] {processor.py:179} INFO - Processing /home/airflow/.local/lib/python3.7/site-packages/airflow/example_dags/tutorial_dag.py took 0.065 seconds
[2023-05-23T00:02:03.490+0000] {processor.py:157} INFO - Started process (PID=7448) to work on /home/airflow/.local/lib/python3.7/site-packages/airflow/example_dags/tutorial_dag.py
[2023-05-23T00:02:03.491+0000] {processor.py:826} INFO - Processing file /home/airflow/.local/lib/python3.7/site-packages/airflow/example_dags/tutorial_dag.py for tasks to queue
[2023-05-23T00:02:03.491+0000] {logging_mixin.py:149} INFO - [2023-05-23T00:02:03.491+0000] {dagbag.py:541} INFO - Filling up the DagBag from /home/airflow/.local/lib/python3.7/site-packages/airflow/example_dags/tutorial_dag.py
[2023-05-23T00:02:03.496+0000] {processor.py:836} INFO - DAG(s) dict_keys(['tutorial_dag']) retrieved from /home/airflow/.local/lib/python3.7/site-packages/airflow/example_dags/tutorial_dag.py
[2023-05-23T00:02:03.515+0000] {logging_mixin.py:149} INFO - [2023-05-23T00:02:03.515+0000] {dag.py:2726} INFO - Sync 1 DAGs
[2023-05-23T00:02:03.536+0000] {logging_mixin.py:149} INFO - [2023-05-23T00:02:03.536+0000] {dag.py:3490} INFO - Setting next_dagrun for tutorial_dag to None, run_after=None
[2023-05-23T00:02:03.559+0000] {processor.py:179} INFO - Processing /home/airflow/.local/lib/python3.7/site-packages/airflow/example_dags/tutorial_dag.py took 0.071 seconds
[2023-05-23T00:02:34.196+0000] {processor.py:157} INFO - Started process (PID=7517) to work on /home/airflow/.local/lib/python3.7/site-packages/airflow/example_dags/tutorial_dag.py
[2023-05-23T00:02:34.196+0000] {processor.py:826} INFO - Processing file /home/airflow/.local/lib/python3.7/site-packages/airflow/example_dags/tutorial_dag.py for tasks to queue
[2023-05-23T00:02:34.197+0000] {logging_mixin.py:149} INFO - [2023-05-23T00:02:34.197+0000] {dagbag.py:541} INFO - Filling up the DagBag from /home/airflow/.local/lib/python3.7/site-packages/airflow/example_dags/tutorial_dag.py
[2023-05-23T00:02:34.200+0000] {processor.py:836} INFO - DAG(s) dict_keys(['tutorial_dag']) retrieved from /home/airflow/.local/lib/python3.7/site-packages/airflow/example_dags/tutorial_dag.py
[2023-05-23T00:02:34.221+0000] {logging_mixin.py:149} INFO - [2023-05-23T00:02:34.220+0000] {dag.py:2726} INFO - Sync 1 DAGs
[2023-05-23T00:02:34.242+0000] {logging_mixin.py:149} INFO - [2023-05-23T00:02:34.242+0000] {dag.py:3490} INFO - Setting next_dagrun for tutorial_dag to None, run_after=None
[2023-05-23T00:02:34.260+0000] {processor.py:179} INFO - Processing /home/airflow/.local/lib/python3.7/site-packages/airflow/example_dags/tutorial_dag.py took 0.067 seconds
[2023-05-23T00:03:04.527+0000] {processor.py:157} INFO - Started process (PID=7587) to work on /home/airflow/.local/lib/python3.7/site-packages/airflow/example_dags/tutorial_dag.py
[2023-05-23T00:03:04.528+0000] {processor.py:826} INFO - Processing file /home/airflow/.local/lib/python3.7/site-packages/airflow/example_dags/tutorial_dag.py for tasks to queue
[2023-05-23T00:03:04.529+0000] {logging_mixin.py:149} INFO - [2023-05-23T00:03:04.528+0000] {dagbag.py:541} INFO - Filling up the DagBag from /home/airflow/.local/lib/python3.7/site-packages/airflow/example_dags/tutorial_dag.py
[2023-05-23T00:03:04.532+0000] {processor.py:836} INFO - DAG(s) dict_keys(['tutorial_dag']) retrieved from /home/airflow/.local/lib/python3.7/site-packages/airflow/example_dags/tutorial_dag.py
[2023-05-23T00:03:04.553+0000] {logging_mixin.py:149} INFO - [2023-05-23T00:03:04.552+0000] {dag.py:2726} INFO - Sync 1 DAGs
[2023-05-23T00:03:04.577+0000] {logging_mixin.py:149} INFO - [2023-05-23T00:03:04.576+0000] {dag.py:3490} INFO - Setting next_dagrun for tutorial_dag to None, run_after=None
[2023-05-23T00:03:04.595+0000] {processor.py:179} INFO - Processing /home/airflow/.local/lib/python3.7/site-packages/airflow/example_dags/tutorial_dag.py took 0.070 seconds
[2023-05-23T00:03:34.910+0000] {processor.py:157} INFO - Started process (PID=7657) to work on /home/airflow/.local/lib/python3.7/site-packages/airflow/example_dags/tutorial_dag.py
[2023-05-23T00:03:34.911+0000] {processor.py:826} INFO - Processing file /home/airflow/.local/lib/python3.7/site-packages/airflow/example_dags/tutorial_dag.py for tasks to queue
[2023-05-23T00:03:34.912+0000] {logging_mixin.py:149} INFO - [2023-05-23T00:03:34.911+0000] {dagbag.py:541} INFO - Filling up the DagBag from /home/airflow/.local/lib/python3.7/site-packages/airflow/example_dags/tutorial_dag.py
[2023-05-23T00:03:34.915+0000] {processor.py:836} INFO - DAG(s) dict_keys(['tutorial_dag']) retrieved from /home/airflow/.local/lib/python3.7/site-packages/airflow/example_dags/tutorial_dag.py
[2023-05-23T00:03:34.934+0000] {logging_mixin.py:149} INFO - [2023-05-23T00:03:34.934+0000] {dag.py:2726} INFO - Sync 1 DAGs
[2023-05-23T00:03:34.956+0000] {logging_mixin.py:149} INFO - [2023-05-23T00:03:34.956+0000] {dag.py:3490} INFO - Setting next_dagrun for tutorial_dag to None, run_after=None
[2023-05-23T00:03:34.975+0000] {processor.py:179} INFO - Processing /home/airflow/.local/lib/python3.7/site-packages/airflow/example_dags/tutorial_dag.py took 0.067 seconds
[2023-05-23T00:04:05.815+0000] {processor.py:157} INFO - Started process (PID=7726) to work on /home/airflow/.local/lib/python3.7/site-packages/airflow/example_dags/tutorial_dag.py
[2023-05-23T00:04:05.816+0000] {processor.py:826} INFO - Processing file /home/airflow/.local/lib/python3.7/site-packages/airflow/example_dags/tutorial_dag.py for tasks to queue
[2023-05-23T00:04:05.816+0000] {logging_mixin.py:149} INFO - [2023-05-23T00:04:05.816+0000] {dagbag.py:541} INFO - Filling up the DagBag from /home/airflow/.local/lib/python3.7/site-packages/airflow/example_dags/tutorial_dag.py
[2023-05-23T00:04:05.820+0000] {processor.py:836} INFO - DAG(s) dict_keys(['tutorial_dag']) retrieved from /home/airflow/.local/lib/python3.7/site-packages/airflow/example_dags/tutorial_dag.py
[2023-05-23T00:04:05.839+0000] {logging_mixin.py:149} INFO - [2023-05-23T00:04:05.839+0000] {dag.py:2726} INFO - Sync 1 DAGs
[2023-05-23T00:04:05.860+0000] {logging_mixin.py:149} INFO - [2023-05-23T00:04:05.860+0000] {dag.py:3490} INFO - Setting next_dagrun for tutorial_dag to None, run_after=None
[2023-05-23T00:04:05.880+0000] {processor.py:179} INFO - Processing /home/airflow/.local/lib/python3.7/site-packages/airflow/example_dags/tutorial_dag.py took 0.068 seconds
[2023-05-23T00:04:36.065+0000] {processor.py:157} INFO - Started process (PID=7795) to work on /home/airflow/.local/lib/python3.7/site-packages/airflow/example_dags/tutorial_dag.py
[2023-05-23T00:04:36.066+0000] {processor.py:826} INFO - Processing file /home/airflow/.local/lib/python3.7/site-packages/airflow/example_dags/tutorial_dag.py for tasks to queue
[2023-05-23T00:04:36.067+0000] {logging_mixin.py:149} INFO - [2023-05-23T00:04:36.067+0000] {dagbag.py:541} INFO - Filling up the DagBag from /home/airflow/.local/lib/python3.7/site-packages/airflow/example_dags/tutorial_dag.py
[2023-05-23T00:04:36.070+0000] {processor.py:836} INFO - DAG(s) dict_keys(['tutorial_dag']) retrieved from /home/airflow/.local/lib/python3.7/site-packages/airflow/example_dags/tutorial_dag.py
[2023-05-23T00:04:36.091+0000] {logging_mixin.py:149} INFO - [2023-05-23T00:04:36.090+0000] {dag.py:2726} INFO - Sync 1 DAGs
[2023-05-23T00:04:36.112+0000] {logging_mixin.py:149} INFO - [2023-05-23T00:04:36.112+0000] {dag.py:3490} INFO - Setting next_dagrun for tutorial_dag to None, run_after=None
[2023-05-23T00:04:36.131+0000] {processor.py:179} INFO - Processing /home/airflow/.local/lib/python3.7/site-packages/airflow/example_dags/tutorial_dag.py took 0.068 seconds
[2023-05-23T00:05:07.130+0000] {processor.py:157} INFO - Started process (PID=7864) to work on /home/airflow/.local/lib/python3.7/site-packages/airflow/example_dags/tutorial_dag.py
[2023-05-23T00:05:07.131+0000] {processor.py:826} INFO - Processing file /home/airflow/.local/lib/python3.7/site-packages/airflow/example_dags/tutorial_dag.py for tasks to queue
[2023-05-23T00:05:07.131+0000] {logging_mixin.py:149} INFO - [2023-05-23T00:05:07.131+0000] {dagbag.py:541} INFO - Filling up the DagBag from /home/airflow/.local/lib/python3.7/site-packages/airflow/example_dags/tutorial_dag.py
[2023-05-23T00:05:07.135+0000] {processor.py:836} INFO - DAG(s) dict_keys(['tutorial_dag']) retrieved from /home/airflow/.local/lib/python3.7/site-packages/airflow/example_dags/tutorial_dag.py
[2023-05-23T00:05:07.154+0000] {logging_mixin.py:149} INFO - [2023-05-23T00:05:07.154+0000] {dag.py:2726} INFO - Sync 1 DAGs
[2023-05-23T00:05:07.177+0000] {logging_mixin.py:149} INFO - [2023-05-23T00:05:07.177+0000] {dag.py:3490} INFO - Setting next_dagrun for tutorial_dag to None, run_after=None
[2023-05-23T00:05:07.364+0000] {processor.py:179} INFO - Processing /home/airflow/.local/lib/python3.7/site-packages/airflow/example_dags/tutorial_dag.py took 0.237 seconds
[2023-05-23T00:05:37.727+0000] {processor.py:157} INFO - Started process (PID=7934) to work on /home/airflow/.local/lib/python3.7/site-packages/airflow/example_dags/tutorial_dag.py
[2023-05-23T00:05:37.728+0000] {processor.py:826} INFO - Processing file /home/airflow/.local/lib/python3.7/site-packages/airflow/example_dags/tutorial_dag.py for tasks to queue
[2023-05-23T00:05:37.729+0000] {logging_mixin.py:149} INFO - [2023-05-23T00:05:37.728+0000] {dagbag.py:541} INFO - Filling up the DagBag from /home/airflow/.local/lib/python3.7/site-packages/airflow/example_dags/tutorial_dag.py
[2023-05-23T00:05:37.732+0000] {processor.py:836} INFO - DAG(s) dict_keys(['tutorial_dag']) retrieved from /home/airflow/.local/lib/python3.7/site-packages/airflow/example_dags/tutorial_dag.py
[2023-05-23T00:05:37.751+0000] {logging_mixin.py:149} INFO - [2023-05-23T00:05:37.751+0000] {dag.py:2726} INFO - Sync 1 DAGs
[2023-05-23T00:05:37.777+0000] {logging_mixin.py:149} INFO - [2023-05-23T00:05:37.776+0000] {dag.py:3490} INFO - Setting next_dagrun for tutorial_dag to None, run_after=None
[2023-05-23T00:05:37.796+0000] {processor.py:179} INFO - Processing /home/airflow/.local/lib/python3.7/site-packages/airflow/example_dags/tutorial_dag.py took 0.071 seconds
[2023-05-23T00:06:08.550+0000] {processor.py:157} INFO - Started process (PID=8003) to work on /home/airflow/.local/lib/python3.7/site-packages/airflow/example_dags/tutorial_dag.py
[2023-05-23T00:06:08.551+0000] {processor.py:826} INFO - Processing file /home/airflow/.local/lib/python3.7/site-packages/airflow/example_dags/tutorial_dag.py for tasks to queue
[2023-05-23T00:06:08.551+0000] {logging_mixin.py:149} INFO - [2023-05-23T00:06:08.551+0000] {dagbag.py:541} INFO - Filling up the DagBag from /home/airflow/.local/lib/python3.7/site-packages/airflow/example_dags/tutorial_dag.py
[2023-05-23T00:06:08.554+0000] {processor.py:836} INFO - DAG(s) dict_keys(['tutorial_dag']) retrieved from /home/airflow/.local/lib/python3.7/site-packages/airflow/example_dags/tutorial_dag.py
[2023-05-23T00:06:08.574+0000] {logging_mixin.py:149} INFO - [2023-05-23T00:06:08.574+0000] {dag.py:2726} INFO - Sync 1 DAGs
[2023-05-23T00:06:08.596+0000] {logging_mixin.py:149} INFO - [2023-05-23T00:06:08.596+0000] {dag.py:3490} INFO - Setting next_dagrun for tutorial_dag to None, run_after=None
[2023-05-23T00:06:08.615+0000] {processor.py:179} INFO - Processing /home/airflow/.local/lib/python3.7/site-packages/airflow/example_dags/tutorial_dag.py took 0.067 seconds
[2023-05-23T00:06:38.673+0000] {processor.py:157} INFO - Started process (PID=8072) to work on /home/airflow/.local/lib/python3.7/site-packages/airflow/example_dags/tutorial_dag.py
[2023-05-23T00:06:38.674+0000] {processor.py:826} INFO - Processing file /home/airflow/.local/lib/python3.7/site-packages/airflow/example_dags/tutorial_dag.py for tasks to queue
[2023-05-23T00:06:38.675+0000] {logging_mixin.py:149} INFO - [2023-05-23T00:06:38.675+0000] {dagbag.py:541} INFO - Filling up the DagBag from /home/airflow/.local/lib/python3.7/site-packages/airflow/example_dags/tutorial_dag.py
[2023-05-23T00:06:38.678+0000] {processor.py:836} INFO - DAG(s) dict_keys(['tutorial_dag']) retrieved from /home/airflow/.local/lib/python3.7/site-packages/airflow/example_dags/tutorial_dag.py
[2023-05-23T00:06:38.697+0000] {logging_mixin.py:149} INFO - [2023-05-23T00:06:38.697+0000] {dag.py:2726} INFO - Sync 1 DAGs
[2023-05-23T00:06:38.719+0000] {logging_mixin.py:149} INFO - [2023-05-23T00:06:38.719+0000] {dag.py:3490} INFO - Setting next_dagrun for tutorial_dag to None, run_after=None
[2023-05-23T00:06:38.736+0000] {processor.py:179} INFO - Processing /home/airflow/.local/lib/python3.7/site-packages/airflow/example_dags/tutorial_dag.py took 0.065 seconds
[2023-05-23T00:07:09.621+0000] {processor.py:157} INFO - Started process (PID=8141) to work on /home/airflow/.local/lib/python3.7/site-packages/airflow/example_dags/tutorial_dag.py
[2023-05-23T00:07:09.622+0000] {processor.py:826} INFO - Processing file /home/airflow/.local/lib/python3.7/site-packages/airflow/example_dags/tutorial_dag.py for tasks to queue
[2023-05-23T00:07:09.622+0000] {logging_mixin.py:149} INFO - [2023-05-23T00:07:09.622+0000] {dagbag.py:541} INFO - Filling up the DagBag from /home/airflow/.local/lib/python3.7/site-packages/airflow/example_dags/tutorial_dag.py
[2023-05-23T00:07:09.625+0000] {processor.py:836} INFO - DAG(s) dict_keys(['tutorial_dag']) retrieved from /home/airflow/.local/lib/python3.7/site-packages/airflow/example_dags/tutorial_dag.py
[2023-05-23T00:07:09.644+0000] {logging_mixin.py:149} INFO - [2023-05-23T00:07:09.644+0000] {dag.py:2726} INFO - Sync 1 DAGs
[2023-05-23T00:07:09.668+0000] {logging_mixin.py:149} INFO - [2023-05-23T00:07:09.667+0000] {dag.py:3490} INFO - Setting next_dagrun for tutorial_dag to None, run_after=None
[2023-05-23T00:07:09.686+0000] {processor.py:179} INFO - Processing /home/airflow/.local/lib/python3.7/site-packages/airflow/example_dags/tutorial_dag.py took 0.068 seconds
[2023-05-23T00:07:40.105+0000] {processor.py:157} INFO - Started process (PID=8210) to work on /home/airflow/.local/lib/python3.7/site-packages/airflow/example_dags/tutorial_dag.py
[2023-05-23T00:07:40.106+0000] {processor.py:826} INFO - Processing file /home/airflow/.local/lib/python3.7/site-packages/airflow/example_dags/tutorial_dag.py for tasks to queue
[2023-05-23T00:07:40.107+0000] {logging_mixin.py:149} INFO - [2023-05-23T00:07:40.107+0000] {dagbag.py:541} INFO - Filling up the DagBag from /home/airflow/.local/lib/python3.7/site-packages/airflow/example_dags/tutorial_dag.py
[2023-05-23T00:07:40.110+0000] {processor.py:836} INFO - DAG(s) dict_keys(['tutorial_dag']) retrieved from /home/airflow/.local/lib/python3.7/site-packages/airflow/example_dags/tutorial_dag.py
[2023-05-23T00:07:40.129+0000] {logging_mixin.py:149} INFO - [2023-05-23T00:07:40.129+0000] {dag.py:2726} INFO - Sync 1 DAGs
[2023-05-23T00:07:40.150+0000] {logging_mixin.py:149} INFO - [2023-05-23T00:07:40.150+0000] {dag.py:3490} INFO - Setting next_dagrun for tutorial_dag to None, run_after=None
[2023-05-23T00:07:40.175+0000] {processor.py:179} INFO - Processing /home/airflow/.local/lib/python3.7/site-packages/airflow/example_dags/tutorial_dag.py took 0.071 seconds
[2023-05-23T00:08:10.391+0000] {processor.py:157} INFO - Started process (PID=8279) to work on /home/airflow/.local/lib/python3.7/site-packages/airflow/example_dags/tutorial_dag.py
[2023-05-23T00:08:10.392+0000] {processor.py:826} INFO - Processing file /home/airflow/.local/lib/python3.7/site-packages/airflow/example_dags/tutorial_dag.py for tasks to queue
[2023-05-23T00:08:10.392+0000] {logging_mixin.py:149} INFO - [2023-05-23T00:08:10.392+0000] {dagbag.py:541} INFO - Filling up the DagBag from /home/airflow/.local/lib/python3.7/site-packages/airflow/example_dags/tutorial_dag.py
[2023-05-23T00:08:10.396+0000] {processor.py:836} INFO - DAG(s) dict_keys(['tutorial_dag']) retrieved from /home/airflow/.local/lib/python3.7/site-packages/airflow/example_dags/tutorial_dag.py
[2023-05-23T00:08:10.415+0000] {logging_mixin.py:149} INFO - [2023-05-23T00:08:10.415+0000] {dag.py:2726} INFO - Sync 1 DAGs
[2023-05-23T00:08:10.438+0000] {logging_mixin.py:149} INFO - [2023-05-23T00:08:10.438+0000] {dag.py:3490} INFO - Setting next_dagrun for tutorial_dag to None, run_after=None
[2023-05-23T00:08:10.457+0000] {processor.py:179} INFO - Processing /home/airflow/.local/lib/python3.7/site-packages/airflow/example_dags/tutorial_dag.py took 0.068 seconds
[2023-05-23T00:08:40.643+0000] {processor.py:157} INFO - Started process (PID=8349) to work on /home/airflow/.local/lib/python3.7/site-packages/airflow/example_dags/tutorial_dag.py
[2023-05-23T00:08:40.644+0000] {processor.py:826} INFO - Processing file /home/airflow/.local/lib/python3.7/site-packages/airflow/example_dags/tutorial_dag.py for tasks to queue
[2023-05-23T00:08:40.644+0000] {logging_mixin.py:149} INFO - [2023-05-23T00:08:40.644+0000] {dagbag.py:541} INFO - Filling up the DagBag from /home/airflow/.local/lib/python3.7/site-packages/airflow/example_dags/tutorial_dag.py
[2023-05-23T00:08:40.648+0000] {processor.py:836} INFO - DAG(s) dict_keys(['tutorial_dag']) retrieved from /home/airflow/.local/lib/python3.7/site-packages/airflow/example_dags/tutorial_dag.py
[2023-05-23T00:08:40.667+0000] {logging_mixin.py:149} INFO - [2023-05-23T00:08:40.667+0000] {dag.py:2726} INFO - Sync 1 DAGs
[2023-05-23T00:08:40.689+0000] {logging_mixin.py:149} INFO - [2023-05-23T00:08:40.689+0000] {dag.py:3490} INFO - Setting next_dagrun for tutorial_dag to None, run_after=None
[2023-05-23T00:08:40.707+0000] {processor.py:179} INFO - Processing /home/airflow/.local/lib/python3.7/site-packages/airflow/example_dags/tutorial_dag.py took 0.066 seconds
[2023-05-23T00:09:10.790+0000] {processor.py:157} INFO - Started process (PID=8419) to work on /home/airflow/.local/lib/python3.7/site-packages/airflow/example_dags/tutorial_dag.py
[2023-05-23T00:09:10.790+0000] {processor.py:826} INFO - Processing file /home/airflow/.local/lib/python3.7/site-packages/airflow/example_dags/tutorial_dag.py for tasks to queue
[2023-05-23T00:09:10.791+0000] {logging_mixin.py:149} INFO - [2023-05-23T00:09:10.791+0000] {dagbag.py:541} INFO - Filling up the DagBag from /home/airflow/.local/lib/python3.7/site-packages/airflow/example_dags/tutorial_dag.py
[2023-05-23T00:09:10.794+0000] {processor.py:836} INFO - DAG(s) dict_keys(['tutorial_dag']) retrieved from /home/airflow/.local/lib/python3.7/site-packages/airflow/example_dags/tutorial_dag.py
[2023-05-23T00:09:10.813+0000] {logging_mixin.py:149} INFO - [2023-05-23T00:09:10.813+0000] {dag.py:2726} INFO - Sync 1 DAGs
[2023-05-23T00:09:10.835+0000] {logging_mixin.py:149} INFO - [2023-05-23T00:09:10.835+0000] {dag.py:3490} INFO - Setting next_dagrun for tutorial_dag to None, run_after=None
[2023-05-23T00:09:10.852+0000] {processor.py:179} INFO - Processing /home/airflow/.local/lib/python3.7/site-packages/airflow/example_dags/tutorial_dag.py took 0.065 seconds
[2023-05-23T00:09:41.165+0000] {processor.py:157} INFO - Started process (PID=8488) to work on /home/airflow/.local/lib/python3.7/site-packages/airflow/example_dags/tutorial_dag.py
[2023-05-23T00:09:41.166+0000] {processor.py:826} INFO - Processing file /home/airflow/.local/lib/python3.7/site-packages/airflow/example_dags/tutorial_dag.py for tasks to queue
[2023-05-23T00:09:41.167+0000] {logging_mixin.py:149} INFO - [2023-05-23T00:09:41.166+0000] {dagbag.py:541} INFO - Filling up the DagBag from /home/airflow/.local/lib/python3.7/site-packages/airflow/example_dags/tutorial_dag.py
[2023-05-23T00:09:41.170+0000] {processor.py:836} INFO - DAG(s) dict_keys(['tutorial_dag']) retrieved from /home/airflow/.local/lib/python3.7/site-packages/airflow/example_dags/tutorial_dag.py
[2023-05-23T00:09:41.190+0000] {logging_mixin.py:149} INFO - [2023-05-23T00:09:41.190+0000] {dag.py:2726} INFO - Sync 1 DAGs
[2023-05-23T00:09:41.215+0000] {logging_mixin.py:149} INFO - [2023-05-23T00:09:41.215+0000] {dag.py:3490} INFO - Setting next_dagrun for tutorial_dag to None, run_after=None
[2023-05-23T00:09:41.239+0000] {processor.py:179} INFO - Processing /home/airflow/.local/lib/python3.7/site-packages/airflow/example_dags/tutorial_dag.py took 0.076 seconds
[2023-05-23T00:10:11.861+0000] {processor.py:157} INFO - Started process (PID=8557) to work on /home/airflow/.local/lib/python3.7/site-packages/airflow/example_dags/tutorial_dag.py
[2023-05-23T00:10:11.862+0000] {processor.py:826} INFO - Processing file /home/airflow/.local/lib/python3.7/site-packages/airflow/example_dags/tutorial_dag.py for tasks to queue
[2023-05-23T00:10:11.863+0000] {logging_mixin.py:149} INFO - [2023-05-23T00:10:11.863+0000] {dagbag.py:541} INFO - Filling up the DagBag from /home/airflow/.local/lib/python3.7/site-packages/airflow/example_dags/tutorial_dag.py
[2023-05-23T00:10:11.866+0000] {processor.py:836} INFO - DAG(s) dict_keys(['tutorial_dag']) retrieved from /home/airflow/.local/lib/python3.7/site-packages/airflow/example_dags/tutorial_dag.py
[2023-05-23T00:10:11.888+0000] {logging_mixin.py:149} INFO - [2023-05-23T00:10:11.888+0000] {dag.py:2726} INFO - Sync 1 DAGs
[2023-05-23T00:10:11.911+0000] {logging_mixin.py:149} INFO - [2023-05-23T00:10:11.911+0000] {dag.py:3490} INFO - Setting next_dagrun for tutorial_dag to None, run_after=None
[2023-05-23T00:10:11.932+0000] {processor.py:179} INFO - Processing /home/airflow/.local/lib/python3.7/site-packages/airflow/example_dags/tutorial_dag.py took 0.073 seconds
[2023-05-23T00:10:42.552+0000] {processor.py:157} INFO - Started process (PID=8626) to work on /home/airflow/.local/lib/python3.7/site-packages/airflow/example_dags/tutorial_dag.py
[2023-05-23T00:10:42.553+0000] {processor.py:826} INFO - Processing file /home/airflow/.local/lib/python3.7/site-packages/airflow/example_dags/tutorial_dag.py for tasks to queue
[2023-05-23T00:10:42.554+0000] {logging_mixin.py:149} INFO - [2023-05-23T00:10:42.554+0000] {dagbag.py:541} INFO - Filling up the DagBag from /home/airflow/.local/lib/python3.7/site-packages/airflow/example_dags/tutorial_dag.py
[2023-05-23T00:10:42.558+0000] {processor.py:836} INFO - DAG(s) dict_keys(['tutorial_dag']) retrieved from /home/airflow/.local/lib/python3.7/site-packages/airflow/example_dags/tutorial_dag.py
[2023-05-23T00:10:42.579+0000] {logging_mixin.py:149} INFO - [2023-05-23T00:10:42.579+0000] {dag.py:2726} INFO - Sync 1 DAGs
[2023-05-23T00:10:42.603+0000] {logging_mixin.py:149} INFO - [2023-05-23T00:10:42.603+0000] {dag.py:3490} INFO - Setting next_dagrun for tutorial_dag to None, run_after=None
[2023-05-23T00:10:42.624+0000] {processor.py:179} INFO - Processing /home/airflow/.local/lib/python3.7/site-packages/airflow/example_dags/tutorial_dag.py took 0.074 seconds
[2023-05-23T00:11:13.494+0000] {processor.py:157} INFO - Started process (PID=8696) to work on /home/airflow/.local/lib/python3.7/site-packages/airflow/example_dags/tutorial_dag.py
[2023-05-23T00:11:13.494+0000] {processor.py:826} INFO - Processing file /home/airflow/.local/lib/python3.7/site-packages/airflow/example_dags/tutorial_dag.py for tasks to queue
[2023-05-23T00:11:13.495+0000] {logging_mixin.py:149} INFO - [2023-05-23T00:11:13.495+0000] {dagbag.py:541} INFO - Filling up the DagBag from /home/airflow/.local/lib/python3.7/site-packages/airflow/example_dags/tutorial_dag.py
[2023-05-23T00:11:13.498+0000] {processor.py:836} INFO - DAG(s) dict_keys(['tutorial_dag']) retrieved from /home/airflow/.local/lib/python3.7/site-packages/airflow/example_dags/tutorial_dag.py
[2023-05-23T00:11:13.518+0000] {logging_mixin.py:149} INFO - [2023-05-23T00:11:13.518+0000] {dag.py:2726} INFO - Sync 1 DAGs
[2023-05-23T00:11:13.539+0000] {logging_mixin.py:149} INFO - [2023-05-23T00:11:13.539+0000] {dag.py:3490} INFO - Setting next_dagrun for tutorial_dag to None, run_after=None
[2023-05-23T00:11:13.557+0000] {processor.py:179} INFO - Processing /home/airflow/.local/lib/python3.7/site-packages/airflow/example_dags/tutorial_dag.py took 0.065 seconds
[2023-05-23T00:11:44.124+0000] {processor.py:157} INFO - Started process (PID=8765) to work on /home/airflow/.local/lib/python3.7/site-packages/airflow/example_dags/tutorial_dag.py
[2023-05-23T00:11:44.125+0000] {processor.py:826} INFO - Processing file /home/airflow/.local/lib/python3.7/site-packages/airflow/example_dags/tutorial_dag.py for tasks to queue
[2023-05-23T00:11:44.125+0000] {logging_mixin.py:149} INFO - [2023-05-23T00:11:44.125+0000] {dagbag.py:541} INFO - Filling up the DagBag from /home/airflow/.local/lib/python3.7/site-packages/airflow/example_dags/tutorial_dag.py
[2023-05-23T00:11:44.128+0000] {processor.py:836} INFO - DAG(s) dict_keys(['tutorial_dag']) retrieved from /home/airflow/.local/lib/python3.7/site-packages/airflow/example_dags/tutorial_dag.py
[2023-05-23T00:11:44.149+0000] {logging_mixin.py:149} INFO - [2023-05-23T00:11:44.148+0000] {dag.py:2726} INFO - Sync 1 DAGs
[2023-05-23T00:11:44.171+0000] {logging_mixin.py:149} INFO - [2023-05-23T00:11:44.170+0000] {dag.py:3490} INFO - Setting next_dagrun for tutorial_dag to None, run_after=None
[2023-05-23T00:11:44.188+0000] {processor.py:179} INFO - Processing /home/airflow/.local/lib/python3.7/site-packages/airflow/example_dags/tutorial_dag.py took 0.067 seconds
[2023-05-23T00:12:14.837+0000] {processor.py:157} INFO - Started process (PID=8835) to work on /home/airflow/.local/lib/python3.7/site-packages/airflow/example_dags/tutorial_dag.py
[2023-05-23T00:12:14.838+0000] {processor.py:826} INFO - Processing file /home/airflow/.local/lib/python3.7/site-packages/airflow/example_dags/tutorial_dag.py for tasks to queue
[2023-05-23T00:12:14.838+0000] {logging_mixin.py:149} INFO - [2023-05-23T00:12:14.838+0000] {dagbag.py:541} INFO - Filling up the DagBag from /home/airflow/.local/lib/python3.7/site-packages/airflow/example_dags/tutorial_dag.py
[2023-05-23T00:12:14.842+0000] {processor.py:836} INFO - DAG(s) dict_keys(['tutorial_dag']) retrieved from /home/airflow/.local/lib/python3.7/site-packages/airflow/example_dags/tutorial_dag.py
[2023-05-23T00:12:14.862+0000] {logging_mixin.py:149} INFO - [2023-05-23T00:12:14.862+0000] {dag.py:2726} INFO - Sync 1 DAGs
[2023-05-23T00:12:14.885+0000] {logging_mixin.py:149} INFO - [2023-05-23T00:12:14.885+0000] {dag.py:3490} INFO - Setting next_dagrun for tutorial_dag to None, run_after=None
[2023-05-23T00:12:14.907+0000] {processor.py:179} INFO - Processing /home/airflow/.local/lib/python3.7/site-packages/airflow/example_dags/tutorial_dag.py took 0.072 seconds
[2023-05-23T00:12:45.551+0000] {processor.py:157} INFO - Started process (PID=8904) to work on /home/airflow/.local/lib/python3.7/site-packages/airflow/example_dags/tutorial_dag.py
[2023-05-23T00:12:45.552+0000] {processor.py:826} INFO - Processing file /home/airflow/.local/lib/python3.7/site-packages/airflow/example_dags/tutorial_dag.py for tasks to queue
[2023-05-23T00:12:45.553+0000] {logging_mixin.py:149} INFO - [2023-05-23T00:12:45.552+0000] {dagbag.py:541} INFO - Filling up the DagBag from /home/airflow/.local/lib/python3.7/site-packages/airflow/example_dags/tutorial_dag.py
[2023-05-23T00:12:45.556+0000] {processor.py:836} INFO - DAG(s) dict_keys(['tutorial_dag']) retrieved from /home/airflow/.local/lib/python3.7/site-packages/airflow/example_dags/tutorial_dag.py
[2023-05-23T00:12:45.577+0000] {logging_mixin.py:149} INFO - [2023-05-23T00:12:45.577+0000] {dag.py:2726} INFO - Sync 1 DAGs
[2023-05-23T00:12:45.600+0000] {logging_mixin.py:149} INFO - [2023-05-23T00:12:45.600+0000] {dag.py:3490} INFO - Setting next_dagrun for tutorial_dag to None, run_after=None
[2023-05-23T00:12:45.621+0000] {processor.py:179} INFO - Processing /home/airflow/.local/lib/python3.7/site-packages/airflow/example_dags/tutorial_dag.py took 0.072 seconds
[2023-05-23T00:13:15.732+0000] {processor.py:157} INFO - Started process (PID=8974) to work on /home/airflow/.local/lib/python3.7/site-packages/airflow/example_dags/tutorial_dag.py
[2023-05-23T00:13:15.733+0000] {processor.py:826} INFO - Processing file /home/airflow/.local/lib/python3.7/site-packages/airflow/example_dags/tutorial_dag.py for tasks to queue
[2023-05-23T00:13:15.734+0000] {logging_mixin.py:149} INFO - [2023-05-23T00:13:15.733+0000] {dagbag.py:541} INFO - Filling up the DagBag from /home/airflow/.local/lib/python3.7/site-packages/airflow/example_dags/tutorial_dag.py
[2023-05-23T00:13:15.737+0000] {processor.py:836} INFO - DAG(s) dict_keys(['tutorial_dag']) retrieved from /home/airflow/.local/lib/python3.7/site-packages/airflow/example_dags/tutorial_dag.py
[2023-05-23T00:13:15.756+0000] {logging_mixin.py:149} INFO - [2023-05-23T00:13:15.756+0000] {dag.py:2726} INFO - Sync 1 DAGs
[2023-05-23T00:13:15.778+0000] {logging_mixin.py:149} INFO - [2023-05-23T00:13:15.778+0000] {dag.py:3490} INFO - Setting next_dagrun for tutorial_dag to None, run_after=None
[2023-05-23T00:13:15.797+0000] {processor.py:179} INFO - Processing /home/airflow/.local/lib/python3.7/site-packages/airflow/example_dags/tutorial_dag.py took 0.067 seconds
[2023-05-23T00:13:46.505+0000] {processor.py:157} INFO - Started process (PID=9043) to work on /home/airflow/.local/lib/python3.7/site-packages/airflow/example_dags/tutorial_dag.py
[2023-05-23T00:13:46.505+0000] {processor.py:826} INFO - Processing file /home/airflow/.local/lib/python3.7/site-packages/airflow/example_dags/tutorial_dag.py for tasks to queue
[2023-05-23T00:13:46.506+0000] {logging_mixin.py:149} INFO - [2023-05-23T00:13:46.506+0000] {dagbag.py:541} INFO - Filling up the DagBag from /home/airflow/.local/lib/python3.7/site-packages/airflow/example_dags/tutorial_dag.py
[2023-05-23T00:13:46.509+0000] {processor.py:836} INFO - DAG(s) dict_keys(['tutorial_dag']) retrieved from /home/airflow/.local/lib/python3.7/site-packages/airflow/example_dags/tutorial_dag.py
[2023-05-23T00:13:46.528+0000] {logging_mixin.py:149} INFO - [2023-05-23T00:13:46.528+0000] {dag.py:2726} INFO - Sync 1 DAGs
[2023-05-23T00:13:46.550+0000] {logging_mixin.py:149} INFO - [2023-05-23T00:13:46.550+0000] {dag.py:3490} INFO - Setting next_dagrun for tutorial_dag to None, run_after=None
[2023-05-23T00:13:46.568+0000] {processor.py:179} INFO - Processing /home/airflow/.local/lib/python3.7/site-packages/airflow/example_dags/tutorial_dag.py took 0.066 seconds
[2023-05-23T00:14:16.874+0000] {processor.py:157} INFO - Started process (PID=9112) to work on /home/airflow/.local/lib/python3.7/site-packages/airflow/example_dags/tutorial_dag.py
[2023-05-23T00:14:16.875+0000] {processor.py:826} INFO - Processing file /home/airflow/.local/lib/python3.7/site-packages/airflow/example_dags/tutorial_dag.py for tasks to queue
[2023-05-23T00:14:16.875+0000] {logging_mixin.py:149} INFO - [2023-05-23T00:14:16.875+0000] {dagbag.py:541} INFO - Filling up the DagBag from /home/airflow/.local/lib/python3.7/site-packages/airflow/example_dags/tutorial_dag.py
[2023-05-23T00:14:16.879+0000] {processor.py:836} INFO - DAG(s) dict_keys(['tutorial_dag']) retrieved from /home/airflow/.local/lib/python3.7/site-packages/airflow/example_dags/tutorial_dag.py
[2023-05-23T00:14:16.899+0000] {logging_mixin.py:149} INFO - [2023-05-23T00:14:16.899+0000] {dag.py:2726} INFO - Sync 1 DAGs
[2023-05-23T00:14:16.922+0000] {logging_mixin.py:149} INFO - [2023-05-23T00:14:16.921+0000] {dag.py:3490} INFO - Setting next_dagrun for tutorial_dag to None, run_after=None
[2023-05-23T00:14:16.944+0000] {processor.py:179} INFO - Processing /home/airflow/.local/lib/python3.7/site-packages/airflow/example_dags/tutorial_dag.py took 0.073 seconds
[2023-05-23T00:14:46.977+0000] {processor.py:157} INFO - Started process (PID=9181) to work on /home/airflow/.local/lib/python3.7/site-packages/airflow/example_dags/tutorial_dag.py
[2023-05-23T00:14:46.978+0000] {processor.py:826} INFO - Processing file /home/airflow/.local/lib/python3.7/site-packages/airflow/example_dags/tutorial_dag.py for tasks to queue
[2023-05-23T00:14:46.979+0000] {logging_mixin.py:149} INFO - [2023-05-23T00:14:46.978+0000] {dagbag.py:541} INFO - Filling up the DagBag from /home/airflow/.local/lib/python3.7/site-packages/airflow/example_dags/tutorial_dag.py
[2023-05-23T00:14:46.982+0000] {processor.py:836} INFO - DAG(s) dict_keys(['tutorial_dag']) retrieved from /home/airflow/.local/lib/python3.7/site-packages/airflow/example_dags/tutorial_dag.py
[2023-05-23T00:14:47.002+0000] {logging_mixin.py:149} INFO - [2023-05-23T00:14:47.001+0000] {dag.py:2726} INFO - Sync 1 DAGs
[2023-05-23T00:14:47.023+0000] {logging_mixin.py:149} INFO - [2023-05-23T00:14:47.023+0000] {dag.py:3490} INFO - Setting next_dagrun for tutorial_dag to None, run_after=None
[2023-05-23T00:14:47.042+0000] {processor.py:179} INFO - Processing /home/airflow/.local/lib/python3.7/site-packages/airflow/example_dags/tutorial_dag.py took 0.066 seconds
[2023-05-23T00:15:17.520+0000] {processor.py:157} INFO - Started process (PID=9250) to work on /home/airflow/.local/lib/python3.7/site-packages/airflow/example_dags/tutorial_dag.py
[2023-05-23T00:15:17.521+0000] {processor.py:826} INFO - Processing file /home/airflow/.local/lib/python3.7/site-packages/airflow/example_dags/tutorial_dag.py for tasks to queue
[2023-05-23T00:15:17.522+0000] {logging_mixin.py:149} INFO - [2023-05-23T00:15:17.521+0000] {dagbag.py:541} INFO - Filling up the DagBag from /home/airflow/.local/lib/python3.7/site-packages/airflow/example_dags/tutorial_dag.py
[2023-05-23T00:15:17.525+0000] {processor.py:836} INFO - DAG(s) dict_keys(['tutorial_dag']) retrieved from /home/airflow/.local/lib/python3.7/site-packages/airflow/example_dags/tutorial_dag.py
[2023-05-23T00:15:17.546+0000] {logging_mixin.py:149} INFO - [2023-05-23T00:15:17.545+0000] {dag.py:2726} INFO - Sync 1 DAGs
[2023-05-23T00:15:17.568+0000] {logging_mixin.py:149} INFO - [2023-05-23T00:15:17.567+0000] {dag.py:3490} INFO - Setting next_dagrun for tutorial_dag to None, run_after=None
[2023-05-23T00:15:17.589+0000] {processor.py:179} INFO - Processing /home/airflow/.local/lib/python3.7/site-packages/airflow/example_dags/tutorial_dag.py took 0.071 seconds
[2023-05-23T00:15:47.843+0000] {processor.py:157} INFO - Started process (PID=9320) to work on /home/airflow/.local/lib/python3.7/site-packages/airflow/example_dags/tutorial_dag.py
[2023-05-23T00:15:47.844+0000] {processor.py:826} INFO - Processing file /home/airflow/.local/lib/python3.7/site-packages/airflow/example_dags/tutorial_dag.py for tasks to queue
[2023-05-23T00:15:47.845+0000] {logging_mixin.py:149} INFO - [2023-05-23T00:15:47.844+0000] {dagbag.py:541} INFO - Filling up the DagBag from /home/airflow/.local/lib/python3.7/site-packages/airflow/example_dags/tutorial_dag.py
[2023-05-23T00:15:47.848+0000] {processor.py:836} INFO - DAG(s) dict_keys(['tutorial_dag']) retrieved from /home/airflow/.local/lib/python3.7/site-packages/airflow/example_dags/tutorial_dag.py
[2023-05-23T00:15:47.867+0000] {logging_mixin.py:149} INFO - [2023-05-23T00:15:47.867+0000] {dag.py:2726} INFO - Sync 1 DAGs
[2023-05-23T00:15:47.891+0000] {logging_mixin.py:149} INFO - [2023-05-23T00:15:47.891+0000] {dag.py:3490} INFO - Setting next_dagrun for tutorial_dag to None, run_after=None
[2023-05-23T00:15:47.915+0000] {processor.py:179} INFO - Processing /home/airflow/.local/lib/python3.7/site-packages/airflow/example_dags/tutorial_dag.py took 0.074 seconds
[2023-05-23T00:16:18.223+0000] {processor.py:157} INFO - Started process (PID=9389) to work on /home/airflow/.local/lib/python3.7/site-packages/airflow/example_dags/tutorial_dag.py
[2023-05-23T00:16:18.224+0000] {processor.py:826} INFO - Processing file /home/airflow/.local/lib/python3.7/site-packages/airflow/example_dags/tutorial_dag.py for tasks to queue
[2023-05-23T00:16:18.224+0000] {logging_mixin.py:149} INFO - [2023-05-23T00:16:18.224+0000] {dagbag.py:541} INFO - Filling up the DagBag from /home/airflow/.local/lib/python3.7/site-packages/airflow/example_dags/tutorial_dag.py
[2023-05-23T00:16:18.228+0000] {processor.py:836} INFO - DAG(s) dict_keys(['tutorial_dag']) retrieved from /home/airflow/.local/lib/python3.7/site-packages/airflow/example_dags/tutorial_dag.py
[2023-05-23T00:16:18.247+0000] {logging_mixin.py:149} INFO - [2023-05-23T00:16:18.247+0000] {dag.py:2726} INFO - Sync 1 DAGs
[2023-05-23T00:16:18.269+0000] {logging_mixin.py:149} INFO - [2023-05-23T00:16:18.269+0000] {dag.py:3490} INFO - Setting next_dagrun for tutorial_dag to None, run_after=None
[2023-05-23T00:16:18.287+0000] {processor.py:179} INFO - Processing /home/airflow/.local/lib/python3.7/site-packages/airflow/example_dags/tutorial_dag.py took 0.067 seconds
[2023-05-23T00:16:48.736+0000] {processor.py:157} INFO - Started process (PID=9458) to work on /home/airflow/.local/lib/python3.7/site-packages/airflow/example_dags/tutorial_dag.py
[2023-05-23T00:16:48.737+0000] {processor.py:826} INFO - Processing file /home/airflow/.local/lib/python3.7/site-packages/airflow/example_dags/tutorial_dag.py for tasks to queue
[2023-05-23T00:16:48.738+0000] {logging_mixin.py:149} INFO - [2023-05-23T00:16:48.737+0000] {dagbag.py:541} INFO - Filling up the DagBag from /home/airflow/.local/lib/python3.7/site-packages/airflow/example_dags/tutorial_dag.py
[2023-05-23T00:16:48.741+0000] {processor.py:836} INFO - DAG(s) dict_keys(['tutorial_dag']) retrieved from /home/airflow/.local/lib/python3.7/site-packages/airflow/example_dags/tutorial_dag.py
[2023-05-23T00:16:48.760+0000] {logging_mixin.py:149} INFO - [2023-05-23T00:16:48.760+0000] {dag.py:2726} INFO - Sync 1 DAGs
[2023-05-23T00:16:48.784+0000] {logging_mixin.py:149} INFO - [2023-05-23T00:16:48.784+0000] {dag.py:3490} INFO - Setting next_dagrun for tutorial_dag to None, run_after=None
[2023-05-23T00:16:48.803+0000] {processor.py:179} INFO - Processing /home/airflow/.local/lib/python3.7/site-packages/airflow/example_dags/tutorial_dag.py took 0.069 seconds
[2023-05-23T00:17:19.323+0000] {processor.py:157} INFO - Started process (PID=9528) to work on /home/airflow/.local/lib/python3.7/site-packages/airflow/example_dags/tutorial_dag.py
[2023-05-23T00:17:19.323+0000] {processor.py:826} INFO - Processing file /home/airflow/.local/lib/python3.7/site-packages/airflow/example_dags/tutorial_dag.py for tasks to queue
[2023-05-23T00:17:19.324+0000] {logging_mixin.py:149} INFO - [2023-05-23T00:17:19.324+0000] {dagbag.py:541} INFO - Filling up the DagBag from /home/airflow/.local/lib/python3.7/site-packages/airflow/example_dags/tutorial_dag.py
[2023-05-23T00:17:19.328+0000] {processor.py:836} INFO - DAG(s) dict_keys(['tutorial_dag']) retrieved from /home/airflow/.local/lib/python3.7/site-packages/airflow/example_dags/tutorial_dag.py
[2023-05-23T00:17:19.348+0000] {logging_mixin.py:149} INFO - [2023-05-23T00:17:19.348+0000] {dag.py:2726} INFO - Sync 1 DAGs
[2023-05-23T00:17:19.372+0000] {logging_mixin.py:149} INFO - [2023-05-23T00:17:19.372+0000] {dag.py:3490} INFO - Setting next_dagrun for tutorial_dag to None, run_after=None
[2023-05-23T00:17:19.438+0000] {processor.py:179} INFO - Processing /home/airflow/.local/lib/python3.7/site-packages/airflow/example_dags/tutorial_dag.py took 0.118 seconds
[2023-05-23T00:17:49.589+0000] {processor.py:157} INFO - Started process (PID=9597) to work on /home/airflow/.local/lib/python3.7/site-packages/airflow/example_dags/tutorial_dag.py
[2023-05-23T00:17:49.590+0000] {processor.py:826} INFO - Processing file /home/airflow/.local/lib/python3.7/site-packages/airflow/example_dags/tutorial_dag.py for tasks to queue
[2023-05-23T00:17:49.590+0000] {logging_mixin.py:149} INFO - [2023-05-23T00:17:49.590+0000] {dagbag.py:541} INFO - Filling up the DagBag from /home/airflow/.local/lib/python3.7/site-packages/airflow/example_dags/tutorial_dag.py
[2023-05-23T00:17:49.594+0000] {processor.py:836} INFO - DAG(s) dict_keys(['tutorial_dag']) retrieved from /home/airflow/.local/lib/python3.7/site-packages/airflow/example_dags/tutorial_dag.py
[2023-05-23T00:17:49.615+0000] {logging_mixin.py:149} INFO - [2023-05-23T00:17:49.615+0000] {dag.py:2726} INFO - Sync 1 DAGs
[2023-05-23T00:17:49.641+0000] {logging_mixin.py:149} INFO - [2023-05-23T00:17:49.641+0000] {dag.py:3490} INFO - Setting next_dagrun for tutorial_dag to None, run_after=None
[2023-05-23T00:17:49.674+0000] {processor.py:179} INFO - Processing /home/airflow/.local/lib/python3.7/site-packages/airflow/example_dags/tutorial_dag.py took 0.087 seconds
[2023-05-23T00:18:19.999+0000] {processor.py:157} INFO - Started process (PID=9666) to work on /home/airflow/.local/lib/python3.7/site-packages/airflow/example_dags/tutorial_dag.py
[2023-05-23T00:18:20.000+0000] {processor.py:826} INFO - Processing file /home/airflow/.local/lib/python3.7/site-packages/airflow/example_dags/tutorial_dag.py for tasks to queue
[2023-05-23T00:18:20.000+0000] {logging_mixin.py:149} INFO - [2023-05-23T00:18:20.000+0000] {dagbag.py:541} INFO - Filling up the DagBag from /home/airflow/.local/lib/python3.7/site-packages/airflow/example_dags/tutorial_dag.py
[2023-05-23T00:18:20.004+0000] {processor.py:836} INFO - DAG(s) dict_keys(['tutorial_dag']) retrieved from /home/airflow/.local/lib/python3.7/site-packages/airflow/example_dags/tutorial_dag.py
[2023-05-23T00:18:20.023+0000] {logging_mixin.py:149} INFO - [2023-05-23T00:18:20.023+0000] {dag.py:2726} INFO - Sync 1 DAGs
[2023-05-23T00:18:20.045+0000] {logging_mixin.py:149} INFO - [2023-05-23T00:18:20.045+0000] {dag.py:3490} INFO - Setting next_dagrun for tutorial_dag to None, run_after=None
[2023-05-23T00:18:20.065+0000] {processor.py:179} INFO - Processing /home/airflow/.local/lib/python3.7/site-packages/airflow/example_dags/tutorial_dag.py took 0.068 seconds
[2023-05-23T00:18:50.226+0000] {processor.py:157} INFO - Started process (PID=9741) to work on /home/airflow/.local/lib/python3.7/site-packages/airflow/example_dags/tutorial_dag.py
[2023-05-23T00:18:50.227+0000] {processor.py:826} INFO - Processing file /home/airflow/.local/lib/python3.7/site-packages/airflow/example_dags/tutorial_dag.py for tasks to queue
[2023-05-23T00:18:50.228+0000] {logging_mixin.py:149} INFO - [2023-05-23T00:18:50.228+0000] {dagbag.py:541} INFO - Filling up the DagBag from /home/airflow/.local/lib/python3.7/site-packages/airflow/example_dags/tutorial_dag.py
[2023-05-23T00:18:50.231+0000] {processor.py:836} INFO - DAG(s) dict_keys(['tutorial_dag']) retrieved from /home/airflow/.local/lib/python3.7/site-packages/airflow/example_dags/tutorial_dag.py
[2023-05-23T00:18:50.251+0000] {logging_mixin.py:149} INFO - [2023-05-23T00:18:50.251+0000] {dag.py:2726} INFO - Sync 1 DAGs
[2023-05-23T00:18:50.275+0000] {logging_mixin.py:149} INFO - [2023-05-23T00:18:50.275+0000] {dag.py:3490} INFO - Setting next_dagrun for tutorial_dag to None, run_after=None
[2023-05-23T00:18:50.296+0000] {processor.py:179} INFO - Processing /home/airflow/.local/lib/python3.7/site-packages/airflow/example_dags/tutorial_dag.py took 0.071 seconds
[2023-05-23T00:19:20.447+0000] {processor.py:157} INFO - Started process (PID=9811) to work on /home/airflow/.local/lib/python3.7/site-packages/airflow/example_dags/tutorial_dag.py
[2023-05-23T00:19:20.448+0000] {processor.py:826} INFO - Processing file /home/airflow/.local/lib/python3.7/site-packages/airflow/example_dags/tutorial_dag.py for tasks to queue
[2023-05-23T00:19:20.448+0000] {logging_mixin.py:149} INFO - [2023-05-23T00:19:20.448+0000] {dagbag.py:541} INFO - Filling up the DagBag from /home/airflow/.local/lib/python3.7/site-packages/airflow/example_dags/tutorial_dag.py
[2023-05-23T00:19:20.452+0000] {processor.py:836} INFO - DAG(s) dict_keys(['tutorial_dag']) retrieved from /home/airflow/.local/lib/python3.7/site-packages/airflow/example_dags/tutorial_dag.py
[2023-05-23T00:19:20.473+0000] {logging_mixin.py:149} INFO - [2023-05-23T00:19:20.473+0000] {dag.py:2726} INFO - Sync 1 DAGs
[2023-05-23T00:19:20.498+0000] {logging_mixin.py:149} INFO - [2023-05-23T00:19:20.498+0000] {dag.py:3490} INFO - Setting next_dagrun for tutorial_dag to None, run_after=None
[2023-05-23T00:19:20.550+0000] {processor.py:179} INFO - Processing /home/airflow/.local/lib/python3.7/site-packages/airflow/example_dags/tutorial_dag.py took 0.105 seconds
[2023-05-23T00:19:51.444+0000] {processor.py:157} INFO - Started process (PID=9880) to work on /home/airflow/.local/lib/python3.7/site-packages/airflow/example_dags/tutorial_dag.py
[2023-05-23T00:19:51.445+0000] {processor.py:826} INFO - Processing file /home/airflow/.local/lib/python3.7/site-packages/airflow/example_dags/tutorial_dag.py for tasks to queue
[2023-05-23T00:19:51.446+0000] {logging_mixin.py:149} INFO - [2023-05-23T00:19:51.446+0000] {dagbag.py:541} INFO - Filling up the DagBag from /home/airflow/.local/lib/python3.7/site-packages/airflow/example_dags/tutorial_dag.py
[2023-05-23T00:19:51.449+0000] {processor.py:836} INFO - DAG(s) dict_keys(['tutorial_dag']) retrieved from /home/airflow/.local/lib/python3.7/site-packages/airflow/example_dags/tutorial_dag.py
[2023-05-23T00:19:51.468+0000] {logging_mixin.py:149} INFO - [2023-05-23T00:19:51.468+0000] {dag.py:2726} INFO - Sync 1 DAGs
[2023-05-23T00:19:51.490+0000] {logging_mixin.py:149} INFO - [2023-05-23T00:19:51.489+0000] {dag.py:3490} INFO - Setting next_dagrun for tutorial_dag to None, run_after=None
[2023-05-23T00:19:51.548+0000] {processor.py:179} INFO - Processing /home/airflow/.local/lib/python3.7/site-packages/airflow/example_dags/tutorial_dag.py took 0.106 seconds
[2023-05-23T00:20:21.673+0000] {processor.py:157} INFO - Started process (PID=9950) to work on /home/airflow/.local/lib/python3.7/site-packages/airflow/example_dags/tutorial_dag.py
[2023-05-23T00:20:21.673+0000] {processor.py:826} INFO - Processing file /home/airflow/.local/lib/python3.7/site-packages/airflow/example_dags/tutorial_dag.py for tasks to queue
[2023-05-23T00:20:21.674+0000] {logging_mixin.py:149} INFO - [2023-05-23T00:20:21.674+0000] {dagbag.py:541} INFO - Filling up the DagBag from /home/airflow/.local/lib/python3.7/site-packages/airflow/example_dags/tutorial_dag.py
[2023-05-23T00:20:21.677+0000] {processor.py:836} INFO - DAG(s) dict_keys(['tutorial_dag']) retrieved from /home/airflow/.local/lib/python3.7/site-packages/airflow/example_dags/tutorial_dag.py
[2023-05-23T00:20:21.696+0000] {logging_mixin.py:149} INFO - [2023-05-23T00:20:21.696+0000] {dag.py:2726} INFO - Sync 1 DAGs
[2023-05-23T00:20:21.816+0000] {logging_mixin.py:149} INFO - [2023-05-23T00:20:21.816+0000] {dag.py:3490} INFO - Setting next_dagrun for tutorial_dag to None, run_after=None
[2023-05-23T00:20:21.834+0000] {processor.py:179} INFO - Processing /home/airflow/.local/lib/python3.7/site-packages/airflow/example_dags/tutorial_dag.py took 0.163 seconds
[2023-05-23T00:20:52.678+0000] {processor.py:157} INFO - Started process (PID=10020) to work on /home/airflow/.local/lib/python3.7/site-packages/airflow/example_dags/tutorial_dag.py
[2023-05-23T00:20:52.679+0000] {processor.py:826} INFO - Processing file /home/airflow/.local/lib/python3.7/site-packages/airflow/example_dags/tutorial_dag.py for tasks to queue
[2023-05-23T00:20:52.679+0000] {logging_mixin.py:149} INFO - [2023-05-23T00:20:52.679+0000] {dagbag.py:541} INFO - Filling up the DagBag from /home/airflow/.local/lib/python3.7/site-packages/airflow/example_dags/tutorial_dag.py
[2023-05-23T00:20:52.683+0000] {processor.py:836} INFO - DAG(s) dict_keys(['tutorial_dag']) retrieved from /home/airflow/.local/lib/python3.7/site-packages/airflow/example_dags/tutorial_dag.py
[2023-05-23T00:20:52.707+0000] {logging_mixin.py:149} INFO - [2023-05-23T00:20:52.707+0000] {dag.py:2726} INFO - Sync 1 DAGs
[2023-05-23T00:20:52.734+0000] {logging_mixin.py:149} INFO - [2023-05-23T00:20:52.733+0000] {dag.py:3490} INFO - Setting next_dagrun for tutorial_dag to None, run_after=None
[2023-05-23T00:20:52.755+0000] {processor.py:179} INFO - Processing /home/airflow/.local/lib/python3.7/site-packages/airflow/example_dags/tutorial_dag.py took 0.079 seconds
[2023-05-23T00:21:23.298+0000] {processor.py:157} INFO - Started process (PID=10089) to work on /home/airflow/.local/lib/python3.7/site-packages/airflow/example_dags/tutorial_dag.py
[2023-05-23T00:21:23.299+0000] {processor.py:826} INFO - Processing file /home/airflow/.local/lib/python3.7/site-packages/airflow/example_dags/tutorial_dag.py for tasks to queue
[2023-05-23T00:21:23.300+0000] {logging_mixin.py:149} INFO - [2023-05-23T00:21:23.300+0000] {dagbag.py:541} INFO - Filling up the DagBag from /home/airflow/.local/lib/python3.7/site-packages/airflow/example_dags/tutorial_dag.py
[2023-05-23T00:21:23.303+0000] {processor.py:836} INFO - DAG(s) dict_keys(['tutorial_dag']) retrieved from /home/airflow/.local/lib/python3.7/site-packages/airflow/example_dags/tutorial_dag.py
[2023-05-23T00:21:23.323+0000] {logging_mixin.py:149} INFO - [2023-05-23T00:21:23.323+0000] {dag.py:2726} INFO - Sync 1 DAGs
[2023-05-23T00:21:23.344+0000] {logging_mixin.py:149} INFO - [2023-05-23T00:21:23.344+0000] {dag.py:3490} INFO - Setting next_dagrun for tutorial_dag to None, run_after=None
[2023-05-23T00:21:23.364+0000] {processor.py:179} INFO - Processing /home/airflow/.local/lib/python3.7/site-packages/airflow/example_dags/tutorial_dag.py took 0.067 seconds
[2023-05-23T00:21:54.258+0000] {processor.py:157} INFO - Started process (PID=10158) to work on /home/airflow/.local/lib/python3.7/site-packages/airflow/example_dags/tutorial_dag.py
[2023-05-23T00:21:54.259+0000] {processor.py:826} INFO - Processing file /home/airflow/.local/lib/python3.7/site-packages/airflow/example_dags/tutorial_dag.py for tasks to queue
[2023-05-23T00:21:54.260+0000] {logging_mixin.py:149} INFO - [2023-05-23T00:21:54.260+0000] {dagbag.py:541} INFO - Filling up the DagBag from /home/airflow/.local/lib/python3.7/site-packages/airflow/example_dags/tutorial_dag.py
[2023-05-23T00:21:54.265+0000] {processor.py:836} INFO - DAG(s) dict_keys(['tutorial_dag']) retrieved from /home/airflow/.local/lib/python3.7/site-packages/airflow/example_dags/tutorial_dag.py
[2023-05-23T00:21:54.297+0000] {logging_mixin.py:149} INFO - [2023-05-23T00:21:54.297+0000] {dag.py:2726} INFO - Sync 1 DAGs
[2023-05-23T00:21:54.470+0000] {logging_mixin.py:149} INFO - [2023-05-23T00:21:54.470+0000] {dag.py:3490} INFO - Setting next_dagrun for tutorial_dag to None, run_after=None
[2023-05-23T00:21:54.513+0000] {processor.py:179} INFO - Processing /home/airflow/.local/lib/python3.7/site-packages/airflow/example_dags/tutorial_dag.py took 0.257 seconds
[2023-05-23T00:22:25.084+0000] {processor.py:157} INFO - Started process (PID=10227) to work on /home/airflow/.local/lib/python3.7/site-packages/airflow/example_dags/tutorial_dag.py
[2023-05-23T00:22:25.085+0000] {processor.py:826} INFO - Processing file /home/airflow/.local/lib/python3.7/site-packages/airflow/example_dags/tutorial_dag.py for tasks to queue
[2023-05-23T00:22:25.085+0000] {logging_mixin.py:149} INFO - [2023-05-23T00:22:25.085+0000] {dagbag.py:541} INFO - Filling up the DagBag from /home/airflow/.local/lib/python3.7/site-packages/airflow/example_dags/tutorial_dag.py
[2023-05-23T00:22:25.088+0000] {processor.py:836} INFO - DAG(s) dict_keys(['tutorial_dag']) retrieved from /home/airflow/.local/lib/python3.7/site-packages/airflow/example_dags/tutorial_dag.py
[2023-05-23T00:22:25.108+0000] {logging_mixin.py:149} INFO - [2023-05-23T00:22:25.108+0000] {dag.py:2726} INFO - Sync 1 DAGs
[2023-05-23T00:22:25.133+0000] {logging_mixin.py:149} INFO - [2023-05-23T00:22:25.133+0000] {dag.py:3490} INFO - Setting next_dagrun for tutorial_dag to None, run_after=None
[2023-05-23T00:22:25.154+0000] {processor.py:179} INFO - Processing /home/airflow/.local/lib/python3.7/site-packages/airflow/example_dags/tutorial_dag.py took 0.072 seconds
[2023-05-23T00:22:55.858+0000] {processor.py:157} INFO - Started process (PID=10303) to work on /home/airflow/.local/lib/python3.7/site-packages/airflow/example_dags/tutorial_dag.py
[2023-05-23T00:22:55.859+0000] {processor.py:826} INFO - Processing file /home/airflow/.local/lib/python3.7/site-packages/airflow/example_dags/tutorial_dag.py for tasks to queue
[2023-05-23T00:22:55.860+0000] {logging_mixin.py:149} INFO - [2023-05-23T00:22:55.860+0000] {dagbag.py:541} INFO - Filling up the DagBag from /home/airflow/.local/lib/python3.7/site-packages/airflow/example_dags/tutorial_dag.py
[2023-05-23T00:22:55.863+0000] {processor.py:836} INFO - DAG(s) dict_keys(['tutorial_dag']) retrieved from /home/airflow/.local/lib/python3.7/site-packages/airflow/example_dags/tutorial_dag.py
[2023-05-23T00:22:55.883+0000] {logging_mixin.py:149} INFO - [2023-05-23T00:22:55.883+0000] {dag.py:2726} INFO - Sync 1 DAGs
[2023-05-23T00:22:55.907+0000] {logging_mixin.py:149} INFO - [2023-05-23T00:22:55.907+0000] {dag.py:3490} INFO - Setting next_dagrun for tutorial_dag to None, run_after=None
[2023-05-23T00:22:55.928+0000] {processor.py:179} INFO - Processing /home/airflow/.local/lib/python3.7/site-packages/airflow/example_dags/tutorial_dag.py took 0.072 seconds
[2023-05-23T00:23:26.378+0000] {processor.py:157} INFO - Started process (PID=10372) to work on /home/airflow/.local/lib/python3.7/site-packages/airflow/example_dags/tutorial_dag.py
[2023-05-23T00:23:26.379+0000] {processor.py:826} INFO - Processing file /home/airflow/.local/lib/python3.7/site-packages/airflow/example_dags/tutorial_dag.py for tasks to queue
[2023-05-23T00:23:26.380+0000] {logging_mixin.py:149} INFO - [2023-05-23T00:23:26.380+0000] {dagbag.py:541} INFO - Filling up the DagBag from /home/airflow/.local/lib/python3.7/site-packages/airflow/example_dags/tutorial_dag.py
[2023-05-23T00:23:26.383+0000] {processor.py:836} INFO - DAG(s) dict_keys(['tutorial_dag']) retrieved from /home/airflow/.local/lib/python3.7/site-packages/airflow/example_dags/tutorial_dag.py
[2023-05-23T00:23:26.403+0000] {logging_mixin.py:149} INFO - [2023-05-23T00:23:26.403+0000] {dag.py:2726} INFO - Sync 1 DAGs
[2023-05-23T00:23:26.522+0000] {logging_mixin.py:149} INFO - [2023-05-23T00:23:26.522+0000] {dag.py:3490} INFO - Setting next_dagrun for tutorial_dag to None, run_after=None
[2023-05-23T00:23:26.540+0000] {processor.py:179} INFO - Processing /home/airflow/.local/lib/python3.7/site-packages/airflow/example_dags/tutorial_dag.py took 0.164 seconds
[2023-05-23T00:23:56.694+0000] {processor.py:157} INFO - Started process (PID=10443) to work on /home/airflow/.local/lib/python3.7/site-packages/airflow/example_dags/tutorial_dag.py
[2023-05-23T00:23:56.695+0000] {processor.py:826} INFO - Processing file /home/airflow/.local/lib/python3.7/site-packages/airflow/example_dags/tutorial_dag.py for tasks to queue
[2023-05-23T00:23:56.696+0000] {logging_mixin.py:149} INFO - [2023-05-23T00:23:56.696+0000] {dagbag.py:541} INFO - Filling up the DagBag from /home/airflow/.local/lib/python3.7/site-packages/airflow/example_dags/tutorial_dag.py
[2023-05-23T00:23:56.699+0000] {processor.py:836} INFO - DAG(s) dict_keys(['tutorial_dag']) retrieved from /home/airflow/.local/lib/python3.7/site-packages/airflow/example_dags/tutorial_dag.py
[2023-05-23T00:23:56.720+0000] {logging_mixin.py:149} INFO - [2023-05-23T00:23:56.720+0000] {dag.py:2726} INFO - Sync 1 DAGs
[2023-05-23T00:23:56.742+0000] {logging_mixin.py:149} INFO - [2023-05-23T00:23:56.742+0000] {dag.py:3490} INFO - Setting next_dagrun for tutorial_dag to None, run_after=None
[2023-05-23T00:23:57.137+0000] {processor.py:179} INFO - Processing /home/airflow/.local/lib/python3.7/site-packages/airflow/example_dags/tutorial_dag.py took 0.445 seconds
[2023-05-23T00:24:27.889+0000] {processor.py:157} INFO - Started process (PID=10512) to work on /home/airflow/.local/lib/python3.7/site-packages/airflow/example_dags/tutorial_dag.py
[2023-05-23T00:24:27.889+0000] {processor.py:826} INFO - Processing file /home/airflow/.local/lib/python3.7/site-packages/airflow/example_dags/tutorial_dag.py for tasks to queue
[2023-05-23T00:24:27.890+0000] {logging_mixin.py:149} INFO - [2023-05-23T00:24:27.890+0000] {dagbag.py:541} INFO - Filling up the DagBag from /home/airflow/.local/lib/python3.7/site-packages/airflow/example_dags/tutorial_dag.py
[2023-05-23T00:24:27.893+0000] {processor.py:836} INFO - DAG(s) dict_keys(['tutorial_dag']) retrieved from /home/airflow/.local/lib/python3.7/site-packages/airflow/example_dags/tutorial_dag.py
[2023-05-23T00:24:27.915+0000] {logging_mixin.py:149} INFO - [2023-05-23T00:24:27.914+0000] {dag.py:2726} INFO - Sync 1 DAGs
[2023-05-23T00:24:27.937+0000] {logging_mixin.py:149} INFO - [2023-05-23T00:24:27.937+0000] {dag.py:3490} INFO - Setting next_dagrun for tutorial_dag to None, run_after=None
[2023-05-23T00:24:27.954+0000] {processor.py:179} INFO - Processing /home/airflow/.local/lib/python3.7/site-packages/airflow/example_dags/tutorial_dag.py took 0.068 seconds
[2023-05-23T00:24:58.536+0000] {processor.py:157} INFO - Started process (PID=10582) to work on /home/airflow/.local/lib/python3.7/site-packages/airflow/example_dags/tutorial_dag.py
[2023-05-23T00:24:58.537+0000] {processor.py:826} INFO - Processing file /home/airflow/.local/lib/python3.7/site-packages/airflow/example_dags/tutorial_dag.py for tasks to queue
[2023-05-23T00:24:58.538+0000] {logging_mixin.py:149} INFO - [2023-05-23T00:24:58.538+0000] {dagbag.py:541} INFO - Filling up the DagBag from /home/airflow/.local/lib/python3.7/site-packages/airflow/example_dags/tutorial_dag.py
[2023-05-23T00:24:58.541+0000] {processor.py:836} INFO - DAG(s) dict_keys(['tutorial_dag']) retrieved from /home/airflow/.local/lib/python3.7/site-packages/airflow/example_dags/tutorial_dag.py
[2023-05-23T00:24:58.562+0000] {logging_mixin.py:149} INFO - [2023-05-23T00:24:58.561+0000] {dag.py:2726} INFO - Sync 1 DAGs
[2023-05-23T00:24:58.683+0000] {logging_mixin.py:149} INFO - [2023-05-23T00:24:58.683+0000] {dag.py:3490} INFO - Setting next_dagrun for tutorial_dag to None, run_after=None
[2023-05-23T00:24:58.701+0000] {processor.py:179} INFO - Processing /home/airflow/.local/lib/python3.7/site-packages/airflow/example_dags/tutorial_dag.py took 0.167 seconds
[2023-05-23T00:25:29.545+0000] {processor.py:157} INFO - Started process (PID=10651) to work on /home/airflow/.local/lib/python3.7/site-packages/airflow/example_dags/tutorial_dag.py
[2023-05-23T00:25:29.546+0000] {processor.py:826} INFO - Processing file /home/airflow/.local/lib/python3.7/site-packages/airflow/example_dags/tutorial_dag.py for tasks to queue
[2023-05-23T00:25:29.546+0000] {logging_mixin.py:149} INFO - [2023-05-23T00:25:29.546+0000] {dagbag.py:541} INFO - Filling up the DagBag from /home/airflow/.local/lib/python3.7/site-packages/airflow/example_dags/tutorial_dag.py
[2023-05-23T00:25:29.550+0000] {processor.py:836} INFO - DAG(s) dict_keys(['tutorial_dag']) retrieved from /home/airflow/.local/lib/python3.7/site-packages/airflow/example_dags/tutorial_dag.py
[2023-05-23T00:25:29.571+0000] {logging_mixin.py:149} INFO - [2023-05-23T00:25:29.571+0000] {dag.py:2726} INFO - Sync 1 DAGs
[2023-05-23T00:25:29.594+0000] {logging_mixin.py:149} INFO - [2023-05-23T00:25:29.594+0000] {dag.py:3490} INFO - Setting next_dagrun for tutorial_dag to None, run_after=None
[2023-05-23T00:25:29.614+0000] {processor.py:179} INFO - Processing /home/airflow/.local/lib/python3.7/site-packages/airflow/example_dags/tutorial_dag.py took 0.071 seconds
[2023-05-23T00:25:59.693+0000] {processor.py:157} INFO - Started process (PID=10720) to work on /home/airflow/.local/lib/python3.7/site-packages/airflow/example_dags/tutorial_dag.py
[2023-05-23T00:25:59.694+0000] {processor.py:826} INFO - Processing file /home/airflow/.local/lib/python3.7/site-packages/airflow/example_dags/tutorial_dag.py for tasks to queue
[2023-05-23T00:25:59.695+0000] {logging_mixin.py:149} INFO - [2023-05-23T00:25:59.695+0000] {dagbag.py:541} INFO - Filling up the DagBag from /home/airflow/.local/lib/python3.7/site-packages/airflow/example_dags/tutorial_dag.py
[2023-05-23T00:25:59.700+0000] {processor.py:836} INFO - DAG(s) dict_keys(['tutorial_dag']) retrieved from /home/airflow/.local/lib/python3.7/site-packages/airflow/example_dags/tutorial_dag.py
[2023-05-23T00:25:59.723+0000] {logging_mixin.py:149} INFO - [2023-05-23T00:25:59.722+0000] {dag.py:2726} INFO - Sync 1 DAGs
[2023-05-23T00:25:59.747+0000] {logging_mixin.py:149} INFO - [2023-05-23T00:25:59.747+0000] {dag.py:3490} INFO - Setting next_dagrun for tutorial_dag to None, run_after=None
[2023-05-23T00:25:59.770+0000] {processor.py:179} INFO - Processing /home/airflow/.local/lib/python3.7/site-packages/airflow/example_dags/tutorial_dag.py took 0.080 seconds
[2023-05-23T00:26:30.429+0000] {processor.py:157} INFO - Started process (PID=10789) to work on /home/airflow/.local/lib/python3.7/site-packages/airflow/example_dags/tutorial_dag.py
[2023-05-23T00:26:30.430+0000] {processor.py:826} INFO - Processing file /home/airflow/.local/lib/python3.7/site-packages/airflow/example_dags/tutorial_dag.py for tasks to queue
[2023-05-23T00:26:30.431+0000] {logging_mixin.py:149} INFO - [2023-05-23T00:26:30.431+0000] {dagbag.py:541} INFO - Filling up the DagBag from /home/airflow/.local/lib/python3.7/site-packages/airflow/example_dags/tutorial_dag.py
[2023-05-23T00:26:30.435+0000] {processor.py:836} INFO - DAG(s) dict_keys(['tutorial_dag']) retrieved from /home/airflow/.local/lib/python3.7/site-packages/airflow/example_dags/tutorial_dag.py
[2023-05-23T00:26:30.464+0000] {logging_mixin.py:149} INFO - [2023-05-23T00:26:30.464+0000] {dag.py:2726} INFO - Sync 1 DAGs
[2023-05-23T00:26:30.496+0000] {logging_mixin.py:149} INFO - [2023-05-23T00:26:30.496+0000] {dag.py:3490} INFO - Setting next_dagrun for tutorial_dag to None, run_after=None
[2023-05-23T00:26:30.521+0000] {processor.py:179} INFO - Processing /home/airflow/.local/lib/python3.7/site-packages/airflow/example_dags/tutorial_dag.py took 0.095 seconds
[2023-05-23T00:27:00.805+0000] {processor.py:157} INFO - Started process (PID=10858) to work on /home/airflow/.local/lib/python3.7/site-packages/airflow/example_dags/tutorial_dag.py
[2023-05-23T00:27:00.805+0000] {processor.py:826} INFO - Processing file /home/airflow/.local/lib/python3.7/site-packages/airflow/example_dags/tutorial_dag.py for tasks to queue
[2023-05-23T00:27:00.806+0000] {logging_mixin.py:149} INFO - [2023-05-23T00:27:00.806+0000] {dagbag.py:541} INFO - Filling up the DagBag from /home/airflow/.local/lib/python3.7/site-packages/airflow/example_dags/tutorial_dag.py
[2023-05-23T00:27:00.809+0000] {processor.py:836} INFO - DAG(s) dict_keys(['tutorial_dag']) retrieved from /home/airflow/.local/lib/python3.7/site-packages/airflow/example_dags/tutorial_dag.py
[2023-05-23T00:27:00.831+0000] {logging_mixin.py:149} INFO - [2023-05-23T00:27:00.831+0000] {dag.py:2726} INFO - Sync 1 DAGs
[2023-05-23T00:27:00.855+0000] {logging_mixin.py:149} INFO - [2023-05-23T00:27:00.855+0000] {dag.py:3490} INFO - Setting next_dagrun for tutorial_dag to None, run_after=None
[2023-05-23T00:27:01.102+0000] {processor.py:179} INFO - Processing /home/airflow/.local/lib/python3.7/site-packages/airflow/example_dags/tutorial_dag.py took 0.300 seconds
[2023-05-23T00:27:31.961+0000] {processor.py:157} INFO - Started process (PID=10927) to work on /home/airflow/.local/lib/python3.7/site-packages/airflow/example_dags/tutorial_dag.py
[2023-05-23T00:27:31.962+0000] {processor.py:826} INFO - Processing file /home/airflow/.local/lib/python3.7/site-packages/airflow/example_dags/tutorial_dag.py for tasks to queue
[2023-05-23T00:27:31.963+0000] {logging_mixin.py:149} INFO - [2023-05-23T00:27:31.962+0000] {dagbag.py:541} INFO - Filling up the DagBag from /home/airflow/.local/lib/python3.7/site-packages/airflow/example_dags/tutorial_dag.py
[2023-05-23T00:27:31.967+0000] {processor.py:836} INFO - DAG(s) dict_keys(['tutorial_dag']) retrieved from /home/airflow/.local/lib/python3.7/site-packages/airflow/example_dags/tutorial_dag.py
[2023-05-23T00:27:31.991+0000] {logging_mixin.py:149} INFO - [2023-05-23T00:27:31.991+0000] {dag.py:2726} INFO - Sync 1 DAGs
[2023-05-23T00:27:32.019+0000] {logging_mixin.py:149} INFO - [2023-05-23T00:27:32.019+0000] {dag.py:3490} INFO - Setting next_dagrun for tutorial_dag to None, run_after=None
[2023-05-23T00:27:32.065+0000] {processor.py:179} INFO - Processing /home/airflow/.local/lib/python3.7/site-packages/airflow/example_dags/tutorial_dag.py took 0.107 seconds
[2023-05-23T00:28:02.563+0000] {processor.py:157} INFO - Started process (PID=10996) to work on /home/airflow/.local/lib/python3.7/site-packages/airflow/example_dags/tutorial_dag.py
[2023-05-23T00:28:02.564+0000] {processor.py:826} INFO - Processing file /home/airflow/.local/lib/python3.7/site-packages/airflow/example_dags/tutorial_dag.py for tasks to queue
[2023-05-23T00:28:02.565+0000] {logging_mixin.py:149} INFO - [2023-05-23T00:28:02.564+0000] {dagbag.py:541} INFO - Filling up the DagBag from /home/airflow/.local/lib/python3.7/site-packages/airflow/example_dags/tutorial_dag.py
[2023-05-23T00:28:02.568+0000] {processor.py:836} INFO - DAG(s) dict_keys(['tutorial_dag']) retrieved from /home/airflow/.local/lib/python3.7/site-packages/airflow/example_dags/tutorial_dag.py
[2023-05-23T00:28:02.587+0000] {logging_mixin.py:149} INFO - [2023-05-23T00:28:02.587+0000] {dag.py:2726} INFO - Sync 1 DAGs
[2023-05-23T00:28:02.609+0000] {logging_mixin.py:149} INFO - [2023-05-23T00:28:02.609+0000] {dag.py:3490} INFO - Setting next_dagrun for tutorial_dag to None, run_after=None
[2023-05-23T00:28:02.627+0000] {processor.py:179} INFO - Processing /home/airflow/.local/lib/python3.7/site-packages/airflow/example_dags/tutorial_dag.py took 0.066 seconds
[2023-05-23T00:28:32.800+0000] {processor.py:157} INFO - Started process (PID=11066) to work on /home/airflow/.local/lib/python3.7/site-packages/airflow/example_dags/tutorial_dag.py
[2023-05-23T00:28:32.801+0000] {processor.py:826} INFO - Processing file /home/airflow/.local/lib/python3.7/site-packages/airflow/example_dags/tutorial_dag.py for tasks to queue
[2023-05-23T00:28:32.801+0000] {logging_mixin.py:149} INFO - [2023-05-23T00:28:32.801+0000] {dagbag.py:541} INFO - Filling up the DagBag from /home/airflow/.local/lib/python3.7/site-packages/airflow/example_dags/tutorial_dag.py
[2023-05-23T00:28:32.805+0000] {processor.py:836} INFO - DAG(s) dict_keys(['tutorial_dag']) retrieved from /home/airflow/.local/lib/python3.7/site-packages/airflow/example_dags/tutorial_dag.py
[2023-05-23T00:28:32.825+0000] {logging_mixin.py:149} INFO - [2023-05-23T00:28:32.825+0000] {dag.py:2726} INFO - Sync 1 DAGs
[2023-05-23T00:28:32.848+0000] {logging_mixin.py:149} INFO - [2023-05-23T00:28:32.847+0000] {dag.py:3490} INFO - Setting next_dagrun for tutorial_dag to None, run_after=None
[2023-05-23T00:28:32.868+0000] {processor.py:179} INFO - Processing /home/airflow/.local/lib/python3.7/site-packages/airflow/example_dags/tutorial_dag.py took 0.070 seconds
[2023-05-23T00:29:03.822+0000] {processor.py:157} INFO - Started process (PID=11136) to work on /home/airflow/.local/lib/python3.7/site-packages/airflow/example_dags/tutorial_dag.py
[2023-05-23T00:29:03.823+0000] {processor.py:826} INFO - Processing file /home/airflow/.local/lib/python3.7/site-packages/airflow/example_dags/tutorial_dag.py for tasks to queue
[2023-05-23T00:29:03.824+0000] {logging_mixin.py:149} INFO - [2023-05-23T00:29:03.824+0000] {dagbag.py:541} INFO - Filling up the DagBag from /home/airflow/.local/lib/python3.7/site-packages/airflow/example_dags/tutorial_dag.py
[2023-05-23T00:29:03.827+0000] {processor.py:836} INFO - DAG(s) dict_keys(['tutorial_dag']) retrieved from /home/airflow/.local/lib/python3.7/site-packages/airflow/example_dags/tutorial_dag.py
[2023-05-23T00:29:03.847+0000] {logging_mixin.py:149} INFO - [2023-05-23T00:29:03.847+0000] {dag.py:2726} INFO - Sync 1 DAGs
[2023-05-23T00:29:03.869+0000] {logging_mixin.py:149} INFO - [2023-05-23T00:29:03.868+0000] {dag.py:3490} INFO - Setting next_dagrun for tutorial_dag to None, run_after=None
[2023-05-23T00:29:03.886+0000] {processor.py:179} INFO - Processing /home/airflow/.local/lib/python3.7/site-packages/airflow/example_dags/tutorial_dag.py took 0.066 seconds
[2023-05-23T00:29:34.254+0000] {processor.py:157} INFO - Started process (PID=11205) to work on /home/airflow/.local/lib/python3.7/site-packages/airflow/example_dags/tutorial_dag.py
[2023-05-23T00:29:34.254+0000] {processor.py:826} INFO - Processing file /home/airflow/.local/lib/python3.7/site-packages/airflow/example_dags/tutorial_dag.py for tasks to queue
[2023-05-23T00:29:34.255+0000] {logging_mixin.py:149} INFO - [2023-05-23T00:29:34.255+0000] {dagbag.py:541} INFO - Filling up the DagBag from /home/airflow/.local/lib/python3.7/site-packages/airflow/example_dags/tutorial_dag.py
[2023-05-23T00:29:34.259+0000] {processor.py:836} INFO - DAG(s) dict_keys(['tutorial_dag']) retrieved from /home/airflow/.local/lib/python3.7/site-packages/airflow/example_dags/tutorial_dag.py
[2023-05-23T00:29:34.281+0000] {logging_mixin.py:149} INFO - [2023-05-23T00:29:34.281+0000] {dag.py:2726} INFO - Sync 1 DAGs
[2023-05-23T00:29:34.305+0000] {logging_mixin.py:149} INFO - [2023-05-23T00:29:34.305+0000] {dag.py:3490} INFO - Setting next_dagrun for tutorial_dag to None, run_after=None
[2023-05-23T00:29:34.326+0000] {processor.py:179} INFO - Processing /home/airflow/.local/lib/python3.7/site-packages/airflow/example_dags/tutorial_dag.py took 0.075 seconds
[2023-05-23T00:30:04.442+0000] {processor.py:157} INFO - Started process (PID=11274) to work on /home/airflow/.local/lib/python3.7/site-packages/airflow/example_dags/tutorial_dag.py
[2023-05-23T00:30:04.443+0000] {processor.py:826} INFO - Processing file /home/airflow/.local/lib/python3.7/site-packages/airflow/example_dags/tutorial_dag.py for tasks to queue
[2023-05-23T00:30:04.444+0000] {logging_mixin.py:149} INFO - [2023-05-23T00:30:04.444+0000] {dagbag.py:541} INFO - Filling up the DagBag from /home/airflow/.local/lib/python3.7/site-packages/airflow/example_dags/tutorial_dag.py
[2023-05-23T00:30:04.447+0000] {processor.py:836} INFO - DAG(s) dict_keys(['tutorial_dag']) retrieved from /home/airflow/.local/lib/python3.7/site-packages/airflow/example_dags/tutorial_dag.py
[2023-05-23T00:30:04.469+0000] {logging_mixin.py:149} INFO - [2023-05-23T00:30:04.469+0000] {dag.py:2726} INFO - Sync 1 DAGs
[2023-05-23T00:30:04.493+0000] {logging_mixin.py:149} INFO - [2023-05-23T00:30:04.492+0000] {dag.py:3490} INFO - Setting next_dagrun for tutorial_dag to None, run_after=None
[2023-05-23T00:30:04.648+0000] {processor.py:179} INFO - Processing /home/airflow/.local/lib/python3.7/site-packages/airflow/example_dags/tutorial_dag.py took 0.208 seconds
[2023-05-23T00:30:34.832+0000] {processor.py:157} INFO - Started process (PID=11342) to work on /home/airflow/.local/lib/python3.7/site-packages/airflow/example_dags/tutorial_dag.py
[2023-05-23T00:30:34.833+0000] {processor.py:826} INFO - Processing file /home/airflow/.local/lib/python3.7/site-packages/airflow/example_dags/tutorial_dag.py for tasks to queue
[2023-05-23T00:30:34.833+0000] {logging_mixin.py:149} INFO - [2023-05-23T00:30:34.833+0000] {dagbag.py:541} INFO - Filling up the DagBag from /home/airflow/.local/lib/python3.7/site-packages/airflow/example_dags/tutorial_dag.py
[2023-05-23T00:30:34.837+0000] {processor.py:836} INFO - DAG(s) dict_keys(['tutorial_dag']) retrieved from /home/airflow/.local/lib/python3.7/site-packages/airflow/example_dags/tutorial_dag.py
[2023-05-23T00:30:34.857+0000] {logging_mixin.py:149} INFO - [2023-05-23T00:30:34.857+0000] {dag.py:2726} INFO - Sync 1 DAGs
[2023-05-23T00:30:34.879+0000] {logging_mixin.py:149} INFO - [2023-05-23T00:30:34.879+0000] {dag.py:3490} INFO - Setting next_dagrun for tutorial_dag to None, run_after=None
[2023-05-23T00:30:34.900+0000] {processor.py:179} INFO - Processing /home/airflow/.local/lib/python3.7/site-packages/airflow/example_dags/tutorial_dag.py took 0.070 seconds
[2023-05-23T00:31:05.255+0000] {processor.py:157} INFO - Started process (PID=11412) to work on /home/airflow/.local/lib/python3.7/site-packages/airflow/example_dags/tutorial_dag.py
[2023-05-23T00:31:05.256+0000] {processor.py:826} INFO - Processing file /home/airflow/.local/lib/python3.7/site-packages/airflow/example_dags/tutorial_dag.py for tasks to queue
[2023-05-23T00:31:05.256+0000] {logging_mixin.py:149} INFO - [2023-05-23T00:31:05.256+0000] {dagbag.py:541} INFO - Filling up the DagBag from /home/airflow/.local/lib/python3.7/site-packages/airflow/example_dags/tutorial_dag.py
[2023-05-23T00:31:05.260+0000] {processor.py:836} INFO - DAG(s) dict_keys(['tutorial_dag']) retrieved from /home/airflow/.local/lib/python3.7/site-packages/airflow/example_dags/tutorial_dag.py
[2023-05-23T00:31:05.279+0000] {logging_mixin.py:149} INFO - [2023-05-23T00:31:05.279+0000] {dag.py:2726} INFO - Sync 1 DAGs
[2023-05-23T00:31:05.301+0000] {logging_mixin.py:149} INFO - [2023-05-23T00:31:05.301+0000] {dag.py:3490} INFO - Setting next_dagrun for tutorial_dag to None, run_after=None
[2023-05-23T00:31:05.320+0000] {processor.py:179} INFO - Processing /home/airflow/.local/lib/python3.7/site-packages/airflow/example_dags/tutorial_dag.py took 0.067 seconds
[2023-05-23T00:31:35.810+0000] {processor.py:157} INFO - Started process (PID=11481) to work on /home/airflow/.local/lib/python3.7/site-packages/airflow/example_dags/tutorial_dag.py
[2023-05-23T00:31:35.810+0000] {processor.py:826} INFO - Processing file /home/airflow/.local/lib/python3.7/site-packages/airflow/example_dags/tutorial_dag.py for tasks to queue
[2023-05-23T00:31:35.811+0000] {logging_mixin.py:149} INFO - [2023-05-23T00:31:35.811+0000] {dagbag.py:541} INFO - Filling up the DagBag from /home/airflow/.local/lib/python3.7/site-packages/airflow/example_dags/tutorial_dag.py
[2023-05-23T00:31:35.814+0000] {processor.py:836} INFO - DAG(s) dict_keys(['tutorial_dag']) retrieved from /home/airflow/.local/lib/python3.7/site-packages/airflow/example_dags/tutorial_dag.py
[2023-05-23T00:31:35.835+0000] {logging_mixin.py:149} INFO - [2023-05-23T00:31:35.835+0000] {dag.py:2726} INFO - Sync 1 DAGs
[2023-05-23T00:31:35.858+0000] {logging_mixin.py:149} INFO - [2023-05-23T00:31:35.858+0000] {dag.py:3490} INFO - Setting next_dagrun for tutorial_dag to None, run_after=None
[2023-05-23T00:31:35.879+0000] {processor.py:179} INFO - Processing /home/airflow/.local/lib/python3.7/site-packages/airflow/example_dags/tutorial_dag.py took 0.071 seconds
[2023-05-23T00:32:06.304+0000] {processor.py:157} INFO - Started process (PID=11550) to work on /home/airflow/.local/lib/python3.7/site-packages/airflow/example_dags/tutorial_dag.py
[2023-05-23T00:32:06.305+0000] {processor.py:826} INFO - Processing file /home/airflow/.local/lib/python3.7/site-packages/airflow/example_dags/tutorial_dag.py for tasks to queue
[2023-05-23T00:32:06.305+0000] {logging_mixin.py:149} INFO - [2023-05-23T00:32:06.305+0000] {dagbag.py:541} INFO - Filling up the DagBag from /home/airflow/.local/lib/python3.7/site-packages/airflow/example_dags/tutorial_dag.py
[2023-05-23T00:32:06.309+0000] {processor.py:836} INFO - DAG(s) dict_keys(['tutorial_dag']) retrieved from /home/airflow/.local/lib/python3.7/site-packages/airflow/example_dags/tutorial_dag.py
[2023-05-23T00:32:06.330+0000] {logging_mixin.py:149} INFO - [2023-05-23T00:32:06.330+0000] {dag.py:2726} INFO - Sync 1 DAGs
[2023-05-23T00:32:06.354+0000] {logging_mixin.py:149} INFO - [2023-05-23T00:32:06.353+0000] {dag.py:3490} INFO - Setting next_dagrun for tutorial_dag to None, run_after=None
[2023-05-23T00:32:06.375+0000] {processor.py:179} INFO - Processing /home/airflow/.local/lib/python3.7/site-packages/airflow/example_dags/tutorial_dag.py took 0.073 seconds
[2023-05-23T00:32:36.948+0000] {processor.py:157} INFO - Started process (PID=11626) to work on /home/airflow/.local/lib/python3.7/site-packages/airflow/example_dags/tutorial_dag.py
[2023-05-23T00:32:36.949+0000] {processor.py:826} INFO - Processing file /home/airflow/.local/lib/python3.7/site-packages/airflow/example_dags/tutorial_dag.py for tasks to queue
[2023-05-23T00:32:36.949+0000] {logging_mixin.py:149} INFO - [2023-05-23T00:32:36.949+0000] {dagbag.py:541} INFO - Filling up the DagBag from /home/airflow/.local/lib/python3.7/site-packages/airflow/example_dags/tutorial_dag.py
[2023-05-23T00:32:36.953+0000] {processor.py:836} INFO - DAG(s) dict_keys(['tutorial_dag']) retrieved from /home/airflow/.local/lib/python3.7/site-packages/airflow/example_dags/tutorial_dag.py
[2023-05-23T00:32:36.973+0000] {logging_mixin.py:149} INFO - [2023-05-23T00:32:36.973+0000] {dag.py:2726} INFO - Sync 1 DAGs
[2023-05-23T00:32:36.995+0000] {logging_mixin.py:149} INFO - [2023-05-23T00:32:36.995+0000] {dag.py:3490} INFO - Setting next_dagrun for tutorial_dag to None, run_after=None
[2023-05-23T00:32:37.020+0000] {processor.py:179} INFO - Processing /home/airflow/.local/lib/python3.7/site-packages/airflow/example_dags/tutorial_dag.py took 0.074 seconds
[2023-05-23T00:33:07.585+0000] {processor.py:157} INFO - Started process (PID=11696) to work on /home/airflow/.local/lib/python3.7/site-packages/airflow/example_dags/tutorial_dag.py
[2023-05-23T00:33:07.586+0000] {processor.py:826} INFO - Processing file /home/airflow/.local/lib/python3.7/site-packages/airflow/example_dags/tutorial_dag.py for tasks to queue
[2023-05-23T00:33:07.587+0000] {logging_mixin.py:149} INFO - [2023-05-23T00:33:07.586+0000] {dagbag.py:541} INFO - Filling up the DagBag from /home/airflow/.local/lib/python3.7/site-packages/airflow/example_dags/tutorial_dag.py
[2023-05-23T00:33:07.590+0000] {processor.py:836} INFO - DAG(s) dict_keys(['tutorial_dag']) retrieved from /home/airflow/.local/lib/python3.7/site-packages/airflow/example_dags/tutorial_dag.py
[2023-05-23T00:33:07.610+0000] {logging_mixin.py:149} INFO - [2023-05-23T00:33:07.610+0000] {dag.py:2726} INFO - Sync 1 DAGs
[2023-05-23T00:33:07.632+0000] {logging_mixin.py:149} INFO - [2023-05-23T00:33:07.632+0000] {dag.py:3490} INFO - Setting next_dagrun for tutorial_dag to None, run_after=None
[2023-05-23T00:33:07.652+0000] {processor.py:179} INFO - Processing /home/airflow/.local/lib/python3.7/site-packages/airflow/example_dags/tutorial_dag.py took 0.070 seconds
[2023-05-23T00:33:37.706+0000] {processor.py:157} INFO - Started process (PID=11766) to work on /home/airflow/.local/lib/python3.7/site-packages/airflow/example_dags/tutorial_dag.py
[2023-05-23T00:33:37.707+0000] {processor.py:826} INFO - Processing file /home/airflow/.local/lib/python3.7/site-packages/airflow/example_dags/tutorial_dag.py for tasks to queue
[2023-05-23T00:33:37.708+0000] {logging_mixin.py:149} INFO - [2023-05-23T00:33:37.708+0000] {dagbag.py:541} INFO - Filling up the DagBag from /home/airflow/.local/lib/python3.7/site-packages/airflow/example_dags/tutorial_dag.py
[2023-05-23T00:33:37.711+0000] {processor.py:836} INFO - DAG(s) dict_keys(['tutorial_dag']) retrieved from /home/airflow/.local/lib/python3.7/site-packages/airflow/example_dags/tutorial_dag.py
[2023-05-23T00:33:37.732+0000] {logging_mixin.py:149} INFO - [2023-05-23T00:33:37.732+0000] {dag.py:2726} INFO - Sync 1 DAGs
[2023-05-23T00:33:37.754+0000] {logging_mixin.py:149} INFO - [2023-05-23T00:33:37.754+0000] {dag.py:3490} INFO - Setting next_dagrun for tutorial_dag to None, run_after=None
[2023-05-23T00:33:37.783+0000] {processor.py:179} INFO - Processing /home/airflow/.local/lib/python3.7/site-packages/airflow/example_dags/tutorial_dag.py took 0.078 seconds
[2023-05-23T00:34:08.122+0000] {processor.py:157} INFO - Started process (PID=11834) to work on /home/airflow/.local/lib/python3.7/site-packages/airflow/example_dags/tutorial_dag.py
[2023-05-23T00:34:08.122+0000] {processor.py:826} INFO - Processing file /home/airflow/.local/lib/python3.7/site-packages/airflow/example_dags/tutorial_dag.py for tasks to queue
[2023-05-23T00:34:08.123+0000] {logging_mixin.py:149} INFO - [2023-05-23T00:34:08.123+0000] {dagbag.py:541} INFO - Filling up the DagBag from /home/airflow/.local/lib/python3.7/site-packages/airflow/example_dags/tutorial_dag.py
[2023-05-23T00:34:08.126+0000] {processor.py:836} INFO - DAG(s) dict_keys(['tutorial_dag']) retrieved from /home/airflow/.local/lib/python3.7/site-packages/airflow/example_dags/tutorial_dag.py
[2023-05-23T00:34:08.145+0000] {logging_mixin.py:149} INFO - [2023-05-23T00:34:08.145+0000] {dag.py:2726} INFO - Sync 1 DAGs
[2023-05-23T00:34:08.167+0000] {logging_mixin.py:149} INFO - [2023-05-23T00:34:08.167+0000] {dag.py:3490} INFO - Setting next_dagrun for tutorial_dag to None, run_after=None
[2023-05-23T00:34:08.205+0000] {processor.py:179} INFO - Processing /home/airflow/.local/lib/python3.7/site-packages/airflow/example_dags/tutorial_dag.py took 0.086 seconds
[2023-05-23T00:34:38.880+0000] {processor.py:157} INFO - Started process (PID=11904) to work on /home/airflow/.local/lib/python3.7/site-packages/airflow/example_dags/tutorial_dag.py
[2023-05-23T00:34:38.881+0000] {processor.py:826} INFO - Processing file /home/airflow/.local/lib/python3.7/site-packages/airflow/example_dags/tutorial_dag.py for tasks to queue
[2023-05-23T00:34:38.881+0000] {logging_mixin.py:149} INFO - [2023-05-23T00:34:38.881+0000] {dagbag.py:541} INFO - Filling up the DagBag from /home/airflow/.local/lib/python3.7/site-packages/airflow/example_dags/tutorial_dag.py
[2023-05-23T00:34:38.886+0000] {processor.py:836} INFO - DAG(s) dict_keys(['tutorial_dag']) retrieved from /home/airflow/.local/lib/python3.7/site-packages/airflow/example_dags/tutorial_dag.py
[2023-05-23T00:34:38.906+0000] {logging_mixin.py:149} INFO - [2023-05-23T00:34:38.906+0000] {dag.py:2726} INFO - Sync 1 DAGs
[2023-05-23T00:34:38.931+0000] {logging_mixin.py:149} INFO - [2023-05-23T00:34:38.931+0000] {dag.py:3490} INFO - Setting next_dagrun for tutorial_dag to None, run_after=None
[2023-05-23T00:34:38.955+0000] {processor.py:179} INFO - Processing /home/airflow/.local/lib/python3.7/site-packages/airflow/example_dags/tutorial_dag.py took 0.079 seconds
[2023-05-23T00:35:09.449+0000] {processor.py:157} INFO - Started process (PID=11974) to work on /home/airflow/.local/lib/python3.7/site-packages/airflow/example_dags/tutorial_dag.py
[2023-05-23T00:35:09.450+0000] {processor.py:826} INFO - Processing file /home/airflow/.local/lib/python3.7/site-packages/airflow/example_dags/tutorial_dag.py for tasks to queue
[2023-05-23T00:35:09.451+0000] {logging_mixin.py:149} INFO - [2023-05-23T00:35:09.451+0000] {dagbag.py:541} INFO - Filling up the DagBag from /home/airflow/.local/lib/python3.7/site-packages/airflow/example_dags/tutorial_dag.py
[2023-05-23T00:35:09.455+0000] {processor.py:836} INFO - DAG(s) dict_keys(['tutorial_dag']) retrieved from /home/airflow/.local/lib/python3.7/site-packages/airflow/example_dags/tutorial_dag.py
[2023-05-23T00:35:09.475+0000] {logging_mixin.py:149} INFO - [2023-05-23T00:35:09.475+0000] {dag.py:2726} INFO - Sync 1 DAGs
[2023-05-23T00:35:09.497+0000] {logging_mixin.py:149} INFO - [2023-05-23T00:35:09.496+0000] {dag.py:3490} INFO - Setting next_dagrun for tutorial_dag to None, run_after=None
[2023-05-23T00:35:09.572+0000] {processor.py:179} INFO - Processing /home/airflow/.local/lib/python3.7/site-packages/airflow/example_dags/tutorial_dag.py took 0.125 seconds
[2023-05-23T00:35:39.928+0000] {processor.py:157} INFO - Started process (PID=12043) to work on /home/airflow/.local/lib/python3.7/site-packages/airflow/example_dags/tutorial_dag.py
[2023-05-23T00:35:39.929+0000] {processor.py:826} INFO - Processing file /home/airflow/.local/lib/python3.7/site-packages/airflow/example_dags/tutorial_dag.py for tasks to queue
[2023-05-23T00:35:39.929+0000] {logging_mixin.py:149} INFO - [2023-05-23T00:35:39.929+0000] {dagbag.py:541} INFO - Filling up the DagBag from /home/airflow/.local/lib/python3.7/site-packages/airflow/example_dags/tutorial_dag.py
[2023-05-23T00:35:39.933+0000] {processor.py:836} INFO - DAG(s) dict_keys(['tutorial_dag']) retrieved from /home/airflow/.local/lib/python3.7/site-packages/airflow/example_dags/tutorial_dag.py
[2023-05-23T00:35:39.956+0000] {logging_mixin.py:149} INFO - [2023-05-23T00:35:39.956+0000] {dag.py:2726} INFO - Sync 1 DAGs
[2023-05-23T00:35:39.982+0000] {logging_mixin.py:149} INFO - [2023-05-23T00:35:39.982+0000] {dag.py:3490} INFO - Setting next_dagrun for tutorial_dag to None, run_after=None
[2023-05-23T00:35:40.004+0000] {processor.py:179} INFO - Processing /home/airflow/.local/lib/python3.7/site-packages/airflow/example_dags/tutorial_dag.py took 0.079 seconds
[2023-05-23T00:36:10.812+0000] {processor.py:157} INFO - Started process (PID=12113) to work on /home/airflow/.local/lib/python3.7/site-packages/airflow/example_dags/tutorial_dag.py
[2023-05-23T00:36:10.813+0000] {processor.py:826} INFO - Processing file /home/airflow/.local/lib/python3.7/site-packages/airflow/example_dags/tutorial_dag.py for tasks to queue
[2023-05-23T00:36:10.814+0000] {logging_mixin.py:149} INFO - [2023-05-23T00:36:10.814+0000] {dagbag.py:541} INFO - Filling up the DagBag from /home/airflow/.local/lib/python3.7/site-packages/airflow/example_dags/tutorial_dag.py
[2023-05-23T00:36:10.818+0000] {processor.py:836} INFO - DAG(s) dict_keys(['tutorial_dag']) retrieved from /home/airflow/.local/lib/python3.7/site-packages/airflow/example_dags/tutorial_dag.py
[2023-05-23T00:36:10.844+0000] {logging_mixin.py:149} INFO - [2023-05-23T00:36:10.843+0000] {dag.py:2726} INFO - Sync 1 DAGs
[2023-05-23T00:36:10.874+0000] {logging_mixin.py:149} INFO - [2023-05-23T00:36:10.874+0000] {dag.py:3490} INFO - Setting next_dagrun for tutorial_dag to None, run_after=None
[2023-05-23T00:36:10.978+0000] {processor.py:179} INFO - Processing /home/airflow/.local/lib/python3.7/site-packages/airflow/example_dags/tutorial_dag.py took 0.168 seconds
[2023-05-23T00:36:41.786+0000] {processor.py:157} INFO - Started process (PID=12182) to work on /home/airflow/.local/lib/python3.7/site-packages/airflow/example_dags/tutorial_dag.py
[2023-05-23T00:36:41.787+0000] {processor.py:826} INFO - Processing file /home/airflow/.local/lib/python3.7/site-packages/airflow/example_dags/tutorial_dag.py for tasks to queue
[2023-05-23T00:36:41.788+0000] {logging_mixin.py:149} INFO - [2023-05-23T00:36:41.788+0000] {dagbag.py:541} INFO - Filling up the DagBag from /home/airflow/.local/lib/python3.7/site-packages/airflow/example_dags/tutorial_dag.py
[2023-05-23T00:36:41.792+0000] {processor.py:836} INFO - DAG(s) dict_keys(['tutorial_dag']) retrieved from /home/airflow/.local/lib/python3.7/site-packages/airflow/example_dags/tutorial_dag.py
[2023-05-23T00:36:41.817+0000] {logging_mixin.py:149} INFO - [2023-05-23T00:36:41.816+0000] {dag.py:2726} INFO - Sync 1 DAGs
[2023-05-23T00:36:41.843+0000] {logging_mixin.py:149} INFO - [2023-05-23T00:36:41.843+0000] {dag.py:3490} INFO - Setting next_dagrun for tutorial_dag to None, run_after=None
[2023-05-23T00:36:41.867+0000] {processor.py:179} INFO - Processing /home/airflow/.local/lib/python3.7/site-packages/airflow/example_dags/tutorial_dag.py took 0.083 seconds
[2023-05-23T00:37:11.984+0000] {processor.py:157} INFO - Started process (PID=12252) to work on /home/airflow/.local/lib/python3.7/site-packages/airflow/example_dags/tutorial_dag.py
[2023-05-23T00:37:11.985+0000] {processor.py:826} INFO - Processing file /home/airflow/.local/lib/python3.7/site-packages/airflow/example_dags/tutorial_dag.py for tasks to queue
[2023-05-23T00:37:11.986+0000] {logging_mixin.py:149} INFO - [2023-05-23T00:37:11.985+0000] {dagbag.py:541} INFO - Filling up the DagBag from /home/airflow/.local/lib/python3.7/site-packages/airflow/example_dags/tutorial_dag.py
[2023-05-23T00:37:11.989+0000] {processor.py:836} INFO - DAG(s) dict_keys(['tutorial_dag']) retrieved from /home/airflow/.local/lib/python3.7/site-packages/airflow/example_dags/tutorial_dag.py
[2023-05-23T00:37:12.011+0000] {logging_mixin.py:149} INFO - [2023-05-23T00:37:12.011+0000] {dag.py:2726} INFO - Sync 1 DAGs
[2023-05-23T00:37:12.036+0000] {logging_mixin.py:149} INFO - [2023-05-23T00:37:12.036+0000] {dag.py:3490} INFO - Setting next_dagrun for tutorial_dag to None, run_after=None
[2023-05-23T00:37:12.057+0000] {processor.py:179} INFO - Processing /home/airflow/.local/lib/python3.7/site-packages/airflow/example_dags/tutorial_dag.py took 0.075 seconds
[2023-05-23T00:37:42.651+0000] {processor.py:157} INFO - Started process (PID=12321) to work on /home/airflow/.local/lib/python3.7/site-packages/airflow/example_dags/tutorial_dag.py
[2023-05-23T00:37:42.652+0000] {processor.py:826} INFO - Processing file /home/airflow/.local/lib/python3.7/site-packages/airflow/example_dags/tutorial_dag.py for tasks to queue
[2023-05-23T00:37:42.653+0000] {logging_mixin.py:149} INFO - [2023-05-23T00:37:42.653+0000] {dagbag.py:541} INFO - Filling up the DagBag from /home/airflow/.local/lib/python3.7/site-packages/airflow/example_dags/tutorial_dag.py
[2023-05-23T00:37:42.656+0000] {processor.py:836} INFO - DAG(s) dict_keys(['tutorial_dag']) retrieved from /home/airflow/.local/lib/python3.7/site-packages/airflow/example_dags/tutorial_dag.py
[2023-05-23T00:37:42.683+0000] {logging_mixin.py:149} INFO - [2023-05-23T00:37:42.683+0000] {dag.py:2726} INFO - Sync 1 DAGs
[2023-05-23T00:37:42.709+0000] {logging_mixin.py:149} INFO - [2023-05-23T00:37:42.709+0000] {dag.py:3490} INFO - Setting next_dagrun for tutorial_dag to None, run_after=None
[2023-05-23T00:37:42.735+0000] {processor.py:179} INFO - Processing /home/airflow/.local/lib/python3.7/site-packages/airflow/example_dags/tutorial_dag.py took 0.086 seconds
[2023-05-23T00:38:12.825+0000] {processor.py:157} INFO - Started process (PID=12391) to work on /home/airflow/.local/lib/python3.7/site-packages/airflow/example_dags/tutorial_dag.py
[2023-05-23T00:38:12.826+0000] {processor.py:826} INFO - Processing file /home/airflow/.local/lib/python3.7/site-packages/airflow/example_dags/tutorial_dag.py for tasks to queue
[2023-05-23T00:38:12.827+0000] {logging_mixin.py:149} INFO - [2023-05-23T00:38:12.827+0000] {dagbag.py:541} INFO - Filling up the DagBag from /home/airflow/.local/lib/python3.7/site-packages/airflow/example_dags/tutorial_dag.py
[2023-05-23T00:38:12.831+0000] {processor.py:836} INFO - DAG(s) dict_keys(['tutorial_dag']) retrieved from /home/airflow/.local/lib/python3.7/site-packages/airflow/example_dags/tutorial_dag.py
[2023-05-23T00:38:12.850+0000] {logging_mixin.py:149} INFO - [2023-05-23T00:38:12.850+0000] {dag.py:2726} INFO - Sync 1 DAGs
[2023-05-23T00:38:12.875+0000] {logging_mixin.py:149} INFO - [2023-05-23T00:38:12.875+0000] {dag.py:3490} INFO - Setting next_dagrun for tutorial_dag to None, run_after=None
[2023-05-23T00:38:12.934+0000] {processor.py:179} INFO - Processing /home/airflow/.local/lib/python3.7/site-packages/airflow/example_dags/tutorial_dag.py took 0.111 seconds
[2023-05-23T00:38:43.417+0000] {processor.py:157} INFO - Started process (PID=12460) to work on /home/airflow/.local/lib/python3.7/site-packages/airflow/example_dags/tutorial_dag.py
[2023-05-23T00:38:43.418+0000] {processor.py:826} INFO - Processing file /home/airflow/.local/lib/python3.7/site-packages/airflow/example_dags/tutorial_dag.py for tasks to queue
[2023-05-23T00:38:43.419+0000] {logging_mixin.py:149} INFO - [2023-05-23T00:38:43.418+0000] {dagbag.py:541} INFO - Filling up the DagBag from /home/airflow/.local/lib/python3.7/site-packages/airflow/example_dags/tutorial_dag.py
[2023-05-23T00:38:43.422+0000] {processor.py:836} INFO - DAG(s) dict_keys(['tutorial_dag']) retrieved from /home/airflow/.local/lib/python3.7/site-packages/airflow/example_dags/tutorial_dag.py
[2023-05-23T00:38:43.444+0000] {logging_mixin.py:149} INFO - [2023-05-23T00:38:43.444+0000] {dag.py:2726} INFO - Sync 1 DAGs
[2023-05-23T00:38:43.468+0000] {logging_mixin.py:149} INFO - [2023-05-23T00:38:43.468+0000] {dag.py:3490} INFO - Setting next_dagrun for tutorial_dag to None, run_after=None
[2023-05-23T00:38:43.491+0000] {processor.py:179} INFO - Processing /home/airflow/.local/lib/python3.7/site-packages/airflow/example_dags/tutorial_dag.py took 0.076 seconds
[2023-05-23T00:39:14.012+0000] {processor.py:157} INFO - Started process (PID=12529) to work on /home/airflow/.local/lib/python3.7/site-packages/airflow/example_dags/tutorial_dag.py
[2023-05-23T00:39:14.013+0000] {processor.py:826} INFO - Processing file /home/airflow/.local/lib/python3.7/site-packages/airflow/example_dags/tutorial_dag.py for tasks to queue
[2023-05-23T00:39:14.014+0000] {logging_mixin.py:149} INFO - [2023-05-23T00:39:14.014+0000] {dagbag.py:541} INFO - Filling up the DagBag from /home/airflow/.local/lib/python3.7/site-packages/airflow/example_dags/tutorial_dag.py
[2023-05-23T00:39:14.017+0000] {processor.py:836} INFO - DAG(s) dict_keys(['tutorial_dag']) retrieved from /home/airflow/.local/lib/python3.7/site-packages/airflow/example_dags/tutorial_dag.py
[2023-05-23T00:39:14.037+0000] {logging_mixin.py:149} INFO - [2023-05-23T00:39:14.037+0000] {dag.py:2726} INFO - Sync 1 DAGs
[2023-05-23T00:39:14.064+0000] {logging_mixin.py:149} INFO - [2023-05-23T00:39:14.064+0000] {dag.py:3490} INFO - Setting next_dagrun for tutorial_dag to None, run_after=None
[2023-05-23T00:39:14.085+0000] {processor.py:179} INFO - Processing /home/airflow/.local/lib/python3.7/site-packages/airflow/example_dags/tutorial_dag.py took 0.074 seconds
[2023-05-23T00:39:44.806+0000] {processor.py:157} INFO - Started process (PID=12598) to work on /home/airflow/.local/lib/python3.7/site-packages/airflow/example_dags/tutorial_dag.py
[2023-05-23T00:39:44.807+0000] {processor.py:826} INFO - Processing file /home/airflow/.local/lib/python3.7/site-packages/airflow/example_dags/tutorial_dag.py for tasks to queue
[2023-05-23T00:39:44.807+0000] {logging_mixin.py:149} INFO - [2023-05-23T00:39:44.807+0000] {dagbag.py:541} INFO - Filling up the DagBag from /home/airflow/.local/lib/python3.7/site-packages/airflow/example_dags/tutorial_dag.py
[2023-05-23T00:39:44.811+0000] {processor.py:836} INFO - DAG(s) dict_keys(['tutorial_dag']) retrieved from /home/airflow/.local/lib/python3.7/site-packages/airflow/example_dags/tutorial_dag.py
[2023-05-23T00:39:44.832+0000] {logging_mixin.py:149} INFO - [2023-05-23T00:39:44.832+0000] {dag.py:2726} INFO - Sync 1 DAGs
[2023-05-23T00:39:44.856+0000] {logging_mixin.py:149} INFO - [2023-05-23T00:39:44.856+0000] {dag.py:3490} INFO - Setting next_dagrun for tutorial_dag to None, run_after=None
[2023-05-23T00:39:44.877+0000] {processor.py:179} INFO - Processing /home/airflow/.local/lib/python3.7/site-packages/airflow/example_dags/tutorial_dag.py took 0.073 seconds
