[2023-05-22T20:02:53.416+0000] {taskinstance.py:1103} INFO - Dependencies all met for dep_context=non-requeueable deps ti=<TaskInstance: spotify_dag.whole_spotify_etl manual__2023-05-22T20:01:08.221019+00:00 [queued]>
[2023-05-22T20:02:53.434+0000] {taskinstance.py:1103} INFO - Dependencies all met for dep_context=requeueable deps ti=<TaskInstance: spotify_dag.whole_spotify_etl manual__2023-05-22T20:01:08.221019+00:00 [queued]>
[2023-05-22T20:02:53.435+0000] {taskinstance.py:1308} INFO - Starting attempt 1 of 2
[2023-05-22T20:02:53.634+0000] {taskinstance.py:1327} INFO - Executing <Task(PythonOperator): whole_spotify_etl> on 2023-05-22 20:01:08.221019+00:00
[2023-05-22T20:02:53.648+0000] {standard_task_runner.py:57} INFO - Started process 948 to run task
[2023-05-22T20:02:53.651+0000] {standard_task_runner.py:84} INFO - Running: ['***', 'tasks', 'run', 'spotify_dag', 'whole_spotify_etl', 'manual__2023-05-22T20:01:08.221019+00:00', '--job-id', '967', '--raw', '--subdir', 'DAGS_FOLDER/my-dag.py', '--cfg-path', '/tmp/tmpjdmk_i4l']
[2023-05-22T20:02:53.653+0000] {standard_task_runner.py:85} INFO - Job 967: Subtask whole_spotify_etl
[2023-05-22T20:02:53.762+0000] {task_command.py:410} INFO - Running <TaskInstance: spotify_dag.whole_spotify_etl manual__2023-05-22T20:01:08.221019+00:00 [running]> on host 676151ea7c9e
[2023-05-22T20:02:53.914+0000] {taskinstance.py:1547} INFO - Exporting env vars: AIRFLOW_CTX_DAG_EMAIL='***@example.com' AIRFLOW_CTX_DAG_OWNER='***' AIRFLOW_CTX_DAG_ID='spotify_dag' AIRFLOW_CTX_TASK_ID='whole_spotify_etl' AIRFLOW_CTX_EXECUTION_DATE='2023-05-22T20:01:08.221019+00:00' AIRFLOW_CTX_TRY_NUMBER='1' AIRFLOW_CTX_DAG_RUN_ID='manual__2023-05-22T20:01:08.221019+00:00'
[2023-05-22T20:02:54.050+0000] {logging_mixin.py:149} INFO - {'error': {'status': 401, 'message': 'Invalid access token'}}
[2023-05-22T20:02:54.050+0000] {taskinstance.py:1824} ERROR - Task failed with exception
Traceback (most recent call last):
  File "/home/airflow/.local/lib/python3.7/site-packages/airflow/operators/python.py", line 181, in execute
    return_value = self.execute_callable()
  File "/home/airflow/.local/lib/python3.7/site-packages/airflow/operators/python.py", line 198, in execute_callable
    return self.python_callable(*self.op_args, **self.op_kwargs)
  File "/opt/airflow/dags/spotify_etl.py", line 83, in run_spotify_etl
    for song in data["items"]:
KeyError: 'items'
[2023-05-22T20:02:54.064+0000] {taskinstance.py:1350} INFO - Marking task as UP_FOR_RETRY. dag_id=spotify_dag, task_id=whole_spotify_etl, execution_date=20230522T200108, start_date=20230522T200253, end_date=20230522T200254
[2023-05-22T20:02:54.085+0000] {standard_task_runner.py:109} ERROR - Failed to execute job 967 for task whole_spotify_etl ('items'; 948)
[2023-05-22T20:02:54.112+0000] {local_task_job_runner.py:225} INFO - Task exited with return code 1
[2023-05-22T20:02:54.149+0000] {taskinstance.py:2651} INFO - 0 downstream tasks scheduled from follow-on schedule check
