[2023-05-21T00:00:16.039+0000] {processor.py:157} INFO - Started process (PID=20921) to work on /home/airflow/.local/lib/python3.7/site-packages/airflow/example_dags/example_python_operator.py
[2023-05-21T00:00:16.040+0000] {processor.py:826} INFO - Processing file /home/airflow/.local/lib/python3.7/site-packages/airflow/example_dags/example_python_operator.py for tasks to queue
[2023-05-21T00:00:16.041+0000] {logging_mixin.py:149} INFO - [2023-05-21T00:00:16.041+0000] {dagbag.py:541} INFO - Filling up the DagBag from /home/airflow/.local/lib/python3.7/site-packages/airflow/example_dags/example_python_operator.py
[2023-05-21T00:00:16.047+0000] {logging_mixin.py:149} INFO - [2023-05-21T00:00:16.047+0000] {taskmixin.py:211} WARNING - Dependency <Task(_PythonDecoratedOperator): print_the_context>, log_sql_query already registered for DAG: example_python_operator
[2023-05-21T00:00:16.048+0000] {logging_mixin.py:149} INFO - [2023-05-21T00:00:16.047+0000] {taskmixin.py:211} WARNING - Dependency <Task(_PythonDecoratedOperator): log_sql_query>, print_the_context already registered for DAG: example_python_operator
[2023-05-21T00:00:16.049+0000] {logging_mixin.py:149} INFO - [2023-05-21T00:00:16.049+0000] {taskmixin.py:211} WARNING - Dependency <Task(_PythonDecoratedOperator): print_the_context>, log_sql_query already registered for DAG: example_python_operator
[2023-05-21T00:00:16.049+0000] {logging_mixin.py:149} INFO - [2023-05-21T00:00:16.049+0000] {taskmixin.py:211} WARNING - Dependency <Task(_PythonDecoratedOperator): log_sql_query>, print_the_context already registered for DAG: example_python_operator
[2023-05-21T00:00:16.050+0000] {logging_mixin.py:149} INFO - [2023-05-21T00:00:16.050+0000] {taskmixin.py:211} WARNING - Dependency <Task(_PythonDecoratedOperator): print_the_context>, log_sql_query already registered for DAG: example_python_operator
[2023-05-21T00:00:16.050+0000] {logging_mixin.py:149} INFO - [2023-05-21T00:00:16.050+0000] {taskmixin.py:211} WARNING - Dependency <Task(_PythonDecoratedOperator): log_sql_query>, print_the_context already registered for DAG: example_python_operator
[2023-05-21T00:00:16.051+0000] {logging_mixin.py:149} INFO - [2023-05-21T00:00:16.051+0000] {taskmixin.py:211} WARNING - Dependency <Task(_PythonDecoratedOperator): print_the_context>, log_sql_query already registered for DAG: example_python_operator
[2023-05-21T00:00:16.052+0000] {logging_mixin.py:149} INFO - [2023-05-21T00:00:16.051+0000] {taskmixin.py:211} WARNING - Dependency <Task(_PythonDecoratedOperator): log_sql_query>, print_the_context already registered for DAG: example_python_operator
[2023-05-21T00:00:16.054+0000] {processor.py:836} INFO - DAG(s) dict_keys(['example_python_operator']) retrieved from /home/airflow/.local/lib/python3.7/site-packages/airflow/example_dags/example_python_operator.py
[2023-05-21T00:00:16.085+0000] {logging_mixin.py:149} INFO - [2023-05-21T00:00:16.085+0000] {dag.py:2726} INFO - Sync 1 DAGs
[2023-05-21T00:00:16.116+0000] {logging_mixin.py:149} INFO - [2023-05-21T00:00:16.116+0000] {dag.py:3490} INFO - Setting next_dagrun for example_python_operator to None, run_after=None
[2023-05-21T00:00:16.145+0000] {processor.py:179} INFO - Processing /home/airflow/.local/lib/python3.7/site-packages/airflow/example_dags/example_python_operator.py took 0.109 seconds
[2023-05-21T00:00:47.423+0000] {processor.py:157} INFO - Started process (PID=20990) to work on /home/airflow/.local/lib/python3.7/site-packages/airflow/example_dags/example_python_operator.py
[2023-05-21T00:00:47.423+0000] {processor.py:826} INFO - Processing file /home/airflow/.local/lib/python3.7/site-packages/airflow/example_dags/example_python_operator.py for tasks to queue
[2023-05-21T00:00:47.424+0000] {logging_mixin.py:149} INFO - [2023-05-21T00:00:47.424+0000] {dagbag.py:541} INFO - Filling up the DagBag from /home/airflow/.local/lib/python3.7/site-packages/airflow/example_dags/example_python_operator.py
[2023-05-21T00:00:47.431+0000] {logging_mixin.py:149} INFO - [2023-05-21T00:00:47.431+0000] {taskmixin.py:211} WARNING - Dependency <Task(_PythonDecoratedOperator): print_the_context>, log_sql_query already registered for DAG: example_python_operator
[2023-05-21T00:00:47.432+0000] {logging_mixin.py:149} INFO - [2023-05-21T00:00:47.431+0000] {taskmixin.py:211} WARNING - Dependency <Task(_PythonDecoratedOperator): log_sql_query>, print_the_context already registered for DAG: example_python_operator
[2023-05-21T00:00:47.433+0000] {logging_mixin.py:149} INFO - [2023-05-21T00:00:47.433+0000] {taskmixin.py:211} WARNING - Dependency <Task(_PythonDecoratedOperator): print_the_context>, log_sql_query already registered for DAG: example_python_operator
[2023-05-21T00:00:47.434+0000] {logging_mixin.py:149} INFO - [2023-05-21T00:00:47.433+0000] {taskmixin.py:211} WARNING - Dependency <Task(_PythonDecoratedOperator): log_sql_query>, print_the_context already registered for DAG: example_python_operator
[2023-05-21T00:00:47.435+0000] {logging_mixin.py:149} INFO - [2023-05-21T00:00:47.434+0000] {taskmixin.py:211} WARNING - Dependency <Task(_PythonDecoratedOperator): print_the_context>, log_sql_query already registered for DAG: example_python_operator
[2023-05-21T00:00:47.435+0000] {logging_mixin.py:149} INFO - [2023-05-21T00:00:47.435+0000] {taskmixin.py:211} WARNING - Dependency <Task(_PythonDecoratedOperator): log_sql_query>, print_the_context already registered for DAG: example_python_operator
[2023-05-21T00:00:47.436+0000] {logging_mixin.py:149} INFO - [2023-05-21T00:00:47.436+0000] {taskmixin.py:211} WARNING - Dependency <Task(_PythonDecoratedOperator): print_the_context>, log_sql_query already registered for DAG: example_python_operator
[2023-05-21T00:00:47.436+0000] {logging_mixin.py:149} INFO - [2023-05-21T00:00:47.436+0000] {taskmixin.py:211} WARNING - Dependency <Task(_PythonDecoratedOperator): log_sql_query>, print_the_context already registered for DAG: example_python_operator
[2023-05-21T00:00:47.440+0000] {processor.py:836} INFO - DAG(s) dict_keys(['example_python_operator']) retrieved from /home/airflow/.local/lib/python3.7/site-packages/airflow/example_dags/example_python_operator.py
[2023-05-21T00:00:47.477+0000] {logging_mixin.py:149} INFO - [2023-05-21T00:00:47.477+0000] {dag.py:2726} INFO - Sync 1 DAGs
[2023-05-21T00:00:47.505+0000] {logging_mixin.py:149} INFO - [2023-05-21T00:00:47.505+0000] {dag.py:3490} INFO - Setting next_dagrun for example_python_operator to None, run_after=None
[2023-05-21T00:00:47.648+0000] {processor.py:179} INFO - Processing /home/airflow/.local/lib/python3.7/site-packages/airflow/example_dags/example_python_operator.py took 0.229 seconds
[2023-05-21T00:01:18.500+0000] {processor.py:157} INFO - Started process (PID=21058) to work on /home/airflow/.local/lib/python3.7/site-packages/airflow/example_dags/example_python_operator.py
[2023-05-21T00:01:18.502+0000] {processor.py:826} INFO - Processing file /home/airflow/.local/lib/python3.7/site-packages/airflow/example_dags/example_python_operator.py for tasks to queue
[2023-05-21T00:01:18.503+0000] {logging_mixin.py:149} INFO - [2023-05-21T00:01:18.503+0000] {dagbag.py:541} INFO - Filling up the DagBag from /home/airflow/.local/lib/python3.7/site-packages/airflow/example_dags/example_python_operator.py
[2023-05-21T00:01:18.511+0000] {logging_mixin.py:149} INFO - [2023-05-21T00:01:18.510+0000] {taskmixin.py:211} WARNING - Dependency <Task(_PythonDecoratedOperator): print_the_context>, log_sql_query already registered for DAG: example_python_operator
[2023-05-21T00:01:18.511+0000] {logging_mixin.py:149} INFO - [2023-05-21T00:01:18.511+0000] {taskmixin.py:211} WARNING - Dependency <Task(_PythonDecoratedOperator): log_sql_query>, print_the_context already registered for DAG: example_python_operator
[2023-05-21T00:01:18.513+0000] {logging_mixin.py:149} INFO - [2023-05-21T00:01:18.512+0000] {taskmixin.py:211} WARNING - Dependency <Task(_PythonDecoratedOperator): print_the_context>, log_sql_query already registered for DAG: example_python_operator
[2023-05-21T00:01:18.513+0000] {logging_mixin.py:149} INFO - [2023-05-21T00:01:18.513+0000] {taskmixin.py:211} WARNING - Dependency <Task(_PythonDecoratedOperator): log_sql_query>, print_the_context already registered for DAG: example_python_operator
[2023-05-21T00:01:18.514+0000] {logging_mixin.py:149} INFO - [2023-05-21T00:01:18.514+0000] {taskmixin.py:211} WARNING - Dependency <Task(_PythonDecoratedOperator): print_the_context>, log_sql_query already registered for DAG: example_python_operator
[2023-05-21T00:01:18.515+0000] {logging_mixin.py:149} INFO - [2023-05-21T00:01:18.515+0000] {taskmixin.py:211} WARNING - Dependency <Task(_PythonDecoratedOperator): log_sql_query>, print_the_context already registered for DAG: example_python_operator
[2023-05-21T00:01:18.516+0000] {logging_mixin.py:149} INFO - [2023-05-21T00:01:18.516+0000] {taskmixin.py:211} WARNING - Dependency <Task(_PythonDecoratedOperator): print_the_context>, log_sql_query already registered for DAG: example_python_operator
[2023-05-21T00:01:18.516+0000] {logging_mixin.py:149} INFO - [2023-05-21T00:01:18.516+0000] {taskmixin.py:211} WARNING - Dependency <Task(_PythonDecoratedOperator): log_sql_query>, print_the_context already registered for DAG: example_python_operator
[2023-05-21T00:01:18.521+0000] {processor.py:836} INFO - DAG(s) dict_keys(['example_python_operator']) retrieved from /home/airflow/.local/lib/python3.7/site-packages/airflow/example_dags/example_python_operator.py
[2023-05-21T00:01:18.557+0000] {logging_mixin.py:149} INFO - [2023-05-21T00:01:18.557+0000] {dag.py:2726} INFO - Sync 1 DAGs
[2023-05-21T00:01:18.588+0000] {logging_mixin.py:149} INFO - [2023-05-21T00:01:18.588+0000] {dag.py:3490} INFO - Setting next_dagrun for example_python_operator to None, run_after=None
[2023-05-21T00:01:18.610+0000] {processor.py:179} INFO - Processing /home/airflow/.local/lib/python3.7/site-packages/airflow/example_dags/example_python_operator.py took 0.114 seconds
[2023-05-21T00:01:49.017+0000] {processor.py:157} INFO - Started process (PID=21126) to work on /home/airflow/.local/lib/python3.7/site-packages/airflow/example_dags/example_python_operator.py
[2023-05-21T00:01:49.018+0000] {processor.py:826} INFO - Processing file /home/airflow/.local/lib/python3.7/site-packages/airflow/example_dags/example_python_operator.py for tasks to queue
[2023-05-21T00:01:49.019+0000] {logging_mixin.py:149} INFO - [2023-05-21T00:01:49.019+0000] {dagbag.py:541} INFO - Filling up the DagBag from /home/airflow/.local/lib/python3.7/site-packages/airflow/example_dags/example_python_operator.py
[2023-05-21T00:01:49.025+0000] {logging_mixin.py:149} INFO - [2023-05-21T00:01:49.025+0000] {taskmixin.py:211} WARNING - Dependency <Task(_PythonDecoratedOperator): print_the_context>, log_sql_query already registered for DAG: example_python_operator
[2023-05-21T00:01:49.026+0000] {logging_mixin.py:149} INFO - [2023-05-21T00:01:49.026+0000] {taskmixin.py:211} WARNING - Dependency <Task(_PythonDecoratedOperator): log_sql_query>, print_the_context already registered for DAG: example_python_operator
[2023-05-21T00:01:49.027+0000] {logging_mixin.py:149} INFO - [2023-05-21T00:01:49.027+0000] {taskmixin.py:211} WARNING - Dependency <Task(_PythonDecoratedOperator): print_the_context>, log_sql_query already registered for DAG: example_python_operator
[2023-05-21T00:01:49.027+0000] {logging_mixin.py:149} INFO - [2023-05-21T00:01:49.027+0000] {taskmixin.py:211} WARNING - Dependency <Task(_PythonDecoratedOperator): log_sql_query>, print_the_context already registered for DAG: example_python_operator
[2023-05-21T00:01:49.028+0000] {logging_mixin.py:149} INFO - [2023-05-21T00:01:49.028+0000] {taskmixin.py:211} WARNING - Dependency <Task(_PythonDecoratedOperator): print_the_context>, log_sql_query already registered for DAG: example_python_operator
[2023-05-21T00:01:49.029+0000] {logging_mixin.py:149} INFO - [2023-05-21T00:01:49.029+0000] {taskmixin.py:211} WARNING - Dependency <Task(_PythonDecoratedOperator): log_sql_query>, print_the_context already registered for DAG: example_python_operator
[2023-05-21T00:01:49.030+0000] {logging_mixin.py:149} INFO - [2023-05-21T00:01:49.030+0000] {taskmixin.py:211} WARNING - Dependency <Task(_PythonDecoratedOperator): print_the_context>, log_sql_query already registered for DAG: example_python_operator
[2023-05-21T00:01:49.031+0000] {logging_mixin.py:149} INFO - [2023-05-21T00:01:49.031+0000] {taskmixin.py:211} WARNING - Dependency <Task(_PythonDecoratedOperator): log_sql_query>, print_the_context already registered for DAG: example_python_operator
[2023-05-21T00:01:49.034+0000] {processor.py:836} INFO - DAG(s) dict_keys(['example_python_operator']) retrieved from /home/airflow/.local/lib/python3.7/site-packages/airflow/example_dags/example_python_operator.py
[2023-05-21T00:01:49.066+0000] {logging_mixin.py:149} INFO - [2023-05-21T00:01:49.065+0000] {dag.py:2726} INFO - Sync 1 DAGs
[2023-05-21T00:01:49.097+0000] {logging_mixin.py:149} INFO - [2023-05-21T00:01:49.097+0000] {dag.py:3490} INFO - Setting next_dagrun for example_python_operator to None, run_after=None
[2023-05-21T00:01:49.123+0000] {processor.py:179} INFO - Processing /home/airflow/.local/lib/python3.7/site-packages/airflow/example_dags/example_python_operator.py took 0.109 seconds
[2023-05-21T00:02:19.338+0000] {processor.py:157} INFO - Started process (PID=21194) to work on /home/airflow/.local/lib/python3.7/site-packages/airflow/example_dags/example_python_operator.py
[2023-05-21T00:02:19.339+0000] {processor.py:826} INFO - Processing file /home/airflow/.local/lib/python3.7/site-packages/airflow/example_dags/example_python_operator.py for tasks to queue
[2023-05-21T00:02:19.339+0000] {logging_mixin.py:149} INFO - [2023-05-21T00:02:19.339+0000] {dagbag.py:541} INFO - Filling up the DagBag from /home/airflow/.local/lib/python3.7/site-packages/airflow/example_dags/example_python_operator.py
[2023-05-21T00:02:19.347+0000] {logging_mixin.py:149} INFO - [2023-05-21T00:02:19.347+0000] {taskmixin.py:211} WARNING - Dependency <Task(_PythonDecoratedOperator): print_the_context>, log_sql_query already registered for DAG: example_python_operator
[2023-05-21T00:02:19.348+0000] {logging_mixin.py:149} INFO - [2023-05-21T00:02:19.348+0000] {taskmixin.py:211} WARNING - Dependency <Task(_PythonDecoratedOperator): log_sql_query>, print_the_context already registered for DAG: example_python_operator
[2023-05-21T00:02:19.349+0000] {logging_mixin.py:149} INFO - [2023-05-21T00:02:19.349+0000] {taskmixin.py:211} WARNING - Dependency <Task(_PythonDecoratedOperator): print_the_context>, log_sql_query already registered for DAG: example_python_operator
[2023-05-21T00:02:19.350+0000] {logging_mixin.py:149} INFO - [2023-05-21T00:02:19.350+0000] {taskmixin.py:211} WARNING - Dependency <Task(_PythonDecoratedOperator): log_sql_query>, print_the_context already registered for DAG: example_python_operator
[2023-05-21T00:02:19.351+0000] {logging_mixin.py:149} INFO - [2023-05-21T00:02:19.351+0000] {taskmixin.py:211} WARNING - Dependency <Task(_PythonDecoratedOperator): print_the_context>, log_sql_query already registered for DAG: example_python_operator
[2023-05-21T00:02:19.351+0000] {logging_mixin.py:149} INFO - [2023-05-21T00:02:19.351+0000] {taskmixin.py:211} WARNING - Dependency <Task(_PythonDecoratedOperator): log_sql_query>, print_the_context already registered for DAG: example_python_operator
[2023-05-21T00:02:19.352+0000] {logging_mixin.py:149} INFO - [2023-05-21T00:02:19.352+0000] {taskmixin.py:211} WARNING - Dependency <Task(_PythonDecoratedOperator): print_the_context>, log_sql_query already registered for DAG: example_python_operator
[2023-05-21T00:02:19.353+0000] {logging_mixin.py:149} INFO - [2023-05-21T00:02:19.353+0000] {taskmixin.py:211} WARNING - Dependency <Task(_PythonDecoratedOperator): log_sql_query>, print_the_context already registered for DAG: example_python_operator
[2023-05-21T00:02:19.356+0000] {processor.py:836} INFO - DAG(s) dict_keys(['example_python_operator']) retrieved from /home/airflow/.local/lib/python3.7/site-packages/airflow/example_dags/example_python_operator.py
[2023-05-21T00:02:19.388+0000] {logging_mixin.py:149} INFO - [2023-05-21T00:02:19.388+0000] {dag.py:2726} INFO - Sync 1 DAGs
[2023-05-21T00:02:19.420+0000] {logging_mixin.py:149} INFO - [2023-05-21T00:02:19.420+0000] {dag.py:3490} INFO - Setting next_dagrun for example_python_operator to None, run_after=None
[2023-05-21T00:02:19.449+0000] {processor.py:179} INFO - Processing /home/airflow/.local/lib/python3.7/site-packages/airflow/example_dags/example_python_operator.py took 0.114 seconds
[2023-05-21T00:02:49.878+0000] {processor.py:157} INFO - Started process (PID=21262) to work on /home/airflow/.local/lib/python3.7/site-packages/airflow/example_dags/example_python_operator.py
[2023-05-21T00:02:49.879+0000] {processor.py:826} INFO - Processing file /home/airflow/.local/lib/python3.7/site-packages/airflow/example_dags/example_python_operator.py for tasks to queue
[2023-05-21T00:02:49.880+0000] {logging_mixin.py:149} INFO - [2023-05-21T00:02:49.880+0000] {dagbag.py:541} INFO - Filling up the DagBag from /home/airflow/.local/lib/python3.7/site-packages/airflow/example_dags/example_python_operator.py
[2023-05-21T00:02:49.886+0000] {logging_mixin.py:149} INFO - [2023-05-21T00:02:49.886+0000] {taskmixin.py:211} WARNING - Dependency <Task(_PythonDecoratedOperator): print_the_context>, log_sql_query already registered for DAG: example_python_operator
[2023-05-21T00:02:49.887+0000] {logging_mixin.py:149} INFO - [2023-05-21T00:02:49.887+0000] {taskmixin.py:211} WARNING - Dependency <Task(_PythonDecoratedOperator): log_sql_query>, print_the_context already registered for DAG: example_python_operator
[2023-05-21T00:02:49.888+0000] {logging_mixin.py:149} INFO - [2023-05-21T00:02:49.888+0000] {taskmixin.py:211} WARNING - Dependency <Task(_PythonDecoratedOperator): print_the_context>, log_sql_query already registered for DAG: example_python_operator
[2023-05-21T00:02:49.888+0000] {logging_mixin.py:149} INFO - [2023-05-21T00:02:49.888+0000] {taskmixin.py:211} WARNING - Dependency <Task(_PythonDecoratedOperator): log_sql_query>, print_the_context already registered for DAG: example_python_operator
[2023-05-21T00:02:49.889+0000] {logging_mixin.py:149} INFO - [2023-05-21T00:02:49.889+0000] {taskmixin.py:211} WARNING - Dependency <Task(_PythonDecoratedOperator): print_the_context>, log_sql_query already registered for DAG: example_python_operator
[2023-05-21T00:02:49.890+0000] {logging_mixin.py:149} INFO - [2023-05-21T00:02:49.889+0000] {taskmixin.py:211} WARNING - Dependency <Task(_PythonDecoratedOperator): log_sql_query>, print_the_context already registered for DAG: example_python_operator
[2023-05-21T00:02:49.891+0000] {logging_mixin.py:149} INFO - [2023-05-21T00:02:49.890+0000] {taskmixin.py:211} WARNING - Dependency <Task(_PythonDecoratedOperator): print_the_context>, log_sql_query already registered for DAG: example_python_operator
[2023-05-21T00:02:49.891+0000] {logging_mixin.py:149} INFO - [2023-05-21T00:02:49.891+0000] {taskmixin.py:211} WARNING - Dependency <Task(_PythonDecoratedOperator): log_sql_query>, print_the_context already registered for DAG: example_python_operator
[2023-05-21T00:02:49.894+0000] {processor.py:836} INFO - DAG(s) dict_keys(['example_python_operator']) retrieved from /home/airflow/.local/lib/python3.7/site-packages/airflow/example_dags/example_python_operator.py
[2023-05-21T00:02:49.924+0000] {logging_mixin.py:149} INFO - [2023-05-21T00:02:49.924+0000] {dag.py:2726} INFO - Sync 1 DAGs
[2023-05-21T00:02:49.952+0000] {logging_mixin.py:149} INFO - [2023-05-21T00:02:49.952+0000] {dag.py:3490} INFO - Setting next_dagrun for example_python_operator to None, run_after=None
[2023-05-21T00:02:49.977+0000] {processor.py:179} INFO - Processing /home/airflow/.local/lib/python3.7/site-packages/airflow/example_dags/example_python_operator.py took 0.101 seconds
[2023-05-21T00:03:20.495+0000] {processor.py:157} INFO - Started process (PID=21331) to work on /home/airflow/.local/lib/python3.7/site-packages/airflow/example_dags/example_python_operator.py
[2023-05-21T00:03:20.496+0000] {processor.py:826} INFO - Processing file /home/airflow/.local/lib/python3.7/site-packages/airflow/example_dags/example_python_operator.py for tasks to queue
[2023-05-21T00:03:20.497+0000] {logging_mixin.py:149} INFO - [2023-05-21T00:03:20.497+0000] {dagbag.py:541} INFO - Filling up the DagBag from /home/airflow/.local/lib/python3.7/site-packages/airflow/example_dags/example_python_operator.py
[2023-05-21T00:03:20.505+0000] {logging_mixin.py:149} INFO - [2023-05-21T00:03:20.504+0000] {taskmixin.py:211} WARNING - Dependency <Task(_PythonDecoratedOperator): print_the_context>, log_sql_query already registered for DAG: example_python_operator
[2023-05-21T00:03:20.505+0000] {logging_mixin.py:149} INFO - [2023-05-21T00:03:20.505+0000] {taskmixin.py:211} WARNING - Dependency <Task(_PythonDecoratedOperator): log_sql_query>, print_the_context already registered for DAG: example_python_operator
[2023-05-21T00:03:20.506+0000] {logging_mixin.py:149} INFO - [2023-05-21T00:03:20.506+0000] {taskmixin.py:211} WARNING - Dependency <Task(_PythonDecoratedOperator): print_the_context>, log_sql_query already registered for DAG: example_python_operator
[2023-05-21T00:03:20.507+0000] {logging_mixin.py:149} INFO - [2023-05-21T00:03:20.507+0000] {taskmixin.py:211} WARNING - Dependency <Task(_PythonDecoratedOperator): log_sql_query>, print_the_context already registered for DAG: example_python_operator
[2023-05-21T00:03:20.508+0000] {logging_mixin.py:149} INFO - [2023-05-21T00:03:20.508+0000] {taskmixin.py:211} WARNING - Dependency <Task(_PythonDecoratedOperator): print_the_context>, log_sql_query already registered for DAG: example_python_operator
[2023-05-21T00:03:20.508+0000] {logging_mixin.py:149} INFO - [2023-05-21T00:03:20.508+0000] {taskmixin.py:211} WARNING - Dependency <Task(_PythonDecoratedOperator): log_sql_query>, print_the_context already registered for DAG: example_python_operator
[2023-05-21T00:03:20.510+0000] {logging_mixin.py:149} INFO - [2023-05-21T00:03:20.509+0000] {taskmixin.py:211} WARNING - Dependency <Task(_PythonDecoratedOperator): print_the_context>, log_sql_query already registered for DAG: example_python_operator
[2023-05-21T00:03:20.510+0000] {logging_mixin.py:149} INFO - [2023-05-21T00:03:20.510+0000] {taskmixin.py:211} WARNING - Dependency <Task(_PythonDecoratedOperator): log_sql_query>, print_the_context already registered for DAG: example_python_operator
[2023-05-21T00:03:20.514+0000] {processor.py:836} INFO - DAG(s) dict_keys(['example_python_operator']) retrieved from /home/airflow/.local/lib/python3.7/site-packages/airflow/example_dags/example_python_operator.py
[2023-05-21T00:03:20.544+0000] {logging_mixin.py:149} INFO - [2023-05-21T00:03:20.544+0000] {dag.py:2726} INFO - Sync 1 DAGs
[2023-05-21T00:03:20.573+0000] {logging_mixin.py:149} INFO - [2023-05-21T00:03:20.573+0000] {dag.py:3490} INFO - Setting next_dagrun for example_python_operator to None, run_after=None
[2023-05-21T00:03:20.602+0000] {processor.py:179} INFO - Processing /home/airflow/.local/lib/python3.7/site-packages/airflow/example_dags/example_python_operator.py took 0.109 seconds
[2023-05-21T00:03:50.978+0000] {processor.py:157} INFO - Started process (PID=21400) to work on /home/airflow/.local/lib/python3.7/site-packages/airflow/example_dags/example_python_operator.py
[2023-05-21T00:03:50.979+0000] {processor.py:826} INFO - Processing file /home/airflow/.local/lib/python3.7/site-packages/airflow/example_dags/example_python_operator.py for tasks to queue
[2023-05-21T00:03:50.980+0000] {logging_mixin.py:149} INFO - [2023-05-21T00:03:50.980+0000] {dagbag.py:541} INFO - Filling up the DagBag from /home/airflow/.local/lib/python3.7/site-packages/airflow/example_dags/example_python_operator.py
[2023-05-21T00:03:50.987+0000] {logging_mixin.py:149} INFO - [2023-05-21T00:03:50.987+0000] {taskmixin.py:211} WARNING - Dependency <Task(_PythonDecoratedOperator): print_the_context>, log_sql_query already registered for DAG: example_python_operator
[2023-05-21T00:03:50.988+0000] {logging_mixin.py:149} INFO - [2023-05-21T00:03:50.987+0000] {taskmixin.py:211} WARNING - Dependency <Task(_PythonDecoratedOperator): log_sql_query>, print_the_context already registered for DAG: example_python_operator
[2023-05-21T00:03:50.989+0000] {logging_mixin.py:149} INFO - [2023-05-21T00:03:50.989+0000] {taskmixin.py:211} WARNING - Dependency <Task(_PythonDecoratedOperator): print_the_context>, log_sql_query already registered for DAG: example_python_operator
[2023-05-21T00:03:50.989+0000] {logging_mixin.py:149} INFO - [2023-05-21T00:03:50.989+0000] {taskmixin.py:211} WARNING - Dependency <Task(_PythonDecoratedOperator): log_sql_query>, print_the_context already registered for DAG: example_python_operator
[2023-05-21T00:03:50.990+0000] {logging_mixin.py:149} INFO - [2023-05-21T00:03:50.990+0000] {taskmixin.py:211} WARNING - Dependency <Task(_PythonDecoratedOperator): print_the_context>, log_sql_query already registered for DAG: example_python_operator
[2023-05-21T00:03:50.991+0000] {logging_mixin.py:149} INFO - [2023-05-21T00:03:50.991+0000] {taskmixin.py:211} WARNING - Dependency <Task(_PythonDecoratedOperator): log_sql_query>, print_the_context already registered for DAG: example_python_operator
[2023-05-21T00:03:50.992+0000] {logging_mixin.py:149} INFO - [2023-05-21T00:03:50.992+0000] {taskmixin.py:211} WARNING - Dependency <Task(_PythonDecoratedOperator): print_the_context>, log_sql_query already registered for DAG: example_python_operator
[2023-05-21T00:03:50.993+0000] {logging_mixin.py:149} INFO - [2023-05-21T00:03:50.992+0000] {taskmixin.py:211} WARNING - Dependency <Task(_PythonDecoratedOperator): log_sql_query>, print_the_context already registered for DAG: example_python_operator
[2023-05-21T00:03:50.995+0000] {processor.py:836} INFO - DAG(s) dict_keys(['example_python_operator']) retrieved from /home/airflow/.local/lib/python3.7/site-packages/airflow/example_dags/example_python_operator.py
[2023-05-21T00:03:51.026+0000] {logging_mixin.py:149} INFO - [2023-05-21T00:03:51.026+0000] {dag.py:2726} INFO - Sync 1 DAGs
[2023-05-21T00:03:51.056+0000] {logging_mixin.py:149} INFO - [2023-05-21T00:03:51.056+0000] {dag.py:3490} INFO - Setting next_dagrun for example_python_operator to None, run_after=None
[2023-05-21T00:03:51.083+0000] {processor.py:179} INFO - Processing /home/airflow/.local/lib/python3.7/site-packages/airflow/example_dags/example_python_operator.py took 0.107 seconds
[2023-05-21T00:04:21.585+0000] {processor.py:157} INFO - Started process (PID=21469) to work on /home/airflow/.local/lib/python3.7/site-packages/airflow/example_dags/example_python_operator.py
[2023-05-21T00:04:21.586+0000] {processor.py:826} INFO - Processing file /home/airflow/.local/lib/python3.7/site-packages/airflow/example_dags/example_python_operator.py for tasks to queue
[2023-05-21T00:04:21.586+0000] {logging_mixin.py:149} INFO - [2023-05-21T00:04:21.586+0000] {dagbag.py:541} INFO - Filling up the DagBag from /home/airflow/.local/lib/python3.7/site-packages/airflow/example_dags/example_python_operator.py
[2023-05-21T00:04:21.593+0000] {logging_mixin.py:149} INFO - [2023-05-21T00:04:21.592+0000] {taskmixin.py:211} WARNING - Dependency <Task(_PythonDecoratedOperator): print_the_context>, log_sql_query already registered for DAG: example_python_operator
[2023-05-21T00:04:21.594+0000] {logging_mixin.py:149} INFO - [2023-05-21T00:04:21.593+0000] {taskmixin.py:211} WARNING - Dependency <Task(_PythonDecoratedOperator): log_sql_query>, print_the_context already registered for DAG: example_python_operator
[2023-05-21T00:04:21.595+0000] {logging_mixin.py:149} INFO - [2023-05-21T00:04:21.595+0000] {taskmixin.py:211} WARNING - Dependency <Task(_PythonDecoratedOperator): print_the_context>, log_sql_query already registered for DAG: example_python_operator
[2023-05-21T00:04:21.595+0000] {logging_mixin.py:149} INFO - [2023-05-21T00:04:21.595+0000] {taskmixin.py:211} WARNING - Dependency <Task(_PythonDecoratedOperator): log_sql_query>, print_the_context already registered for DAG: example_python_operator
[2023-05-21T00:04:21.596+0000] {logging_mixin.py:149} INFO - [2023-05-21T00:04:21.596+0000] {taskmixin.py:211} WARNING - Dependency <Task(_PythonDecoratedOperator): print_the_context>, log_sql_query already registered for DAG: example_python_operator
[2023-05-21T00:04:21.597+0000] {logging_mixin.py:149} INFO - [2023-05-21T00:04:21.597+0000] {taskmixin.py:211} WARNING - Dependency <Task(_PythonDecoratedOperator): log_sql_query>, print_the_context already registered for DAG: example_python_operator
[2023-05-21T00:04:21.598+0000] {logging_mixin.py:149} INFO - [2023-05-21T00:04:21.598+0000] {taskmixin.py:211} WARNING - Dependency <Task(_PythonDecoratedOperator): print_the_context>, log_sql_query already registered for DAG: example_python_operator
[2023-05-21T00:04:21.599+0000] {logging_mixin.py:149} INFO - [2023-05-21T00:04:21.599+0000] {taskmixin.py:211} WARNING - Dependency <Task(_PythonDecoratedOperator): log_sql_query>, print_the_context already registered for DAG: example_python_operator
[2023-05-21T00:04:21.602+0000] {processor.py:836} INFO - DAG(s) dict_keys(['example_python_operator']) retrieved from /home/airflow/.local/lib/python3.7/site-packages/airflow/example_dags/example_python_operator.py
[2023-05-21T00:04:21.632+0000] {logging_mixin.py:149} INFO - [2023-05-21T00:04:21.632+0000] {dag.py:2726} INFO - Sync 1 DAGs
[2023-05-21T00:04:21.661+0000] {logging_mixin.py:149} INFO - [2023-05-21T00:04:21.660+0000] {dag.py:3490} INFO - Setting next_dagrun for example_python_operator to None, run_after=None
[2023-05-21T00:04:21.686+0000] {processor.py:179} INFO - Processing /home/airflow/.local/lib/python3.7/site-packages/airflow/example_dags/example_python_operator.py took 0.104 seconds
[2023-05-21T00:04:52.020+0000] {processor.py:157} INFO - Started process (PID=21538) to work on /home/airflow/.local/lib/python3.7/site-packages/airflow/example_dags/example_python_operator.py
[2023-05-21T00:04:52.021+0000] {processor.py:826} INFO - Processing file /home/airflow/.local/lib/python3.7/site-packages/airflow/example_dags/example_python_operator.py for tasks to queue
[2023-05-21T00:04:52.022+0000] {logging_mixin.py:149} INFO - [2023-05-21T00:04:52.022+0000] {dagbag.py:541} INFO - Filling up the DagBag from /home/airflow/.local/lib/python3.7/site-packages/airflow/example_dags/example_python_operator.py
[2023-05-21T00:04:52.028+0000] {logging_mixin.py:149} INFO - [2023-05-21T00:04:52.028+0000] {taskmixin.py:211} WARNING - Dependency <Task(_PythonDecoratedOperator): print_the_context>, log_sql_query already registered for DAG: example_python_operator
[2023-05-21T00:04:52.029+0000] {logging_mixin.py:149} INFO - [2023-05-21T00:04:52.029+0000] {taskmixin.py:211} WARNING - Dependency <Task(_PythonDecoratedOperator): log_sql_query>, print_the_context already registered for DAG: example_python_operator
[2023-05-21T00:04:52.030+0000] {logging_mixin.py:149} INFO - [2023-05-21T00:04:52.030+0000] {taskmixin.py:211} WARNING - Dependency <Task(_PythonDecoratedOperator): print_the_context>, log_sql_query already registered for DAG: example_python_operator
[2023-05-21T00:04:52.030+0000] {logging_mixin.py:149} INFO - [2023-05-21T00:04:52.030+0000] {taskmixin.py:211} WARNING - Dependency <Task(_PythonDecoratedOperator): log_sql_query>, print_the_context already registered for DAG: example_python_operator
[2023-05-21T00:04:52.031+0000] {logging_mixin.py:149} INFO - [2023-05-21T00:04:52.031+0000] {taskmixin.py:211} WARNING - Dependency <Task(_PythonDecoratedOperator): print_the_context>, log_sql_query already registered for DAG: example_python_operator
[2023-05-21T00:04:52.032+0000] {logging_mixin.py:149} INFO - [2023-05-21T00:04:52.032+0000] {taskmixin.py:211} WARNING - Dependency <Task(_PythonDecoratedOperator): log_sql_query>, print_the_context already registered for DAG: example_python_operator
[2023-05-21T00:04:52.033+0000] {logging_mixin.py:149} INFO - [2023-05-21T00:04:52.033+0000] {taskmixin.py:211} WARNING - Dependency <Task(_PythonDecoratedOperator): print_the_context>, log_sql_query already registered for DAG: example_python_operator
[2023-05-21T00:04:52.033+0000] {logging_mixin.py:149} INFO - [2023-05-21T00:04:52.033+0000] {taskmixin.py:211} WARNING - Dependency <Task(_PythonDecoratedOperator): log_sql_query>, print_the_context already registered for DAG: example_python_operator
[2023-05-21T00:04:52.036+0000] {processor.py:836} INFO - DAG(s) dict_keys(['example_python_operator']) retrieved from /home/airflow/.local/lib/python3.7/site-packages/airflow/example_dags/example_python_operator.py
[2023-05-21T00:04:52.066+0000] {logging_mixin.py:149} INFO - [2023-05-21T00:04:52.065+0000] {dag.py:2726} INFO - Sync 1 DAGs
[2023-05-21T00:04:52.095+0000] {logging_mixin.py:149} INFO - [2023-05-21T00:04:52.095+0000] {dag.py:3490} INFO - Setting next_dagrun for example_python_operator to None, run_after=None
[2023-05-21T00:04:52.124+0000] {processor.py:179} INFO - Processing /home/airflow/.local/lib/python3.7/site-packages/airflow/example_dags/example_python_operator.py took 0.106 seconds
[2023-05-21T00:05:22.500+0000] {processor.py:157} INFO - Started process (PID=21606) to work on /home/airflow/.local/lib/python3.7/site-packages/airflow/example_dags/example_python_operator.py
[2023-05-21T00:05:22.501+0000] {processor.py:826} INFO - Processing file /home/airflow/.local/lib/python3.7/site-packages/airflow/example_dags/example_python_operator.py for tasks to queue
[2023-05-21T00:05:22.501+0000] {logging_mixin.py:149} INFO - [2023-05-21T00:05:22.501+0000] {dagbag.py:541} INFO - Filling up the DagBag from /home/airflow/.local/lib/python3.7/site-packages/airflow/example_dags/example_python_operator.py
[2023-05-21T00:05:22.508+0000] {logging_mixin.py:149} INFO - [2023-05-21T00:05:22.507+0000] {taskmixin.py:211} WARNING - Dependency <Task(_PythonDecoratedOperator): print_the_context>, log_sql_query already registered for DAG: example_python_operator
[2023-05-21T00:05:22.508+0000] {logging_mixin.py:149} INFO - [2023-05-21T00:05:22.508+0000] {taskmixin.py:211} WARNING - Dependency <Task(_PythonDecoratedOperator): log_sql_query>, print_the_context already registered for DAG: example_python_operator
[2023-05-21T00:05:22.509+0000] {logging_mixin.py:149} INFO - [2023-05-21T00:05:22.509+0000] {taskmixin.py:211} WARNING - Dependency <Task(_PythonDecoratedOperator): print_the_context>, log_sql_query already registered for DAG: example_python_operator
[2023-05-21T00:05:22.509+0000] {logging_mixin.py:149} INFO - [2023-05-21T00:05:22.509+0000] {taskmixin.py:211} WARNING - Dependency <Task(_PythonDecoratedOperator): log_sql_query>, print_the_context already registered for DAG: example_python_operator
[2023-05-21T00:05:22.510+0000] {logging_mixin.py:149} INFO - [2023-05-21T00:05:22.510+0000] {taskmixin.py:211} WARNING - Dependency <Task(_PythonDecoratedOperator): print_the_context>, log_sql_query already registered for DAG: example_python_operator
[2023-05-21T00:05:22.511+0000] {logging_mixin.py:149} INFO - [2023-05-21T00:05:22.511+0000] {taskmixin.py:211} WARNING - Dependency <Task(_PythonDecoratedOperator): log_sql_query>, print_the_context already registered for DAG: example_python_operator
[2023-05-21T00:05:22.512+0000] {logging_mixin.py:149} INFO - [2023-05-21T00:05:22.512+0000] {taskmixin.py:211} WARNING - Dependency <Task(_PythonDecoratedOperator): print_the_context>, log_sql_query already registered for DAG: example_python_operator
[2023-05-21T00:05:22.513+0000] {logging_mixin.py:149} INFO - [2023-05-21T00:05:22.513+0000] {taskmixin.py:211} WARNING - Dependency <Task(_PythonDecoratedOperator): log_sql_query>, print_the_context already registered for DAG: example_python_operator
[2023-05-21T00:05:22.516+0000] {processor.py:836} INFO - DAG(s) dict_keys(['example_python_operator']) retrieved from /home/airflow/.local/lib/python3.7/site-packages/airflow/example_dags/example_python_operator.py
[2023-05-21T00:05:22.549+0000] {logging_mixin.py:149} INFO - [2023-05-21T00:05:22.549+0000] {dag.py:2726} INFO - Sync 1 DAGs
[2023-05-21T00:05:22.579+0000] {logging_mixin.py:149} INFO - [2023-05-21T00:05:22.579+0000] {dag.py:3490} INFO - Setting next_dagrun for example_python_operator to None, run_after=None
[2023-05-21T00:05:22.608+0000] {processor.py:179} INFO - Processing /home/airflow/.local/lib/python3.7/site-packages/airflow/example_dags/example_python_operator.py took 0.112 seconds
[2023-05-21T00:05:53.001+0000] {processor.py:157} INFO - Started process (PID=21674) to work on /home/airflow/.local/lib/python3.7/site-packages/airflow/example_dags/example_python_operator.py
[2023-05-21T00:05:53.002+0000] {processor.py:826} INFO - Processing file /home/airflow/.local/lib/python3.7/site-packages/airflow/example_dags/example_python_operator.py for tasks to queue
[2023-05-21T00:05:53.003+0000] {logging_mixin.py:149} INFO - [2023-05-21T00:05:53.003+0000] {dagbag.py:541} INFO - Filling up the DagBag from /home/airflow/.local/lib/python3.7/site-packages/airflow/example_dags/example_python_operator.py
[2023-05-21T00:05:53.009+0000] {logging_mixin.py:149} INFO - [2023-05-21T00:05:53.009+0000] {taskmixin.py:211} WARNING - Dependency <Task(_PythonDecoratedOperator): print_the_context>, log_sql_query already registered for DAG: example_python_operator
[2023-05-21T00:05:53.009+0000] {logging_mixin.py:149} INFO - [2023-05-21T00:05:53.009+0000] {taskmixin.py:211} WARNING - Dependency <Task(_PythonDecoratedOperator): log_sql_query>, print_the_context already registered for DAG: example_python_operator
[2023-05-21T00:05:53.010+0000] {logging_mixin.py:149} INFO - [2023-05-21T00:05:53.010+0000] {taskmixin.py:211} WARNING - Dependency <Task(_PythonDecoratedOperator): print_the_context>, log_sql_query already registered for DAG: example_python_operator
[2023-05-21T00:05:53.011+0000] {logging_mixin.py:149} INFO - [2023-05-21T00:05:53.011+0000] {taskmixin.py:211} WARNING - Dependency <Task(_PythonDecoratedOperator): log_sql_query>, print_the_context already registered for DAG: example_python_operator
[2023-05-21T00:05:53.012+0000] {logging_mixin.py:149} INFO - [2023-05-21T00:05:53.012+0000] {taskmixin.py:211} WARNING - Dependency <Task(_PythonDecoratedOperator): print_the_context>, log_sql_query already registered for DAG: example_python_operator
[2023-05-21T00:05:53.012+0000] {logging_mixin.py:149} INFO - [2023-05-21T00:05:53.012+0000] {taskmixin.py:211} WARNING - Dependency <Task(_PythonDecoratedOperator): log_sql_query>, print_the_context already registered for DAG: example_python_operator
[2023-05-21T00:05:53.013+0000] {logging_mixin.py:149} INFO - [2023-05-21T00:05:53.013+0000] {taskmixin.py:211} WARNING - Dependency <Task(_PythonDecoratedOperator): print_the_context>, log_sql_query already registered for DAG: example_python_operator
[2023-05-21T00:05:53.014+0000] {logging_mixin.py:149} INFO - [2023-05-21T00:05:53.014+0000] {taskmixin.py:211} WARNING - Dependency <Task(_PythonDecoratedOperator): log_sql_query>, print_the_context already registered for DAG: example_python_operator
[2023-05-21T00:05:53.016+0000] {processor.py:836} INFO - DAG(s) dict_keys(['example_python_operator']) retrieved from /home/airflow/.local/lib/python3.7/site-packages/airflow/example_dags/example_python_operator.py
[2023-05-21T00:05:53.049+0000] {logging_mixin.py:149} INFO - [2023-05-21T00:05:53.048+0000] {dag.py:2726} INFO - Sync 1 DAGs
[2023-05-21T00:05:53.076+0000] {logging_mixin.py:149} INFO - [2023-05-21T00:05:53.076+0000] {dag.py:3490} INFO - Setting next_dagrun for example_python_operator to None, run_after=None
[2023-05-21T00:05:53.105+0000] {processor.py:179} INFO - Processing /home/airflow/.local/lib/python3.7/site-packages/airflow/example_dags/example_python_operator.py took 0.106 seconds
[2023-05-21T00:06:23.552+0000] {processor.py:157} INFO - Started process (PID=21743) to work on /home/airflow/.local/lib/python3.7/site-packages/airflow/example_dags/example_python_operator.py
[2023-05-21T00:06:23.553+0000] {processor.py:826} INFO - Processing file /home/airflow/.local/lib/python3.7/site-packages/airflow/example_dags/example_python_operator.py for tasks to queue
[2023-05-21T00:06:23.554+0000] {logging_mixin.py:149} INFO - [2023-05-21T00:06:23.554+0000] {dagbag.py:541} INFO - Filling up the DagBag from /home/airflow/.local/lib/python3.7/site-packages/airflow/example_dags/example_python_operator.py
[2023-05-21T00:06:23.563+0000] {logging_mixin.py:149} INFO - [2023-05-21T00:06:23.562+0000] {taskmixin.py:211} WARNING - Dependency <Task(_PythonDecoratedOperator): print_the_context>, log_sql_query already registered for DAG: example_python_operator
[2023-05-21T00:06:23.563+0000] {logging_mixin.py:149} INFO - [2023-05-21T00:06:23.563+0000] {taskmixin.py:211} WARNING - Dependency <Task(_PythonDecoratedOperator): log_sql_query>, print_the_context already registered for DAG: example_python_operator
[2023-05-21T00:06:23.564+0000] {logging_mixin.py:149} INFO - [2023-05-21T00:06:23.564+0000] {taskmixin.py:211} WARNING - Dependency <Task(_PythonDecoratedOperator): print_the_context>, log_sql_query already registered for DAG: example_python_operator
[2023-05-21T00:06:23.565+0000] {logging_mixin.py:149} INFO - [2023-05-21T00:06:23.565+0000] {taskmixin.py:211} WARNING - Dependency <Task(_PythonDecoratedOperator): log_sql_query>, print_the_context already registered for DAG: example_python_operator
[2023-05-21T00:06:23.566+0000] {logging_mixin.py:149} INFO - [2023-05-21T00:06:23.566+0000] {taskmixin.py:211} WARNING - Dependency <Task(_PythonDecoratedOperator): print_the_context>, log_sql_query already registered for DAG: example_python_operator
[2023-05-21T00:06:23.566+0000] {logging_mixin.py:149} INFO - [2023-05-21T00:06:23.566+0000] {taskmixin.py:211} WARNING - Dependency <Task(_PythonDecoratedOperator): log_sql_query>, print_the_context already registered for DAG: example_python_operator
[2023-05-21T00:06:23.567+0000] {logging_mixin.py:149} INFO - [2023-05-21T00:06:23.567+0000] {taskmixin.py:211} WARNING - Dependency <Task(_PythonDecoratedOperator): print_the_context>, log_sql_query already registered for DAG: example_python_operator
[2023-05-21T00:06:23.567+0000] {logging_mixin.py:149} INFO - [2023-05-21T00:06:23.567+0000] {taskmixin.py:211} WARNING - Dependency <Task(_PythonDecoratedOperator): log_sql_query>, print_the_context already registered for DAG: example_python_operator
[2023-05-21T00:06:23.571+0000] {processor.py:836} INFO - DAG(s) dict_keys(['example_python_operator']) retrieved from /home/airflow/.local/lib/python3.7/site-packages/airflow/example_dags/example_python_operator.py
[2023-05-21T00:06:23.600+0000] {logging_mixin.py:149} INFO - [2023-05-21T00:06:23.600+0000] {dag.py:2726} INFO - Sync 1 DAGs
[2023-05-21T00:06:23.629+0000] {logging_mixin.py:149} INFO - [2023-05-21T00:06:23.629+0000] {dag.py:3490} INFO - Setting next_dagrun for example_python_operator to None, run_after=None
[2023-05-21T00:06:23.657+0000] {processor.py:179} INFO - Processing /home/airflow/.local/lib/python3.7/site-packages/airflow/example_dags/example_python_operator.py took 0.108 seconds
[2023-05-21T00:06:54.135+0000] {processor.py:157} INFO - Started process (PID=21818) to work on /home/airflow/.local/lib/python3.7/site-packages/airflow/example_dags/example_python_operator.py
[2023-05-21T00:06:54.136+0000] {processor.py:826} INFO - Processing file /home/airflow/.local/lib/python3.7/site-packages/airflow/example_dags/example_python_operator.py for tasks to queue
[2023-05-21T00:06:54.137+0000] {logging_mixin.py:149} INFO - [2023-05-21T00:06:54.137+0000] {dagbag.py:541} INFO - Filling up the DagBag from /home/airflow/.local/lib/python3.7/site-packages/airflow/example_dags/example_python_operator.py
[2023-05-21T00:06:54.144+0000] {logging_mixin.py:149} INFO - [2023-05-21T00:06:54.144+0000] {taskmixin.py:211} WARNING - Dependency <Task(_PythonDecoratedOperator): print_the_context>, log_sql_query already registered for DAG: example_python_operator
[2023-05-21T00:06:54.145+0000] {logging_mixin.py:149} INFO - [2023-05-21T00:06:54.145+0000] {taskmixin.py:211} WARNING - Dependency <Task(_PythonDecoratedOperator): log_sql_query>, print_the_context already registered for DAG: example_python_operator
[2023-05-21T00:06:54.146+0000] {logging_mixin.py:149} INFO - [2023-05-21T00:06:54.146+0000] {taskmixin.py:211} WARNING - Dependency <Task(_PythonDecoratedOperator): print_the_context>, log_sql_query already registered for DAG: example_python_operator
[2023-05-21T00:06:54.147+0000] {logging_mixin.py:149} INFO - [2023-05-21T00:06:54.147+0000] {taskmixin.py:211} WARNING - Dependency <Task(_PythonDecoratedOperator): log_sql_query>, print_the_context already registered for DAG: example_python_operator
[2023-05-21T00:06:54.148+0000] {logging_mixin.py:149} INFO - [2023-05-21T00:06:54.148+0000] {taskmixin.py:211} WARNING - Dependency <Task(_PythonDecoratedOperator): print_the_context>, log_sql_query already registered for DAG: example_python_operator
[2023-05-21T00:06:54.148+0000] {logging_mixin.py:149} INFO - [2023-05-21T00:06:54.148+0000] {taskmixin.py:211} WARNING - Dependency <Task(_PythonDecoratedOperator): log_sql_query>, print_the_context already registered for DAG: example_python_operator
[2023-05-21T00:06:54.150+0000] {logging_mixin.py:149} INFO - [2023-05-21T00:06:54.149+0000] {taskmixin.py:211} WARNING - Dependency <Task(_PythonDecoratedOperator): print_the_context>, log_sql_query already registered for DAG: example_python_operator
[2023-05-21T00:06:54.150+0000] {logging_mixin.py:149} INFO - [2023-05-21T00:06:54.150+0000] {taskmixin.py:211} WARNING - Dependency <Task(_PythonDecoratedOperator): log_sql_query>, print_the_context already registered for DAG: example_python_operator
[2023-05-21T00:06:54.153+0000] {processor.py:836} INFO - DAG(s) dict_keys(['example_python_operator']) retrieved from /home/airflow/.local/lib/python3.7/site-packages/airflow/example_dags/example_python_operator.py
[2023-05-21T00:06:54.186+0000] {logging_mixin.py:149} INFO - [2023-05-21T00:06:54.185+0000] {dag.py:2726} INFO - Sync 1 DAGs
[2023-05-21T00:06:54.214+0000] {logging_mixin.py:149} INFO - [2023-05-21T00:06:54.213+0000] {dag.py:3490} INFO - Setting next_dagrun for example_python_operator to None, run_after=None
[2023-05-21T00:06:54.242+0000] {processor.py:179} INFO - Processing /home/airflow/.local/lib/python3.7/site-packages/airflow/example_dags/example_python_operator.py took 0.111 seconds
[2023-05-21T00:07:24.386+0000] {processor.py:157} INFO - Started process (PID=21886) to work on /home/airflow/.local/lib/python3.7/site-packages/airflow/example_dags/example_python_operator.py
[2023-05-21T00:07:24.387+0000] {processor.py:826} INFO - Processing file /home/airflow/.local/lib/python3.7/site-packages/airflow/example_dags/example_python_operator.py for tasks to queue
[2023-05-21T00:07:24.387+0000] {logging_mixin.py:149} INFO - [2023-05-21T00:07:24.387+0000] {dagbag.py:541} INFO - Filling up the DagBag from /home/airflow/.local/lib/python3.7/site-packages/airflow/example_dags/example_python_operator.py
[2023-05-21T00:07:24.395+0000] {logging_mixin.py:149} INFO - [2023-05-21T00:07:24.395+0000] {taskmixin.py:211} WARNING - Dependency <Task(_PythonDecoratedOperator): print_the_context>, log_sql_query already registered for DAG: example_python_operator
[2023-05-21T00:07:24.396+0000] {logging_mixin.py:149} INFO - [2023-05-21T00:07:24.395+0000] {taskmixin.py:211} WARNING - Dependency <Task(_PythonDecoratedOperator): log_sql_query>, print_the_context already registered for DAG: example_python_operator
[2023-05-21T00:07:24.397+0000] {logging_mixin.py:149} INFO - [2023-05-21T00:07:24.397+0000] {taskmixin.py:211} WARNING - Dependency <Task(_PythonDecoratedOperator): print_the_context>, log_sql_query already registered for DAG: example_python_operator
[2023-05-21T00:07:24.397+0000] {logging_mixin.py:149} INFO - [2023-05-21T00:07:24.397+0000] {taskmixin.py:211} WARNING - Dependency <Task(_PythonDecoratedOperator): log_sql_query>, print_the_context already registered for DAG: example_python_operator
[2023-05-21T00:07:24.398+0000] {logging_mixin.py:149} INFO - [2023-05-21T00:07:24.398+0000] {taskmixin.py:211} WARNING - Dependency <Task(_PythonDecoratedOperator): print_the_context>, log_sql_query already registered for DAG: example_python_operator
[2023-05-21T00:07:24.399+0000] {logging_mixin.py:149} INFO - [2023-05-21T00:07:24.399+0000] {taskmixin.py:211} WARNING - Dependency <Task(_PythonDecoratedOperator): log_sql_query>, print_the_context already registered for DAG: example_python_operator
[2023-05-21T00:07:24.400+0000] {logging_mixin.py:149} INFO - [2023-05-21T00:07:24.400+0000] {taskmixin.py:211} WARNING - Dependency <Task(_PythonDecoratedOperator): print_the_context>, log_sql_query already registered for DAG: example_python_operator
[2023-05-21T00:07:24.401+0000] {logging_mixin.py:149} INFO - [2023-05-21T00:07:24.401+0000] {taskmixin.py:211} WARNING - Dependency <Task(_PythonDecoratedOperator): log_sql_query>, print_the_context already registered for DAG: example_python_operator
[2023-05-21T00:07:24.404+0000] {processor.py:836} INFO - DAG(s) dict_keys(['example_python_operator']) retrieved from /home/airflow/.local/lib/python3.7/site-packages/airflow/example_dags/example_python_operator.py
[2023-05-21T00:07:24.439+0000] {logging_mixin.py:149} INFO - [2023-05-21T00:07:24.438+0000] {dag.py:2726} INFO - Sync 1 DAGs
[2023-05-21T00:07:24.474+0000] {logging_mixin.py:149} INFO - [2023-05-21T00:07:24.474+0000] {dag.py:3490} INFO - Setting next_dagrun for example_python_operator to None, run_after=None
[2023-05-21T00:07:24.509+0000] {processor.py:179} INFO - Processing /home/airflow/.local/lib/python3.7/site-packages/airflow/example_dags/example_python_operator.py took 0.126 seconds
[2023-05-21T00:07:55.127+0000] {processor.py:157} INFO - Started process (PID=21955) to work on /home/airflow/.local/lib/python3.7/site-packages/airflow/example_dags/example_python_operator.py
[2023-05-21T00:07:55.127+0000] {processor.py:826} INFO - Processing file /home/airflow/.local/lib/python3.7/site-packages/airflow/example_dags/example_python_operator.py for tasks to queue
[2023-05-21T00:07:55.128+0000] {logging_mixin.py:149} INFO - [2023-05-21T00:07:55.128+0000] {dagbag.py:541} INFO - Filling up the DagBag from /home/airflow/.local/lib/python3.7/site-packages/airflow/example_dags/example_python_operator.py
[2023-05-21T00:07:55.133+0000] {logging_mixin.py:149} INFO - [2023-05-21T00:07:55.133+0000] {taskmixin.py:211} WARNING - Dependency <Task(_PythonDecoratedOperator): print_the_context>, log_sql_query already registered for DAG: example_python_operator
[2023-05-21T00:07:55.133+0000] {logging_mixin.py:149} INFO - [2023-05-21T00:07:55.133+0000] {taskmixin.py:211} WARNING - Dependency <Task(_PythonDecoratedOperator): log_sql_query>, print_the_context already registered for DAG: example_python_operator
[2023-05-21T00:07:55.134+0000] {logging_mixin.py:149} INFO - [2023-05-21T00:07:55.134+0000] {taskmixin.py:211} WARNING - Dependency <Task(_PythonDecoratedOperator): print_the_context>, log_sql_query already registered for DAG: example_python_operator
[2023-05-21T00:07:55.134+0000] {logging_mixin.py:149} INFO - [2023-05-21T00:07:55.134+0000] {taskmixin.py:211} WARNING - Dependency <Task(_PythonDecoratedOperator): log_sql_query>, print_the_context already registered for DAG: example_python_operator
[2023-05-21T00:07:55.135+0000] {logging_mixin.py:149} INFO - [2023-05-21T00:07:55.135+0000] {taskmixin.py:211} WARNING - Dependency <Task(_PythonDecoratedOperator): print_the_context>, log_sql_query already registered for DAG: example_python_operator
[2023-05-21T00:07:55.135+0000] {logging_mixin.py:149} INFO - [2023-05-21T00:07:55.135+0000] {taskmixin.py:211} WARNING - Dependency <Task(_PythonDecoratedOperator): log_sql_query>, print_the_context already registered for DAG: example_python_operator
[2023-05-21T00:07:55.136+0000] {logging_mixin.py:149} INFO - [2023-05-21T00:07:55.136+0000] {taskmixin.py:211} WARNING - Dependency <Task(_PythonDecoratedOperator): print_the_context>, log_sql_query already registered for DAG: example_python_operator
[2023-05-21T00:07:55.137+0000] {logging_mixin.py:149} INFO - [2023-05-21T00:07:55.136+0000] {taskmixin.py:211} WARNING - Dependency <Task(_PythonDecoratedOperator): log_sql_query>, print_the_context already registered for DAG: example_python_operator
[2023-05-21T00:07:55.139+0000] {processor.py:836} INFO - DAG(s) dict_keys(['example_python_operator']) retrieved from /home/airflow/.local/lib/python3.7/site-packages/airflow/example_dags/example_python_operator.py
[2023-05-21T00:07:55.165+0000] {logging_mixin.py:149} INFO - [2023-05-21T00:07:55.165+0000] {dag.py:2726} INFO - Sync 1 DAGs
[2023-05-21T00:07:55.188+0000] {logging_mixin.py:149} INFO - [2023-05-21T00:07:55.188+0000] {dag.py:3490} INFO - Setting next_dagrun for example_python_operator to None, run_after=None
[2023-05-21T00:07:55.359+0000] {processor.py:179} INFO - Processing /home/airflow/.local/lib/python3.7/site-packages/airflow/example_dags/example_python_operator.py took 0.234 seconds
[2023-05-21T23:12:43.119+0000] {processor.py:157} INFO - Started process (PID=56) to work on /home/airflow/.local/lib/python3.7/site-packages/airflow/example_dags/example_python_operator.py
[2023-05-21T23:12:43.121+0000] {processor.py:826} INFO - Processing file /home/airflow/.local/lib/python3.7/site-packages/airflow/example_dags/example_python_operator.py for tasks to queue
[2023-05-21T23:12:43.121+0000] {logging_mixin.py:149} INFO - [2023-05-21T23:12:43.121+0000] {dagbag.py:541} INFO - Filling up the DagBag from /home/airflow/.local/lib/python3.7/site-packages/airflow/example_dags/example_python_operator.py
[2023-05-21T23:12:43.127+0000] {logging_mixin.py:149} INFO - [2023-05-21T23:12:43.127+0000] {taskmixin.py:211} WARNING - Dependency <Task(_PythonDecoratedOperator): print_the_context>, log_sql_query already registered for DAG: example_python_operator
[2023-05-21T23:12:43.128+0000] {logging_mixin.py:149} INFO - [2023-05-21T23:12:43.128+0000] {taskmixin.py:211} WARNING - Dependency <Task(_PythonDecoratedOperator): log_sql_query>, print_the_context already registered for DAG: example_python_operator
[2023-05-21T23:12:43.129+0000] {logging_mixin.py:149} INFO - [2023-05-21T23:12:43.129+0000] {taskmixin.py:211} WARNING - Dependency <Task(_PythonDecoratedOperator): print_the_context>, log_sql_query already registered for DAG: example_python_operator
[2023-05-21T23:12:43.129+0000] {logging_mixin.py:149} INFO - [2023-05-21T23:12:43.129+0000] {taskmixin.py:211} WARNING - Dependency <Task(_PythonDecoratedOperator): log_sql_query>, print_the_context already registered for DAG: example_python_operator
[2023-05-21T23:12:43.130+0000] {logging_mixin.py:149} INFO - [2023-05-21T23:12:43.130+0000] {taskmixin.py:211} WARNING - Dependency <Task(_PythonDecoratedOperator): print_the_context>, log_sql_query already registered for DAG: example_python_operator
[2023-05-21T23:12:43.130+0000] {logging_mixin.py:149} INFO - [2023-05-21T23:12:43.130+0000] {taskmixin.py:211} WARNING - Dependency <Task(_PythonDecoratedOperator): log_sql_query>, print_the_context already registered for DAG: example_python_operator
[2023-05-21T23:12:43.131+0000] {logging_mixin.py:149} INFO - [2023-05-21T23:12:43.131+0000] {taskmixin.py:211} WARNING - Dependency <Task(_PythonDecoratedOperator): print_the_context>, log_sql_query already registered for DAG: example_python_operator
[2023-05-21T23:12:43.132+0000] {logging_mixin.py:149} INFO - [2023-05-21T23:12:43.132+0000] {taskmixin.py:211} WARNING - Dependency <Task(_PythonDecoratedOperator): log_sql_query>, print_the_context already registered for DAG: example_python_operator
[2023-05-21T23:12:43.136+0000] {processor.py:836} INFO - DAG(s) dict_keys(['example_python_operator']) retrieved from /home/airflow/.local/lib/python3.7/site-packages/airflow/example_dags/example_python_operator.py
[2023-05-21T23:12:43.147+0000] {logging_mixin.py:149} INFO - [2023-05-21T23:12:43.147+0000] {dag.py:2726} INFO - Sync 1 DAGs
[2023-05-21T23:12:43.175+0000] {logging_mixin.py:149} INFO - [2023-05-21T23:12:43.175+0000] {dag.py:3490} INFO - Setting next_dagrun for example_python_operator to None, run_after=None
[2023-05-21T23:12:43.199+0000] {processor.py:179} INFO - Processing /home/airflow/.local/lib/python3.7/site-packages/airflow/example_dags/example_python_operator.py took 0.082 seconds
