[2023-05-21T00:00:19.083+0000] {processor.py:157} INFO - Started process (PID=20933) to work on /home/airflow/.local/lib/python3.7/site-packages/airflow/example_dags/example_trigger_target_dag.py
[2023-05-21T00:00:19.084+0000] {processor.py:826} INFO - Processing file /home/airflow/.local/lib/python3.7/site-packages/airflow/example_dags/example_trigger_target_dag.py for tasks to queue
[2023-05-21T00:00:19.085+0000] {logging_mixin.py:149} INFO - [2023-05-21T00:00:19.084+0000] {dagbag.py:541} INFO - Filling up the DagBag from /home/airflow/.local/lib/python3.7/site-packages/airflow/example_dags/example_trigger_target_dag.py
[2023-05-21T00:00:19.090+0000] {processor.py:836} INFO - DAG(s) dict_keys(['example_trigger_target_dag']) retrieved from /home/airflow/.local/lib/python3.7/site-packages/airflow/example_dags/example_trigger_target_dag.py
[2023-05-21T00:00:19.115+0000] {logging_mixin.py:149} INFO - [2023-05-21T00:00:19.115+0000] {dag.py:2726} INFO - Sync 1 DAGs
[2023-05-21T00:00:19.143+0000] {logging_mixin.py:149} INFO - [2023-05-21T00:00:19.143+0000] {dag.py:3490} INFO - Setting next_dagrun for example_trigger_target_dag to None, run_after=None
[2023-05-21T00:00:19.169+0000] {processor.py:179} INFO - Processing /home/airflow/.local/lib/python3.7/site-packages/airflow/example_dags/example_trigger_target_dag.py took 0.089 seconds
[2023-05-21T00:00:49.618+0000] {processor.py:157} INFO - Started process (PID=21002) to work on /home/airflow/.local/lib/python3.7/site-packages/airflow/example_dags/example_trigger_target_dag.py
[2023-05-21T00:00:49.619+0000] {processor.py:826} INFO - Processing file /home/airflow/.local/lib/python3.7/site-packages/airflow/example_dags/example_trigger_target_dag.py for tasks to queue
[2023-05-21T00:00:49.620+0000] {logging_mixin.py:149} INFO - [2023-05-21T00:00:49.620+0000] {dagbag.py:541} INFO - Filling up the DagBag from /home/airflow/.local/lib/python3.7/site-packages/airflow/example_dags/example_trigger_target_dag.py
[2023-05-21T00:00:49.626+0000] {processor.py:836} INFO - DAG(s) dict_keys(['example_trigger_target_dag']) retrieved from /home/airflow/.local/lib/python3.7/site-packages/airflow/example_dags/example_trigger_target_dag.py
[2023-05-21T00:00:49.652+0000] {logging_mixin.py:149} INFO - [2023-05-21T00:00:49.652+0000] {dag.py:2726} INFO - Sync 1 DAGs
[2023-05-21T00:00:49.682+0000] {logging_mixin.py:149} INFO - [2023-05-21T00:00:49.682+0000] {dag.py:3490} INFO - Setting next_dagrun for example_trigger_target_dag to None, run_after=None
[2023-05-21T00:00:49.884+0000] {processor.py:179} INFO - Processing /home/airflow/.local/lib/python3.7/site-packages/airflow/example_dags/example_trigger_target_dag.py took 0.269 seconds
[2023-05-21T00:01:20.426+0000] {processor.py:157} INFO - Started process (PID=21070) to work on /home/airflow/.local/lib/python3.7/site-packages/airflow/example_dags/example_trigger_target_dag.py
[2023-05-21T00:01:20.427+0000] {processor.py:826} INFO - Processing file /home/airflow/.local/lib/python3.7/site-packages/airflow/example_dags/example_trigger_target_dag.py for tasks to queue
[2023-05-21T00:01:20.428+0000] {logging_mixin.py:149} INFO - [2023-05-21T00:01:20.428+0000] {dagbag.py:541} INFO - Filling up the DagBag from /home/airflow/.local/lib/python3.7/site-packages/airflow/example_dags/example_trigger_target_dag.py
[2023-05-21T00:01:20.433+0000] {processor.py:836} INFO - DAG(s) dict_keys(['example_trigger_target_dag']) retrieved from /home/airflow/.local/lib/python3.7/site-packages/airflow/example_dags/example_trigger_target_dag.py
[2023-05-21T00:01:20.457+0000] {logging_mixin.py:149} INFO - [2023-05-21T00:01:20.457+0000] {dag.py:2726} INFO - Sync 1 DAGs
[2023-05-21T00:01:20.484+0000] {logging_mixin.py:149} INFO - [2023-05-21T00:01:20.484+0000] {dag.py:3490} INFO - Setting next_dagrun for example_trigger_target_dag to None, run_after=None
[2023-05-21T00:01:20.509+0000] {processor.py:179} INFO - Processing /home/airflow/.local/lib/python3.7/site-packages/airflow/example_dags/example_trigger_target_dag.py took 0.085 seconds
[2023-05-21T00:01:50.932+0000] {processor.py:157} INFO - Started process (PID=21138) to work on /home/airflow/.local/lib/python3.7/site-packages/airflow/example_dags/example_trigger_target_dag.py
[2023-05-21T00:01:50.934+0000] {processor.py:826} INFO - Processing file /home/airflow/.local/lib/python3.7/site-packages/airflow/example_dags/example_trigger_target_dag.py for tasks to queue
[2023-05-21T00:01:50.935+0000] {logging_mixin.py:149} INFO - [2023-05-21T00:01:50.935+0000] {dagbag.py:541} INFO - Filling up the DagBag from /home/airflow/.local/lib/python3.7/site-packages/airflow/example_dags/example_trigger_target_dag.py
[2023-05-21T00:01:50.941+0000] {processor.py:836} INFO - DAG(s) dict_keys(['example_trigger_target_dag']) retrieved from /home/airflow/.local/lib/python3.7/site-packages/airflow/example_dags/example_trigger_target_dag.py
[2023-05-21T00:01:50.967+0000] {logging_mixin.py:149} INFO - [2023-05-21T00:01:50.967+0000] {dag.py:2726} INFO - Sync 1 DAGs
[2023-05-21T00:01:50.996+0000] {logging_mixin.py:149} INFO - [2023-05-21T00:01:50.996+0000] {dag.py:3490} INFO - Setting next_dagrun for example_trigger_target_dag to None, run_after=None
[2023-05-21T00:01:51.051+0000] {processor.py:179} INFO - Processing /home/airflow/.local/lib/python3.7/site-packages/airflow/example_dags/example_trigger_target_dag.py took 0.121 seconds
[2023-05-21T00:02:21.193+0000] {processor.py:157} INFO - Started process (PID=21206) to work on /home/airflow/.local/lib/python3.7/site-packages/airflow/example_dags/example_trigger_target_dag.py
[2023-05-21T00:02:21.195+0000] {processor.py:826} INFO - Processing file /home/airflow/.local/lib/python3.7/site-packages/airflow/example_dags/example_trigger_target_dag.py for tasks to queue
[2023-05-21T00:02:21.196+0000] {logging_mixin.py:149} INFO - [2023-05-21T00:02:21.196+0000] {dagbag.py:541} INFO - Filling up the DagBag from /home/airflow/.local/lib/python3.7/site-packages/airflow/example_dags/example_trigger_target_dag.py
[2023-05-21T00:02:21.201+0000] {processor.py:836} INFO - DAG(s) dict_keys(['example_trigger_target_dag']) retrieved from /home/airflow/.local/lib/python3.7/site-packages/airflow/example_dags/example_trigger_target_dag.py
[2023-05-21T00:02:21.228+0000] {logging_mixin.py:149} INFO - [2023-05-21T00:02:21.228+0000] {dag.py:2726} INFO - Sync 1 DAGs
[2023-05-21T00:02:21.258+0000] {logging_mixin.py:149} INFO - [2023-05-21T00:02:21.258+0000] {dag.py:3490} INFO - Setting next_dagrun for example_trigger_target_dag to None, run_after=None
[2023-05-21T00:02:21.290+0000] {processor.py:179} INFO - Processing /home/airflow/.local/lib/python3.7/site-packages/airflow/example_dags/example_trigger_target_dag.py took 0.101 seconds
[2023-05-21T00:02:51.911+0000] {processor.py:157} INFO - Started process (PID=21274) to work on /home/airflow/.local/lib/python3.7/site-packages/airflow/example_dags/example_trigger_target_dag.py
[2023-05-21T00:02:51.912+0000] {processor.py:826} INFO - Processing file /home/airflow/.local/lib/python3.7/site-packages/airflow/example_dags/example_trigger_target_dag.py for tasks to queue
[2023-05-21T00:02:51.913+0000] {logging_mixin.py:149} INFO - [2023-05-21T00:02:51.913+0000] {dagbag.py:541} INFO - Filling up the DagBag from /home/airflow/.local/lib/python3.7/site-packages/airflow/example_dags/example_trigger_target_dag.py
[2023-05-21T00:02:51.918+0000] {processor.py:836} INFO - DAG(s) dict_keys(['example_trigger_target_dag']) retrieved from /home/airflow/.local/lib/python3.7/site-packages/airflow/example_dags/example_trigger_target_dag.py
[2023-05-21T00:02:51.944+0000] {logging_mixin.py:149} INFO - [2023-05-21T00:02:51.943+0000] {dag.py:2726} INFO - Sync 1 DAGs
[2023-05-21T00:02:51.972+0000] {logging_mixin.py:149} INFO - [2023-05-21T00:02:51.972+0000] {dag.py:3490} INFO - Setting next_dagrun for example_trigger_target_dag to None, run_after=None
[2023-05-21T00:02:51.998+0000] {processor.py:179} INFO - Processing /home/airflow/.local/lib/python3.7/site-packages/airflow/example_dags/example_trigger_target_dag.py took 0.090 seconds
[2023-05-21T00:03:22.461+0000] {processor.py:157} INFO - Started process (PID=21343) to work on /home/airflow/.local/lib/python3.7/site-packages/airflow/example_dags/example_trigger_target_dag.py
[2023-05-21T00:03:22.462+0000] {processor.py:826} INFO - Processing file /home/airflow/.local/lib/python3.7/site-packages/airflow/example_dags/example_trigger_target_dag.py for tasks to queue
[2023-05-21T00:03:22.463+0000] {logging_mixin.py:149} INFO - [2023-05-21T00:03:22.462+0000] {dagbag.py:541} INFO - Filling up the DagBag from /home/airflow/.local/lib/python3.7/site-packages/airflow/example_dags/example_trigger_target_dag.py
[2023-05-21T00:03:22.467+0000] {processor.py:836} INFO - DAG(s) dict_keys(['example_trigger_target_dag']) retrieved from /home/airflow/.local/lib/python3.7/site-packages/airflow/example_dags/example_trigger_target_dag.py
[2023-05-21T00:03:22.493+0000] {logging_mixin.py:149} INFO - [2023-05-21T00:03:22.493+0000] {dag.py:2726} INFO - Sync 1 DAGs
[2023-05-21T00:03:22.522+0000] {logging_mixin.py:149} INFO - [2023-05-21T00:03:22.522+0000] {dag.py:3490} INFO - Setting next_dagrun for example_trigger_target_dag to None, run_after=None
[2023-05-21T00:03:22.552+0000] {processor.py:179} INFO - Processing /home/airflow/.local/lib/python3.7/site-packages/airflow/example_dags/example_trigger_target_dag.py took 0.095 seconds
[2023-05-21T00:03:52.898+0000] {processor.py:157} INFO - Started process (PID=21412) to work on /home/airflow/.local/lib/python3.7/site-packages/airflow/example_dags/example_trigger_target_dag.py
[2023-05-21T00:03:52.899+0000] {processor.py:826} INFO - Processing file /home/airflow/.local/lib/python3.7/site-packages/airflow/example_dags/example_trigger_target_dag.py for tasks to queue
[2023-05-21T00:03:52.900+0000] {logging_mixin.py:149} INFO - [2023-05-21T00:03:52.900+0000] {dagbag.py:541} INFO - Filling up the DagBag from /home/airflow/.local/lib/python3.7/site-packages/airflow/example_dags/example_trigger_target_dag.py
[2023-05-21T00:03:52.906+0000] {processor.py:836} INFO - DAG(s) dict_keys(['example_trigger_target_dag']) retrieved from /home/airflow/.local/lib/python3.7/site-packages/airflow/example_dags/example_trigger_target_dag.py
[2023-05-21T00:03:52.934+0000] {logging_mixin.py:149} INFO - [2023-05-21T00:03:52.933+0000] {dag.py:2726} INFO - Sync 1 DAGs
[2023-05-21T00:03:52.962+0000] {logging_mixin.py:149} INFO - [2023-05-21T00:03:52.962+0000] {dag.py:3490} INFO - Setting next_dagrun for example_trigger_target_dag to None, run_after=None
[2023-05-21T00:03:52.992+0000] {processor.py:179} INFO - Processing /home/airflow/.local/lib/python3.7/site-packages/airflow/example_dags/example_trigger_target_dag.py took 0.097 seconds
[2023-05-21T00:04:23.636+0000] {processor.py:157} INFO - Started process (PID=21489) to work on /home/airflow/.local/lib/python3.7/site-packages/airflow/example_dags/example_trigger_target_dag.py
[2023-05-21T00:04:23.637+0000] {processor.py:826} INFO - Processing file /home/airflow/.local/lib/python3.7/site-packages/airflow/example_dags/example_trigger_target_dag.py for tasks to queue
[2023-05-21T00:04:23.637+0000] {logging_mixin.py:149} INFO - [2023-05-21T00:04:23.637+0000] {dagbag.py:541} INFO - Filling up the DagBag from /home/airflow/.local/lib/python3.7/site-packages/airflow/example_dags/example_trigger_target_dag.py
[2023-05-21T00:04:23.643+0000] {processor.py:836} INFO - DAG(s) dict_keys(['example_trigger_target_dag']) retrieved from /home/airflow/.local/lib/python3.7/site-packages/airflow/example_dags/example_trigger_target_dag.py
[2023-05-21T00:04:23.670+0000] {logging_mixin.py:149} INFO - [2023-05-21T00:04:23.670+0000] {dag.py:2726} INFO - Sync 1 DAGs
[2023-05-21T00:04:23.699+0000] {logging_mixin.py:149} INFO - [2023-05-21T00:04:23.699+0000] {dag.py:3490} INFO - Setting next_dagrun for example_trigger_target_dag to None, run_after=None
[2023-05-21T00:04:23.727+0000] {processor.py:179} INFO - Processing /home/airflow/.local/lib/python3.7/site-packages/airflow/example_dags/example_trigger_target_dag.py took 0.094 seconds
[2023-05-21T00:04:53.953+0000] {processor.py:157} INFO - Started process (PID=21557) to work on /home/airflow/.local/lib/python3.7/site-packages/airflow/example_dags/example_trigger_target_dag.py
[2023-05-21T00:04:53.954+0000] {processor.py:826} INFO - Processing file /home/airflow/.local/lib/python3.7/site-packages/airflow/example_dags/example_trigger_target_dag.py for tasks to queue
[2023-05-21T00:04:53.955+0000] {logging_mixin.py:149} INFO - [2023-05-21T00:04:53.955+0000] {dagbag.py:541} INFO - Filling up the DagBag from /home/airflow/.local/lib/python3.7/site-packages/airflow/example_dags/example_trigger_target_dag.py
[2023-05-21T00:04:53.961+0000] {processor.py:836} INFO - DAG(s) dict_keys(['example_trigger_target_dag']) retrieved from /home/airflow/.local/lib/python3.7/site-packages/airflow/example_dags/example_trigger_target_dag.py
[2023-05-21T00:04:53.987+0000] {logging_mixin.py:149} INFO - [2023-05-21T00:04:53.986+0000] {dag.py:2726} INFO - Sync 1 DAGs
[2023-05-21T00:04:54.015+0000] {logging_mixin.py:149} INFO - [2023-05-21T00:04:54.015+0000] {dag.py:3490} INFO - Setting next_dagrun for example_trigger_target_dag to None, run_after=None
[2023-05-21T00:04:54.053+0000] {processor.py:179} INFO - Processing /home/airflow/.local/lib/python3.7/site-packages/airflow/example_dags/example_trigger_target_dag.py took 0.102 seconds
[2023-05-21T00:05:24.426+0000] {processor.py:157} INFO - Started process (PID=21625) to work on /home/airflow/.local/lib/python3.7/site-packages/airflow/example_dags/example_trigger_target_dag.py
[2023-05-21T00:05:24.427+0000] {processor.py:826} INFO - Processing file /home/airflow/.local/lib/python3.7/site-packages/airflow/example_dags/example_trigger_target_dag.py for tasks to queue
[2023-05-21T00:05:24.428+0000] {logging_mixin.py:149} INFO - [2023-05-21T00:05:24.427+0000] {dagbag.py:541} INFO - Filling up the DagBag from /home/airflow/.local/lib/python3.7/site-packages/airflow/example_dags/example_trigger_target_dag.py
[2023-05-21T00:05:24.433+0000] {processor.py:836} INFO - DAG(s) dict_keys(['example_trigger_target_dag']) retrieved from /home/airflow/.local/lib/python3.7/site-packages/airflow/example_dags/example_trigger_target_dag.py
[2023-05-21T00:05:24.458+0000] {logging_mixin.py:149} INFO - [2023-05-21T00:05:24.457+0000] {dag.py:2726} INFO - Sync 1 DAGs
[2023-05-21T00:05:24.485+0000] {logging_mixin.py:149} INFO - [2023-05-21T00:05:24.485+0000] {dag.py:3490} INFO - Setting next_dagrun for example_trigger_target_dag to None, run_after=None
[2023-05-21T00:05:24.510+0000] {processor.py:179} INFO - Processing /home/airflow/.local/lib/python3.7/site-packages/airflow/example_dags/example_trigger_target_dag.py took 0.087 seconds
[2023-05-21T00:05:54.803+0000] {processor.py:157} INFO - Started process (PID=21693) to work on /home/airflow/.local/lib/python3.7/site-packages/airflow/example_dags/example_trigger_target_dag.py
[2023-05-21T00:05:54.804+0000] {processor.py:826} INFO - Processing file /home/airflow/.local/lib/python3.7/site-packages/airflow/example_dags/example_trigger_target_dag.py for tasks to queue
[2023-05-21T00:05:54.805+0000] {logging_mixin.py:149} INFO - [2023-05-21T00:05:54.805+0000] {dagbag.py:541} INFO - Filling up the DagBag from /home/airflow/.local/lib/python3.7/site-packages/airflow/example_dags/example_trigger_target_dag.py
[2023-05-21T00:05:54.810+0000] {processor.py:836} INFO - DAG(s) dict_keys(['example_trigger_target_dag']) retrieved from /home/airflow/.local/lib/python3.7/site-packages/airflow/example_dags/example_trigger_target_dag.py
[2023-05-21T00:05:54.837+0000] {logging_mixin.py:149} INFO - [2023-05-21T00:05:54.837+0000] {dag.py:2726} INFO - Sync 1 DAGs
[2023-05-21T00:05:54.867+0000] {logging_mixin.py:149} INFO - [2023-05-21T00:05:54.867+0000] {dag.py:3490} INFO - Setting next_dagrun for example_trigger_target_dag to None, run_after=None
[2023-05-21T00:05:54.908+0000] {processor.py:179} INFO - Processing /home/airflow/.local/lib/python3.7/site-packages/airflow/example_dags/example_trigger_target_dag.py took 0.108 seconds
[2023-05-21T00:06:25.387+0000] {processor.py:157} INFO - Started process (PID=21761) to work on /home/airflow/.local/lib/python3.7/site-packages/airflow/example_dags/example_trigger_target_dag.py
[2023-05-21T00:06:25.388+0000] {processor.py:826} INFO - Processing file /home/airflow/.local/lib/python3.7/site-packages/airflow/example_dags/example_trigger_target_dag.py for tasks to queue
[2023-05-21T00:06:25.389+0000] {logging_mixin.py:149} INFO - [2023-05-21T00:06:25.388+0000] {dagbag.py:541} INFO - Filling up the DagBag from /home/airflow/.local/lib/python3.7/site-packages/airflow/example_dags/example_trigger_target_dag.py
[2023-05-21T00:06:25.394+0000] {processor.py:836} INFO - DAG(s) dict_keys(['example_trigger_target_dag']) retrieved from /home/airflow/.local/lib/python3.7/site-packages/airflow/example_dags/example_trigger_target_dag.py
[2023-05-21T00:06:25.422+0000] {logging_mixin.py:149} INFO - [2023-05-21T00:06:25.422+0000] {dag.py:2726} INFO - Sync 1 DAGs
[2023-05-21T00:06:25.452+0000] {logging_mixin.py:149} INFO - [2023-05-21T00:06:25.452+0000] {dag.py:3490} INFO - Setting next_dagrun for example_trigger_target_dag to None, run_after=None
[2023-05-21T00:06:25.480+0000] {processor.py:179} INFO - Processing /home/airflow/.local/lib/python3.7/site-packages/airflow/example_dags/example_trigger_target_dag.py took 0.096 seconds
[2023-05-21T00:06:56.069+0000] {processor.py:157} INFO - Started process (PID=21830) to work on /home/airflow/.local/lib/python3.7/site-packages/airflow/example_dags/example_trigger_target_dag.py
[2023-05-21T00:06:56.070+0000] {processor.py:826} INFO - Processing file /home/airflow/.local/lib/python3.7/site-packages/airflow/example_dags/example_trigger_target_dag.py for tasks to queue
[2023-05-21T00:06:56.072+0000] {logging_mixin.py:149} INFO - [2023-05-21T00:06:56.071+0000] {dagbag.py:541} INFO - Filling up the DagBag from /home/airflow/.local/lib/python3.7/site-packages/airflow/example_dags/example_trigger_target_dag.py
[2023-05-21T00:06:56.077+0000] {processor.py:836} INFO - DAG(s) dict_keys(['example_trigger_target_dag']) retrieved from /home/airflow/.local/lib/python3.7/site-packages/airflow/example_dags/example_trigger_target_dag.py
[2023-05-21T00:06:56.103+0000] {logging_mixin.py:149} INFO - [2023-05-21T00:06:56.103+0000] {dag.py:2726} INFO - Sync 1 DAGs
[2023-05-21T00:06:56.133+0000] {logging_mixin.py:149} INFO - [2023-05-21T00:06:56.133+0000] {dag.py:3490} INFO - Setting next_dagrun for example_trigger_target_dag to None, run_after=None
[2023-05-21T00:06:56.161+0000] {processor.py:179} INFO - Processing /home/airflow/.local/lib/python3.7/site-packages/airflow/example_dags/example_trigger_target_dag.py took 0.094 seconds
[2023-05-21T00:07:26.451+0000] {processor.py:157} INFO - Started process (PID=21898) to work on /home/airflow/.local/lib/python3.7/site-packages/airflow/example_dags/example_trigger_target_dag.py
[2023-05-21T00:07:26.452+0000] {processor.py:826} INFO - Processing file /home/airflow/.local/lib/python3.7/site-packages/airflow/example_dags/example_trigger_target_dag.py for tasks to queue
[2023-05-21T00:07:26.453+0000] {logging_mixin.py:149} INFO - [2023-05-21T00:07:26.453+0000] {dagbag.py:541} INFO - Filling up the DagBag from /home/airflow/.local/lib/python3.7/site-packages/airflow/example_dags/example_trigger_target_dag.py
[2023-05-21T00:07:26.458+0000] {processor.py:836} INFO - DAG(s) dict_keys(['example_trigger_target_dag']) retrieved from /home/airflow/.local/lib/python3.7/site-packages/airflow/example_dags/example_trigger_target_dag.py
[2023-05-21T00:07:26.485+0000] {logging_mixin.py:149} INFO - [2023-05-21T00:07:26.484+0000] {dag.py:2726} INFO - Sync 1 DAGs
[2023-05-21T00:07:26.514+0000] {logging_mixin.py:149} INFO - [2023-05-21T00:07:26.514+0000] {dag.py:3490} INFO - Setting next_dagrun for example_trigger_target_dag to None, run_after=None
[2023-05-21T00:07:26.543+0000] {processor.py:179} INFO - Processing /home/airflow/.local/lib/python3.7/site-packages/airflow/example_dags/example_trigger_target_dag.py took 0.095 seconds
[2023-05-21T00:07:57.229+0000] {processor.py:157} INFO - Started process (PID=21967) to work on /home/airflow/.local/lib/python3.7/site-packages/airflow/example_dags/example_trigger_target_dag.py
[2023-05-21T00:07:57.230+0000] {processor.py:826} INFO - Processing file /home/airflow/.local/lib/python3.7/site-packages/airflow/example_dags/example_trigger_target_dag.py for tasks to queue
[2023-05-21T00:07:57.231+0000] {logging_mixin.py:149} INFO - [2023-05-21T00:07:57.231+0000] {dagbag.py:541} INFO - Filling up the DagBag from /home/airflow/.local/lib/python3.7/site-packages/airflow/example_dags/example_trigger_target_dag.py
[2023-05-21T00:07:57.235+0000] {processor.py:836} INFO - DAG(s) dict_keys(['example_trigger_target_dag']) retrieved from /home/airflow/.local/lib/python3.7/site-packages/airflow/example_dags/example_trigger_target_dag.py
[2023-05-21T00:07:57.256+0000] {logging_mixin.py:149} INFO - [2023-05-21T00:07:57.256+0000] {dag.py:2726} INFO - Sync 1 DAGs
[2023-05-21T00:07:57.279+0000] {logging_mixin.py:149} INFO - [2023-05-21T00:07:57.279+0000] {dag.py:3490} INFO - Setting next_dagrun for example_trigger_target_dag to None, run_after=None
[2023-05-21T00:07:57.298+0000] {processor.py:179} INFO - Processing /home/airflow/.local/lib/python3.7/site-packages/airflow/example_dags/example_trigger_target_dag.py took 0.072 seconds
[2023-05-21T23:12:43.926+0000] {processor.py:157} INFO - Started process (PID=69) to work on /home/airflow/.local/lib/python3.7/site-packages/airflow/example_dags/example_trigger_target_dag.py
[2023-05-21T23:12:43.928+0000] {processor.py:826} INFO - Processing file /home/airflow/.local/lib/python3.7/site-packages/airflow/example_dags/example_trigger_target_dag.py for tasks to queue
[2023-05-21T23:12:43.929+0000] {logging_mixin.py:149} INFO - [2023-05-21T23:12:43.929+0000] {dagbag.py:541} INFO - Filling up the DagBag from /home/airflow/.local/lib/python3.7/site-packages/airflow/example_dags/example_trigger_target_dag.py
[2023-05-21T23:12:43.935+0000] {processor.py:836} INFO - DAG(s) dict_keys(['example_trigger_target_dag']) retrieved from /home/airflow/.local/lib/python3.7/site-packages/airflow/example_dags/example_trigger_target_dag.py
[2023-05-21T23:12:43.947+0000] {logging_mixin.py:149} INFO - [2023-05-21T23:12:43.947+0000] {dag.py:2726} INFO - Sync 1 DAGs
[2023-05-21T23:12:43.976+0000] {logging_mixin.py:149} INFO - [2023-05-21T23:12:43.976+0000] {dag.py:3490} INFO - Setting next_dagrun for example_trigger_target_dag to None, run_after=None
[2023-05-21T23:12:43.998+0000] {processor.py:179} INFO - Processing /home/airflow/.local/lib/python3.7/site-packages/airflow/example_dags/example_trigger_target_dag.py took 0.074 seconds
