[2023-05-21T00:00:15.840+0000] {processor.py:157} INFO - Started process (PID=20918) to work on /home/airflow/.local/lib/python3.7/site-packages/airflow/example_dags/example_branch_day_of_week_operator.py
[2023-05-21T00:00:15.842+0000] {processor.py:826} INFO - Processing file /home/airflow/.local/lib/python3.7/site-packages/airflow/example_dags/example_branch_day_of_week_operator.py for tasks to queue
[2023-05-21T00:00:15.843+0000] {logging_mixin.py:149} INFO - [2023-05-21T00:00:15.843+0000] {dagbag.py:541} INFO - Filling up the DagBag from /home/airflow/.local/lib/python3.7/site-packages/airflow/example_dags/example_branch_day_of_week_operator.py
[2023-05-21T00:00:15.852+0000] {processor.py:836} INFO - DAG(s) dict_keys(['example_weekday_branch_operator']) retrieved from /home/airflow/.local/lib/python3.7/site-packages/airflow/example_dags/example_branch_day_of_week_operator.py
[2023-05-21T00:00:15.880+0000] {logging_mixin.py:149} INFO - [2023-05-21T00:00:15.880+0000] {dag.py:2726} INFO - Sync 1 DAGs
[2023-05-21T00:00:15.913+0000] {logging_mixin.py:149} INFO - [2023-05-21T00:00:15.913+0000] {dag.py:3490} INFO - Setting next_dagrun for example_weekday_branch_operator to 2023-05-20T00:00:00+00:00, run_after=2023-05-21T00:00:00+00:00
[2023-05-21T00:00:15.940+0000] {processor.py:179} INFO - Processing /home/airflow/.local/lib/python3.7/site-packages/airflow/example_dags/example_branch_day_of_week_operator.py took 0.104 seconds
[2023-05-21T00:00:46.986+0000] {processor.py:157} INFO - Started process (PID=20987) to work on /home/airflow/.local/lib/python3.7/site-packages/airflow/example_dags/example_branch_day_of_week_operator.py
[2023-05-21T00:00:46.987+0000] {processor.py:826} INFO - Processing file /home/airflow/.local/lib/python3.7/site-packages/airflow/example_dags/example_branch_day_of_week_operator.py for tasks to queue
[2023-05-21T00:00:46.988+0000] {logging_mixin.py:149} INFO - [2023-05-21T00:00:46.988+0000] {dagbag.py:541} INFO - Filling up the DagBag from /home/airflow/.local/lib/python3.7/site-packages/airflow/example_dags/example_branch_day_of_week_operator.py
[2023-05-21T00:00:46.995+0000] {processor.py:836} INFO - DAG(s) dict_keys(['example_weekday_branch_operator']) retrieved from /home/airflow/.local/lib/python3.7/site-packages/airflow/example_dags/example_branch_day_of_week_operator.py
[2023-05-21T00:00:47.026+0000] {logging_mixin.py:149} INFO - [2023-05-21T00:00:47.025+0000] {dag.py:2726} INFO - Sync 1 DAGs
[2023-05-21T00:00:47.057+0000] {logging_mixin.py:149} INFO - [2023-05-21T00:00:47.056+0000] {dag.py:3490} INFO - Setting next_dagrun for example_weekday_branch_operator to 2023-05-20T00:00:00+00:00, run_after=2023-05-21T00:00:00+00:00
[2023-05-21T00:00:47.148+0000] {processor.py:179} INFO - Processing /home/airflow/.local/lib/python3.7/site-packages/airflow/example_dags/example_branch_day_of_week_operator.py took 0.165 seconds
[2023-05-21T00:01:17.352+0000] {processor.py:157} INFO - Started process (PID=21055) to work on /home/airflow/.local/lib/python3.7/site-packages/airflow/example_dags/example_branch_day_of_week_operator.py
[2023-05-21T00:01:17.353+0000] {processor.py:826} INFO - Processing file /home/airflow/.local/lib/python3.7/site-packages/airflow/example_dags/example_branch_day_of_week_operator.py for tasks to queue
[2023-05-21T00:01:17.354+0000] {logging_mixin.py:149} INFO - [2023-05-21T00:01:17.354+0000] {dagbag.py:541} INFO - Filling up the DagBag from /home/airflow/.local/lib/python3.7/site-packages/airflow/example_dags/example_branch_day_of_week_operator.py
[2023-05-21T00:01:17.361+0000] {processor.py:836} INFO - DAG(s) dict_keys(['example_weekday_branch_operator']) retrieved from /home/airflow/.local/lib/python3.7/site-packages/airflow/example_dags/example_branch_day_of_week_operator.py
[2023-05-21T00:01:17.394+0000] {logging_mixin.py:149} INFO - [2023-05-21T00:01:17.393+0000] {dag.py:2726} INFO - Sync 1 DAGs
[2023-05-21T00:01:17.429+0000] {logging_mixin.py:149} INFO - [2023-05-21T00:01:17.428+0000] {dag.py:3490} INFO - Setting next_dagrun for example_weekday_branch_operator to 2023-05-20T00:00:00+00:00, run_after=2023-05-21T00:00:00+00:00
[2023-05-21T00:01:17.458+0000] {processor.py:179} INFO - Processing /home/airflow/.local/lib/python3.7/site-packages/airflow/example_dags/example_branch_day_of_week_operator.py took 0.108 seconds
[2023-05-21T00:01:47.878+0000] {processor.py:157} INFO - Started process (PID=21123) to work on /home/airflow/.local/lib/python3.7/site-packages/airflow/example_dags/example_branch_day_of_week_operator.py
[2023-05-21T00:01:47.880+0000] {processor.py:826} INFO - Processing file /home/airflow/.local/lib/python3.7/site-packages/airflow/example_dags/example_branch_day_of_week_operator.py for tasks to queue
[2023-05-21T00:01:47.880+0000] {logging_mixin.py:149} INFO - [2023-05-21T00:01:47.880+0000] {dagbag.py:541} INFO - Filling up the DagBag from /home/airflow/.local/lib/python3.7/site-packages/airflow/example_dags/example_branch_day_of_week_operator.py
[2023-05-21T00:01:47.887+0000] {processor.py:836} INFO - DAG(s) dict_keys(['example_weekday_branch_operator']) retrieved from /home/airflow/.local/lib/python3.7/site-packages/airflow/example_dags/example_branch_day_of_week_operator.py
[2023-05-21T00:01:47.917+0000] {logging_mixin.py:149} INFO - [2023-05-21T00:01:47.916+0000] {dag.py:2726} INFO - Sync 1 DAGs
[2023-05-21T00:01:47.947+0000] {logging_mixin.py:149} INFO - [2023-05-21T00:01:47.947+0000] {dag.py:3490} INFO - Setting next_dagrun for example_weekday_branch_operator to 2023-05-20T00:00:00+00:00, run_after=2023-05-21T00:00:00+00:00
[2023-05-21T00:01:47.974+0000] {processor.py:179} INFO - Processing /home/airflow/.local/lib/python3.7/site-packages/airflow/example_dags/example_branch_day_of_week_operator.py took 0.098 seconds
[2023-05-21T00:02:18.200+0000] {processor.py:157} INFO - Started process (PID=21191) to work on /home/airflow/.local/lib/python3.7/site-packages/airflow/example_dags/example_branch_day_of_week_operator.py
[2023-05-21T00:02:18.202+0000] {processor.py:826} INFO - Processing file /home/airflow/.local/lib/python3.7/site-packages/airflow/example_dags/example_branch_day_of_week_operator.py for tasks to queue
[2023-05-21T00:02:18.202+0000] {logging_mixin.py:149} INFO - [2023-05-21T00:02:18.202+0000] {dagbag.py:541} INFO - Filling up the DagBag from /home/airflow/.local/lib/python3.7/site-packages/airflow/example_dags/example_branch_day_of_week_operator.py
[2023-05-21T00:02:18.210+0000] {processor.py:836} INFO - DAG(s) dict_keys(['example_weekday_branch_operator']) retrieved from /home/airflow/.local/lib/python3.7/site-packages/airflow/example_dags/example_branch_day_of_week_operator.py
[2023-05-21T00:02:18.239+0000] {logging_mixin.py:149} INFO - [2023-05-21T00:02:18.239+0000] {dag.py:2726} INFO - Sync 1 DAGs
[2023-05-21T00:02:18.270+0000] {logging_mixin.py:149} INFO - [2023-05-21T00:02:18.269+0000] {dag.py:3490} INFO - Setting next_dagrun for example_weekday_branch_operator to 2023-05-20T00:00:00+00:00, run_after=2023-05-21T00:00:00+00:00
[2023-05-21T00:02:18.296+0000] {processor.py:179} INFO - Processing /home/airflow/.local/lib/python3.7/site-packages/airflow/example_dags/example_branch_day_of_week_operator.py took 0.099 seconds
[2023-05-21T00:02:48.858+0000] {processor.py:157} INFO - Started process (PID=21259) to work on /home/airflow/.local/lib/python3.7/site-packages/airflow/example_dags/example_branch_day_of_week_operator.py
[2023-05-21T00:02:48.860+0000] {processor.py:826} INFO - Processing file /home/airflow/.local/lib/python3.7/site-packages/airflow/example_dags/example_branch_day_of_week_operator.py for tasks to queue
[2023-05-21T00:02:48.861+0000] {logging_mixin.py:149} INFO - [2023-05-21T00:02:48.860+0000] {dagbag.py:541} INFO - Filling up the DagBag from /home/airflow/.local/lib/python3.7/site-packages/airflow/example_dags/example_branch_day_of_week_operator.py
[2023-05-21T00:02:48.867+0000] {processor.py:836} INFO - DAG(s) dict_keys(['example_weekday_branch_operator']) retrieved from /home/airflow/.local/lib/python3.7/site-packages/airflow/example_dags/example_branch_day_of_week_operator.py
[2023-05-21T00:02:48.893+0000] {logging_mixin.py:149} INFO - [2023-05-21T00:02:48.893+0000] {dag.py:2726} INFO - Sync 1 DAGs
[2023-05-21T00:02:48.926+0000] {logging_mixin.py:149} INFO - [2023-05-21T00:02:48.925+0000] {dag.py:3490} INFO - Setting next_dagrun for example_weekday_branch_operator to 2023-05-20T00:00:00+00:00, run_after=2023-05-21T00:00:00+00:00
[2023-05-21T00:02:48.950+0000] {processor.py:179} INFO - Processing /home/airflow/.local/lib/python3.7/site-packages/airflow/example_dags/example_branch_day_of_week_operator.py took 0.094 seconds
[2023-05-21T00:03:19.476+0000] {processor.py:157} INFO - Started process (PID=21328) to work on /home/airflow/.local/lib/python3.7/site-packages/airflow/example_dags/example_branch_day_of_week_operator.py
[2023-05-21T00:03:19.477+0000] {processor.py:826} INFO - Processing file /home/airflow/.local/lib/python3.7/site-packages/airflow/example_dags/example_branch_day_of_week_operator.py for tasks to queue
[2023-05-21T00:03:19.478+0000] {logging_mixin.py:149} INFO - [2023-05-21T00:03:19.478+0000] {dagbag.py:541} INFO - Filling up the DagBag from /home/airflow/.local/lib/python3.7/site-packages/airflow/example_dags/example_branch_day_of_week_operator.py
[2023-05-21T00:03:19.485+0000] {processor.py:836} INFO - DAG(s) dict_keys(['example_weekday_branch_operator']) retrieved from /home/airflow/.local/lib/python3.7/site-packages/airflow/example_dags/example_branch_day_of_week_operator.py
[2023-05-21T00:03:19.511+0000] {logging_mixin.py:149} INFO - [2023-05-21T00:03:19.511+0000] {dag.py:2726} INFO - Sync 1 DAGs
[2023-05-21T00:03:19.541+0000] {logging_mixin.py:149} INFO - [2023-05-21T00:03:19.540+0000] {dag.py:3490} INFO - Setting next_dagrun for example_weekday_branch_operator to 2023-05-20T00:00:00+00:00, run_after=2023-05-21T00:00:00+00:00
[2023-05-21T00:03:19.565+0000] {processor.py:179} INFO - Processing /home/airflow/.local/lib/python3.7/site-packages/airflow/example_dags/example_branch_day_of_week_operator.py took 0.092 seconds
[2023-05-21T00:03:49.839+0000] {processor.py:157} INFO - Started process (PID=21397) to work on /home/airflow/.local/lib/python3.7/site-packages/airflow/example_dags/example_branch_day_of_week_operator.py
[2023-05-21T00:03:49.840+0000] {processor.py:826} INFO - Processing file /home/airflow/.local/lib/python3.7/site-packages/airflow/example_dags/example_branch_day_of_week_operator.py for tasks to queue
[2023-05-21T00:03:49.841+0000] {logging_mixin.py:149} INFO - [2023-05-21T00:03:49.841+0000] {dagbag.py:541} INFO - Filling up the DagBag from /home/airflow/.local/lib/python3.7/site-packages/airflow/example_dags/example_branch_day_of_week_operator.py
[2023-05-21T00:03:49.848+0000] {processor.py:836} INFO - DAG(s) dict_keys(['example_weekday_branch_operator']) retrieved from /home/airflow/.local/lib/python3.7/site-packages/airflow/example_dags/example_branch_day_of_week_operator.py
[2023-05-21T00:03:49.876+0000] {logging_mixin.py:149} INFO - [2023-05-21T00:03:49.876+0000] {dag.py:2726} INFO - Sync 1 DAGs
[2023-05-21T00:03:49.905+0000] {logging_mixin.py:149} INFO - [2023-05-21T00:03:49.905+0000] {dag.py:3490} INFO - Setting next_dagrun for example_weekday_branch_operator to 2023-05-20T00:00:00+00:00, run_after=2023-05-21T00:00:00+00:00
[2023-05-21T00:03:49.935+0000] {processor.py:179} INFO - Processing /home/airflow/.local/lib/python3.7/site-packages/airflow/example_dags/example_branch_day_of_week_operator.py took 0.099 seconds
[2023-05-21T00:04:20.448+0000] {processor.py:157} INFO - Started process (PID=21466) to work on /home/airflow/.local/lib/python3.7/site-packages/airflow/example_dags/example_branch_day_of_week_operator.py
[2023-05-21T00:04:20.449+0000] {processor.py:826} INFO - Processing file /home/airflow/.local/lib/python3.7/site-packages/airflow/example_dags/example_branch_day_of_week_operator.py for tasks to queue
[2023-05-21T00:04:20.450+0000] {logging_mixin.py:149} INFO - [2023-05-21T00:04:20.450+0000] {dagbag.py:541} INFO - Filling up the DagBag from /home/airflow/.local/lib/python3.7/site-packages/airflow/example_dags/example_branch_day_of_week_operator.py
[2023-05-21T00:04:20.457+0000] {processor.py:836} INFO - DAG(s) dict_keys(['example_weekday_branch_operator']) retrieved from /home/airflow/.local/lib/python3.7/site-packages/airflow/example_dags/example_branch_day_of_week_operator.py
[2023-05-21T00:04:20.484+0000] {logging_mixin.py:149} INFO - [2023-05-21T00:04:20.484+0000] {dag.py:2726} INFO - Sync 1 DAGs
[2023-05-21T00:04:20.514+0000] {logging_mixin.py:149} INFO - [2023-05-21T00:04:20.514+0000] {dag.py:3490} INFO - Setting next_dagrun for example_weekday_branch_operator to 2023-05-20T00:00:00+00:00, run_after=2023-05-21T00:00:00+00:00
[2023-05-21T00:04:20.540+0000] {processor.py:179} INFO - Processing /home/airflow/.local/lib/python3.7/site-packages/airflow/example_dags/example_branch_day_of_week_operator.py took 0.094 seconds
[2023-05-21T00:04:50.997+0000] {processor.py:157} INFO - Started process (PID=21535) to work on /home/airflow/.local/lib/python3.7/site-packages/airflow/example_dags/example_branch_day_of_week_operator.py
[2023-05-21T00:04:50.998+0000] {processor.py:826} INFO - Processing file /home/airflow/.local/lib/python3.7/site-packages/airflow/example_dags/example_branch_day_of_week_operator.py for tasks to queue
[2023-05-21T00:04:50.999+0000] {logging_mixin.py:149} INFO - [2023-05-21T00:04:50.999+0000] {dagbag.py:541} INFO - Filling up the DagBag from /home/airflow/.local/lib/python3.7/site-packages/airflow/example_dags/example_branch_day_of_week_operator.py
[2023-05-21T00:04:51.007+0000] {processor.py:836} INFO - DAG(s) dict_keys(['example_weekday_branch_operator']) retrieved from /home/airflow/.local/lib/python3.7/site-packages/airflow/example_dags/example_branch_day_of_week_operator.py
[2023-05-21T00:04:51.033+0000] {logging_mixin.py:149} INFO - [2023-05-21T00:04:51.033+0000] {dag.py:2726} INFO - Sync 1 DAGs
[2023-05-21T00:04:51.062+0000] {logging_mixin.py:149} INFO - [2023-05-21T00:04:51.062+0000] {dag.py:3490} INFO - Setting next_dagrun for example_weekday_branch_operator to 2023-05-20T00:00:00+00:00, run_after=2023-05-21T00:00:00+00:00
[2023-05-21T00:04:51.086+0000] {processor.py:179} INFO - Processing /home/airflow/.local/lib/python3.7/site-packages/airflow/example_dags/example_branch_day_of_week_operator.py took 0.091 seconds
[2023-05-21T00:05:21.480+0000] {processor.py:157} INFO - Started process (PID=21603) to work on /home/airflow/.local/lib/python3.7/site-packages/airflow/example_dags/example_branch_day_of_week_operator.py
[2023-05-21T00:05:21.481+0000] {processor.py:826} INFO - Processing file /home/airflow/.local/lib/python3.7/site-packages/airflow/example_dags/example_branch_day_of_week_operator.py for tasks to queue
[2023-05-21T00:05:21.482+0000] {logging_mixin.py:149} INFO - [2023-05-21T00:05:21.482+0000] {dagbag.py:541} INFO - Filling up the DagBag from /home/airflow/.local/lib/python3.7/site-packages/airflow/example_dags/example_branch_day_of_week_operator.py
[2023-05-21T00:05:21.488+0000] {processor.py:836} INFO - DAG(s) dict_keys(['example_weekday_branch_operator']) retrieved from /home/airflow/.local/lib/python3.7/site-packages/airflow/example_dags/example_branch_day_of_week_operator.py
[2023-05-21T00:05:21.517+0000] {logging_mixin.py:149} INFO - [2023-05-21T00:05:21.517+0000] {dag.py:2726} INFO - Sync 1 DAGs
[2023-05-21T00:05:21.552+0000] {logging_mixin.py:149} INFO - [2023-05-21T00:05:21.552+0000] {dag.py:3490} INFO - Setting next_dagrun for example_weekday_branch_operator to 2023-05-20T00:00:00+00:00, run_after=2023-05-21T00:00:00+00:00
[2023-05-21T00:05:21.578+0000] {processor.py:179} INFO - Processing /home/airflow/.local/lib/python3.7/site-packages/airflow/example_dags/example_branch_day_of_week_operator.py took 0.102 seconds
[2023-05-21T00:05:51.982+0000] {processor.py:157} INFO - Started process (PID=21671) to work on /home/airflow/.local/lib/python3.7/site-packages/airflow/example_dags/example_branch_day_of_week_operator.py
[2023-05-21T00:05:51.983+0000] {processor.py:826} INFO - Processing file /home/airflow/.local/lib/python3.7/site-packages/airflow/example_dags/example_branch_day_of_week_operator.py for tasks to queue
[2023-05-21T00:05:51.984+0000] {logging_mixin.py:149} INFO - [2023-05-21T00:05:51.984+0000] {dagbag.py:541} INFO - Filling up the DagBag from /home/airflow/.local/lib/python3.7/site-packages/airflow/example_dags/example_branch_day_of_week_operator.py
[2023-05-21T00:05:51.991+0000] {processor.py:836} INFO - DAG(s) dict_keys(['example_weekday_branch_operator']) retrieved from /home/airflow/.local/lib/python3.7/site-packages/airflow/example_dags/example_branch_day_of_week_operator.py
[2023-05-21T00:05:52.017+0000] {logging_mixin.py:149} INFO - [2023-05-21T00:05:52.016+0000] {dag.py:2726} INFO - Sync 1 DAGs
[2023-05-21T00:05:52.047+0000] {logging_mixin.py:149} INFO - [2023-05-21T00:05:52.047+0000] {dag.py:3490} INFO - Setting next_dagrun for example_weekday_branch_operator to 2023-05-20T00:00:00+00:00, run_after=2023-05-21T00:00:00+00:00
[2023-05-21T00:05:52.073+0000] {processor.py:179} INFO - Processing /home/airflow/.local/lib/python3.7/site-packages/airflow/example_dags/example_branch_day_of_week_operator.py took 0.094 seconds
[2023-05-21T00:06:22.412+0000] {processor.py:157} INFO - Started process (PID=21740) to work on /home/airflow/.local/lib/python3.7/site-packages/airflow/example_dags/example_branch_day_of_week_operator.py
[2023-05-21T00:06:22.413+0000] {processor.py:826} INFO - Processing file /home/airflow/.local/lib/python3.7/site-packages/airflow/example_dags/example_branch_day_of_week_operator.py for tasks to queue
[2023-05-21T00:06:22.414+0000] {logging_mixin.py:149} INFO - [2023-05-21T00:06:22.414+0000] {dagbag.py:541} INFO - Filling up the DagBag from /home/airflow/.local/lib/python3.7/site-packages/airflow/example_dags/example_branch_day_of_week_operator.py
[2023-05-21T00:06:22.421+0000] {processor.py:836} INFO - DAG(s) dict_keys(['example_weekday_branch_operator']) retrieved from /home/airflow/.local/lib/python3.7/site-packages/airflow/example_dags/example_branch_day_of_week_operator.py
[2023-05-21T00:06:22.449+0000] {logging_mixin.py:149} INFO - [2023-05-21T00:06:22.449+0000] {dag.py:2726} INFO - Sync 1 DAGs
[2023-05-21T00:06:22.478+0000] {logging_mixin.py:149} INFO - [2023-05-21T00:06:22.478+0000] {dag.py:3490} INFO - Setting next_dagrun for example_weekday_branch_operator to 2023-05-20T00:00:00+00:00, run_after=2023-05-21T00:00:00+00:00
[2023-05-21T00:06:22.509+0000] {processor.py:179} INFO - Processing /home/airflow/.local/lib/python3.7/site-packages/airflow/example_dags/example_branch_day_of_week_operator.py took 0.100 seconds
[2023-05-21T00:06:52.992+0000] {processor.py:157} INFO - Started process (PID=21808) to work on /home/airflow/.local/lib/python3.7/site-packages/airflow/example_dags/example_branch_day_of_week_operator.py
[2023-05-21T00:06:52.994+0000] {processor.py:826} INFO - Processing file /home/airflow/.local/lib/python3.7/site-packages/airflow/example_dags/example_branch_day_of_week_operator.py for tasks to queue
[2023-05-21T00:06:52.995+0000] {logging_mixin.py:149} INFO - [2023-05-21T00:06:52.995+0000] {dagbag.py:541} INFO - Filling up the DagBag from /home/airflow/.local/lib/python3.7/site-packages/airflow/example_dags/example_branch_day_of_week_operator.py
[2023-05-21T00:06:53.002+0000] {processor.py:836} INFO - DAG(s) dict_keys(['example_weekday_branch_operator']) retrieved from /home/airflow/.local/lib/python3.7/site-packages/airflow/example_dags/example_branch_day_of_week_operator.py
[2023-05-21T00:06:53.032+0000] {logging_mixin.py:149} INFO - [2023-05-21T00:06:53.032+0000] {dag.py:2726} INFO - Sync 1 DAGs
[2023-05-21T00:06:53.064+0000] {logging_mixin.py:149} INFO - [2023-05-21T00:06:53.064+0000] {dag.py:3490} INFO - Setting next_dagrun for example_weekday_branch_operator to 2023-05-20T00:00:00+00:00, run_after=2023-05-21T00:00:00+00:00
[2023-05-21T00:06:53.092+0000] {processor.py:179} INFO - Processing /home/airflow/.local/lib/python3.7/site-packages/airflow/example_dags/example_branch_day_of_week_operator.py took 0.103 seconds
[2023-05-21T00:07:23.234+0000] {processor.py:157} INFO - Started process (PID=21876) to work on /home/airflow/.local/lib/python3.7/site-packages/airflow/example_dags/example_branch_day_of_week_operator.py
[2023-05-21T00:07:23.235+0000] {processor.py:826} INFO - Processing file /home/airflow/.local/lib/python3.7/site-packages/airflow/example_dags/example_branch_day_of_week_operator.py for tasks to queue
[2023-05-21T00:07:23.236+0000] {logging_mixin.py:149} INFO - [2023-05-21T00:07:23.236+0000] {dagbag.py:541} INFO - Filling up the DagBag from /home/airflow/.local/lib/python3.7/site-packages/airflow/example_dags/example_branch_day_of_week_operator.py
[2023-05-21T00:07:23.245+0000] {processor.py:836} INFO - DAG(s) dict_keys(['example_weekday_branch_operator']) retrieved from /home/airflow/.local/lib/python3.7/site-packages/airflow/example_dags/example_branch_day_of_week_operator.py
[2023-05-21T00:07:23.274+0000] {logging_mixin.py:149} INFO - [2023-05-21T00:07:23.274+0000] {dag.py:2726} INFO - Sync 1 DAGs
[2023-05-21T00:07:23.307+0000] {logging_mixin.py:149} INFO - [2023-05-21T00:07:23.306+0000] {dag.py:3490} INFO - Setting next_dagrun for example_weekday_branch_operator to 2023-05-20T00:00:00+00:00, run_after=2023-05-21T00:00:00+00:00
[2023-05-21T00:07:23.341+0000] {processor.py:179} INFO - Processing /home/airflow/.local/lib/python3.7/site-packages/airflow/example_dags/example_branch_day_of_week_operator.py took 0.110 seconds
[2023-05-21T00:07:53.934+0000] {processor.py:157} INFO - Started process (PID=21944) to work on /home/airflow/.local/lib/python3.7/site-packages/airflow/example_dags/example_branch_day_of_week_operator.py
[2023-05-21T00:07:53.934+0000] {processor.py:826} INFO - Processing file /home/airflow/.local/lib/python3.7/site-packages/airflow/example_dags/example_branch_day_of_week_operator.py for tasks to queue
[2023-05-21T00:07:53.935+0000] {logging_mixin.py:149} INFO - [2023-05-21T00:07:53.935+0000] {dagbag.py:541} INFO - Filling up the DagBag from /home/airflow/.local/lib/python3.7/site-packages/airflow/example_dags/example_branch_day_of_week_operator.py
[2023-05-21T00:07:53.941+0000] {processor.py:836} INFO - DAG(s) dict_keys(['example_weekday_branch_operator']) retrieved from /home/airflow/.local/lib/python3.7/site-packages/airflow/example_dags/example_branch_day_of_week_operator.py
[2023-05-21T00:07:53.964+0000] {logging_mixin.py:149} INFO - [2023-05-21T00:07:53.963+0000] {dag.py:2726} INFO - Sync 1 DAGs
[2023-05-21T00:07:53.987+0000] {logging_mixin.py:149} INFO - [2023-05-21T00:07:53.987+0000] {dag.py:3490} INFO - Setting next_dagrun for example_weekday_branch_operator to 2023-05-20T00:00:00+00:00, run_after=2023-05-21T00:00:00+00:00
[2023-05-21T00:07:54.095+0000] {processor.py:179} INFO - Processing /home/airflow/.local/lib/python3.7/site-packages/airflow/example_dags/example_branch_day_of_week_operator.py took 0.164 seconds
[2023-05-21T23:12:42.967+0000] {processor.py:157} INFO - Started process (PID=53) to work on /home/airflow/.local/lib/python3.7/site-packages/airflow/example_dags/example_branch_day_of_week_operator.py
[2023-05-21T23:12:42.972+0000] {processor.py:826} INFO - Processing file /home/airflow/.local/lib/python3.7/site-packages/airflow/example_dags/example_branch_day_of_week_operator.py for tasks to queue
[2023-05-21T23:12:42.973+0000] {logging_mixin.py:149} INFO - [2023-05-21T23:12:42.972+0000] {dagbag.py:541} INFO - Filling up the DagBag from /home/airflow/.local/lib/python3.7/site-packages/airflow/example_dags/example_branch_day_of_week_operator.py
[2023-05-21T23:12:42.982+0000] {processor.py:836} INFO - DAG(s) dict_keys(['example_weekday_branch_operator']) retrieved from /home/airflow/.local/lib/python3.7/site-packages/airflow/example_dags/example_branch_day_of_week_operator.py
[2023-05-21T23:12:42.996+0000] {logging_mixin.py:149} INFO - [2023-05-21T23:12:42.996+0000] {dag.py:2726} INFO - Sync 1 DAGs
[2023-05-21T23:12:43.023+0000] {logging_mixin.py:149} INFO - [2023-05-21T23:12:43.023+0000] {dag.py:3490} INFO - Setting next_dagrun for example_weekday_branch_operator to 2023-05-20T00:00:00+00:00, run_after=2023-05-21T00:00:00+00:00
[2023-05-21T23:12:43.043+0000] {processor.py:179} INFO - Processing /home/airflow/.local/lib/python3.7/site-packages/airflow/example_dags/example_branch_day_of_week_operator.py took 0.079 seconds
