[2023-05-21T00:00:18.551+0000] {processor.py:157} INFO - Started process (PID=20928) to work on /home/airflow/.local/lib/python3.7/site-packages/airflow/example_dags/example_task_group_decorator.py
[2023-05-21T00:00:18.552+0000] {processor.py:826} INFO - Processing file /home/airflow/.local/lib/python3.7/site-packages/airflow/example_dags/example_task_group_decorator.py for tasks to queue
[2023-05-21T00:00:18.553+0000] {logging_mixin.py:149} INFO - [2023-05-21T00:00:18.553+0000] {dagbag.py:541} INFO - Filling up the DagBag from /home/airflow/.local/lib/python3.7/site-packages/airflow/example_dags/example_task_group_decorator.py
[2023-05-21T00:00:18.566+0000] {processor.py:836} INFO - DAG(s) dict_keys(['example_task_group_decorator']) retrieved from /home/airflow/.local/lib/python3.7/site-packages/airflow/example_dags/example_task_group_decorator.py
[2023-05-21T00:00:18.595+0000] {logging_mixin.py:149} INFO - [2023-05-21T00:00:18.595+0000] {dag.py:2726} INFO - Sync 1 DAGs
[2023-05-21T00:00:18.622+0000] {logging_mixin.py:149} INFO - [2023-05-21T00:00:18.621+0000] {dag.py:3490} INFO - Setting next_dagrun for example_task_group_decorator to 2023-05-20T00:00:18.621684+00:00, run_after=2023-05-21T00:00:18.621684+00:00
[2023-05-21T00:00:18.647+0000] {processor.py:179} INFO - Processing /home/airflow/.local/lib/python3.7/site-packages/airflow/example_dags/example_task_group_decorator.py took 0.098 seconds
[2023-05-21T00:00:48.865+0000] {processor.py:157} INFO - Started process (PID=20997) to work on /home/airflow/.local/lib/python3.7/site-packages/airflow/example_dags/example_task_group_decorator.py
[2023-05-21T00:00:48.866+0000] {processor.py:826} INFO - Processing file /home/airflow/.local/lib/python3.7/site-packages/airflow/example_dags/example_task_group_decorator.py for tasks to queue
[2023-05-21T00:00:48.867+0000] {logging_mixin.py:149} INFO - [2023-05-21T00:00:48.867+0000] {dagbag.py:541} INFO - Filling up the DagBag from /home/airflow/.local/lib/python3.7/site-packages/airflow/example_dags/example_task_group_decorator.py
[2023-05-21T00:00:48.880+0000] {processor.py:836} INFO - DAG(s) dict_keys(['example_task_group_decorator']) retrieved from /home/airflow/.local/lib/python3.7/site-packages/airflow/example_dags/example_task_group_decorator.py
[2023-05-21T00:00:48.912+0000] {logging_mixin.py:149} INFO - [2023-05-21T00:00:48.912+0000] {dag.py:2726} INFO - Sync 1 DAGs
[2023-05-21T00:00:48.940+0000] {logging_mixin.py:149} INFO - [2023-05-21T00:00:48.940+0000] {dag.py:3490} INFO - Setting next_dagrun for example_task_group_decorator to 2023-05-20T00:00:48.939793+00:00, run_after=2023-05-21T00:00:48.939793+00:00
[2023-05-21T00:00:49.139+0000] {processor.py:179} INFO - Processing /home/airflow/.local/lib/python3.7/site-packages/airflow/example_dags/example_task_group_decorator.py took 0.278 seconds
[2023-05-21T00:01:20.055+0000] {processor.py:157} INFO - Started process (PID=21065) to work on /home/airflow/.local/lib/python3.7/site-packages/airflow/example_dags/example_task_group_decorator.py
[2023-05-21T00:01:20.056+0000] {processor.py:826} INFO - Processing file /home/airflow/.local/lib/python3.7/site-packages/airflow/example_dags/example_task_group_decorator.py for tasks to queue
[2023-05-21T00:01:20.057+0000] {logging_mixin.py:149} INFO - [2023-05-21T00:01:20.057+0000] {dagbag.py:541} INFO - Filling up the DagBag from /home/airflow/.local/lib/python3.7/site-packages/airflow/example_dags/example_task_group_decorator.py
[2023-05-21T00:01:20.070+0000] {processor.py:836} INFO - DAG(s) dict_keys(['example_task_group_decorator']) retrieved from /home/airflow/.local/lib/python3.7/site-packages/airflow/example_dags/example_task_group_decorator.py
[2023-05-21T00:01:20.104+0000] {logging_mixin.py:149} INFO - [2023-05-21T00:01:20.104+0000] {dag.py:2726} INFO - Sync 1 DAGs
[2023-05-21T00:01:20.131+0000] {logging_mixin.py:149} INFO - [2023-05-21T00:01:20.130+0000] {dag.py:3490} INFO - Setting next_dagrun for example_task_group_decorator to 2023-05-20T00:01:20.130655+00:00, run_after=2023-05-21T00:01:20.130655+00:00
[2023-05-21T00:01:20.158+0000] {processor.py:179} INFO - Processing /home/airflow/.local/lib/python3.7/site-packages/airflow/example_dags/example_task_group_decorator.py took 0.106 seconds
[2023-05-21T00:01:50.549+0000] {processor.py:157} INFO - Started process (PID=21133) to work on /home/airflow/.local/lib/python3.7/site-packages/airflow/example_dags/example_task_group_decorator.py
[2023-05-21T00:01:50.551+0000] {processor.py:826} INFO - Processing file /home/airflow/.local/lib/python3.7/site-packages/airflow/example_dags/example_task_group_decorator.py for tasks to queue
[2023-05-21T00:01:50.552+0000] {logging_mixin.py:149} INFO - [2023-05-21T00:01:50.552+0000] {dagbag.py:541} INFO - Filling up the DagBag from /home/airflow/.local/lib/python3.7/site-packages/airflow/example_dags/example_task_group_decorator.py
[2023-05-21T00:01:50.565+0000] {processor.py:836} INFO - DAG(s) dict_keys(['example_task_group_decorator']) retrieved from /home/airflow/.local/lib/python3.7/site-packages/airflow/example_dags/example_task_group_decorator.py
[2023-05-21T00:01:50.601+0000] {logging_mixin.py:149} INFO - [2023-05-21T00:01:50.600+0000] {dag.py:2726} INFO - Sync 1 DAGs
[2023-05-21T00:01:50.631+0000] {logging_mixin.py:149} INFO - [2023-05-21T00:01:50.631+0000] {dag.py:3490} INFO - Setting next_dagrun for example_task_group_decorator to 2023-05-20T00:01:50.630960+00:00, run_after=2023-05-21T00:01:50.630960+00:00
[2023-05-21T00:01:50.656+0000] {processor.py:179} INFO - Processing /home/airflow/.local/lib/python3.7/site-packages/airflow/example_dags/example_task_group_decorator.py took 0.109 seconds
[2023-05-21T00:02:20.869+0000] {processor.py:157} INFO - Started process (PID=21201) to work on /home/airflow/.local/lib/python3.7/site-packages/airflow/example_dags/example_task_group_decorator.py
[2023-05-21T00:02:20.870+0000] {processor.py:826} INFO - Processing file /home/airflow/.local/lib/python3.7/site-packages/airflow/example_dags/example_task_group_decorator.py for tasks to queue
[2023-05-21T00:02:20.871+0000] {logging_mixin.py:149} INFO - [2023-05-21T00:02:20.871+0000] {dagbag.py:541} INFO - Filling up the DagBag from /home/airflow/.local/lib/python3.7/site-packages/airflow/example_dags/example_task_group_decorator.py
[2023-05-21T00:02:20.885+0000] {processor.py:836} INFO - DAG(s) dict_keys(['example_task_group_decorator']) retrieved from /home/airflow/.local/lib/python3.7/site-packages/airflow/example_dags/example_task_group_decorator.py
[2023-05-21T00:02:20.917+0000] {logging_mixin.py:149} INFO - [2023-05-21T00:02:20.917+0000] {dag.py:2726} INFO - Sync 1 DAGs
[2023-05-21T00:02:20.945+0000] {logging_mixin.py:149} INFO - [2023-05-21T00:02:20.944+0000] {dag.py:3490} INFO - Setting next_dagrun for example_task_group_decorator to 2023-05-20T00:02:20.944611+00:00, run_after=2023-05-21T00:02:20.944611+00:00
[2023-05-21T00:02:21.048+0000] {processor.py:179} INFO - Processing /home/airflow/.local/lib/python3.7/site-packages/airflow/example_dags/example_task_group_decorator.py took 0.181 seconds
[2023-05-21T00:02:51.535+0000] {processor.py:157} INFO - Started process (PID=21269) to work on /home/airflow/.local/lib/python3.7/site-packages/airflow/example_dags/example_task_group_decorator.py
[2023-05-21T00:02:51.536+0000] {processor.py:826} INFO - Processing file /home/airflow/.local/lib/python3.7/site-packages/airflow/example_dags/example_task_group_decorator.py for tasks to queue
[2023-05-21T00:02:51.537+0000] {logging_mixin.py:149} INFO - [2023-05-21T00:02:51.537+0000] {dagbag.py:541} INFO - Filling up the DagBag from /home/airflow/.local/lib/python3.7/site-packages/airflow/example_dags/example_task_group_decorator.py
[2023-05-21T00:02:51.553+0000] {processor.py:836} INFO - DAG(s) dict_keys(['example_task_group_decorator']) retrieved from /home/airflow/.local/lib/python3.7/site-packages/airflow/example_dags/example_task_group_decorator.py
[2023-05-21T00:02:51.587+0000] {logging_mixin.py:149} INFO - [2023-05-21T00:02:51.587+0000] {dag.py:2726} INFO - Sync 1 DAGs
[2023-05-21T00:02:51.618+0000] {logging_mixin.py:149} INFO - [2023-05-21T00:02:51.618+0000] {dag.py:3490} INFO - Setting next_dagrun for example_task_group_decorator to 2023-05-20T00:02:51.617742+00:00, run_after=2023-05-21T00:02:51.617742+00:00
[2023-05-21T00:02:51.645+0000] {processor.py:179} INFO - Processing /home/airflow/.local/lib/python3.7/site-packages/airflow/example_dags/example_task_group_decorator.py took 0.113 seconds
[2023-05-21T00:03:22.059+0000] {processor.py:157} INFO - Started process (PID=21338) to work on /home/airflow/.local/lib/python3.7/site-packages/airflow/example_dags/example_task_group_decorator.py
[2023-05-21T00:03:22.060+0000] {processor.py:826} INFO - Processing file /home/airflow/.local/lib/python3.7/site-packages/airflow/example_dags/example_task_group_decorator.py for tasks to queue
[2023-05-21T00:03:22.061+0000] {logging_mixin.py:149} INFO - [2023-05-21T00:03:22.061+0000] {dagbag.py:541} INFO - Filling up the DagBag from /home/airflow/.local/lib/python3.7/site-packages/airflow/example_dags/example_task_group_decorator.py
[2023-05-21T00:03:22.075+0000] {processor.py:836} INFO - DAG(s) dict_keys(['example_task_group_decorator']) retrieved from /home/airflow/.local/lib/python3.7/site-packages/airflow/example_dags/example_task_group_decorator.py
[2023-05-21T00:03:22.107+0000] {logging_mixin.py:149} INFO - [2023-05-21T00:03:22.106+0000] {dag.py:2726} INFO - Sync 1 DAGs
[2023-05-21T00:03:22.141+0000] {logging_mixin.py:149} INFO - [2023-05-21T00:03:22.141+0000] {dag.py:3490} INFO - Setting next_dagrun for example_task_group_decorator to 2023-05-20T00:03:22.140720+00:00, run_after=2023-05-21T00:03:22.140720+00:00
[2023-05-21T00:03:22.169+0000] {processor.py:179} INFO - Processing /home/airflow/.local/lib/python3.7/site-packages/airflow/example_dags/example_task_group_decorator.py took 0.113 seconds
[2023-05-21T00:03:52.519+0000] {processor.py:157} INFO - Started process (PID=21407) to work on /home/airflow/.local/lib/python3.7/site-packages/airflow/example_dags/example_task_group_decorator.py
[2023-05-21T00:03:52.520+0000] {processor.py:826} INFO - Processing file /home/airflow/.local/lib/python3.7/site-packages/airflow/example_dags/example_task_group_decorator.py for tasks to queue
[2023-05-21T00:03:52.521+0000] {logging_mixin.py:149} INFO - [2023-05-21T00:03:52.521+0000] {dagbag.py:541} INFO - Filling up the DagBag from /home/airflow/.local/lib/python3.7/site-packages/airflow/example_dags/example_task_group_decorator.py
[2023-05-21T00:03:52.535+0000] {processor.py:836} INFO - DAG(s) dict_keys(['example_task_group_decorator']) retrieved from /home/airflow/.local/lib/python3.7/site-packages/airflow/example_dags/example_task_group_decorator.py
[2023-05-21T00:03:52.566+0000] {logging_mixin.py:149} INFO - [2023-05-21T00:03:52.566+0000] {dag.py:2726} INFO - Sync 1 DAGs
[2023-05-21T00:03:52.595+0000] {logging_mixin.py:149} INFO - [2023-05-21T00:03:52.595+0000] {dag.py:3490} INFO - Setting next_dagrun for example_task_group_decorator to 2023-05-20T00:03:52.594892+00:00, run_after=2023-05-21T00:03:52.594892+00:00
[2023-05-21T00:03:52.620+0000] {processor.py:179} INFO - Processing /home/airflow/.local/lib/python3.7/site-packages/airflow/example_dags/example_task_group_decorator.py took 0.104 seconds
[2023-05-21T00:04:23.299+0000] {processor.py:157} INFO - Started process (PID=21478) to work on /home/airflow/.local/lib/python3.7/site-packages/airflow/example_dags/example_task_group_decorator.py
[2023-05-21T00:04:23.301+0000] {processor.py:826} INFO - Processing file /home/airflow/.local/lib/python3.7/site-packages/airflow/example_dags/example_task_group_decorator.py for tasks to queue
[2023-05-21T00:04:23.302+0000] {logging_mixin.py:149} INFO - [2023-05-21T00:04:23.302+0000] {dagbag.py:541} INFO - Filling up the DagBag from /home/airflow/.local/lib/python3.7/site-packages/airflow/example_dags/example_task_group_decorator.py
[2023-05-21T00:04:23.322+0000] {processor.py:836} INFO - DAG(s) dict_keys(['example_task_group_decorator']) retrieved from /home/airflow/.local/lib/python3.7/site-packages/airflow/example_dags/example_task_group_decorator.py
[2023-05-21T00:04:23.359+0000] {logging_mixin.py:149} INFO - [2023-05-21T00:04:23.359+0000] {dag.py:2726} INFO - Sync 1 DAGs
[2023-05-21T00:04:23.392+0000] {logging_mixin.py:149} INFO - [2023-05-21T00:04:23.391+0000] {dag.py:3490} INFO - Setting next_dagrun for example_task_group_decorator to 2023-05-20T00:04:23.391585+00:00, run_after=2023-05-21T00:04:23.391585+00:00
[2023-05-21T00:04:23.458+0000] {processor.py:179} INFO - Processing /home/airflow/.local/lib/python3.7/site-packages/airflow/example_dags/example_task_group_decorator.py took 0.162 seconds
[2023-05-21T00:04:53.571+0000] {processor.py:157} INFO - Started process (PID=21552) to work on /home/airflow/.local/lib/python3.7/site-packages/airflow/example_dags/example_task_group_decorator.py
[2023-05-21T00:04:53.573+0000] {processor.py:826} INFO - Processing file /home/airflow/.local/lib/python3.7/site-packages/airflow/example_dags/example_task_group_decorator.py for tasks to queue
[2023-05-21T00:04:53.573+0000] {logging_mixin.py:149} INFO - [2023-05-21T00:04:53.573+0000] {dagbag.py:541} INFO - Filling up the DagBag from /home/airflow/.local/lib/python3.7/site-packages/airflow/example_dags/example_task_group_decorator.py
[2023-05-21T00:04:53.590+0000] {processor.py:836} INFO - DAG(s) dict_keys(['example_task_group_decorator']) retrieved from /home/airflow/.local/lib/python3.7/site-packages/airflow/example_dags/example_task_group_decorator.py
[2023-05-21T00:04:53.623+0000] {logging_mixin.py:149} INFO - [2023-05-21T00:04:53.623+0000] {dag.py:2726} INFO - Sync 1 DAGs
[2023-05-21T00:04:53.652+0000] {logging_mixin.py:149} INFO - [2023-05-21T00:04:53.652+0000] {dag.py:3490} INFO - Setting next_dagrun for example_task_group_decorator to 2023-05-20T00:04:53.652083+00:00, run_after=2023-05-21T00:04:53.652083+00:00
[2023-05-21T00:04:53.681+0000] {processor.py:179} INFO - Processing /home/airflow/.local/lib/python3.7/site-packages/airflow/example_dags/example_task_group_decorator.py took 0.112 seconds
[2023-05-21T00:05:24.054+0000] {processor.py:157} INFO - Started process (PID=21620) to work on /home/airflow/.local/lib/python3.7/site-packages/airflow/example_dags/example_task_group_decorator.py
[2023-05-21T00:05:24.055+0000] {processor.py:826} INFO - Processing file /home/airflow/.local/lib/python3.7/site-packages/airflow/example_dags/example_task_group_decorator.py for tasks to queue
[2023-05-21T00:05:24.056+0000] {logging_mixin.py:149} INFO - [2023-05-21T00:05:24.056+0000] {dagbag.py:541} INFO - Filling up the DagBag from /home/airflow/.local/lib/python3.7/site-packages/airflow/example_dags/example_task_group_decorator.py
[2023-05-21T00:05:24.070+0000] {processor.py:836} INFO - DAG(s) dict_keys(['example_task_group_decorator']) retrieved from /home/airflow/.local/lib/python3.7/site-packages/airflow/example_dags/example_task_group_decorator.py
[2023-05-21T00:05:24.102+0000] {logging_mixin.py:149} INFO - [2023-05-21T00:05:24.102+0000] {dag.py:2726} INFO - Sync 1 DAGs
[2023-05-21T00:05:24.135+0000] {logging_mixin.py:149} INFO - [2023-05-21T00:05:24.135+0000] {dag.py:3490} INFO - Setting next_dagrun for example_task_group_decorator to 2023-05-20T00:05:24.134830+00:00, run_after=2023-05-21T00:05:24.134830+00:00
[2023-05-21T00:05:24.158+0000] {processor.py:179} INFO - Processing /home/airflow/.local/lib/python3.7/site-packages/airflow/example_dags/example_task_group_decorator.py took 0.107 seconds
[2023-05-21T00:05:54.545+0000] {processor.py:157} INFO - Started process (PID=21689) to work on /home/airflow/.local/lib/python3.7/site-packages/airflow/example_dags/example_task_group_decorator.py
[2023-05-21T00:05:54.546+0000] {processor.py:826} INFO - Processing file /home/airflow/.local/lib/python3.7/site-packages/airflow/example_dags/example_task_group_decorator.py for tasks to queue
[2023-05-21T00:05:54.547+0000] {logging_mixin.py:149} INFO - [2023-05-21T00:05:54.547+0000] {dagbag.py:541} INFO - Filling up the DagBag from /home/airflow/.local/lib/python3.7/site-packages/airflow/example_dags/example_task_group_decorator.py
[2023-05-21T00:05:54.561+0000] {processor.py:836} INFO - DAG(s) dict_keys(['example_task_group_decorator']) retrieved from /home/airflow/.local/lib/python3.7/site-packages/airflow/example_dags/example_task_group_decorator.py
[2023-05-21T00:05:54.593+0000] {logging_mixin.py:149} INFO - [2023-05-21T00:05:54.593+0000] {dag.py:2726} INFO - Sync 1 DAGs
[2023-05-21T00:05:54.624+0000] {logging_mixin.py:149} INFO - [2023-05-21T00:05:54.624+0000] {dag.py:3490} INFO - Setting next_dagrun for example_task_group_decorator to 2023-05-20T00:05:54.624090+00:00, run_after=2023-05-21T00:05:54.624090+00:00
[2023-05-21T00:05:54.651+0000] {processor.py:179} INFO - Processing /home/airflow/.local/lib/python3.7/site-packages/airflow/example_dags/example_task_group_decorator.py took 0.109 seconds
[2023-05-21T00:06:25.132+0000] {processor.py:157} INFO - Started process (PID=21757) to work on /home/airflow/.local/lib/python3.7/site-packages/airflow/example_dags/example_task_group_decorator.py
[2023-05-21T00:06:25.133+0000] {processor.py:826} INFO - Processing file /home/airflow/.local/lib/python3.7/site-packages/airflow/example_dags/example_task_group_decorator.py for tasks to queue
[2023-05-21T00:06:25.133+0000] {logging_mixin.py:149} INFO - [2023-05-21T00:06:25.133+0000] {dagbag.py:541} INFO - Filling up the DagBag from /home/airflow/.local/lib/python3.7/site-packages/airflow/example_dags/example_task_group_decorator.py
[2023-05-21T00:06:25.147+0000] {processor.py:836} INFO - DAG(s) dict_keys(['example_task_group_decorator']) retrieved from /home/airflow/.local/lib/python3.7/site-packages/airflow/example_dags/example_task_group_decorator.py
[2023-05-21T00:06:25.182+0000] {logging_mixin.py:149} INFO - [2023-05-21T00:06:25.182+0000] {dag.py:2726} INFO - Sync 1 DAGs
[2023-05-21T00:06:25.213+0000] {logging_mixin.py:149} INFO - [2023-05-21T00:06:25.213+0000] {dag.py:3490} INFO - Setting next_dagrun for example_task_group_decorator to 2023-05-20T00:06:25.212944+00:00, run_after=2023-05-21T00:06:25.212944+00:00
[2023-05-21T00:06:25.240+0000] {processor.py:179} INFO - Processing /home/airflow/.local/lib/python3.7/site-packages/airflow/example_dags/example_task_group_decorator.py took 0.111 seconds
[2023-05-21T00:06:55.687+0000] {processor.py:157} INFO - Started process (PID=21825) to work on /home/airflow/.local/lib/python3.7/site-packages/airflow/example_dags/example_task_group_decorator.py
[2023-05-21T00:06:55.688+0000] {processor.py:826} INFO - Processing file /home/airflow/.local/lib/python3.7/site-packages/airflow/example_dags/example_task_group_decorator.py for tasks to queue
[2023-05-21T00:06:55.689+0000] {logging_mixin.py:149} INFO - [2023-05-21T00:06:55.689+0000] {dagbag.py:541} INFO - Filling up the DagBag from /home/airflow/.local/lib/python3.7/site-packages/airflow/example_dags/example_task_group_decorator.py
[2023-05-21T00:06:55.703+0000] {processor.py:836} INFO - DAG(s) dict_keys(['example_task_group_decorator']) retrieved from /home/airflow/.local/lib/python3.7/site-packages/airflow/example_dags/example_task_group_decorator.py
[2023-05-21T00:06:55.736+0000] {logging_mixin.py:149} INFO - [2023-05-21T00:06:55.735+0000] {dag.py:2726} INFO - Sync 1 DAGs
[2023-05-21T00:06:55.766+0000] {logging_mixin.py:149} INFO - [2023-05-21T00:06:55.766+0000] {dag.py:3490} INFO - Setting next_dagrun for example_task_group_decorator to 2023-05-20T00:06:55.766339+00:00, run_after=2023-05-21T00:06:55.766339+00:00
[2023-05-21T00:06:55.793+0000] {processor.py:179} INFO - Processing /home/airflow/.local/lib/python3.7/site-packages/airflow/example_dags/example_task_group_decorator.py took 0.109 seconds
[2023-05-21T00:07:25.985+0000] {processor.py:157} INFO - Started process (PID=21893) to work on /home/airflow/.local/lib/python3.7/site-packages/airflow/example_dags/example_task_group_decorator.py
[2023-05-21T00:07:25.986+0000] {processor.py:826} INFO - Processing file /home/airflow/.local/lib/python3.7/site-packages/airflow/example_dags/example_task_group_decorator.py for tasks to queue
[2023-05-21T00:07:25.987+0000] {logging_mixin.py:149} INFO - [2023-05-21T00:07:25.987+0000] {dagbag.py:541} INFO - Filling up the DagBag from /home/airflow/.local/lib/python3.7/site-packages/airflow/example_dags/example_task_group_decorator.py
[2023-05-21T00:07:26.004+0000] {processor.py:836} INFO - DAG(s) dict_keys(['example_task_group_decorator']) retrieved from /home/airflow/.local/lib/python3.7/site-packages/airflow/example_dags/example_task_group_decorator.py
[2023-05-21T00:07:26.040+0000] {logging_mixin.py:149} INFO - [2023-05-21T00:07:26.040+0000] {dag.py:2726} INFO - Sync 1 DAGs
[2023-05-21T00:07:26.075+0000] {logging_mixin.py:149} INFO - [2023-05-21T00:07:26.075+0000] {dag.py:3490} INFO - Setting next_dagrun for example_task_group_decorator to 2023-05-20T00:07:26.074932+00:00, run_after=2023-05-21T00:07:26.074932+00:00
[2023-05-21T00:07:26.105+0000] {processor.py:179} INFO - Processing /home/airflow/.local/lib/python3.7/site-packages/airflow/example_dags/example_task_group_decorator.py took 0.123 seconds
[2023-05-21T00:07:56.433+0000] {processor.py:157} INFO - Started process (PID=21962) to work on /home/airflow/.local/lib/python3.7/site-packages/airflow/example_dags/example_task_group_decorator.py
[2023-05-21T00:07:56.434+0000] {processor.py:826} INFO - Processing file /home/airflow/.local/lib/python3.7/site-packages/airflow/example_dags/example_task_group_decorator.py for tasks to queue
[2023-05-21T00:07:56.435+0000] {logging_mixin.py:149} INFO - [2023-05-21T00:07:56.435+0000] {dagbag.py:541} INFO - Filling up the DagBag from /home/airflow/.local/lib/python3.7/site-packages/airflow/example_dags/example_task_group_decorator.py
[2023-05-21T00:07:56.449+0000] {processor.py:836} INFO - DAG(s) dict_keys(['example_task_group_decorator']) retrieved from /home/airflow/.local/lib/python3.7/site-packages/airflow/example_dags/example_task_group_decorator.py
[2023-05-21T00:07:56.476+0000] {logging_mixin.py:149} INFO - [2023-05-21T00:07:56.476+0000] {dag.py:2726} INFO - Sync 1 DAGs
[2023-05-21T00:07:56.501+0000] {logging_mixin.py:149} INFO - [2023-05-21T00:07:56.501+0000] {dag.py:3490} INFO - Setting next_dagrun for example_task_group_decorator to 2023-05-20T00:07:56.500983+00:00, run_after=2023-05-21T00:07:56.500983+00:00
[2023-05-21T00:07:56.711+0000] {processor.py:179} INFO - Processing /home/airflow/.local/lib/python3.7/site-packages/airflow/example_dags/example_task_group_decorator.py took 0.281 seconds
[2023-05-21T23:12:43.493+0000] {processor.py:157} INFO - Started process (PID=63) to work on /home/airflow/.local/lib/python3.7/site-packages/airflow/example_dags/example_task_group_decorator.py
[2023-05-21T23:12:43.494+0000] {processor.py:826} INFO - Processing file /home/airflow/.local/lib/python3.7/site-packages/airflow/example_dags/example_task_group_decorator.py for tasks to queue
[2023-05-21T23:12:43.495+0000] {logging_mixin.py:149} INFO - [2023-05-21T23:12:43.495+0000] {dagbag.py:541} INFO - Filling up the DagBag from /home/airflow/.local/lib/python3.7/site-packages/airflow/example_dags/example_task_group_decorator.py
[2023-05-21T23:12:43.516+0000] {processor.py:836} INFO - DAG(s) dict_keys(['example_task_group_decorator']) retrieved from /home/airflow/.local/lib/python3.7/site-packages/airflow/example_dags/example_task_group_decorator.py
[2023-05-21T23:12:43.530+0000] {logging_mixin.py:149} INFO - [2023-05-21T23:12:43.530+0000] {dag.py:2726} INFO - Sync 1 DAGs
[2023-05-21T23:12:43.559+0000] {logging_mixin.py:149} INFO - [2023-05-21T23:12:43.559+0000] {dag.py:3490} INFO - Setting next_dagrun for example_task_group_decorator to 2023-05-20T23:12:43.558909+00:00, run_after=2023-05-21T23:12:43.558909+00:00
[2023-05-21T23:12:43.584+0000] {processor.py:179} INFO - Processing /home/airflow/.local/lib/python3.7/site-packages/airflow/example_dags/example_task_group_decorator.py took 0.093 seconds
