[2023-05-21T00:00:18.965+0000] {processor.py:157} INFO - Started process (PID=20932) to work on /home/airflow/.local/lib/python3.7/site-packages/airflow/example_dags/example_latest_only_with_trigger.py
[2023-05-21T00:00:18.966+0000] {processor.py:826} INFO - Processing file /home/airflow/.local/lib/python3.7/site-packages/airflow/example_dags/example_latest_only_with_trigger.py for tasks to queue
[2023-05-21T00:00:18.967+0000] {logging_mixin.py:149} INFO - [2023-05-21T00:00:18.967+0000] {dagbag.py:541} INFO - Filling up the DagBag from /home/airflow/.local/lib/python3.7/site-packages/airflow/example_dags/example_latest_only_with_trigger.py
[2023-05-21T00:00:18.973+0000] {processor.py:836} INFO - DAG(s) dict_keys(['latest_only_with_trigger']) retrieved from /home/airflow/.local/lib/python3.7/site-packages/airflow/example_dags/example_latest_only_with_trigger.py
[2023-05-21T00:00:18.998+0000] {logging_mixin.py:149} INFO - [2023-05-21T00:00:18.998+0000] {dag.py:2726} INFO - Sync 1 DAGs
[2023-05-21T00:00:19.024+0000] {logging_mixin.py:149} INFO - [2023-05-21T00:00:19.024+0000] {dag.py:3490} INFO - Setting next_dagrun for latest_only_with_trigger to 2023-05-20T20:00:19.024150+00:00, run_after=2023-05-21T00:00:19.024150+00:00
[2023-05-21T00:00:19.050+0000] {processor.py:179} INFO - Processing /home/airflow/.local/lib/python3.7/site-packages/airflow/example_dags/example_latest_only_with_trigger.py took 0.087 seconds
[2023-05-21T00:00:49.430+0000] {processor.py:157} INFO - Started process (PID=21001) to work on /home/airflow/.local/lib/python3.7/site-packages/airflow/example_dags/example_latest_only_with_trigger.py
[2023-05-21T00:00:49.431+0000] {processor.py:826} INFO - Processing file /home/airflow/.local/lib/python3.7/site-packages/airflow/example_dags/example_latest_only_with_trigger.py for tasks to queue
[2023-05-21T00:00:49.432+0000] {logging_mixin.py:149} INFO - [2023-05-21T00:00:49.432+0000] {dagbag.py:541} INFO - Filling up the DagBag from /home/airflow/.local/lib/python3.7/site-packages/airflow/example_dags/example_latest_only_with_trigger.py
[2023-05-21T00:00:49.438+0000] {processor.py:836} INFO - DAG(s) dict_keys(['latest_only_with_trigger']) retrieved from /home/airflow/.local/lib/python3.7/site-packages/airflow/example_dags/example_latest_only_with_trigger.py
[2023-05-21T00:00:49.465+0000] {logging_mixin.py:149} INFO - [2023-05-21T00:00:49.465+0000] {dag.py:2726} INFO - Sync 1 DAGs
[2023-05-21T00:00:49.497+0000] {logging_mixin.py:149} INFO - [2023-05-21T00:00:49.497+0000] {dag.py:3490} INFO - Setting next_dagrun for latest_only_with_trigger to 2023-05-20T20:00:49.497466+00:00, run_after=2023-05-21T00:00:49.497466+00:00
[2023-05-21T00:00:49.612+0000] {processor.py:179} INFO - Processing /home/airflow/.local/lib/python3.7/site-packages/airflow/example_dags/example_latest_only_with_trigger.py took 0.185 seconds
[2023-05-21T00:01:20.306+0000] {processor.py:157} INFO - Started process (PID=21069) to work on /home/airflow/.local/lib/python3.7/site-packages/airflow/example_dags/example_latest_only_with_trigger.py
[2023-05-21T00:01:20.307+0000] {processor.py:826} INFO - Processing file /home/airflow/.local/lib/python3.7/site-packages/airflow/example_dags/example_latest_only_with_trigger.py for tasks to queue
[2023-05-21T00:01:20.307+0000] {logging_mixin.py:149} INFO - [2023-05-21T00:01:20.307+0000] {dagbag.py:541} INFO - Filling up the DagBag from /home/airflow/.local/lib/python3.7/site-packages/airflow/example_dags/example_latest_only_with_trigger.py
[2023-05-21T00:01:20.314+0000] {processor.py:836} INFO - DAG(s) dict_keys(['latest_only_with_trigger']) retrieved from /home/airflow/.local/lib/python3.7/site-packages/airflow/example_dags/example_latest_only_with_trigger.py
[2023-05-21T00:01:20.340+0000] {logging_mixin.py:149} INFO - [2023-05-21T00:01:20.340+0000] {dag.py:2726} INFO - Sync 1 DAGs
[2023-05-21T00:01:20.367+0000] {logging_mixin.py:149} INFO - [2023-05-21T00:01:20.367+0000] {dag.py:3490} INFO - Setting next_dagrun for latest_only_with_trigger to 2023-05-20T20:01:20.367215+00:00, run_after=2023-05-21T00:01:20.367215+00:00
[2023-05-21T00:01:20.395+0000] {processor.py:179} INFO - Processing /home/airflow/.local/lib/python3.7/site-packages/airflow/example_dags/example_latest_only_with_trigger.py took 0.092 seconds
[2023-05-21T00:01:50.804+0000] {processor.py:157} INFO - Started process (PID=21137) to work on /home/airflow/.local/lib/python3.7/site-packages/airflow/example_dags/example_latest_only_with_trigger.py
[2023-05-21T00:01:50.805+0000] {processor.py:826} INFO - Processing file /home/airflow/.local/lib/python3.7/site-packages/airflow/example_dags/example_latest_only_with_trigger.py for tasks to queue
[2023-05-21T00:01:50.806+0000] {logging_mixin.py:149} INFO - [2023-05-21T00:01:50.806+0000] {dagbag.py:541} INFO - Filling up the DagBag from /home/airflow/.local/lib/python3.7/site-packages/airflow/example_dags/example_latest_only_with_trigger.py
[2023-05-21T00:01:50.812+0000] {processor.py:836} INFO - DAG(s) dict_keys(['latest_only_with_trigger']) retrieved from /home/airflow/.local/lib/python3.7/site-packages/airflow/example_dags/example_latest_only_with_trigger.py
[2023-05-21T00:01:50.838+0000] {logging_mixin.py:149} INFO - [2023-05-21T00:01:50.838+0000] {dag.py:2726} INFO - Sync 1 DAGs
[2023-05-21T00:01:50.868+0000] {logging_mixin.py:149} INFO - [2023-05-21T00:01:50.868+0000] {dag.py:3490} INFO - Setting next_dagrun for latest_only_with_trigger to 2023-05-20T20:01:50.868478+00:00, run_after=2023-05-21T00:01:50.868478+00:00
[2023-05-21T00:01:50.898+0000] {processor.py:179} INFO - Processing /home/airflow/.local/lib/python3.7/site-packages/airflow/example_dags/example_latest_only_with_trigger.py took 0.097 seconds
[2023-05-21T00:02:21.149+0000] {processor.py:157} INFO - Started process (PID=21205) to work on /home/airflow/.local/lib/python3.7/site-packages/airflow/example_dags/example_latest_only_with_trigger.py
[2023-05-21T00:02:21.150+0000] {processor.py:826} INFO - Processing file /home/airflow/.local/lib/python3.7/site-packages/airflow/example_dags/example_latest_only_with_trigger.py for tasks to queue
[2023-05-21T00:02:21.151+0000] {logging_mixin.py:149} INFO - [2023-05-21T00:02:21.150+0000] {dagbag.py:541} INFO - Filling up the DagBag from /home/airflow/.local/lib/python3.7/site-packages/airflow/example_dags/example_latest_only_with_trigger.py
[2023-05-21T00:02:21.157+0000] {processor.py:836} INFO - DAG(s) dict_keys(['latest_only_with_trigger']) retrieved from /home/airflow/.local/lib/python3.7/site-packages/airflow/example_dags/example_latest_only_with_trigger.py
[2023-05-21T00:02:21.184+0000] {logging_mixin.py:149} INFO - [2023-05-21T00:02:21.184+0000] {dag.py:2726} INFO - Sync 1 DAGs
[2023-05-21T00:02:21.216+0000] {logging_mixin.py:149} INFO - [2023-05-21T00:02:21.216+0000] {dag.py:3490} INFO - Setting next_dagrun for latest_only_with_trigger to 2023-05-20T20:02:21.215660+00:00, run_after=2023-05-21T00:02:21.215660+00:00
[2023-05-21T00:02:21.242+0000] {processor.py:179} INFO - Processing /home/airflow/.local/lib/python3.7/site-packages/airflow/example_dags/example_latest_only_with_trigger.py took 0.096 seconds
[2023-05-21T00:02:51.788+0000] {processor.py:157} INFO - Started process (PID=21273) to work on /home/airflow/.local/lib/python3.7/site-packages/airflow/example_dags/example_latest_only_with_trigger.py
[2023-05-21T00:02:51.789+0000] {processor.py:826} INFO - Processing file /home/airflow/.local/lib/python3.7/site-packages/airflow/example_dags/example_latest_only_with_trigger.py for tasks to queue
[2023-05-21T00:02:51.790+0000] {logging_mixin.py:149} INFO - [2023-05-21T00:02:51.790+0000] {dagbag.py:541} INFO - Filling up the DagBag from /home/airflow/.local/lib/python3.7/site-packages/airflow/example_dags/example_latest_only_with_trigger.py
[2023-05-21T00:02:51.797+0000] {processor.py:836} INFO - DAG(s) dict_keys(['latest_only_with_trigger']) retrieved from /home/airflow/.local/lib/python3.7/site-packages/airflow/example_dags/example_latest_only_with_trigger.py
[2023-05-21T00:02:51.822+0000] {logging_mixin.py:149} INFO - [2023-05-21T00:02:51.822+0000] {dag.py:2726} INFO - Sync 1 DAGs
[2023-05-21T00:02:51.851+0000] {logging_mixin.py:149} INFO - [2023-05-21T00:02:51.851+0000] {dag.py:3490} INFO - Setting next_dagrun for latest_only_with_trigger to 2023-05-20T20:02:51.851010+00:00, run_after=2023-05-21T00:02:51.851010+00:00
[2023-05-21T00:02:51.877+0000] {processor.py:179} INFO - Processing /home/airflow/.local/lib/python3.7/site-packages/airflow/example_dags/example_latest_only_with_trigger.py took 0.092 seconds
[2023-05-21T00:03:22.329+0000] {processor.py:157} INFO - Started process (PID=21342) to work on /home/airflow/.local/lib/python3.7/site-packages/airflow/example_dags/example_latest_only_with_trigger.py
[2023-05-21T00:03:22.330+0000] {processor.py:826} INFO - Processing file /home/airflow/.local/lib/python3.7/site-packages/airflow/example_dags/example_latest_only_with_trigger.py for tasks to queue
[2023-05-21T00:03:22.331+0000] {logging_mixin.py:149} INFO - [2023-05-21T00:03:22.331+0000] {dagbag.py:541} INFO - Filling up the DagBag from /home/airflow/.local/lib/python3.7/site-packages/airflow/example_dags/example_latest_only_with_trigger.py
[2023-05-21T00:03:22.337+0000] {processor.py:836} INFO - DAG(s) dict_keys(['latest_only_with_trigger']) retrieved from /home/airflow/.local/lib/python3.7/site-packages/airflow/example_dags/example_latest_only_with_trigger.py
[2023-05-21T00:03:22.366+0000] {logging_mixin.py:149} INFO - [2023-05-21T00:03:22.366+0000] {dag.py:2726} INFO - Sync 1 DAGs
[2023-05-21T00:03:22.398+0000] {logging_mixin.py:149} INFO - [2023-05-21T00:03:22.398+0000] {dag.py:3490} INFO - Setting next_dagrun for latest_only_with_trigger to 2023-05-20T20:03:22.398315+00:00, run_after=2023-05-21T00:03:22.398315+00:00
[2023-05-21T00:03:22.430+0000] {processor.py:179} INFO - Processing /home/airflow/.local/lib/python3.7/site-packages/airflow/example_dags/example_latest_only_with_trigger.py took 0.104 seconds
[2023-05-21T00:03:52.769+0000] {processor.py:157} INFO - Started process (PID=21411) to work on /home/airflow/.local/lib/python3.7/site-packages/airflow/example_dags/example_latest_only_with_trigger.py
[2023-05-21T00:03:52.770+0000] {processor.py:826} INFO - Processing file /home/airflow/.local/lib/python3.7/site-packages/airflow/example_dags/example_latest_only_with_trigger.py for tasks to queue
[2023-05-21T00:03:52.771+0000] {logging_mixin.py:149} INFO - [2023-05-21T00:03:52.771+0000] {dagbag.py:541} INFO - Filling up the DagBag from /home/airflow/.local/lib/python3.7/site-packages/airflow/example_dags/example_latest_only_with_trigger.py
[2023-05-21T00:03:52.777+0000] {processor.py:836} INFO - DAG(s) dict_keys(['latest_only_with_trigger']) retrieved from /home/airflow/.local/lib/python3.7/site-packages/airflow/example_dags/example_latest_only_with_trigger.py
[2023-05-21T00:03:52.807+0000] {logging_mixin.py:149} INFO - [2023-05-21T00:03:52.806+0000] {dag.py:2726} INFO - Sync 1 DAGs
[2023-05-21T00:03:52.834+0000] {logging_mixin.py:149} INFO - [2023-05-21T00:03:52.833+0000] {dag.py:3490} INFO - Setting next_dagrun for latest_only_with_trigger to 2023-05-20T20:03:52.833760+00:00, run_after=2023-05-21T00:03:52.833760+00:00
[2023-05-21T00:03:52.861+0000] {processor.py:179} INFO - Processing /home/airflow/.local/lib/python3.7/site-packages/airflow/example_dags/example_latest_only_with_trigger.py took 0.095 seconds
[2023-05-21T00:04:23.590+0000] {processor.py:157} INFO - Started process (PID=21488) to work on /home/airflow/.local/lib/python3.7/site-packages/airflow/example_dags/example_latest_only_with_trigger.py
[2023-05-21T00:04:23.591+0000] {processor.py:826} INFO - Processing file /home/airflow/.local/lib/python3.7/site-packages/airflow/example_dags/example_latest_only_with_trigger.py for tasks to queue
[2023-05-21T00:04:23.592+0000] {logging_mixin.py:149} INFO - [2023-05-21T00:04:23.592+0000] {dagbag.py:541} INFO - Filling up the DagBag from /home/airflow/.local/lib/python3.7/site-packages/airflow/example_dags/example_latest_only_with_trigger.py
[2023-05-21T00:04:23.598+0000] {processor.py:836} INFO - DAG(s) dict_keys(['latest_only_with_trigger']) retrieved from /home/airflow/.local/lib/python3.7/site-packages/airflow/example_dags/example_latest_only_with_trigger.py
[2023-05-21T00:04:23.628+0000] {logging_mixin.py:149} INFO - [2023-05-21T00:04:23.627+0000] {dag.py:2726} INFO - Sync 1 DAGs
[2023-05-21T00:04:23.657+0000] {logging_mixin.py:149} INFO - [2023-05-21T00:04:23.657+0000] {dag.py:3490} INFO - Setting next_dagrun for latest_only_with_trigger to 2023-05-20T20:04:23.657238+00:00, run_after=2023-05-21T00:04:23.657238+00:00
[2023-05-21T00:04:23.688+0000] {processor.py:179} INFO - Processing /home/airflow/.local/lib/python3.7/site-packages/airflow/example_dags/example_latest_only_with_trigger.py took 0.101 seconds
[2023-05-21T00:04:53.952+0000] {processor.py:157} INFO - Started process (PID=21556) to work on /home/airflow/.local/lib/python3.7/site-packages/airflow/example_dags/example_latest_only_with_trigger.py
[2023-05-21T00:04:53.953+0000] {processor.py:826} INFO - Processing file /home/airflow/.local/lib/python3.7/site-packages/airflow/example_dags/example_latest_only_with_trigger.py for tasks to queue
[2023-05-21T00:04:53.954+0000] {logging_mixin.py:149} INFO - [2023-05-21T00:04:53.954+0000] {dagbag.py:541} INFO - Filling up the DagBag from /home/airflow/.local/lib/python3.7/site-packages/airflow/example_dags/example_latest_only_with_trigger.py
[2023-05-21T00:04:53.961+0000] {processor.py:836} INFO - DAG(s) dict_keys(['latest_only_with_trigger']) retrieved from /home/airflow/.local/lib/python3.7/site-packages/airflow/example_dags/example_latest_only_with_trigger.py
[2023-05-21T00:04:53.987+0000] {logging_mixin.py:149} INFO - [2023-05-21T00:04:53.987+0000] {dag.py:2726} INFO - Sync 1 DAGs
[2023-05-21T00:04:54.017+0000] {logging_mixin.py:149} INFO - [2023-05-21T00:04:54.016+0000] {dag.py:3490} INFO - Setting next_dagrun for latest_only_with_trigger to 2023-05-20T20:04:54.016545+00:00, run_after=2023-05-21T00:04:54.016545+00:00
[2023-05-21T00:04:54.053+0000] {processor.py:179} INFO - Processing /home/airflow/.local/lib/python3.7/site-packages/airflow/example_dags/example_latest_only_with_trigger.py took 0.103 seconds
[2023-05-21T00:05:24.424+0000] {processor.py:157} INFO - Started process (PID=21624) to work on /home/airflow/.local/lib/python3.7/site-packages/airflow/example_dags/example_latest_only_with_trigger.py
[2023-05-21T00:05:24.425+0000] {processor.py:826} INFO - Processing file /home/airflow/.local/lib/python3.7/site-packages/airflow/example_dags/example_latest_only_with_trigger.py for tasks to queue
[2023-05-21T00:05:24.426+0000] {logging_mixin.py:149} INFO - [2023-05-21T00:05:24.426+0000] {dagbag.py:541} INFO - Filling up the DagBag from /home/airflow/.local/lib/python3.7/site-packages/airflow/example_dags/example_latest_only_with_trigger.py
[2023-05-21T00:05:24.432+0000] {processor.py:836} INFO - DAG(s) dict_keys(['latest_only_with_trigger']) retrieved from /home/airflow/.local/lib/python3.7/site-packages/airflow/example_dags/example_latest_only_with_trigger.py
[2023-05-21T00:05:24.459+0000] {logging_mixin.py:149} INFO - [2023-05-21T00:05:24.459+0000] {dag.py:2726} INFO - Sync 1 DAGs
[2023-05-21T00:05:24.489+0000] {logging_mixin.py:149} INFO - [2023-05-21T00:05:24.489+0000] {dag.py:3490} INFO - Setting next_dagrun for latest_only_with_trigger to 2023-05-20T20:05:24.489364+00:00, run_after=2023-05-21T00:05:24.489364+00:00
[2023-05-21T00:05:24.513+0000] {processor.py:179} INFO - Processing /home/airflow/.local/lib/python3.7/site-packages/airflow/example_dags/example_latest_only_with_trigger.py took 0.092 seconds
[2023-05-21T00:05:54.931+0000] {processor.py:157} INFO - Started process (PID=21694) to work on /home/airflow/.local/lib/python3.7/site-packages/airflow/example_dags/example_latest_only_with_trigger.py
[2023-05-21T00:05:54.932+0000] {processor.py:826} INFO - Processing file /home/airflow/.local/lib/python3.7/site-packages/airflow/example_dags/example_latest_only_with_trigger.py for tasks to queue
[2023-05-21T00:05:54.933+0000] {logging_mixin.py:149} INFO - [2023-05-21T00:05:54.933+0000] {dagbag.py:541} INFO - Filling up the DagBag from /home/airflow/.local/lib/python3.7/site-packages/airflow/example_dags/example_latest_only_with_trigger.py
[2023-05-21T00:05:54.939+0000] {processor.py:836} INFO - DAG(s) dict_keys(['latest_only_with_trigger']) retrieved from /home/airflow/.local/lib/python3.7/site-packages/airflow/example_dags/example_latest_only_with_trigger.py
[2023-05-21T00:05:54.966+0000] {logging_mixin.py:149} INFO - [2023-05-21T00:05:54.965+0000] {dag.py:2726} INFO - Sync 1 DAGs
[2023-05-21T00:05:54.996+0000] {logging_mixin.py:149} INFO - [2023-05-21T00:05:54.996+0000] {dag.py:3490} INFO - Setting next_dagrun for latest_only_with_trigger to 2023-05-20T20:05:54.996119+00:00, run_after=2023-05-21T00:05:54.996119+00:00
[2023-05-21T00:05:55.109+0000] {processor.py:179} INFO - Processing /home/airflow/.local/lib/python3.7/site-packages/airflow/example_dags/example_latest_only_with_trigger.py took 0.180 seconds
[2023-05-21T00:06:25.510+0000] {processor.py:157} INFO - Started process (PID=21762) to work on /home/airflow/.local/lib/python3.7/site-packages/airflow/example_dags/example_latest_only_with_trigger.py
[2023-05-21T00:06:25.511+0000] {processor.py:826} INFO - Processing file /home/airflow/.local/lib/python3.7/site-packages/airflow/example_dags/example_latest_only_with_trigger.py for tasks to queue
[2023-05-21T00:06:25.512+0000] {logging_mixin.py:149} INFO - [2023-05-21T00:06:25.512+0000] {dagbag.py:541} INFO - Filling up the DagBag from /home/airflow/.local/lib/python3.7/site-packages/airflow/example_dags/example_latest_only_with_trigger.py
[2023-05-21T00:06:25.518+0000] {processor.py:836} INFO - DAG(s) dict_keys(['latest_only_with_trigger']) retrieved from /home/airflow/.local/lib/python3.7/site-packages/airflow/example_dags/example_latest_only_with_trigger.py
[2023-05-21T00:06:25.543+0000] {logging_mixin.py:149} INFO - [2023-05-21T00:06:25.543+0000] {dag.py:2726} INFO - Sync 1 DAGs
[2023-05-21T00:06:25.570+0000] {logging_mixin.py:149} INFO - [2023-05-21T00:06:25.570+0000] {dag.py:3490} INFO - Setting next_dagrun for latest_only_with_trigger to 2023-05-20T20:06:25.569932+00:00, run_after=2023-05-21T00:06:25.569932+00:00
[2023-05-21T00:06:25.598+0000] {processor.py:179} INFO - Processing /home/airflow/.local/lib/python3.7/site-packages/airflow/example_dags/example_latest_only_with_trigger.py took 0.090 seconds
[2023-05-21T00:06:55.946+0000] {processor.py:157} INFO - Started process (PID=21829) to work on /home/airflow/.local/lib/python3.7/site-packages/airflow/example_dags/example_latest_only_with_trigger.py
[2023-05-21T00:06:55.947+0000] {processor.py:826} INFO - Processing file /home/airflow/.local/lib/python3.7/site-packages/airflow/example_dags/example_latest_only_with_trigger.py for tasks to queue
[2023-05-21T00:06:55.948+0000] {logging_mixin.py:149} INFO - [2023-05-21T00:06:55.948+0000] {dagbag.py:541} INFO - Filling up the DagBag from /home/airflow/.local/lib/python3.7/site-packages/airflow/example_dags/example_latest_only_with_trigger.py
[2023-05-21T00:06:55.954+0000] {processor.py:836} INFO - DAG(s) dict_keys(['latest_only_with_trigger']) retrieved from /home/airflow/.local/lib/python3.7/site-packages/airflow/example_dags/example_latest_only_with_trigger.py
[2023-05-21T00:06:55.980+0000] {logging_mixin.py:149} INFO - [2023-05-21T00:06:55.980+0000] {dag.py:2726} INFO - Sync 1 DAGs
[2023-05-21T00:06:56.009+0000] {logging_mixin.py:149} INFO - [2023-05-21T00:06:56.009+0000] {dag.py:3490} INFO - Setting next_dagrun for latest_only_with_trigger to 2023-05-20T20:06:56.009396+00:00, run_after=2023-05-21T00:06:56.009396+00:00
[2023-05-21T00:06:56.037+0000] {processor.py:179} INFO - Processing /home/airflow/.local/lib/python3.7/site-packages/airflow/example_dags/example_latest_only_with_trigger.py took 0.094 seconds
[2023-05-21T00:07:26.275+0000] {processor.py:157} INFO - Started process (PID=21897) to work on /home/airflow/.local/lib/python3.7/site-packages/airflow/example_dags/example_latest_only_with_trigger.py
[2023-05-21T00:07:26.276+0000] {processor.py:826} INFO - Processing file /home/airflow/.local/lib/python3.7/site-packages/airflow/example_dags/example_latest_only_with_trigger.py for tasks to queue
[2023-05-21T00:07:26.277+0000] {logging_mixin.py:149} INFO - [2023-05-21T00:07:26.277+0000] {dagbag.py:541} INFO - Filling up the DagBag from /home/airflow/.local/lib/python3.7/site-packages/airflow/example_dags/example_latest_only_with_trigger.py
[2023-05-21T00:07:26.285+0000] {processor.py:836} INFO - DAG(s) dict_keys(['latest_only_with_trigger']) retrieved from /home/airflow/.local/lib/python3.7/site-packages/airflow/example_dags/example_latest_only_with_trigger.py
[2023-05-21T00:07:26.314+0000] {logging_mixin.py:149} INFO - [2023-05-21T00:07:26.314+0000] {dag.py:2726} INFO - Sync 1 DAGs
[2023-05-21T00:07:26.344+0000] {logging_mixin.py:149} INFO - [2023-05-21T00:07:26.343+0000] {dag.py:3490} INFO - Setting next_dagrun for latest_only_with_trigger to 2023-05-20T20:07:26.343605+00:00, run_after=2023-05-21T00:07:26.343605+00:00
[2023-05-21T00:07:26.415+0000] {processor.py:179} INFO - Processing /home/airflow/.local/lib/python3.7/site-packages/airflow/example_dags/example_latest_only_with_trigger.py took 0.144 seconds
[2023-05-21T00:07:57.229+0000] {processor.py:157} INFO - Started process (PID=21966) to work on /home/airflow/.local/lib/python3.7/site-packages/airflow/example_dags/example_latest_only_with_trigger.py
[2023-05-21T00:07:57.230+0000] {processor.py:826} INFO - Processing file /home/airflow/.local/lib/python3.7/site-packages/airflow/example_dags/example_latest_only_with_trigger.py for tasks to queue
[2023-05-21T00:07:57.231+0000] {logging_mixin.py:149} INFO - [2023-05-21T00:07:57.231+0000] {dagbag.py:541} INFO - Filling up the DagBag from /home/airflow/.local/lib/python3.7/site-packages/airflow/example_dags/example_latest_only_with_trigger.py
[2023-05-21T00:07:57.235+0000] {processor.py:836} INFO - DAG(s) dict_keys(['latest_only_with_trigger']) retrieved from /home/airflow/.local/lib/python3.7/site-packages/airflow/example_dags/example_latest_only_with_trigger.py
[2023-05-21T00:07:57.257+0000] {logging_mixin.py:149} INFO - [2023-05-21T00:07:57.257+0000] {dag.py:2726} INFO - Sync 1 DAGs
[2023-05-21T00:07:57.280+0000] {logging_mixin.py:149} INFO - [2023-05-21T00:07:57.279+0000] {dag.py:3490} INFO - Setting next_dagrun for latest_only_with_trigger to 2023-05-20T20:07:57.279581+00:00, run_after=2023-05-21T00:07:57.279581+00:00
[2023-05-21T00:07:57.300+0000] {processor.py:179} INFO - Processing /home/airflow/.local/lib/python3.7/site-packages/airflow/example_dags/example_latest_only_with_trigger.py took 0.074 seconds
[2023-05-21T23:12:43.910+0000] {processor.py:157} INFO - Started process (PID=68) to work on /home/airflow/.local/lib/python3.7/site-packages/airflow/example_dags/example_latest_only_with_trigger.py
[2023-05-21T23:12:43.912+0000] {processor.py:826} INFO - Processing file /home/airflow/.local/lib/python3.7/site-packages/airflow/example_dags/example_latest_only_with_trigger.py for tasks to queue
[2023-05-21T23:12:43.913+0000] {logging_mixin.py:149} INFO - [2023-05-21T23:12:43.913+0000] {dagbag.py:541} INFO - Filling up the DagBag from /home/airflow/.local/lib/python3.7/site-packages/airflow/example_dags/example_latest_only_with_trigger.py
[2023-05-21T23:12:43.922+0000] {processor.py:836} INFO - DAG(s) dict_keys(['latest_only_with_trigger']) retrieved from /home/airflow/.local/lib/python3.7/site-packages/airflow/example_dags/example_latest_only_with_trigger.py
[2023-05-21T23:12:43.934+0000] {logging_mixin.py:149} INFO - [2023-05-21T23:12:43.934+0000] {dag.py:2726} INFO - Sync 1 DAGs
[2023-05-21T23:12:43.964+0000] {logging_mixin.py:149} INFO - [2023-05-21T23:12:43.964+0000] {dag.py:3490} INFO - Setting next_dagrun for latest_only_with_trigger to 2023-05-21T19:12:43.964478+00:00, run_after=2023-05-21T23:12:43.964478+00:00
[2023-05-21T23:12:43.987+0000] {processor.py:179} INFO - Processing /home/airflow/.local/lib/python3.7/site-packages/airflow/example_dags/example_latest_only_with_trigger.py took 0.079 seconds
