[2023-05-21T00:00:17.224+0000] {processor.py:157} INFO - Started process (PID=20924) to work on /home/airflow/.local/lib/python3.7/site-packages/airflow/example_dags/example_nested_branch_dag.py
[2023-05-21T00:00:17.225+0000] {processor.py:826} INFO - Processing file /home/airflow/.local/lib/python3.7/site-packages/airflow/example_dags/example_nested_branch_dag.py for tasks to queue
[2023-05-21T00:00:17.226+0000] {logging_mixin.py:149} INFO - [2023-05-21T00:00:17.225+0000] {dagbag.py:541} INFO - Filling up the DagBag from /home/airflow/.local/lib/python3.7/site-packages/airflow/example_dags/example_nested_branch_dag.py
[2023-05-21T00:00:17.236+0000] {processor.py:836} INFO - DAG(s) dict_keys(['example_nested_branch_dag']) retrieved from /home/airflow/.local/lib/python3.7/site-packages/airflow/example_dags/example_nested_branch_dag.py
[2023-05-21T00:00:17.263+0000] {logging_mixin.py:149} INFO - [2023-05-21T00:00:17.263+0000] {dag.py:2726} INFO - Sync 1 DAGs
[2023-05-21T00:00:17.291+0000] {logging_mixin.py:149} INFO - [2023-05-21T00:00:17.291+0000] {dag.py:3490} INFO - Setting next_dagrun for example_nested_branch_dag to 2023-05-20T00:00:00+00:00, run_after=2023-05-21T00:00:00+00:00
[2023-05-21T00:00:17.363+0000] {processor.py:179} INFO - Processing /home/airflow/.local/lib/python3.7/site-packages/airflow/example_dags/example_nested_branch_dag.py took 0.142 seconds
[2023-05-21T00:00:47.998+0000] {processor.py:157} INFO - Started process (PID=20993) to work on /home/airflow/.local/lib/python3.7/site-packages/airflow/example_dags/example_nested_branch_dag.py
[2023-05-21T00:00:47.999+0000] {processor.py:826} INFO - Processing file /home/airflow/.local/lib/python3.7/site-packages/airflow/example_dags/example_nested_branch_dag.py for tasks to queue
[2023-05-21T00:00:48.000+0000] {logging_mixin.py:149} INFO - [2023-05-21T00:00:48.000+0000] {dagbag.py:541} INFO - Filling up the DagBag from /home/airflow/.local/lib/python3.7/site-packages/airflow/example_dags/example_nested_branch_dag.py
[2023-05-21T00:00:48.010+0000] {processor.py:836} INFO - DAG(s) dict_keys(['example_nested_branch_dag']) retrieved from /home/airflow/.local/lib/python3.7/site-packages/airflow/example_dags/example_nested_branch_dag.py
[2023-05-21T00:00:48.040+0000] {logging_mixin.py:149} INFO - [2023-05-21T00:00:48.039+0000] {dag.py:2726} INFO - Sync 1 DAGs
[2023-05-21T00:00:48.071+0000] {logging_mixin.py:149} INFO - [2023-05-21T00:00:48.071+0000] {dag.py:3490} INFO - Setting next_dagrun for example_nested_branch_dag to 2023-05-20T00:00:00+00:00, run_after=2023-05-21T00:00:00+00:00
[2023-05-21T00:00:48.256+0000] {processor.py:179} INFO - Processing /home/airflow/.local/lib/python3.7/site-packages/airflow/example_dags/example_nested_branch_dag.py took 0.261 seconds
[2023-05-21T00:01:18.760+0000] {processor.py:157} INFO - Started process (PID=21061) to work on /home/airflow/.local/lib/python3.7/site-packages/airflow/example_dags/example_nested_branch_dag.py
[2023-05-21T00:01:18.761+0000] {processor.py:826} INFO - Processing file /home/airflow/.local/lib/python3.7/site-packages/airflow/example_dags/example_nested_branch_dag.py for tasks to queue
[2023-05-21T00:01:18.762+0000] {logging_mixin.py:149} INFO - [2023-05-21T00:01:18.761+0000] {dagbag.py:541} INFO - Filling up the DagBag from /home/airflow/.local/lib/python3.7/site-packages/airflow/example_dags/example_nested_branch_dag.py
[2023-05-21T00:01:18.771+0000] {processor.py:836} INFO - DAG(s) dict_keys(['example_nested_branch_dag']) retrieved from /home/airflow/.local/lib/python3.7/site-packages/airflow/example_dags/example_nested_branch_dag.py
[2023-05-21T00:01:18.804+0000] {logging_mixin.py:149} INFO - [2023-05-21T00:01:18.804+0000] {dag.py:2726} INFO - Sync 1 DAGs
[2023-05-21T00:01:18.837+0000] {logging_mixin.py:149} INFO - [2023-05-21T00:01:18.837+0000] {dag.py:3490} INFO - Setting next_dagrun for example_nested_branch_dag to 2023-05-20T00:00:00+00:00, run_after=2023-05-21T00:00:00+00:00
[2023-05-21T00:01:18.863+0000] {processor.py:179} INFO - Processing /home/airflow/.local/lib/python3.7/site-packages/airflow/example_dags/example_nested_branch_dag.py took 0.106 seconds
[2023-05-21T00:01:49.278+0000] {processor.py:157} INFO - Started process (PID=21129) to work on /home/airflow/.local/lib/python3.7/site-packages/airflow/example_dags/example_nested_branch_dag.py
[2023-05-21T00:01:49.279+0000] {processor.py:826} INFO - Processing file /home/airflow/.local/lib/python3.7/site-packages/airflow/example_dags/example_nested_branch_dag.py for tasks to queue
[2023-05-21T00:01:49.279+0000] {logging_mixin.py:149} INFO - [2023-05-21T00:01:49.279+0000] {dagbag.py:541} INFO - Filling up the DagBag from /home/airflow/.local/lib/python3.7/site-packages/airflow/example_dags/example_nested_branch_dag.py
[2023-05-21T00:01:49.288+0000] {processor.py:836} INFO - DAG(s) dict_keys(['example_nested_branch_dag']) retrieved from /home/airflow/.local/lib/python3.7/site-packages/airflow/example_dags/example_nested_branch_dag.py
[2023-05-21T00:01:49.317+0000] {logging_mixin.py:149} INFO - [2023-05-21T00:01:49.317+0000] {dag.py:2726} INFO - Sync 1 DAGs
[2023-05-21T00:01:49.346+0000] {logging_mixin.py:149} INFO - [2023-05-21T00:01:49.346+0000] {dag.py:3490} INFO - Setting next_dagrun for example_nested_branch_dag to 2023-05-20T00:00:00+00:00, run_after=2023-05-21T00:00:00+00:00
[2023-05-21T00:01:49.373+0000] {processor.py:179} INFO - Processing /home/airflow/.local/lib/python3.7/site-packages/airflow/example_dags/example_nested_branch_dag.py took 0.098 seconds
[2023-05-21T00:02:19.582+0000] {processor.py:157} INFO - Started process (PID=21197) to work on /home/airflow/.local/lib/python3.7/site-packages/airflow/example_dags/example_nested_branch_dag.py
[2023-05-21T00:02:19.582+0000] {processor.py:826} INFO - Processing file /home/airflow/.local/lib/python3.7/site-packages/airflow/example_dags/example_nested_branch_dag.py for tasks to queue
[2023-05-21T00:02:19.583+0000] {logging_mixin.py:149} INFO - [2023-05-21T00:02:19.583+0000] {dagbag.py:541} INFO - Filling up the DagBag from /home/airflow/.local/lib/python3.7/site-packages/airflow/example_dags/example_nested_branch_dag.py
[2023-05-21T00:02:19.593+0000] {processor.py:836} INFO - DAG(s) dict_keys(['example_nested_branch_dag']) retrieved from /home/airflow/.local/lib/python3.7/site-packages/airflow/example_dags/example_nested_branch_dag.py
[2023-05-21T00:02:19.620+0000] {logging_mixin.py:149} INFO - [2023-05-21T00:02:19.620+0000] {dag.py:2726} INFO - Sync 1 DAGs
[2023-05-21T00:02:19.649+0000] {logging_mixin.py:149} INFO - [2023-05-21T00:02:19.649+0000] {dag.py:3490} INFO - Setting next_dagrun for example_nested_branch_dag to 2023-05-20T00:00:00+00:00, run_after=2023-05-21T00:00:00+00:00
[2023-05-21T00:02:19.684+0000] {processor.py:179} INFO - Processing /home/airflow/.local/lib/python3.7/site-packages/airflow/example_dags/example_nested_branch_dag.py took 0.105 seconds
[2023-05-21T00:02:50.128+0000] {processor.py:157} INFO - Started process (PID=21265) to work on /home/airflow/.local/lib/python3.7/site-packages/airflow/example_dags/example_nested_branch_dag.py
[2023-05-21T00:02:50.129+0000] {processor.py:826} INFO - Processing file /home/airflow/.local/lib/python3.7/site-packages/airflow/example_dags/example_nested_branch_dag.py for tasks to queue
[2023-05-21T00:02:50.129+0000] {logging_mixin.py:149} INFO - [2023-05-21T00:02:50.129+0000] {dagbag.py:541} INFO - Filling up the DagBag from /home/airflow/.local/lib/python3.7/site-packages/airflow/example_dags/example_nested_branch_dag.py
[2023-05-21T00:02:50.139+0000] {processor.py:836} INFO - DAG(s) dict_keys(['example_nested_branch_dag']) retrieved from /home/airflow/.local/lib/python3.7/site-packages/airflow/example_dags/example_nested_branch_dag.py
[2023-05-21T00:02:50.166+0000] {logging_mixin.py:149} INFO - [2023-05-21T00:02:50.166+0000] {dag.py:2726} INFO - Sync 1 DAGs
[2023-05-21T00:02:50.197+0000] {logging_mixin.py:149} INFO - [2023-05-21T00:02:50.196+0000] {dag.py:3490} INFO - Setting next_dagrun for example_nested_branch_dag to 2023-05-20T00:00:00+00:00, run_after=2023-05-21T00:00:00+00:00
[2023-05-21T00:02:50.222+0000] {processor.py:179} INFO - Processing /home/airflow/.local/lib/python3.7/site-packages/airflow/example_dags/example_nested_branch_dag.py took 0.096 seconds
[2023-05-21T00:03:20.742+0000] {processor.py:157} INFO - Started process (PID=21334) to work on /home/airflow/.local/lib/python3.7/site-packages/airflow/example_dags/example_nested_branch_dag.py
[2023-05-21T00:03:20.743+0000] {processor.py:826} INFO - Processing file /home/airflow/.local/lib/python3.7/site-packages/airflow/example_dags/example_nested_branch_dag.py for tasks to queue
[2023-05-21T00:03:20.744+0000] {logging_mixin.py:149} INFO - [2023-05-21T00:03:20.744+0000] {dagbag.py:541} INFO - Filling up the DagBag from /home/airflow/.local/lib/python3.7/site-packages/airflow/example_dags/example_nested_branch_dag.py
[2023-05-21T00:03:20.753+0000] {processor.py:836} INFO - DAG(s) dict_keys(['example_nested_branch_dag']) retrieved from /home/airflow/.local/lib/python3.7/site-packages/airflow/example_dags/example_nested_branch_dag.py
[2023-05-21T00:03:20.783+0000] {logging_mixin.py:149} INFO - [2023-05-21T00:03:20.783+0000] {dag.py:2726} INFO - Sync 1 DAGs
[2023-05-21T00:03:20.815+0000] {logging_mixin.py:149} INFO - [2023-05-21T00:03:20.815+0000] {dag.py:3490} INFO - Setting next_dagrun for example_nested_branch_dag to 2023-05-20T00:00:00+00:00, run_after=2023-05-21T00:00:00+00:00
[2023-05-21T00:03:20.848+0000] {processor.py:179} INFO - Processing /home/airflow/.local/lib/python3.7/site-packages/airflow/example_dags/example_nested_branch_dag.py took 0.110 seconds
[2023-05-21T00:03:51.217+0000] {processor.py:157} INFO - Started process (PID=21403) to work on /home/airflow/.local/lib/python3.7/site-packages/airflow/example_dags/example_nested_branch_dag.py
[2023-05-21T00:03:51.218+0000] {processor.py:826} INFO - Processing file /home/airflow/.local/lib/python3.7/site-packages/airflow/example_dags/example_nested_branch_dag.py for tasks to queue
[2023-05-21T00:03:51.219+0000] {logging_mixin.py:149} INFO - [2023-05-21T00:03:51.219+0000] {dagbag.py:541} INFO - Filling up the DagBag from /home/airflow/.local/lib/python3.7/site-packages/airflow/example_dags/example_nested_branch_dag.py
[2023-05-21T00:03:51.231+0000] {processor.py:836} INFO - DAG(s) dict_keys(['example_nested_branch_dag']) retrieved from /home/airflow/.local/lib/python3.7/site-packages/airflow/example_dags/example_nested_branch_dag.py
[2023-05-21T00:03:51.263+0000] {logging_mixin.py:149} INFO - [2023-05-21T00:03:51.263+0000] {dag.py:2726} INFO - Sync 1 DAGs
[2023-05-21T00:03:51.294+0000] {logging_mixin.py:149} INFO - [2023-05-21T00:03:51.294+0000] {dag.py:3490} INFO - Setting next_dagrun for example_nested_branch_dag to 2023-05-20T00:00:00+00:00, run_after=2023-05-21T00:00:00+00:00
[2023-05-21T00:03:51.325+0000] {processor.py:179} INFO - Processing /home/airflow/.local/lib/python3.7/site-packages/airflow/example_dags/example_nested_branch_dag.py took 0.110 seconds
[2023-05-21T00:04:21.845+0000] {processor.py:157} INFO - Started process (PID=21472) to work on /home/airflow/.local/lib/python3.7/site-packages/airflow/example_dags/example_nested_branch_dag.py
[2023-05-21T00:04:21.845+0000] {processor.py:826} INFO - Processing file /home/airflow/.local/lib/python3.7/site-packages/airflow/example_dags/example_nested_branch_dag.py for tasks to queue
[2023-05-21T00:04:21.846+0000] {logging_mixin.py:149} INFO - [2023-05-21T00:04:21.846+0000] {dagbag.py:541} INFO - Filling up the DagBag from /home/airflow/.local/lib/python3.7/site-packages/airflow/example_dags/example_nested_branch_dag.py
[2023-05-21T00:04:21.855+0000] {processor.py:836} INFO - DAG(s) dict_keys(['example_nested_branch_dag']) retrieved from /home/airflow/.local/lib/python3.7/site-packages/airflow/example_dags/example_nested_branch_dag.py
[2023-05-21T00:04:21.889+0000] {logging_mixin.py:149} INFO - [2023-05-21T00:04:21.889+0000] {dag.py:2726} INFO - Sync 1 DAGs
[2023-05-21T00:04:21.922+0000] {logging_mixin.py:149} INFO - [2023-05-21T00:04:21.921+0000] {dag.py:3490} INFO - Setting next_dagrun for example_nested_branch_dag to 2023-05-20T00:00:00+00:00, run_after=2023-05-21T00:00:00+00:00
[2023-05-21T00:04:21.948+0000] {processor.py:179} INFO - Processing /home/airflow/.local/lib/python3.7/site-packages/airflow/example_dags/example_nested_branch_dag.py took 0.106 seconds
[2023-05-21T00:04:52.261+0000] {processor.py:157} INFO - Started process (PID=21541) to work on /home/airflow/.local/lib/python3.7/site-packages/airflow/example_dags/example_nested_branch_dag.py
[2023-05-21T00:04:52.262+0000] {processor.py:826} INFO - Processing file /home/airflow/.local/lib/python3.7/site-packages/airflow/example_dags/example_nested_branch_dag.py for tasks to queue
[2023-05-21T00:04:52.263+0000] {logging_mixin.py:149} INFO - [2023-05-21T00:04:52.263+0000] {dagbag.py:541} INFO - Filling up the DagBag from /home/airflow/.local/lib/python3.7/site-packages/airflow/example_dags/example_nested_branch_dag.py
[2023-05-21T00:04:52.274+0000] {processor.py:836} INFO - DAG(s) dict_keys(['example_nested_branch_dag']) retrieved from /home/airflow/.local/lib/python3.7/site-packages/airflow/example_dags/example_nested_branch_dag.py
[2023-05-21T00:04:52.302+0000] {logging_mixin.py:149} INFO - [2023-05-21T00:04:52.302+0000] {dag.py:2726} INFO - Sync 1 DAGs
[2023-05-21T00:04:52.333+0000] {logging_mixin.py:149} INFO - [2023-05-21T00:04:52.333+0000] {dag.py:3490} INFO - Setting next_dagrun for example_nested_branch_dag to 2023-05-20T00:00:00+00:00, run_after=2023-05-21T00:00:00+00:00
[2023-05-21T00:04:52.371+0000] {processor.py:179} INFO - Processing /home/airflow/.local/lib/python3.7/site-packages/airflow/example_dags/example_nested_branch_dag.py took 0.113 seconds
[2023-05-21T00:05:22.768+0000] {processor.py:157} INFO - Started process (PID=21609) to work on /home/airflow/.local/lib/python3.7/site-packages/airflow/example_dags/example_nested_branch_dag.py
[2023-05-21T00:05:22.769+0000] {processor.py:826} INFO - Processing file /home/airflow/.local/lib/python3.7/site-packages/airflow/example_dags/example_nested_branch_dag.py for tasks to queue
[2023-05-21T00:05:22.770+0000] {logging_mixin.py:149} INFO - [2023-05-21T00:05:22.770+0000] {dagbag.py:541} INFO - Filling up the DagBag from /home/airflow/.local/lib/python3.7/site-packages/airflow/example_dags/example_nested_branch_dag.py
[2023-05-21T00:05:22.780+0000] {processor.py:836} INFO - DAG(s) dict_keys(['example_nested_branch_dag']) retrieved from /home/airflow/.local/lib/python3.7/site-packages/airflow/example_dags/example_nested_branch_dag.py
[2023-05-21T00:05:22.812+0000] {logging_mixin.py:149} INFO - [2023-05-21T00:05:22.812+0000] {dag.py:2726} INFO - Sync 1 DAGs
[2023-05-21T00:05:22.845+0000] {logging_mixin.py:149} INFO - [2023-05-21T00:05:22.845+0000] {dag.py:3490} INFO - Setting next_dagrun for example_nested_branch_dag to 2023-05-20T00:00:00+00:00, run_after=2023-05-21T00:00:00+00:00
[2023-05-21T00:05:22.873+0000] {processor.py:179} INFO - Processing /home/airflow/.local/lib/python3.7/site-packages/airflow/example_dags/example_nested_branch_dag.py took 0.108 seconds
[2023-05-21T00:05:53.254+0000] {processor.py:157} INFO - Started process (PID=21677) to work on /home/airflow/.local/lib/python3.7/site-packages/airflow/example_dags/example_nested_branch_dag.py
[2023-05-21T00:05:53.255+0000] {processor.py:826} INFO - Processing file /home/airflow/.local/lib/python3.7/site-packages/airflow/example_dags/example_nested_branch_dag.py for tasks to queue
[2023-05-21T00:05:53.256+0000] {logging_mixin.py:149} INFO - [2023-05-21T00:05:53.256+0000] {dagbag.py:541} INFO - Filling up the DagBag from /home/airflow/.local/lib/python3.7/site-packages/airflow/example_dags/example_nested_branch_dag.py
[2023-05-21T00:05:53.266+0000] {processor.py:836} INFO - DAG(s) dict_keys(['example_nested_branch_dag']) retrieved from /home/airflow/.local/lib/python3.7/site-packages/airflow/example_dags/example_nested_branch_dag.py
[2023-05-21T00:05:53.295+0000] {logging_mixin.py:149} INFO - [2023-05-21T00:05:53.295+0000] {dag.py:2726} INFO - Sync 1 DAGs
[2023-05-21T00:05:53.325+0000] {logging_mixin.py:149} INFO - [2023-05-21T00:05:53.325+0000] {dag.py:3490} INFO - Setting next_dagrun for example_nested_branch_dag to 2023-05-20T00:00:00+00:00, run_after=2023-05-21T00:00:00+00:00
[2023-05-21T00:05:53.351+0000] {processor.py:179} INFO - Processing /home/airflow/.local/lib/python3.7/site-packages/airflow/example_dags/example_nested_branch_dag.py took 0.100 seconds
[2023-05-21T00:06:23.813+0000] {processor.py:157} INFO - Started process (PID=21746) to work on /home/airflow/.local/lib/python3.7/site-packages/airflow/example_dags/example_nested_branch_dag.py
[2023-05-21T00:06:23.814+0000] {processor.py:826} INFO - Processing file /home/airflow/.local/lib/python3.7/site-packages/airflow/example_dags/example_nested_branch_dag.py for tasks to queue
[2023-05-21T00:06:23.815+0000] {logging_mixin.py:149} INFO - [2023-05-21T00:06:23.815+0000] {dagbag.py:541} INFO - Filling up the DagBag from /home/airflow/.local/lib/python3.7/site-packages/airflow/example_dags/example_nested_branch_dag.py
[2023-05-21T00:06:23.828+0000] {processor.py:836} INFO - DAG(s) dict_keys(['example_nested_branch_dag']) retrieved from /home/airflow/.local/lib/python3.7/site-packages/airflow/example_dags/example_nested_branch_dag.py
[2023-05-21T00:06:23.863+0000] {logging_mixin.py:149} INFO - [2023-05-21T00:06:23.863+0000] {dag.py:2726} INFO - Sync 1 DAGs
[2023-05-21T00:06:23.894+0000] {logging_mixin.py:149} INFO - [2023-05-21T00:06:23.893+0000] {dag.py:3490} INFO - Setting next_dagrun for example_nested_branch_dag to 2023-05-20T00:00:00+00:00, run_after=2023-05-21T00:00:00+00:00
[2023-05-21T00:06:23.923+0000] {processor.py:179} INFO - Processing /home/airflow/.local/lib/python3.7/site-packages/airflow/example_dags/example_nested_branch_dag.py took 0.113 seconds
[2023-05-21T00:06:54.385+0000] {processor.py:157} INFO - Started process (PID=21821) to work on /home/airflow/.local/lib/python3.7/site-packages/airflow/example_dags/example_nested_branch_dag.py
[2023-05-21T00:06:54.387+0000] {processor.py:826} INFO - Processing file /home/airflow/.local/lib/python3.7/site-packages/airflow/example_dags/example_nested_branch_dag.py for tasks to queue
[2023-05-21T00:06:54.387+0000] {logging_mixin.py:149} INFO - [2023-05-21T00:06:54.387+0000] {dagbag.py:541} INFO - Filling up the DagBag from /home/airflow/.local/lib/python3.7/site-packages/airflow/example_dags/example_nested_branch_dag.py
[2023-05-21T00:06:54.400+0000] {processor.py:836} INFO - DAG(s) dict_keys(['example_nested_branch_dag']) retrieved from /home/airflow/.local/lib/python3.7/site-packages/airflow/example_dags/example_nested_branch_dag.py
[2023-05-21T00:06:54.429+0000] {logging_mixin.py:149} INFO - [2023-05-21T00:06:54.429+0000] {dag.py:2726} INFO - Sync 1 DAGs
[2023-05-21T00:06:54.462+0000] {logging_mixin.py:149} INFO - [2023-05-21T00:06:54.461+0000] {dag.py:3490} INFO - Setting next_dagrun for example_nested_branch_dag to 2023-05-20T00:00:00+00:00, run_after=2023-05-21T00:00:00+00:00
[2023-05-21T00:06:54.494+0000] {processor.py:179} INFO - Processing /home/airflow/.local/lib/python3.7/site-packages/airflow/example_dags/example_nested_branch_dag.py took 0.112 seconds
[2023-05-21T00:07:24.680+0000] {processor.py:157} INFO - Started process (PID=21889) to work on /home/airflow/.local/lib/python3.7/site-packages/airflow/example_dags/example_nested_branch_dag.py
[2023-05-21T00:07:24.682+0000] {processor.py:826} INFO - Processing file /home/airflow/.local/lib/python3.7/site-packages/airflow/example_dags/example_nested_branch_dag.py for tasks to queue
[2023-05-21T00:07:24.683+0000] {logging_mixin.py:149} INFO - [2023-05-21T00:07:24.683+0000] {dagbag.py:541} INFO - Filling up the DagBag from /home/airflow/.local/lib/python3.7/site-packages/airflow/example_dags/example_nested_branch_dag.py
[2023-05-21T00:07:24.693+0000] {processor.py:836} INFO - DAG(s) dict_keys(['example_nested_branch_dag']) retrieved from /home/airflow/.local/lib/python3.7/site-packages/airflow/example_dags/example_nested_branch_dag.py
[2023-05-21T00:07:24.727+0000] {logging_mixin.py:149} INFO - [2023-05-21T00:07:24.726+0000] {dag.py:2726} INFO - Sync 1 DAGs
[2023-05-21T00:07:24.763+0000] {logging_mixin.py:149} INFO - [2023-05-21T00:07:24.763+0000] {dag.py:3490} INFO - Setting next_dagrun for example_nested_branch_dag to 2023-05-20T00:00:00+00:00, run_after=2023-05-21T00:00:00+00:00
[2023-05-21T00:07:24.790+0000] {processor.py:179} INFO - Processing /home/airflow/.local/lib/python3.7/site-packages/airflow/example_dags/example_nested_branch_dag.py took 0.113 seconds
[2023-05-21T00:07:55.682+0000] {processor.py:157} INFO - Started process (PID=21958) to work on /home/airflow/.local/lib/python3.7/site-packages/airflow/example_dags/example_nested_branch_dag.py
[2023-05-21T00:07:55.683+0000] {processor.py:826} INFO - Processing file /home/airflow/.local/lib/python3.7/site-packages/airflow/example_dags/example_nested_branch_dag.py for tasks to queue
[2023-05-21T00:07:55.683+0000] {logging_mixin.py:149} INFO - [2023-05-21T00:07:55.683+0000] {dagbag.py:541} INFO - Filling up the DagBag from /home/airflow/.local/lib/python3.7/site-packages/airflow/example_dags/example_nested_branch_dag.py
[2023-05-21T00:07:55.694+0000] {processor.py:836} INFO - DAG(s) dict_keys(['example_nested_branch_dag']) retrieved from /home/airflow/.local/lib/python3.7/site-packages/airflow/example_dags/example_nested_branch_dag.py
[2023-05-21T00:07:55.718+0000] {logging_mixin.py:149} INFO - [2023-05-21T00:07:55.718+0000] {dag.py:2726} INFO - Sync 1 DAGs
[2023-05-21T00:07:55.747+0000] {logging_mixin.py:149} INFO - [2023-05-21T00:07:55.747+0000] {dag.py:3490} INFO - Setting next_dagrun for example_nested_branch_dag to 2023-05-20T00:00:00+00:00, run_after=2023-05-21T00:00:00+00:00
[2023-05-21T00:07:55.795+0000] {processor.py:179} INFO - Processing /home/airflow/.local/lib/python3.7/site-packages/airflow/example_dags/example_nested_branch_dag.py took 0.116 seconds
[2023-05-21T23:12:43.266+0000] {processor.py:157} INFO - Started process (PID=59) to work on /home/airflow/.local/lib/python3.7/site-packages/airflow/example_dags/example_nested_branch_dag.py
[2023-05-21T23:12:43.268+0000] {processor.py:826} INFO - Processing file /home/airflow/.local/lib/python3.7/site-packages/airflow/example_dags/example_nested_branch_dag.py for tasks to queue
[2023-05-21T23:12:43.268+0000] {logging_mixin.py:149} INFO - [2023-05-21T23:12:43.268+0000] {dagbag.py:541} INFO - Filling up the DagBag from /home/airflow/.local/lib/python3.7/site-packages/airflow/example_dags/example_nested_branch_dag.py
[2023-05-21T23:12:43.283+0000] {processor.py:836} INFO - DAG(s) dict_keys(['example_nested_branch_dag']) retrieved from /home/airflow/.local/lib/python3.7/site-packages/airflow/example_dags/example_nested_branch_dag.py
[2023-05-21T23:12:43.296+0000] {logging_mixin.py:149} INFO - [2023-05-21T23:12:43.296+0000] {dag.py:2726} INFO - Sync 1 DAGs
[2023-05-21T23:12:43.327+0000] {logging_mixin.py:149} INFO - [2023-05-21T23:12:43.327+0000] {dag.py:3490} INFO - Setting next_dagrun for example_nested_branch_dag to 2023-05-20T00:00:00+00:00, run_after=2023-05-21T00:00:00+00:00
[2023-05-21T23:12:43.352+0000] {processor.py:179} INFO - Processing /home/airflow/.local/lib/python3.7/site-packages/airflow/example_dags/example_nested_branch_dag.py took 0.088 seconds
