[2023-05-21T00:00:17.226+0000] {processor.py:157} INFO - Started process (PID=20925) to work on /home/airflow/.local/lib/python3.7/site-packages/airflow/example_dags/example_time_delta_sensor_async.py
[2023-05-21T00:00:17.227+0000] {processor.py:826} INFO - Processing file /home/airflow/.local/lib/python3.7/site-packages/airflow/example_dags/example_time_delta_sensor_async.py for tasks to queue
[2023-05-21T00:00:17.228+0000] {logging_mixin.py:149} INFO - [2023-05-21T00:00:17.228+0000] {dagbag.py:541} INFO - Filling up the DagBag from /home/airflow/.local/lib/python3.7/site-packages/airflow/example_dags/example_time_delta_sensor_async.py
[2023-05-21T00:00:17.232+0000] {processor.py:836} INFO - DAG(s) dict_keys(['example_time_delta_sensor_async']) retrieved from /home/airflow/.local/lib/python3.7/site-packages/airflow/example_dags/example_time_delta_sensor_async.py
[2023-05-21T00:00:17.258+0000] {logging_mixin.py:149} INFO - [2023-05-21T00:00:17.258+0000] {dag.py:2726} INFO - Sync 1 DAGs
[2023-05-21T00:00:17.289+0000] {logging_mixin.py:149} INFO - [2023-05-21T00:00:17.288+0000] {dag.py:3490} INFO - Setting next_dagrun for example_time_delta_sensor_async to None, run_after=None
[2023-05-21T00:00:17.358+0000] {processor.py:179} INFO - Processing /home/airflow/.local/lib/python3.7/site-packages/airflow/example_dags/example_time_delta_sensor_async.py took 0.134 seconds
[2023-05-21T00:00:48.286+0000] {processor.py:157} INFO - Started process (PID=20994) to work on /home/airflow/.local/lib/python3.7/site-packages/airflow/example_dags/example_time_delta_sensor_async.py
[2023-05-21T00:00:48.286+0000] {processor.py:826} INFO - Processing file /home/airflow/.local/lib/python3.7/site-packages/airflow/example_dags/example_time_delta_sensor_async.py for tasks to queue
[2023-05-21T00:00:48.287+0000] {logging_mixin.py:149} INFO - [2023-05-21T00:00:48.287+0000] {dagbag.py:541} INFO - Filling up the DagBag from /home/airflow/.local/lib/python3.7/site-packages/airflow/example_dags/example_time_delta_sensor_async.py
[2023-05-21T00:00:48.291+0000] {processor.py:836} INFO - DAG(s) dict_keys(['example_time_delta_sensor_async']) retrieved from /home/airflow/.local/lib/python3.7/site-packages/airflow/example_dags/example_time_delta_sensor_async.py
[2023-05-21T00:00:48.315+0000] {logging_mixin.py:149} INFO - [2023-05-21T00:00:48.315+0000] {dag.py:2726} INFO - Sync 1 DAGs
[2023-05-21T00:00:48.342+0000] {logging_mixin.py:149} INFO - [2023-05-21T00:00:48.342+0000] {dag.py:3490} INFO - Setting next_dagrun for example_time_delta_sensor_async to None, run_after=None
[2023-05-21T00:00:48.523+0000] {processor.py:179} INFO - Processing /home/airflow/.local/lib/python3.7/site-packages/airflow/example_dags/example_time_delta_sensor_async.py took 0.240 seconds
[2023-05-21T00:01:18.898+0000] {processor.py:157} INFO - Started process (PID=21062) to work on /home/airflow/.local/lib/python3.7/site-packages/airflow/example_dags/example_time_delta_sensor_async.py
[2023-05-21T00:01:18.899+0000] {processor.py:826} INFO - Processing file /home/airflow/.local/lib/python3.7/site-packages/airflow/example_dags/example_time_delta_sensor_async.py for tasks to queue
[2023-05-21T00:01:18.900+0000] {logging_mixin.py:149} INFO - [2023-05-21T00:01:18.900+0000] {dagbag.py:541} INFO - Filling up the DagBag from /home/airflow/.local/lib/python3.7/site-packages/airflow/example_dags/example_time_delta_sensor_async.py
[2023-05-21T00:01:18.904+0000] {processor.py:836} INFO - DAG(s) dict_keys(['example_time_delta_sensor_async']) retrieved from /home/airflow/.local/lib/python3.7/site-packages/airflow/example_dags/example_time_delta_sensor_async.py
[2023-05-21T00:01:18.931+0000] {logging_mixin.py:149} INFO - [2023-05-21T00:01:18.931+0000] {dag.py:2726} INFO - Sync 1 DAGs
[2023-05-21T00:01:18.960+0000] {logging_mixin.py:149} INFO - [2023-05-21T00:01:18.959+0000] {dag.py:3490} INFO - Setting next_dagrun for example_time_delta_sensor_async to None, run_after=None
[2023-05-21T00:01:18.986+0000] {processor.py:179} INFO - Processing /home/airflow/.local/lib/python3.7/site-packages/airflow/example_dags/example_time_delta_sensor_async.py took 0.091 seconds
[2023-05-21T00:01:49.410+0000] {processor.py:157} INFO - Started process (PID=21130) to work on /home/airflow/.local/lib/python3.7/site-packages/airflow/example_dags/example_time_delta_sensor_async.py
[2023-05-21T00:01:49.411+0000] {processor.py:826} INFO - Processing file /home/airflow/.local/lib/python3.7/site-packages/airflow/example_dags/example_time_delta_sensor_async.py for tasks to queue
[2023-05-21T00:01:49.413+0000] {logging_mixin.py:149} INFO - [2023-05-21T00:01:49.412+0000] {dagbag.py:541} INFO - Filling up the DagBag from /home/airflow/.local/lib/python3.7/site-packages/airflow/example_dags/example_time_delta_sensor_async.py
[2023-05-21T00:01:49.417+0000] {processor.py:836} INFO - DAG(s) dict_keys(['example_time_delta_sensor_async']) retrieved from /home/airflow/.local/lib/python3.7/site-packages/airflow/example_dags/example_time_delta_sensor_async.py
[2023-05-21T00:01:49.443+0000] {logging_mixin.py:149} INFO - [2023-05-21T00:01:49.443+0000] {dag.py:2726} INFO - Sync 1 DAGs
[2023-05-21T00:01:49.471+0000] {logging_mixin.py:149} INFO - [2023-05-21T00:01:49.471+0000] {dag.py:3490} INFO - Setting next_dagrun for example_time_delta_sensor_async to None, run_after=None
[2023-05-21T00:01:49.496+0000] {processor.py:179} INFO - Processing /home/airflow/.local/lib/python3.7/site-packages/airflow/example_dags/example_time_delta_sensor_async.py took 0.089 seconds
[2023-05-21T00:02:19.604+0000] {processor.py:157} INFO - Started process (PID=21198) to work on /home/airflow/.local/lib/python3.7/site-packages/airflow/example_dags/example_time_delta_sensor_async.py
[2023-05-21T00:02:19.605+0000] {processor.py:826} INFO - Processing file /home/airflow/.local/lib/python3.7/site-packages/airflow/example_dags/example_time_delta_sensor_async.py for tasks to queue
[2023-05-21T00:02:19.606+0000] {logging_mixin.py:149} INFO - [2023-05-21T00:02:19.606+0000] {dagbag.py:541} INFO - Filling up the DagBag from /home/airflow/.local/lib/python3.7/site-packages/airflow/example_dags/example_time_delta_sensor_async.py
[2023-05-21T00:02:19.610+0000] {processor.py:836} INFO - DAG(s) dict_keys(['example_time_delta_sensor_async']) retrieved from /home/airflow/.local/lib/python3.7/site-packages/airflow/example_dags/example_time_delta_sensor_async.py
[2023-05-21T00:02:19.636+0000] {logging_mixin.py:149} INFO - [2023-05-21T00:02:19.636+0000] {dag.py:2726} INFO - Sync 1 DAGs
[2023-05-21T00:02:19.662+0000] {logging_mixin.py:149} INFO - [2023-05-21T00:02:19.662+0000] {dag.py:3490} INFO - Setting next_dagrun for example_time_delta_sensor_async to None, run_after=None
[2023-05-21T00:02:19.688+0000] {processor.py:179} INFO - Processing /home/airflow/.local/lib/python3.7/site-packages/airflow/example_dags/example_time_delta_sensor_async.py took 0.087 seconds
[2023-05-21T00:02:50.256+0000] {processor.py:157} INFO - Started process (PID=21266) to work on /home/airflow/.local/lib/python3.7/site-packages/airflow/example_dags/example_time_delta_sensor_async.py
[2023-05-21T00:02:50.257+0000] {processor.py:826} INFO - Processing file /home/airflow/.local/lib/python3.7/site-packages/airflow/example_dags/example_time_delta_sensor_async.py for tasks to queue
[2023-05-21T00:02:50.258+0000] {logging_mixin.py:149} INFO - [2023-05-21T00:02:50.257+0000] {dagbag.py:541} INFO - Filling up the DagBag from /home/airflow/.local/lib/python3.7/site-packages/airflow/example_dags/example_time_delta_sensor_async.py
[2023-05-21T00:02:50.261+0000] {processor.py:836} INFO - DAG(s) dict_keys(['example_time_delta_sensor_async']) retrieved from /home/airflow/.local/lib/python3.7/site-packages/airflow/example_dags/example_time_delta_sensor_async.py
[2023-05-21T00:02:50.286+0000] {logging_mixin.py:149} INFO - [2023-05-21T00:02:50.286+0000] {dag.py:2726} INFO - Sync 1 DAGs
[2023-05-21T00:02:50.315+0000] {logging_mixin.py:149} INFO - [2023-05-21T00:02:50.315+0000] {dag.py:3490} INFO - Setting next_dagrun for example_time_delta_sensor_async to None, run_after=None
[2023-05-21T00:02:50.339+0000] {processor.py:179} INFO - Processing /home/airflow/.local/lib/python3.7/site-packages/airflow/example_dags/example_time_delta_sensor_async.py took 0.085 seconds
[2023-05-21T00:03:20.768+0000] {processor.py:157} INFO - Started process (PID=21335) to work on /home/airflow/.local/lib/python3.7/site-packages/airflow/example_dags/example_time_delta_sensor_async.py
[2023-05-21T00:03:20.769+0000] {processor.py:826} INFO - Processing file /home/airflow/.local/lib/python3.7/site-packages/airflow/example_dags/example_time_delta_sensor_async.py for tasks to queue
[2023-05-21T00:03:20.770+0000] {logging_mixin.py:149} INFO - [2023-05-21T00:03:20.770+0000] {dagbag.py:541} INFO - Filling up the DagBag from /home/airflow/.local/lib/python3.7/site-packages/airflow/example_dags/example_time_delta_sensor_async.py
[2023-05-21T00:03:20.774+0000] {processor.py:836} INFO - DAG(s) dict_keys(['example_time_delta_sensor_async']) retrieved from /home/airflow/.local/lib/python3.7/site-packages/airflow/example_dags/example_time_delta_sensor_async.py
[2023-05-21T00:03:20.805+0000] {logging_mixin.py:149} INFO - [2023-05-21T00:03:20.804+0000] {dag.py:2726} INFO - Sync 1 DAGs
[2023-05-21T00:03:20.836+0000] {logging_mixin.py:149} INFO - [2023-05-21T00:03:20.836+0000] {dag.py:3490} INFO - Setting next_dagrun for example_time_delta_sensor_async to None, run_after=None
[2023-05-21T00:03:20.873+0000] {processor.py:179} INFO - Processing /home/airflow/.local/lib/python3.7/site-packages/airflow/example_dags/example_time_delta_sensor_async.py took 0.108 seconds
[2023-05-21T00:03:51.242+0000] {processor.py:157} INFO - Started process (PID=21404) to work on /home/airflow/.local/lib/python3.7/site-packages/airflow/example_dags/example_time_delta_sensor_async.py
[2023-05-21T00:03:51.243+0000] {processor.py:826} INFO - Processing file /home/airflow/.local/lib/python3.7/site-packages/airflow/example_dags/example_time_delta_sensor_async.py for tasks to queue
[2023-05-21T00:03:51.244+0000] {logging_mixin.py:149} INFO - [2023-05-21T00:03:51.244+0000] {dagbag.py:541} INFO - Filling up the DagBag from /home/airflow/.local/lib/python3.7/site-packages/airflow/example_dags/example_time_delta_sensor_async.py
[2023-05-21T00:03:51.248+0000] {processor.py:836} INFO - DAG(s) dict_keys(['example_time_delta_sensor_async']) retrieved from /home/airflow/.local/lib/python3.7/site-packages/airflow/example_dags/example_time_delta_sensor_async.py
[2023-05-21T00:03:51.276+0000] {logging_mixin.py:149} INFO - [2023-05-21T00:03:51.275+0000] {dag.py:2726} INFO - Sync 1 DAGs
[2023-05-21T00:03:51.303+0000] {logging_mixin.py:149} INFO - [2023-05-21T00:03:51.303+0000] {dag.py:3490} INFO - Setting next_dagrun for example_time_delta_sensor_async to None, run_after=None
[2023-05-21T00:03:51.329+0000] {processor.py:179} INFO - Processing /home/airflow/.local/lib/python3.7/site-packages/airflow/example_dags/example_time_delta_sensor_async.py took 0.090 seconds
[2023-05-21T00:04:21.984+0000] {processor.py:157} INFO - Started process (PID=21473) to work on /home/airflow/.local/lib/python3.7/site-packages/airflow/example_dags/example_time_delta_sensor_async.py
[2023-05-21T00:04:21.985+0000] {processor.py:826} INFO - Processing file /home/airflow/.local/lib/python3.7/site-packages/airflow/example_dags/example_time_delta_sensor_async.py for tasks to queue
[2023-05-21T00:04:21.985+0000] {logging_mixin.py:149} INFO - [2023-05-21T00:04:21.985+0000] {dagbag.py:541} INFO - Filling up the DagBag from /home/airflow/.local/lib/python3.7/site-packages/airflow/example_dags/example_time_delta_sensor_async.py
[2023-05-21T00:04:21.989+0000] {processor.py:836} INFO - DAG(s) dict_keys(['example_time_delta_sensor_async']) retrieved from /home/airflow/.local/lib/python3.7/site-packages/airflow/example_dags/example_time_delta_sensor_async.py
[2023-05-21T00:04:22.016+0000] {logging_mixin.py:149} INFO - [2023-05-21T00:04:22.016+0000] {dag.py:2726} INFO - Sync 1 DAGs
[2023-05-21T00:04:22.044+0000] {logging_mixin.py:149} INFO - [2023-05-21T00:04:22.044+0000] {dag.py:3490} INFO - Setting next_dagrun for example_time_delta_sensor_async to None, run_after=None
[2023-05-21T00:04:22.071+0000] {processor.py:179} INFO - Processing /home/airflow/.local/lib/python3.7/site-packages/airflow/example_dags/example_time_delta_sensor_async.py took 0.090 seconds
[2023-05-21T00:04:52.281+0000] {processor.py:157} INFO - Started process (PID=21542) to work on /home/airflow/.local/lib/python3.7/site-packages/airflow/example_dags/example_time_delta_sensor_async.py
[2023-05-21T00:04:52.282+0000] {processor.py:826} INFO - Processing file /home/airflow/.local/lib/python3.7/site-packages/airflow/example_dags/example_time_delta_sensor_async.py for tasks to queue
[2023-05-21T00:04:52.283+0000] {logging_mixin.py:149} INFO - [2023-05-21T00:04:52.283+0000] {dagbag.py:541} INFO - Filling up the DagBag from /home/airflow/.local/lib/python3.7/site-packages/airflow/example_dags/example_time_delta_sensor_async.py
[2023-05-21T00:04:52.287+0000] {processor.py:836} INFO - DAG(s) dict_keys(['example_time_delta_sensor_async']) retrieved from /home/airflow/.local/lib/python3.7/site-packages/airflow/example_dags/example_time_delta_sensor_async.py
[2023-05-21T00:04:52.315+0000] {logging_mixin.py:149} INFO - [2023-05-21T00:04:52.315+0000] {dag.py:2726} INFO - Sync 1 DAGs
[2023-05-21T00:04:52.344+0000] {logging_mixin.py:149} INFO - [2023-05-21T00:04:52.344+0000] {dag.py:3490} INFO - Setting next_dagrun for example_time_delta_sensor_async to None, run_after=None
[2023-05-21T00:04:52.374+0000] {processor.py:179} INFO - Processing /home/airflow/.local/lib/python3.7/site-packages/airflow/example_dags/example_time_delta_sensor_async.py took 0.096 seconds
[2023-05-21T00:05:22.911+0000] {processor.py:157} INFO - Started process (PID=21610) to work on /home/airflow/.local/lib/python3.7/site-packages/airflow/example_dags/example_time_delta_sensor_async.py
[2023-05-21T00:05:22.912+0000] {processor.py:826} INFO - Processing file /home/airflow/.local/lib/python3.7/site-packages/airflow/example_dags/example_time_delta_sensor_async.py for tasks to queue
[2023-05-21T00:05:22.913+0000] {logging_mixin.py:149} INFO - [2023-05-21T00:05:22.913+0000] {dagbag.py:541} INFO - Filling up the DagBag from /home/airflow/.local/lib/python3.7/site-packages/airflow/example_dags/example_time_delta_sensor_async.py
[2023-05-21T00:05:22.917+0000] {processor.py:836} INFO - DAG(s) dict_keys(['example_time_delta_sensor_async']) retrieved from /home/airflow/.local/lib/python3.7/site-packages/airflow/example_dags/example_time_delta_sensor_async.py
[2023-05-21T00:05:22.945+0000] {logging_mixin.py:149} INFO - [2023-05-21T00:05:22.944+0000] {dag.py:2726} INFO - Sync 1 DAGs
[2023-05-21T00:05:22.974+0000] {logging_mixin.py:149} INFO - [2023-05-21T00:05:22.974+0000] {dag.py:3490} INFO - Setting next_dagrun for example_time_delta_sensor_async to None, run_after=None
[2023-05-21T00:05:23.001+0000] {processor.py:179} INFO - Processing /home/airflow/.local/lib/python3.7/site-packages/airflow/example_dags/example_time_delta_sensor_async.py took 0.094 seconds
[2023-05-21T00:05:53.275+0000] {processor.py:157} INFO - Started process (PID=21678) to work on /home/airflow/.local/lib/python3.7/site-packages/airflow/example_dags/example_time_delta_sensor_async.py
[2023-05-21T00:05:53.276+0000] {processor.py:826} INFO - Processing file /home/airflow/.local/lib/python3.7/site-packages/airflow/example_dags/example_time_delta_sensor_async.py for tasks to queue
[2023-05-21T00:05:53.277+0000] {logging_mixin.py:149} INFO - [2023-05-21T00:05:53.277+0000] {dagbag.py:541} INFO - Filling up the DagBag from /home/airflow/.local/lib/python3.7/site-packages/airflow/example_dags/example_time_delta_sensor_async.py
[2023-05-21T00:05:53.281+0000] {processor.py:836} INFO - DAG(s) dict_keys(['example_time_delta_sensor_async']) retrieved from /home/airflow/.local/lib/python3.7/site-packages/airflow/example_dags/example_time_delta_sensor_async.py
[2023-05-21T00:05:53.308+0000] {logging_mixin.py:149} INFO - [2023-05-21T00:05:53.307+0000] {dag.py:2726} INFO - Sync 1 DAGs
[2023-05-21T00:05:53.335+0000] {logging_mixin.py:149} INFO - [2023-05-21T00:05:53.335+0000] {dag.py:3490} INFO - Setting next_dagrun for example_time_delta_sensor_async to None, run_after=None
[2023-05-21T00:05:53.361+0000] {processor.py:179} INFO - Processing /home/airflow/.local/lib/python3.7/site-packages/airflow/example_dags/example_time_delta_sensor_async.py took 0.089 seconds
[2023-05-21T00:06:23.966+0000] {processor.py:157} INFO - Started process (PID=21754) to work on /home/airflow/.local/lib/python3.7/site-packages/airflow/example_dags/example_time_delta_sensor_async.py
[2023-05-21T00:06:23.967+0000] {processor.py:826} INFO - Processing file /home/airflow/.local/lib/python3.7/site-packages/airflow/example_dags/example_time_delta_sensor_async.py for tasks to queue
[2023-05-21T00:06:23.968+0000] {logging_mixin.py:149} INFO - [2023-05-21T00:06:23.968+0000] {dagbag.py:541} INFO - Filling up the DagBag from /home/airflow/.local/lib/python3.7/site-packages/airflow/example_dags/example_time_delta_sensor_async.py
[2023-05-21T00:06:23.972+0000] {processor.py:836} INFO - DAG(s) dict_keys(['example_time_delta_sensor_async']) retrieved from /home/airflow/.local/lib/python3.7/site-packages/airflow/example_dags/example_time_delta_sensor_async.py
[2023-05-21T00:06:23.999+0000] {logging_mixin.py:149} INFO - [2023-05-21T00:06:23.999+0000] {dag.py:2726} INFO - Sync 1 DAGs
[2023-05-21T00:06:24.027+0000] {logging_mixin.py:149} INFO - [2023-05-21T00:06:24.026+0000] {dag.py:3490} INFO - Setting next_dagrun for example_time_delta_sensor_async to None, run_after=None
[2023-05-21T00:06:24.057+0000] {processor.py:179} INFO - Processing /home/airflow/.local/lib/python3.7/site-packages/airflow/example_dags/example_time_delta_sensor_async.py took 0.094 seconds
[2023-05-21T00:06:54.412+0000] {processor.py:157} INFO - Started process (PID=21822) to work on /home/airflow/.local/lib/python3.7/site-packages/airflow/example_dags/example_time_delta_sensor_async.py
[2023-05-21T00:06:54.413+0000] {processor.py:826} INFO - Processing file /home/airflow/.local/lib/python3.7/site-packages/airflow/example_dags/example_time_delta_sensor_async.py for tasks to queue
[2023-05-21T00:06:54.414+0000] {logging_mixin.py:149} INFO - [2023-05-21T00:06:54.414+0000] {dagbag.py:541} INFO - Filling up the DagBag from /home/airflow/.local/lib/python3.7/site-packages/airflow/example_dags/example_time_delta_sensor_async.py
[2023-05-21T00:06:54.419+0000] {processor.py:836} INFO - DAG(s) dict_keys(['example_time_delta_sensor_async']) retrieved from /home/airflow/.local/lib/python3.7/site-packages/airflow/example_dags/example_time_delta_sensor_async.py
[2023-05-21T00:06:54.447+0000] {logging_mixin.py:149} INFO - [2023-05-21T00:06:54.447+0000] {dag.py:2726} INFO - Sync 1 DAGs
[2023-05-21T00:06:54.480+0000] {logging_mixin.py:149} INFO - [2023-05-21T00:06:54.480+0000] {dag.py:3490} INFO - Setting next_dagrun for example_time_delta_sensor_async to None, run_after=None
[2023-05-21T00:06:54.509+0000] {processor.py:179} INFO - Processing /home/airflow/.local/lib/python3.7/site-packages/airflow/example_dags/example_time_delta_sensor_async.py took 0.101 seconds
[2023-05-21T00:07:24.829+0000] {processor.py:157} INFO - Started process (PID=21890) to work on /home/airflow/.local/lib/python3.7/site-packages/airflow/example_dags/example_time_delta_sensor_async.py
[2023-05-21T00:07:24.830+0000] {processor.py:826} INFO - Processing file /home/airflow/.local/lib/python3.7/site-packages/airflow/example_dags/example_time_delta_sensor_async.py for tasks to queue
[2023-05-21T00:07:24.831+0000] {logging_mixin.py:149} INFO - [2023-05-21T00:07:24.831+0000] {dagbag.py:541} INFO - Filling up the DagBag from /home/airflow/.local/lib/python3.7/site-packages/airflow/example_dags/example_time_delta_sensor_async.py
[2023-05-21T00:07:24.835+0000] {processor.py:836} INFO - DAG(s) dict_keys(['example_time_delta_sensor_async']) retrieved from /home/airflow/.local/lib/python3.7/site-packages/airflow/example_dags/example_time_delta_sensor_async.py
[2023-05-21T00:07:24.864+0000] {logging_mixin.py:149} INFO - [2023-05-21T00:07:24.864+0000] {dag.py:2726} INFO - Sync 1 DAGs
[2023-05-21T00:07:24.897+0000] {logging_mixin.py:149} INFO - [2023-05-21T00:07:24.897+0000] {dag.py:3490} INFO - Setting next_dagrun for example_time_delta_sensor_async to None, run_after=None
[2023-05-21T00:07:24.925+0000] {processor.py:179} INFO - Processing /home/airflow/.local/lib/python3.7/site-packages/airflow/example_dags/example_time_delta_sensor_async.py took 0.100 seconds
[2023-05-21T00:07:55.821+0000] {processor.py:157} INFO - Started process (PID=21959) to work on /home/airflow/.local/lib/python3.7/site-packages/airflow/example_dags/example_time_delta_sensor_async.py
[2023-05-21T00:07:55.822+0000] {processor.py:826} INFO - Processing file /home/airflow/.local/lib/python3.7/site-packages/airflow/example_dags/example_time_delta_sensor_async.py for tasks to queue
[2023-05-21T00:07:55.823+0000] {logging_mixin.py:149} INFO - [2023-05-21T00:07:55.823+0000] {dagbag.py:541} INFO - Filling up the DagBag from /home/airflow/.local/lib/python3.7/site-packages/airflow/example_dags/example_time_delta_sensor_async.py
[2023-05-21T00:07:55.826+0000] {processor.py:836} INFO - DAG(s) dict_keys(['example_time_delta_sensor_async']) retrieved from /home/airflow/.local/lib/python3.7/site-packages/airflow/example_dags/example_time_delta_sensor_async.py
[2023-05-21T00:07:55.848+0000] {logging_mixin.py:149} INFO - [2023-05-21T00:07:55.848+0000] {dag.py:2726} INFO - Sync 1 DAGs
[2023-05-21T00:07:55.872+0000] {logging_mixin.py:149} INFO - [2023-05-21T00:07:55.872+0000] {dag.py:3490} INFO - Setting next_dagrun for example_time_delta_sensor_async to None, run_after=None
[2023-05-21T00:07:56.030+0000] {processor.py:179} INFO - Processing /home/airflow/.local/lib/python3.7/site-packages/airflow/example_dags/example_time_delta_sensor_async.py took 0.211 seconds
[2023-05-21T23:12:43.328+0000] {processor.py:157} INFO - Started process (PID=60) to work on /home/airflow/.local/lib/python3.7/site-packages/airflow/example_dags/example_time_delta_sensor_async.py
[2023-05-21T23:12:43.330+0000] {processor.py:826} INFO - Processing file /home/airflow/.local/lib/python3.7/site-packages/airflow/example_dags/example_time_delta_sensor_async.py for tasks to queue
[2023-05-21T23:12:43.330+0000] {logging_mixin.py:149} INFO - [2023-05-21T23:12:43.330+0000] {dagbag.py:541} INFO - Filling up the DagBag from /home/airflow/.local/lib/python3.7/site-packages/airflow/example_dags/example_time_delta_sensor_async.py
[2023-05-21T23:12:43.338+0000] {processor.py:836} INFO - DAG(s) dict_keys(['example_time_delta_sensor_async']) retrieved from /home/airflow/.local/lib/python3.7/site-packages/airflow/example_dags/example_time_delta_sensor_async.py
[2023-05-21T23:12:43.352+0000] {logging_mixin.py:149} INFO - [2023-05-21T23:12:43.351+0000] {dag.py:2726} INFO - Sync 1 DAGs
[2023-05-21T23:12:43.389+0000] {logging_mixin.py:149} INFO - [2023-05-21T23:12:43.389+0000] {dag.py:3490} INFO - Setting next_dagrun for example_time_delta_sensor_async to None, run_after=None
[2023-05-21T23:12:43.414+0000] {processor.py:179} INFO - Processing /home/airflow/.local/lib/python3.7/site-packages/airflow/example_dags/example_time_delta_sensor_async.py took 0.089 seconds
