[2023-05-21T00:00:15.498+0000] {processor.py:157} INFO - Started process (PID=20913) to work on /home/airflow/.local/lib/python3.7/site-packages/airflow/example_dags/example_sensor_decorator.py
[2023-05-21T00:00:15.499+0000] {processor.py:826} INFO - Processing file /home/airflow/.local/lib/python3.7/site-packages/airflow/example_dags/example_sensor_decorator.py for tasks to queue
[2023-05-21T00:00:15.500+0000] {logging_mixin.py:149} INFO - [2023-05-21T00:00:15.500+0000] {dagbag.py:541} INFO - Filling up the DagBag from /home/airflow/.local/lib/python3.7/site-packages/airflow/example_dags/example_sensor_decorator.py
[2023-05-21T00:00:15.505+0000] {processor.py:836} INFO - DAG(s) dict_keys(['example_sensor_decorator']) retrieved from /home/airflow/.local/lib/python3.7/site-packages/airflow/example_dags/example_sensor_decorator.py
[2023-05-21T00:00:15.531+0000] {logging_mixin.py:149} INFO - [2023-05-21T00:00:15.531+0000] {dag.py:2726} INFO - Sync 1 DAGs
[2023-05-21T00:00:15.562+0000] {logging_mixin.py:149} INFO - [2023-05-21T00:00:15.562+0000] {dag.py:3490} INFO - Setting next_dagrun for example_sensor_decorator to None, run_after=None
[2023-05-21T00:00:15.589+0000] {processor.py:179} INFO - Processing /home/airflow/.local/lib/python3.7/site-packages/airflow/example_dags/example_sensor_decorator.py took 0.093 seconds
[2023-05-21T00:00:46.318+0000] {processor.py:157} INFO - Started process (PID=20982) to work on /home/airflow/.local/lib/python3.7/site-packages/airflow/example_dags/example_sensor_decorator.py
[2023-05-21T00:00:46.319+0000] {processor.py:826} INFO - Processing file /home/airflow/.local/lib/python3.7/site-packages/airflow/example_dags/example_sensor_decorator.py for tasks to queue
[2023-05-21T00:00:46.320+0000] {logging_mixin.py:149} INFO - [2023-05-21T00:00:46.320+0000] {dagbag.py:541} INFO - Filling up the DagBag from /home/airflow/.local/lib/python3.7/site-packages/airflow/example_dags/example_sensor_decorator.py
[2023-05-21T00:00:46.325+0000] {processor.py:836} INFO - DAG(s) dict_keys(['example_sensor_decorator']) retrieved from /home/airflow/.local/lib/python3.7/site-packages/airflow/example_dags/example_sensor_decorator.py
[2023-05-21T00:00:46.352+0000] {logging_mixin.py:149} INFO - [2023-05-21T00:00:46.351+0000] {dag.py:2726} INFO - Sync 1 DAGs
[2023-05-21T00:00:46.379+0000] {logging_mixin.py:149} INFO - [2023-05-21T00:00:46.378+0000] {dag.py:3490} INFO - Setting next_dagrun for example_sensor_decorator to None, run_after=None
[2023-05-21T00:00:46.437+0000] {processor.py:179} INFO - Processing /home/airflow/.local/lib/python3.7/site-packages/airflow/example_dags/example_sensor_decorator.py took 0.122 seconds
[2023-05-21T00:01:17.035+0000] {processor.py:157} INFO - Started process (PID=21050) to work on /home/airflow/.local/lib/python3.7/site-packages/airflow/example_dags/example_sensor_decorator.py
[2023-05-21T00:01:17.036+0000] {processor.py:826} INFO - Processing file /home/airflow/.local/lib/python3.7/site-packages/airflow/example_dags/example_sensor_decorator.py for tasks to queue
[2023-05-21T00:01:17.037+0000] {logging_mixin.py:149} INFO - [2023-05-21T00:01:17.037+0000] {dagbag.py:541} INFO - Filling up the DagBag from /home/airflow/.local/lib/python3.7/site-packages/airflow/example_dags/example_sensor_decorator.py
[2023-05-21T00:01:17.042+0000] {processor.py:836} INFO - DAG(s) dict_keys(['example_sensor_decorator']) retrieved from /home/airflow/.local/lib/python3.7/site-packages/airflow/example_dags/example_sensor_decorator.py
[2023-05-21T00:01:17.071+0000] {logging_mixin.py:149} INFO - [2023-05-21T00:01:17.070+0000] {dag.py:2726} INFO - Sync 1 DAGs
[2023-05-21T00:01:17.101+0000] {logging_mixin.py:149} INFO - [2023-05-21T00:01:17.101+0000] {dag.py:3490} INFO - Setting next_dagrun for example_sensor_decorator to None, run_after=None
[2023-05-21T00:01:17.130+0000] {processor.py:179} INFO - Processing /home/airflow/.local/lib/python3.7/site-packages/airflow/example_dags/example_sensor_decorator.py took 0.098 seconds
[2023-05-21T00:01:47.635+0000] {processor.py:157} INFO - Started process (PID=21118) to work on /home/airflow/.local/lib/python3.7/site-packages/airflow/example_dags/example_sensor_decorator.py
[2023-05-21T00:01:47.636+0000] {processor.py:826} INFO - Processing file /home/airflow/.local/lib/python3.7/site-packages/airflow/example_dags/example_sensor_decorator.py for tasks to queue
[2023-05-21T00:01:47.637+0000] {logging_mixin.py:149} INFO - [2023-05-21T00:01:47.637+0000] {dagbag.py:541} INFO - Filling up the DagBag from /home/airflow/.local/lib/python3.7/site-packages/airflow/example_dags/example_sensor_decorator.py
[2023-05-21T00:01:47.642+0000] {processor.py:836} INFO - DAG(s) dict_keys(['example_sensor_decorator']) retrieved from /home/airflow/.local/lib/python3.7/site-packages/airflow/example_dags/example_sensor_decorator.py
[2023-05-21T00:01:47.668+0000] {logging_mixin.py:149} INFO - [2023-05-21T00:01:47.668+0000] {dag.py:2726} INFO - Sync 1 DAGs
[2023-05-21T00:01:47.696+0000] {logging_mixin.py:149} INFO - [2023-05-21T00:01:47.696+0000] {dag.py:3490} INFO - Setting next_dagrun for example_sensor_decorator to None, run_after=None
[2023-05-21T00:01:47.723+0000] {processor.py:179} INFO - Processing /home/airflow/.local/lib/python3.7/site-packages/airflow/example_dags/example_sensor_decorator.py took 0.091 seconds
[2023-05-21T00:02:17.921+0000] {processor.py:157} INFO - Started process (PID=21186) to work on /home/airflow/.local/lib/python3.7/site-packages/airflow/example_dags/example_sensor_decorator.py
[2023-05-21T00:02:17.922+0000] {processor.py:826} INFO - Processing file /home/airflow/.local/lib/python3.7/site-packages/airflow/example_dags/example_sensor_decorator.py for tasks to queue
[2023-05-21T00:02:17.923+0000] {logging_mixin.py:149} INFO - [2023-05-21T00:02:17.922+0000] {dagbag.py:541} INFO - Filling up the DagBag from /home/airflow/.local/lib/python3.7/site-packages/airflow/example_dags/example_sensor_decorator.py
[2023-05-21T00:02:17.928+0000] {processor.py:836} INFO - DAG(s) dict_keys(['example_sensor_decorator']) retrieved from /home/airflow/.local/lib/python3.7/site-packages/airflow/example_dags/example_sensor_decorator.py
[2023-05-21T00:02:17.957+0000] {logging_mixin.py:149} INFO - [2023-05-21T00:02:17.957+0000] {dag.py:2726} INFO - Sync 1 DAGs
[2023-05-21T00:02:17.984+0000] {logging_mixin.py:149} INFO - [2023-05-21T00:02:17.984+0000] {dag.py:3490} INFO - Setting next_dagrun for example_sensor_decorator to None, run_after=None
[2023-05-21T00:02:18.009+0000] {processor.py:179} INFO - Processing /home/airflow/.local/lib/python3.7/site-packages/airflow/example_dags/example_sensor_decorator.py took 0.091 seconds
[2023-05-21T00:02:48.489+0000] {processor.py:157} INFO - Started process (PID=21254) to work on /home/airflow/.local/lib/python3.7/site-packages/airflow/example_dags/example_sensor_decorator.py
[2023-05-21T00:02:48.490+0000] {processor.py:826} INFO - Processing file /home/airflow/.local/lib/python3.7/site-packages/airflow/example_dags/example_sensor_decorator.py for tasks to queue
[2023-05-21T00:02:48.491+0000] {logging_mixin.py:149} INFO - [2023-05-21T00:02:48.491+0000] {dagbag.py:541} INFO - Filling up the DagBag from /home/airflow/.local/lib/python3.7/site-packages/airflow/example_dags/example_sensor_decorator.py
[2023-05-21T00:02:48.496+0000] {processor.py:836} INFO - DAG(s) dict_keys(['example_sensor_decorator']) retrieved from /home/airflow/.local/lib/python3.7/site-packages/airflow/example_dags/example_sensor_decorator.py
[2023-05-21T00:02:48.522+0000] {logging_mixin.py:149} INFO - [2023-05-21T00:02:48.521+0000] {dag.py:2726} INFO - Sync 1 DAGs
[2023-05-21T00:02:48.550+0000] {logging_mixin.py:149} INFO - [2023-05-21T00:02:48.550+0000] {dag.py:3490} INFO - Setting next_dagrun for example_sensor_decorator to None, run_after=None
[2023-05-21T00:02:48.577+0000] {processor.py:179} INFO - Processing /home/airflow/.local/lib/python3.7/site-packages/airflow/example_dags/example_sensor_decorator.py took 0.092 seconds
[2023-05-21T00:03:19.095+0000] {processor.py:157} INFO - Started process (PID=21323) to work on /home/airflow/.local/lib/python3.7/site-packages/airflow/example_dags/example_sensor_decorator.py
[2023-05-21T00:03:19.096+0000] {processor.py:826} INFO - Processing file /home/airflow/.local/lib/python3.7/site-packages/airflow/example_dags/example_sensor_decorator.py for tasks to queue
[2023-05-21T00:03:19.097+0000] {logging_mixin.py:149} INFO - [2023-05-21T00:03:19.097+0000] {dagbag.py:541} INFO - Filling up the DagBag from /home/airflow/.local/lib/python3.7/site-packages/airflow/example_dags/example_sensor_decorator.py
[2023-05-21T00:03:19.103+0000] {processor.py:836} INFO - DAG(s) dict_keys(['example_sensor_decorator']) retrieved from /home/airflow/.local/lib/python3.7/site-packages/airflow/example_dags/example_sensor_decorator.py
[2023-05-21T00:03:19.130+0000] {logging_mixin.py:149} INFO - [2023-05-21T00:03:19.130+0000] {dag.py:2726} INFO - Sync 1 DAGs
[2023-05-21T00:03:19.162+0000] {logging_mixin.py:149} INFO - [2023-05-21T00:03:19.162+0000] {dag.py:3490} INFO - Setting next_dagrun for example_sensor_decorator to None, run_after=None
[2023-05-21T00:03:19.189+0000] {processor.py:179} INFO - Processing /home/airflow/.local/lib/python3.7/site-packages/airflow/example_dags/example_sensor_decorator.py took 0.097 seconds
[2023-05-21T00:03:49.594+0000] {processor.py:157} INFO - Started process (PID=21392) to work on /home/airflow/.local/lib/python3.7/site-packages/airflow/example_dags/example_sensor_decorator.py
[2023-05-21T00:03:49.596+0000] {processor.py:826} INFO - Processing file /home/airflow/.local/lib/python3.7/site-packages/airflow/example_dags/example_sensor_decorator.py for tasks to queue
[2023-05-21T00:03:49.597+0000] {logging_mixin.py:149} INFO - [2023-05-21T00:03:49.596+0000] {dagbag.py:541} INFO - Filling up the DagBag from /home/airflow/.local/lib/python3.7/site-packages/airflow/example_dags/example_sensor_decorator.py
[2023-05-21T00:03:49.602+0000] {processor.py:836} INFO - DAG(s) dict_keys(['example_sensor_decorator']) retrieved from /home/airflow/.local/lib/python3.7/site-packages/airflow/example_dags/example_sensor_decorator.py
[2023-05-21T00:03:49.627+0000] {logging_mixin.py:149} INFO - [2023-05-21T00:03:49.627+0000] {dag.py:2726} INFO - Sync 1 DAGs
[2023-05-21T00:03:49.658+0000] {logging_mixin.py:149} INFO - [2023-05-21T00:03:49.657+0000] {dag.py:3490} INFO - Setting next_dagrun for example_sensor_decorator to None, run_after=None
[2023-05-21T00:03:49.685+0000] {processor.py:179} INFO - Processing /home/airflow/.local/lib/python3.7/site-packages/airflow/example_dags/example_sensor_decorator.py took 0.093 seconds
[2023-05-21T00:04:20.032+0000] {processor.py:157} INFO - Started process (PID=21461) to work on /home/airflow/.local/lib/python3.7/site-packages/airflow/example_dags/example_sensor_decorator.py
[2023-05-21T00:04:20.033+0000] {processor.py:826} INFO - Processing file /home/airflow/.local/lib/python3.7/site-packages/airflow/example_dags/example_sensor_decorator.py for tasks to queue
[2023-05-21T00:04:20.034+0000] {logging_mixin.py:149} INFO - [2023-05-21T00:04:20.034+0000] {dagbag.py:541} INFO - Filling up the DagBag from /home/airflow/.local/lib/python3.7/site-packages/airflow/example_dags/example_sensor_decorator.py
[2023-05-21T00:04:20.039+0000] {processor.py:836} INFO - DAG(s) dict_keys(['example_sensor_decorator']) retrieved from /home/airflow/.local/lib/python3.7/site-packages/airflow/example_dags/example_sensor_decorator.py
[2023-05-21T00:04:20.064+0000] {logging_mixin.py:149} INFO - [2023-05-21T00:04:20.064+0000] {dag.py:2726} INFO - Sync 1 DAGs
[2023-05-21T00:04:20.096+0000] {logging_mixin.py:149} INFO - [2023-05-21T00:04:20.096+0000] {dag.py:3490} INFO - Setting next_dagrun for example_sensor_decorator to None, run_after=None
[2023-05-21T00:04:20.121+0000] {processor.py:179} INFO - Processing /home/airflow/.local/lib/python3.7/site-packages/airflow/example_dags/example_sensor_decorator.py took 0.092 seconds
[2023-05-21T00:04:50.595+0000] {processor.py:157} INFO - Started process (PID=21530) to work on /home/airflow/.local/lib/python3.7/site-packages/airflow/example_dags/example_sensor_decorator.py
[2023-05-21T00:04:50.596+0000] {processor.py:826} INFO - Processing file /home/airflow/.local/lib/python3.7/site-packages/airflow/example_dags/example_sensor_decorator.py for tasks to queue
[2023-05-21T00:04:50.597+0000] {logging_mixin.py:149} INFO - [2023-05-21T00:04:50.596+0000] {dagbag.py:541} INFO - Filling up the DagBag from /home/airflow/.local/lib/python3.7/site-packages/airflow/example_dags/example_sensor_decorator.py
[2023-05-21T00:04:50.602+0000] {processor.py:836} INFO - DAG(s) dict_keys(['example_sensor_decorator']) retrieved from /home/airflow/.local/lib/python3.7/site-packages/airflow/example_dags/example_sensor_decorator.py
[2023-05-21T00:04:50.626+0000] {logging_mixin.py:149} INFO - [2023-05-21T00:04:50.626+0000] {dag.py:2726} INFO - Sync 1 DAGs
[2023-05-21T00:04:50.654+0000] {logging_mixin.py:149} INFO - [2023-05-21T00:04:50.654+0000] {dag.py:3490} INFO - Setting next_dagrun for example_sensor_decorator to None, run_after=None
[2023-05-21T00:04:50.679+0000] {processor.py:179} INFO - Processing /home/airflow/.local/lib/python3.7/site-packages/airflow/example_dags/example_sensor_decorator.py took 0.087 seconds
[2023-05-21T00:05:21.037+0000] {processor.py:157} INFO - Started process (PID=21598) to work on /home/airflow/.local/lib/python3.7/site-packages/airflow/example_dags/example_sensor_decorator.py
[2023-05-21T00:05:21.038+0000] {processor.py:826} INFO - Processing file /home/airflow/.local/lib/python3.7/site-packages/airflow/example_dags/example_sensor_decorator.py for tasks to queue
[2023-05-21T00:05:21.038+0000] {logging_mixin.py:149} INFO - [2023-05-21T00:05:21.038+0000] {dagbag.py:541} INFO - Filling up the DagBag from /home/airflow/.local/lib/python3.7/site-packages/airflow/example_dags/example_sensor_decorator.py
[2023-05-21T00:05:21.044+0000] {processor.py:836} INFO - DAG(s) dict_keys(['example_sensor_decorator']) retrieved from /home/airflow/.local/lib/python3.7/site-packages/airflow/example_dags/example_sensor_decorator.py
[2023-05-21T00:05:21.075+0000] {logging_mixin.py:149} INFO - [2023-05-21T00:05:21.075+0000] {dag.py:2726} INFO - Sync 1 DAGs
[2023-05-21T00:05:21.112+0000] {logging_mixin.py:149} INFO - [2023-05-21T00:05:21.112+0000] {dag.py:3490} INFO - Setting next_dagrun for example_sensor_decorator to None, run_after=None
[2023-05-21T00:05:21.139+0000] {processor.py:179} INFO - Processing /home/airflow/.local/lib/python3.7/site-packages/airflow/example_dags/example_sensor_decorator.py took 0.106 seconds
[2023-05-21T00:05:51.565+0000] {processor.py:157} INFO - Started process (PID=21666) to work on /home/airflow/.local/lib/python3.7/site-packages/airflow/example_dags/example_sensor_decorator.py
[2023-05-21T00:05:51.566+0000] {processor.py:826} INFO - Processing file /home/airflow/.local/lib/python3.7/site-packages/airflow/example_dags/example_sensor_decorator.py for tasks to queue
[2023-05-21T00:05:51.567+0000] {logging_mixin.py:149} INFO - [2023-05-21T00:05:51.567+0000] {dagbag.py:541} INFO - Filling up the DagBag from /home/airflow/.local/lib/python3.7/site-packages/airflow/example_dags/example_sensor_decorator.py
[2023-05-21T00:05:51.572+0000] {processor.py:836} INFO - DAG(s) dict_keys(['example_sensor_decorator']) retrieved from /home/airflow/.local/lib/python3.7/site-packages/airflow/example_dags/example_sensor_decorator.py
[2023-05-21T00:05:51.597+0000] {logging_mixin.py:149} INFO - [2023-05-21T00:05:51.597+0000] {dag.py:2726} INFO - Sync 1 DAGs
[2023-05-21T00:05:51.625+0000] {logging_mixin.py:149} INFO - [2023-05-21T00:05:51.625+0000] {dag.py:3490} INFO - Setting next_dagrun for example_sensor_decorator to None, run_after=None
[2023-05-21T00:05:51.662+0000] {processor.py:179} INFO - Processing /home/airflow/.local/lib/python3.7/site-packages/airflow/example_dags/example_sensor_decorator.py took 0.100 seconds
[2023-05-21T00:06:22.084+0000] {processor.py:157} INFO - Started process (PID=21735) to work on /home/airflow/.local/lib/python3.7/site-packages/airflow/example_dags/example_sensor_decorator.py
[2023-05-21T00:06:22.085+0000] {processor.py:826} INFO - Processing file /home/airflow/.local/lib/python3.7/site-packages/airflow/example_dags/example_sensor_decorator.py for tasks to queue
[2023-05-21T00:06:22.086+0000] {logging_mixin.py:149} INFO - [2023-05-21T00:06:22.086+0000] {dagbag.py:541} INFO - Filling up the DagBag from /home/airflow/.local/lib/python3.7/site-packages/airflow/example_dags/example_sensor_decorator.py
[2023-05-21T00:06:22.093+0000] {processor.py:836} INFO - DAG(s) dict_keys(['example_sensor_decorator']) retrieved from /home/airflow/.local/lib/python3.7/site-packages/airflow/example_dags/example_sensor_decorator.py
[2023-05-21T00:06:22.121+0000] {logging_mixin.py:149} INFO - [2023-05-21T00:06:22.121+0000] {dag.py:2726} INFO - Sync 1 DAGs
[2023-05-21T00:06:22.151+0000] {logging_mixin.py:149} INFO - [2023-05-21T00:06:22.151+0000] {dag.py:3490} INFO - Setting next_dagrun for example_sensor_decorator to None, run_after=None
[2023-05-21T00:06:22.178+0000] {processor.py:179} INFO - Processing /home/airflow/.local/lib/python3.7/site-packages/airflow/example_dags/example_sensor_decorator.py took 0.098 seconds
[2023-05-21T00:06:52.577+0000] {processor.py:157} INFO - Started process (PID=21802) to work on /home/airflow/.local/lib/python3.7/site-packages/airflow/example_dags/example_sensor_decorator.py
[2023-05-21T00:06:52.578+0000] {processor.py:826} INFO - Processing file /home/airflow/.local/lib/python3.7/site-packages/airflow/example_dags/example_sensor_decorator.py for tasks to queue
[2023-05-21T00:06:52.579+0000] {logging_mixin.py:149} INFO - [2023-05-21T00:06:52.579+0000] {dagbag.py:541} INFO - Filling up the DagBag from /home/airflow/.local/lib/python3.7/site-packages/airflow/example_dags/example_sensor_decorator.py
[2023-05-21T00:06:52.585+0000] {processor.py:836} INFO - DAG(s) dict_keys(['example_sensor_decorator']) retrieved from /home/airflow/.local/lib/python3.7/site-packages/airflow/example_dags/example_sensor_decorator.py
[2023-05-21T00:06:52.612+0000] {logging_mixin.py:149} INFO - [2023-05-21T00:06:52.612+0000] {dag.py:2726} INFO - Sync 1 DAGs
[2023-05-21T00:06:52.647+0000] {logging_mixin.py:149} INFO - [2023-05-21T00:06:52.647+0000] {dag.py:3490} INFO - Setting next_dagrun for example_sensor_decorator to None, run_after=None
[2023-05-21T00:06:52.674+0000] {processor.py:179} INFO - Processing /home/airflow/.local/lib/python3.7/site-packages/airflow/example_dags/example_sensor_decorator.py took 0.100 seconds
[2023-05-21T00:07:22.800+0000] {processor.py:157} INFO - Started process (PID=21870) to work on /home/airflow/.local/lib/python3.7/site-packages/airflow/example_dags/example_sensor_decorator.py
[2023-05-21T00:07:22.801+0000] {processor.py:826} INFO - Processing file /home/airflow/.local/lib/python3.7/site-packages/airflow/example_dags/example_sensor_decorator.py for tasks to queue
[2023-05-21T00:07:22.802+0000] {logging_mixin.py:149} INFO - [2023-05-21T00:07:22.802+0000] {dagbag.py:541} INFO - Filling up the DagBag from /home/airflow/.local/lib/python3.7/site-packages/airflow/example_dags/example_sensor_decorator.py
[2023-05-21T00:07:22.814+0000] {processor.py:836} INFO - DAG(s) dict_keys(['example_sensor_decorator']) retrieved from /home/airflow/.local/lib/python3.7/site-packages/airflow/example_dags/example_sensor_decorator.py
[2023-05-21T00:07:22.862+0000] {logging_mixin.py:149} INFO - [2023-05-21T00:07:22.862+0000] {dag.py:2726} INFO - Sync 1 DAGs
[2023-05-21T00:07:22.898+0000] {logging_mixin.py:149} INFO - [2023-05-21T00:07:22.898+0000] {dag.py:3490} INFO - Setting next_dagrun for example_sensor_decorator to None, run_after=None
[2023-05-21T00:07:22.927+0000] {processor.py:179} INFO - Processing /home/airflow/.local/lib/python3.7/site-packages/airflow/example_dags/example_sensor_decorator.py took 0.130 seconds
[2023-05-21T00:07:53.738+0000] {processor.py:157} INFO - Started process (PID=21939) to work on /home/airflow/.local/lib/python3.7/site-packages/airflow/example_dags/example_sensor_decorator.py
[2023-05-21T00:07:53.739+0000] {processor.py:826} INFO - Processing file /home/airflow/.local/lib/python3.7/site-packages/airflow/example_dags/example_sensor_decorator.py for tasks to queue
[2023-05-21T00:07:53.740+0000] {logging_mixin.py:149} INFO - [2023-05-21T00:07:53.739+0000] {dagbag.py:541} INFO - Filling up the DagBag from /home/airflow/.local/lib/python3.7/site-packages/airflow/example_dags/example_sensor_decorator.py
[2023-05-21T00:07:53.744+0000] {processor.py:836} INFO - DAG(s) dict_keys(['example_sensor_decorator']) retrieved from /home/airflow/.local/lib/python3.7/site-packages/airflow/example_dags/example_sensor_decorator.py
[2023-05-21T00:07:53.765+0000] {logging_mixin.py:149} INFO - [2023-05-21T00:07:53.765+0000] {dag.py:2726} INFO - Sync 1 DAGs
[2023-05-21T00:07:53.788+0000] {logging_mixin.py:149} INFO - [2023-05-21T00:07:53.787+0000] {dag.py:3490} INFO - Setting next_dagrun for example_sensor_decorator to None, run_after=None
[2023-05-21T00:07:53.806+0000] {processor.py:179} INFO - Processing /home/airflow/.local/lib/python3.7/site-packages/airflow/example_dags/example_sensor_decorator.py took 0.070 seconds
[2023-05-21T23:12:42.728+0000] {processor.py:157} INFO - Started process (PID=48) to work on /home/airflow/.local/lib/python3.7/site-packages/airflow/example_dags/example_sensor_decorator.py
[2023-05-21T23:12:42.731+0000] {processor.py:826} INFO - Processing file /home/airflow/.local/lib/python3.7/site-packages/airflow/example_dags/example_sensor_decorator.py for tasks to queue
[2023-05-21T23:12:42.732+0000] {logging_mixin.py:149} INFO - [2023-05-21T23:12:42.732+0000] {dagbag.py:541} INFO - Filling up the DagBag from /home/airflow/.local/lib/python3.7/site-packages/airflow/example_dags/example_sensor_decorator.py
[2023-05-21T23:12:42.751+0000] {processor.py:836} INFO - DAG(s) dict_keys(['example_sensor_decorator']) retrieved from /home/airflow/.local/lib/python3.7/site-packages/airflow/example_dags/example_sensor_decorator.py
[2023-05-21T23:12:42.768+0000] {logging_mixin.py:149} INFO - [2023-05-21T23:12:42.768+0000] {dag.py:2726} INFO - Sync 1 DAGs
[2023-05-21T23:12:42.808+0000] {logging_mixin.py:149} INFO - [2023-05-21T23:12:42.807+0000] {dag.py:3490} INFO - Setting next_dagrun for example_sensor_decorator to None, run_after=None
[2023-05-21T23:12:42.833+0000] {processor.py:179} INFO - Processing /home/airflow/.local/lib/python3.7/site-packages/airflow/example_dags/example_sensor_decorator.py took 0.108 seconds
