[2023-05-21T00:00:15.787+0000] {processor.py:157} INFO - Started process (PID=20917) to work on /home/airflow/.local/lib/python3.7/site-packages/airflow/example_dags/example_short_circuit_decorator.py
[2023-05-21T00:00:15.789+0000] {processor.py:826} INFO - Processing file /home/airflow/.local/lib/python3.7/site-packages/airflow/example_dags/example_short_circuit_decorator.py for tasks to queue
[2023-05-21T00:00:15.790+0000] {logging_mixin.py:149} INFO - [2023-05-21T00:00:15.790+0000] {dagbag.py:541} INFO - Filling up the DagBag from /home/airflow/.local/lib/python3.7/site-packages/airflow/example_dags/example_short_circuit_decorator.py
[2023-05-21T00:00:15.800+0000] {processor.py:836} INFO - DAG(s) dict_keys(['example_short_circuit_decorator']) retrieved from /home/airflow/.local/lib/python3.7/site-packages/airflow/example_dags/example_short_circuit_decorator.py
[2023-05-21T00:00:15.831+0000] {logging_mixin.py:149} INFO - [2023-05-21T00:00:15.830+0000] {dag.py:2726} INFO - Sync 1 DAGs
[2023-05-21T00:00:15.861+0000] {logging_mixin.py:149} INFO - [2023-05-21T00:00:15.861+0000] {dag.py:3490} INFO - Setting next_dagrun for example_short_circuit_decorator to 2023-05-20T00:00:15.860944+00:00, run_after=2023-05-21T00:00:15.860944+00:00
[2023-05-21T00:00:15.889+0000] {processor.py:179} INFO - Processing /home/airflow/.local/lib/python3.7/site-packages/airflow/example_dags/example_short_circuit_decorator.py took 0.104 seconds
[2023-05-21T00:00:46.759+0000] {processor.py:157} INFO - Started process (PID=20986) to work on /home/airflow/.local/lib/python3.7/site-packages/airflow/example_dags/example_short_circuit_decorator.py
[2023-05-21T00:00:46.760+0000] {processor.py:826} INFO - Processing file /home/airflow/.local/lib/python3.7/site-packages/airflow/example_dags/example_short_circuit_decorator.py for tasks to queue
[2023-05-21T00:00:46.761+0000] {logging_mixin.py:149} INFO - [2023-05-21T00:00:46.761+0000] {dagbag.py:541} INFO - Filling up the DagBag from /home/airflow/.local/lib/python3.7/site-packages/airflow/example_dags/example_short_circuit_decorator.py
[2023-05-21T00:00:46.769+0000] {processor.py:836} INFO - DAG(s) dict_keys(['example_short_circuit_decorator']) retrieved from /home/airflow/.local/lib/python3.7/site-packages/airflow/example_dags/example_short_circuit_decorator.py
[2023-05-21T00:00:46.798+0000] {logging_mixin.py:149} INFO - [2023-05-21T00:00:46.798+0000] {dag.py:2726} INFO - Sync 1 DAGs
[2023-05-21T00:00:46.825+0000] {logging_mixin.py:149} INFO - [2023-05-21T00:00:46.825+0000] {dag.py:3490} INFO - Setting next_dagrun for example_short_circuit_decorator to 2023-05-20T00:00:46.825165+00:00, run_after=2023-05-21T00:00:46.825165+00:00
[2023-05-21T00:00:46.942+0000] {processor.py:179} INFO - Processing /home/airflow/.local/lib/python3.7/site-packages/airflow/example_dags/example_short_circuit_decorator.py took 0.186 seconds
[2023-05-21T00:01:17.292+0000] {processor.py:157} INFO - Started process (PID=21054) to work on /home/airflow/.local/lib/python3.7/site-packages/airflow/example_dags/example_short_circuit_decorator.py
[2023-05-21T00:01:17.294+0000] {processor.py:826} INFO - Processing file /home/airflow/.local/lib/python3.7/site-packages/airflow/example_dags/example_short_circuit_decorator.py for tasks to queue
[2023-05-21T00:01:17.295+0000] {logging_mixin.py:149} INFO - [2023-05-21T00:01:17.294+0000] {dagbag.py:541} INFO - Filling up the DagBag from /home/airflow/.local/lib/python3.7/site-packages/airflow/example_dags/example_short_circuit_decorator.py
[2023-05-21T00:01:17.304+0000] {processor.py:836} INFO - DAG(s) dict_keys(['example_short_circuit_decorator']) retrieved from /home/airflow/.local/lib/python3.7/site-packages/airflow/example_dags/example_short_circuit_decorator.py
[2023-05-21T00:01:17.337+0000] {logging_mixin.py:149} INFO - [2023-05-21T00:01:17.337+0000] {dag.py:2726} INFO - Sync 1 DAGs
[2023-05-21T00:01:17.372+0000] {logging_mixin.py:149} INFO - [2023-05-21T00:01:17.372+0000] {dag.py:3490} INFO - Setting next_dagrun for example_short_circuit_decorator to 2023-05-20T00:01:17.372078+00:00, run_after=2023-05-21T00:01:17.372078+00:00
[2023-05-21T00:01:17.404+0000] {processor.py:179} INFO - Processing /home/airflow/.local/lib/python3.7/site-packages/airflow/example_dags/example_short_circuit_decorator.py took 0.115 seconds
[2023-05-21T00:01:47.861+0000] {processor.py:157} INFO - Started process (PID=21122) to work on /home/airflow/.local/lib/python3.7/site-packages/airflow/example_dags/example_short_circuit_decorator.py
[2023-05-21T00:01:47.863+0000] {processor.py:826} INFO - Processing file /home/airflow/.local/lib/python3.7/site-packages/airflow/example_dags/example_short_circuit_decorator.py for tasks to queue
[2023-05-21T00:01:47.864+0000] {logging_mixin.py:149} INFO - [2023-05-21T00:01:47.863+0000] {dagbag.py:541} INFO - Filling up the DagBag from /home/airflow/.local/lib/python3.7/site-packages/airflow/example_dags/example_short_circuit_decorator.py
[2023-05-21T00:01:47.873+0000] {processor.py:836} INFO - DAG(s) dict_keys(['example_short_circuit_decorator']) retrieved from /home/airflow/.local/lib/python3.7/site-packages/airflow/example_dags/example_short_circuit_decorator.py
[2023-05-21T00:01:47.900+0000] {logging_mixin.py:149} INFO - [2023-05-21T00:01:47.900+0000] {dag.py:2726} INFO - Sync 1 DAGs
[2023-05-21T00:01:47.934+0000] {logging_mixin.py:149} INFO - [2023-05-21T00:01:47.934+0000] {dag.py:3490} INFO - Setting next_dagrun for example_short_circuit_decorator to 2023-05-20T00:01:47.934047+00:00, run_after=2023-05-21T00:01:47.934047+00:00
[2023-05-21T00:01:47.963+0000] {processor.py:179} INFO - Processing /home/airflow/.local/lib/python3.7/site-packages/airflow/example_dags/example_short_circuit_decorator.py took 0.105 seconds
[2023-05-21T00:02:18.167+0000] {processor.py:157} INFO - Started process (PID=21190) to work on /home/airflow/.local/lib/python3.7/site-packages/airflow/example_dags/example_short_circuit_decorator.py
[2023-05-21T00:02:18.168+0000] {processor.py:826} INFO - Processing file /home/airflow/.local/lib/python3.7/site-packages/airflow/example_dags/example_short_circuit_decorator.py for tasks to queue
[2023-05-21T00:02:18.169+0000] {logging_mixin.py:149} INFO - [2023-05-21T00:02:18.169+0000] {dagbag.py:541} INFO - Filling up the DagBag from /home/airflow/.local/lib/python3.7/site-packages/airflow/example_dags/example_short_circuit_decorator.py
[2023-05-21T00:02:18.179+0000] {processor.py:836} INFO - DAG(s) dict_keys(['example_short_circuit_decorator']) retrieved from /home/airflow/.local/lib/python3.7/site-packages/airflow/example_dags/example_short_circuit_decorator.py
[2023-05-21T00:02:18.211+0000] {logging_mixin.py:149} INFO - [2023-05-21T00:02:18.211+0000] {dag.py:2726} INFO - Sync 1 DAGs
[2023-05-21T00:02:18.239+0000] {logging_mixin.py:149} INFO - [2023-05-21T00:02:18.239+0000] {dag.py:3490} INFO - Setting next_dagrun for example_short_circuit_decorator to 2023-05-20T00:02:18.239332+00:00, run_after=2023-05-21T00:02:18.239332+00:00
[2023-05-21T00:02:18.277+0000] {processor.py:179} INFO - Processing /home/airflow/.local/lib/python3.7/site-packages/airflow/example_dags/example_short_circuit_decorator.py took 0.113 seconds
[2023-05-21T00:02:48.728+0000] {processor.py:157} INFO - Started process (PID=21258) to work on /home/airflow/.local/lib/python3.7/site-packages/airflow/example_dags/example_short_circuit_decorator.py
[2023-05-21T00:02:48.729+0000] {processor.py:826} INFO - Processing file /home/airflow/.local/lib/python3.7/site-packages/airflow/example_dags/example_short_circuit_decorator.py for tasks to queue
[2023-05-21T00:02:48.730+0000] {logging_mixin.py:149} INFO - [2023-05-21T00:02:48.730+0000] {dagbag.py:541} INFO - Filling up the DagBag from /home/airflow/.local/lib/python3.7/site-packages/airflow/example_dags/example_short_circuit_decorator.py
[2023-05-21T00:02:48.739+0000] {processor.py:836} INFO - DAG(s) dict_keys(['example_short_circuit_decorator']) retrieved from /home/airflow/.local/lib/python3.7/site-packages/airflow/example_dags/example_short_circuit_decorator.py
[2023-05-21T00:02:48.771+0000] {logging_mixin.py:149} INFO - [2023-05-21T00:02:48.770+0000] {dag.py:2726} INFO - Sync 1 DAGs
[2023-05-21T00:02:48.800+0000] {logging_mixin.py:149} INFO - [2023-05-21T00:02:48.800+0000] {dag.py:3490} INFO - Setting next_dagrun for example_short_circuit_decorator to 2023-05-20T00:02:48.799926+00:00, run_after=2023-05-21T00:02:48.799926+00:00
[2023-05-21T00:02:48.825+0000] {processor.py:179} INFO - Processing /home/airflow/.local/lib/python3.7/site-packages/airflow/example_dags/example_short_circuit_decorator.py took 0.099 seconds
[2023-05-21T00:03:19.343+0000] {processor.py:157} INFO - Started process (PID=21327) to work on /home/airflow/.local/lib/python3.7/site-packages/airflow/example_dags/example_short_circuit_decorator.py
[2023-05-21T00:03:19.344+0000] {processor.py:826} INFO - Processing file /home/airflow/.local/lib/python3.7/site-packages/airflow/example_dags/example_short_circuit_decorator.py for tasks to queue
[2023-05-21T00:03:19.345+0000] {logging_mixin.py:149} INFO - [2023-05-21T00:03:19.345+0000] {dagbag.py:541} INFO - Filling up the DagBag from /home/airflow/.local/lib/python3.7/site-packages/airflow/example_dags/example_short_circuit_decorator.py
[2023-05-21T00:03:19.354+0000] {processor.py:836} INFO - DAG(s) dict_keys(['example_short_circuit_decorator']) retrieved from /home/airflow/.local/lib/python3.7/site-packages/airflow/example_dags/example_short_circuit_decorator.py
[2023-05-21T00:03:19.384+0000] {logging_mixin.py:149} INFO - [2023-05-21T00:03:19.384+0000] {dag.py:2726} INFO - Sync 1 DAGs
[2023-05-21T00:03:19.414+0000] {logging_mixin.py:149} INFO - [2023-05-21T00:03:19.414+0000] {dag.py:3490} INFO - Setting next_dagrun for example_short_circuit_decorator to 2023-05-20T00:03:19.413881+00:00, run_after=2023-05-21T00:03:19.413881+00:00
[2023-05-21T00:03:19.441+0000] {processor.py:179} INFO - Processing /home/airflow/.local/lib/python3.7/site-packages/airflow/example_dags/example_short_circuit_decorator.py took 0.101 seconds
[2023-05-21T00:03:49.819+0000] {processor.py:157} INFO - Started process (PID=21396) to work on /home/airflow/.local/lib/python3.7/site-packages/airflow/example_dags/example_short_circuit_decorator.py
[2023-05-21T00:03:49.820+0000] {processor.py:826} INFO - Processing file /home/airflow/.local/lib/python3.7/site-packages/airflow/example_dags/example_short_circuit_decorator.py for tasks to queue
[2023-05-21T00:03:49.821+0000] {logging_mixin.py:149} INFO - [2023-05-21T00:03:49.821+0000] {dagbag.py:541} INFO - Filling up the DagBag from /home/airflow/.local/lib/python3.7/site-packages/airflow/example_dags/example_short_circuit_decorator.py
[2023-05-21T00:03:49.830+0000] {processor.py:836} INFO - DAG(s) dict_keys(['example_short_circuit_decorator']) retrieved from /home/airflow/.local/lib/python3.7/site-packages/airflow/example_dags/example_short_circuit_decorator.py
[2023-05-21T00:03:49.863+0000] {logging_mixin.py:149} INFO - [2023-05-21T00:03:49.862+0000] {dag.py:2726} INFO - Sync 1 DAGs
[2023-05-21T00:03:49.891+0000] {logging_mixin.py:149} INFO - [2023-05-21T00:03:49.891+0000] {dag.py:3490} INFO - Setting next_dagrun for example_short_circuit_decorator to 2023-05-20T00:03:49.890948+00:00, run_after=2023-05-21T00:03:49.890948+00:00
[2023-05-21T00:03:49.920+0000] {processor.py:179} INFO - Processing /home/airflow/.local/lib/python3.7/site-packages/airflow/example_dags/example_short_circuit_decorator.py took 0.104 seconds
[2023-05-21T00:04:20.318+0000] {processor.py:157} INFO - Started process (PID=21465) to work on /home/airflow/.local/lib/python3.7/site-packages/airflow/example_dags/example_short_circuit_decorator.py
[2023-05-21T00:04:20.319+0000] {processor.py:826} INFO - Processing file /home/airflow/.local/lib/python3.7/site-packages/airflow/example_dags/example_short_circuit_decorator.py for tasks to queue
[2023-05-21T00:04:20.320+0000] {logging_mixin.py:149} INFO - [2023-05-21T00:04:20.320+0000] {dagbag.py:541} INFO - Filling up the DagBag from /home/airflow/.local/lib/python3.7/site-packages/airflow/example_dags/example_short_circuit_decorator.py
[2023-05-21T00:04:20.329+0000] {processor.py:836} INFO - DAG(s) dict_keys(['example_short_circuit_decorator']) retrieved from /home/airflow/.local/lib/python3.7/site-packages/airflow/example_dags/example_short_circuit_decorator.py
[2023-05-21T00:04:20.358+0000] {logging_mixin.py:149} INFO - [2023-05-21T00:04:20.358+0000] {dag.py:2726} INFO - Sync 1 DAGs
[2023-05-21T00:04:20.388+0000] {logging_mixin.py:149} INFO - [2023-05-21T00:04:20.388+0000] {dag.py:3490} INFO - Setting next_dagrun for example_short_circuit_decorator to 2023-05-20T00:04:20.388105+00:00, run_after=2023-05-21T00:04:20.388105+00:00
[2023-05-21T00:04:20.413+0000] {processor.py:179} INFO - Processing /home/airflow/.local/lib/python3.7/site-packages/airflow/example_dags/example_short_circuit_decorator.py took 0.098 seconds
[2023-05-21T00:04:50.870+0000] {processor.py:157} INFO - Started process (PID=21534) to work on /home/airflow/.local/lib/python3.7/site-packages/airflow/example_dags/example_short_circuit_decorator.py
[2023-05-21T00:04:50.872+0000] {processor.py:826} INFO - Processing file /home/airflow/.local/lib/python3.7/site-packages/airflow/example_dags/example_short_circuit_decorator.py for tasks to queue
[2023-05-21T00:04:50.873+0000] {logging_mixin.py:149} INFO - [2023-05-21T00:04:50.872+0000] {dagbag.py:541} INFO - Filling up the DagBag from /home/airflow/.local/lib/python3.7/site-packages/airflow/example_dags/example_short_circuit_decorator.py
[2023-05-21T00:04:50.881+0000] {processor.py:836} INFO - DAG(s) dict_keys(['example_short_circuit_decorator']) retrieved from /home/airflow/.local/lib/python3.7/site-packages/airflow/example_dags/example_short_circuit_decorator.py
[2023-05-21T00:04:50.910+0000] {logging_mixin.py:149} INFO - [2023-05-21T00:04:50.910+0000] {dag.py:2726} INFO - Sync 1 DAGs
[2023-05-21T00:04:50.940+0000] {logging_mixin.py:149} INFO - [2023-05-21T00:04:50.939+0000] {dag.py:3490} INFO - Setting next_dagrun for example_short_circuit_decorator to 2023-05-20T00:04:50.939459+00:00, run_after=2023-05-21T00:04:50.939459+00:00
[2023-05-21T00:04:50.965+0000] {processor.py:179} INFO - Processing /home/airflow/.local/lib/python3.7/site-packages/airflow/example_dags/example_short_circuit_decorator.py took 0.098 seconds
[2023-05-21T00:05:21.339+0000] {processor.py:157} INFO - Started process (PID=21602) to work on /home/airflow/.local/lib/python3.7/site-packages/airflow/example_dags/example_short_circuit_decorator.py
[2023-05-21T00:05:21.340+0000] {processor.py:826} INFO - Processing file /home/airflow/.local/lib/python3.7/site-packages/airflow/example_dags/example_short_circuit_decorator.py for tasks to queue
[2023-05-21T00:05:21.341+0000] {logging_mixin.py:149} INFO - [2023-05-21T00:05:21.341+0000] {dagbag.py:541} INFO - Filling up the DagBag from /home/airflow/.local/lib/python3.7/site-packages/airflow/example_dags/example_short_circuit_decorator.py
[2023-05-21T00:05:21.351+0000] {processor.py:836} INFO - DAG(s) dict_keys(['example_short_circuit_decorator']) retrieved from /home/airflow/.local/lib/python3.7/site-packages/airflow/example_dags/example_short_circuit_decorator.py
[2023-05-21T00:05:21.382+0000] {logging_mixin.py:149} INFO - [2023-05-21T00:05:21.382+0000] {dag.py:2726} INFO - Sync 1 DAGs
[2023-05-21T00:05:21.417+0000] {logging_mixin.py:149} INFO - [2023-05-21T00:05:21.417+0000] {dag.py:3490} INFO - Setting next_dagrun for example_short_circuit_decorator to 2023-05-20T00:05:21.416860+00:00, run_after=2023-05-21T00:05:21.416860+00:00
[2023-05-21T00:05:21.445+0000] {processor.py:179} INFO - Processing /home/airflow/.local/lib/python3.7/site-packages/airflow/example_dags/example_short_circuit_decorator.py took 0.109 seconds
[2023-05-21T00:05:51.855+0000] {processor.py:157} INFO - Started process (PID=21670) to work on /home/airflow/.local/lib/python3.7/site-packages/airflow/example_dags/example_short_circuit_decorator.py
[2023-05-21T00:05:51.856+0000] {processor.py:826} INFO - Processing file /home/airflow/.local/lib/python3.7/site-packages/airflow/example_dags/example_short_circuit_decorator.py for tasks to queue
[2023-05-21T00:05:51.857+0000] {logging_mixin.py:149} INFO - [2023-05-21T00:05:51.856+0000] {dagbag.py:541} INFO - Filling up the DagBag from /home/airflow/.local/lib/python3.7/site-packages/airflow/example_dags/example_short_circuit_decorator.py
[2023-05-21T00:05:51.865+0000] {processor.py:836} INFO - DAG(s) dict_keys(['example_short_circuit_decorator']) retrieved from /home/airflow/.local/lib/python3.7/site-packages/airflow/example_dags/example_short_circuit_decorator.py
[2023-05-21T00:05:51.894+0000] {logging_mixin.py:149} INFO - [2023-05-21T00:05:51.894+0000] {dag.py:2726} INFO - Sync 1 DAGs
[2023-05-21T00:05:51.922+0000] {logging_mixin.py:149} INFO - [2023-05-21T00:05:51.922+0000] {dag.py:3490} INFO - Setting next_dagrun for example_short_circuit_decorator to 2023-05-20T00:05:51.922426+00:00, run_after=2023-05-21T00:05:51.922426+00:00
[2023-05-21T00:05:51.949+0000] {processor.py:179} INFO - Processing /home/airflow/.local/lib/python3.7/site-packages/airflow/example_dags/example_short_circuit_decorator.py took 0.097 seconds
[2023-05-21T00:06:22.411+0000] {processor.py:157} INFO - Started process (PID=21739) to work on /home/airflow/.local/lib/python3.7/site-packages/airflow/example_dags/example_short_circuit_decorator.py
[2023-05-21T00:06:22.412+0000] {processor.py:826} INFO - Processing file /home/airflow/.local/lib/python3.7/site-packages/airflow/example_dags/example_short_circuit_decorator.py for tasks to queue
[2023-05-21T00:06:22.413+0000] {logging_mixin.py:149} INFO - [2023-05-21T00:06:22.413+0000] {dagbag.py:541} INFO - Filling up the DagBag from /home/airflow/.local/lib/python3.7/site-packages/airflow/example_dags/example_short_circuit_decorator.py
[2023-05-21T00:06:22.422+0000] {processor.py:836} INFO - DAG(s) dict_keys(['example_short_circuit_decorator']) retrieved from /home/airflow/.local/lib/python3.7/site-packages/airflow/example_dags/example_short_circuit_decorator.py
[2023-05-21T00:06:22.451+0000] {logging_mixin.py:149} INFO - [2023-05-21T00:06:22.451+0000] {dag.py:2726} INFO - Sync 1 DAGs
[2023-05-21T00:06:22.477+0000] {logging_mixin.py:149} INFO - [2023-05-21T00:06:22.477+0000] {dag.py:3490} INFO - Setting next_dagrun for example_short_circuit_decorator to 2023-05-20T00:06:22.477479+00:00, run_after=2023-05-21T00:06:22.477479+00:00
[2023-05-21T00:06:22.515+0000] {processor.py:179} INFO - Processing /home/airflow/.local/lib/python3.7/site-packages/airflow/example_dags/example_short_circuit_decorator.py took 0.108 seconds
[2023-05-21T00:06:52.974+0000] {processor.py:157} INFO - Started process (PID=21807) to work on /home/airflow/.local/lib/python3.7/site-packages/airflow/example_dags/example_short_circuit_decorator.py
[2023-05-21T00:06:52.975+0000] {processor.py:826} INFO - Processing file /home/airflow/.local/lib/python3.7/site-packages/airflow/example_dags/example_short_circuit_decorator.py for tasks to queue
[2023-05-21T00:06:52.976+0000] {logging_mixin.py:149} INFO - [2023-05-21T00:06:52.975+0000] {dagbag.py:541} INFO - Filling up the DagBag from /home/airflow/.local/lib/python3.7/site-packages/airflow/example_dags/example_short_circuit_decorator.py
[2023-05-21T00:06:52.990+0000] {processor.py:836} INFO - DAG(s) dict_keys(['example_short_circuit_decorator']) retrieved from /home/airflow/.local/lib/python3.7/site-packages/airflow/example_dags/example_short_circuit_decorator.py
[2023-05-21T00:06:53.023+0000] {logging_mixin.py:149} INFO - [2023-05-21T00:06:53.022+0000] {dag.py:2726} INFO - Sync 1 DAGs
[2023-05-21T00:06:53.054+0000] {logging_mixin.py:149} INFO - [2023-05-21T00:06:53.053+0000] {dag.py:3490} INFO - Setting next_dagrun for example_short_circuit_decorator to 2023-05-20T00:06:53.053666+00:00, run_after=2023-05-21T00:06:53.053666+00:00
[2023-05-21T00:06:53.085+0000] {processor.py:179} INFO - Processing /home/airflow/.local/lib/python3.7/site-packages/airflow/example_dags/example_short_circuit_decorator.py took 0.115 seconds
[2023-05-21T00:07:23.205+0000] {processor.py:157} INFO - Started process (PID=21875) to work on /home/airflow/.local/lib/python3.7/site-packages/airflow/example_dags/example_short_circuit_decorator.py
[2023-05-21T00:07:23.206+0000] {processor.py:826} INFO - Processing file /home/airflow/.local/lib/python3.7/site-packages/airflow/example_dags/example_short_circuit_decorator.py for tasks to queue
[2023-05-21T00:07:23.207+0000] {logging_mixin.py:149} INFO - [2023-05-21T00:07:23.207+0000] {dagbag.py:541} INFO - Filling up the DagBag from /home/airflow/.local/lib/python3.7/site-packages/airflow/example_dags/example_short_circuit_decorator.py
[2023-05-21T00:07:23.218+0000] {processor.py:836} INFO - DAG(s) dict_keys(['example_short_circuit_decorator']) retrieved from /home/airflow/.local/lib/python3.7/site-packages/airflow/example_dags/example_short_circuit_decorator.py
[2023-05-21T00:07:23.251+0000] {logging_mixin.py:149} INFO - [2023-05-21T00:07:23.251+0000] {dag.py:2726} INFO - Sync 1 DAGs
[2023-05-21T00:07:23.282+0000] {logging_mixin.py:149} INFO - [2023-05-21T00:07:23.282+0000] {dag.py:3490} INFO - Setting next_dagrun for example_short_circuit_decorator to 2023-05-20T00:07:23.282362+00:00, run_after=2023-05-21T00:07:23.282362+00:00
[2023-05-21T00:07:23.315+0000] {processor.py:179} INFO - Processing /home/airflow/.local/lib/python3.7/site-packages/airflow/example_dags/example_short_circuit_decorator.py took 0.112 seconds
[2023-05-21T00:07:53.920+0000] {processor.py:157} INFO - Started process (PID=21943) to work on /home/airflow/.local/lib/python3.7/site-packages/airflow/example_dags/example_short_circuit_decorator.py
[2023-05-21T00:07:53.920+0000] {processor.py:826} INFO - Processing file /home/airflow/.local/lib/python3.7/site-packages/airflow/example_dags/example_short_circuit_decorator.py for tasks to queue
[2023-05-21T00:07:53.921+0000] {logging_mixin.py:149} INFO - [2023-05-21T00:07:53.921+0000] {dagbag.py:541} INFO - Filling up the DagBag from /home/airflow/.local/lib/python3.7/site-packages/airflow/example_dags/example_short_circuit_decorator.py
[2023-05-21T00:07:53.929+0000] {processor.py:836} INFO - DAG(s) dict_keys(['example_short_circuit_decorator']) retrieved from /home/airflow/.local/lib/python3.7/site-packages/airflow/example_dags/example_short_circuit_decorator.py
[2023-05-21T00:07:53.953+0000] {logging_mixin.py:149} INFO - [2023-05-21T00:07:53.953+0000] {dag.py:2726} INFO - Sync 1 DAGs
[2023-05-21T00:07:53.976+0000] {logging_mixin.py:149} INFO - [2023-05-21T00:07:53.976+0000] {dag.py:3490} INFO - Setting next_dagrun for example_short_circuit_decorator to 2023-05-20T00:07:53.976513+00:00, run_after=2023-05-21T00:07:53.976513+00:00
[2023-05-21T00:07:54.075+0000] {processor.py:179} INFO - Processing /home/airflow/.local/lib/python3.7/site-packages/airflow/example_dags/example_short_circuit_decorator.py took 0.158 seconds
[2023-05-21T23:12:42.918+0000] {processor.py:157} INFO - Started process (PID=52) to work on /home/airflow/.local/lib/python3.7/site-packages/airflow/example_dags/example_short_circuit_decorator.py
[2023-05-21T23:12:42.919+0000] {processor.py:826} INFO - Processing file /home/airflow/.local/lib/python3.7/site-packages/airflow/example_dags/example_short_circuit_decorator.py for tasks to queue
[2023-05-21T23:12:42.920+0000] {logging_mixin.py:149} INFO - [2023-05-21T23:12:42.920+0000] {dagbag.py:541} INFO - Filling up the DagBag from /home/airflow/.local/lib/python3.7/site-packages/airflow/example_dags/example_short_circuit_decorator.py
[2023-05-21T23:12:42.932+0000] {processor.py:836} INFO - DAG(s) dict_keys(['example_short_circuit_decorator']) retrieved from /home/airflow/.local/lib/python3.7/site-packages/airflow/example_dags/example_short_circuit_decorator.py
[2023-05-21T23:12:42.946+0000] {logging_mixin.py:149} INFO - [2023-05-21T23:12:42.946+0000] {dag.py:2726} INFO - Sync 1 DAGs
[2023-05-21T23:12:42.977+0000] {logging_mixin.py:149} INFO - [2023-05-21T23:12:42.977+0000] {dag.py:3490} INFO - Setting next_dagrun for example_short_circuit_decorator to 2023-05-20T23:12:42.977434+00:00, run_after=2023-05-21T23:12:42.977434+00:00
[2023-05-21T23:12:43.010+0000] {processor.py:179} INFO - Processing /home/airflow/.local/lib/python3.7/site-packages/airflow/example_dags/example_short_circuit_decorator.py took 0.095 seconds
