[2023-05-21T00:00:15.164+0000] {processor.py:157} INFO - Started process (PID=20908) to work on /home/airflow/.local/lib/python3.7/site-packages/airflow/example_dags/example_complex.py
[2023-05-21T00:00:15.165+0000] {processor.py:826} INFO - Processing file /home/airflow/.local/lib/python3.7/site-packages/airflow/example_dags/example_complex.py for tasks to queue
[2023-05-21T00:00:15.166+0000] {logging_mixin.py:149} INFO - [2023-05-21T00:00:15.166+0000] {dagbag.py:541} INFO - Filling up the DagBag from /home/airflow/.local/lib/python3.7/site-packages/airflow/example_dags/example_complex.py
[2023-05-21T00:00:15.179+0000] {logging_mixin.py:149} INFO - [2023-05-21T00:00:15.179+0000] {taskmixin.py:211} WARNING - Dependency <Task(BashOperator): create_entry_group>, delete_entry_group already registered for DAG: example_complex
[2023-05-21T00:00:15.179+0000] {logging_mixin.py:149} INFO - [2023-05-21T00:00:15.179+0000] {taskmixin.py:211} WARNING - Dependency <Task(BashOperator): delete_entry_group>, create_entry_group already registered for DAG: example_complex
[2023-05-21T00:00:15.180+0000] {logging_mixin.py:149} INFO - [2023-05-21T00:00:15.180+0000] {taskmixin.py:211} WARNING - Dependency <Task(BashOperator): create_entry_gcs>, delete_entry already registered for DAG: example_complex
[2023-05-21T00:00:15.181+0000] {logging_mixin.py:149} INFO - [2023-05-21T00:00:15.180+0000] {taskmixin.py:211} WARNING - Dependency <Task(BashOperator): delete_entry>, create_entry_gcs already registered for DAG: example_complex
[2023-05-21T00:00:15.181+0000] {logging_mixin.py:149} INFO - [2023-05-21T00:00:15.181+0000] {taskmixin.py:211} WARNING - Dependency <Task(BashOperator): create_tag>, delete_tag already registered for DAG: example_complex
[2023-05-21T00:00:15.181+0000] {logging_mixin.py:149} INFO - [2023-05-21T00:00:15.181+0000] {taskmixin.py:211} WARNING - Dependency <Task(BashOperator): delete_tag>, create_tag already registered for DAG: example_complex
[2023-05-21T00:00:15.183+0000] {processor.py:836} INFO - DAG(s) dict_keys(['example_complex']) retrieved from /home/airflow/.local/lib/python3.7/site-packages/airflow/example_dags/example_complex.py
[2023-05-21T00:00:15.220+0000] {logging_mixin.py:149} INFO - [2023-05-21T00:00:15.219+0000] {dag.py:2726} INFO - Sync 1 DAGs
[2023-05-21T00:00:15.249+0000] {logging_mixin.py:149} INFO - [2023-05-21T00:00:15.249+0000] {dag.py:3490} INFO - Setting next_dagrun for example_complex to None, run_after=None
[2023-05-21T00:00:15.274+0000] {processor.py:179} INFO - Processing /home/airflow/.local/lib/python3.7/site-packages/airflow/example_dags/example_complex.py took 0.114 seconds
[2023-05-21T00:00:45.912+0000] {processor.py:157} INFO - Started process (PID=20977) to work on /home/airflow/.local/lib/python3.7/site-packages/airflow/example_dags/example_complex.py
[2023-05-21T00:00:45.913+0000] {processor.py:826} INFO - Processing file /home/airflow/.local/lib/python3.7/site-packages/airflow/example_dags/example_complex.py for tasks to queue
[2023-05-21T00:00:45.914+0000] {logging_mixin.py:149} INFO - [2023-05-21T00:00:45.914+0000] {dagbag.py:541} INFO - Filling up the DagBag from /home/airflow/.local/lib/python3.7/site-packages/airflow/example_dags/example_complex.py
[2023-05-21T00:00:45.926+0000] {logging_mixin.py:149} INFO - [2023-05-21T00:00:45.926+0000] {taskmixin.py:211} WARNING - Dependency <Task(BashOperator): create_entry_group>, delete_entry_group already registered for DAG: example_complex
[2023-05-21T00:00:45.927+0000] {logging_mixin.py:149} INFO - [2023-05-21T00:00:45.927+0000] {taskmixin.py:211} WARNING - Dependency <Task(BashOperator): delete_entry_group>, create_entry_group already registered for DAG: example_complex
[2023-05-21T00:00:45.927+0000] {logging_mixin.py:149} INFO - [2023-05-21T00:00:45.927+0000] {taskmixin.py:211} WARNING - Dependency <Task(BashOperator): create_entry_gcs>, delete_entry already registered for DAG: example_complex
[2023-05-21T00:00:45.928+0000] {logging_mixin.py:149} INFO - [2023-05-21T00:00:45.928+0000] {taskmixin.py:211} WARNING - Dependency <Task(BashOperator): delete_entry>, create_entry_gcs already registered for DAG: example_complex
[2023-05-21T00:00:45.929+0000] {logging_mixin.py:149} INFO - [2023-05-21T00:00:45.929+0000] {taskmixin.py:211} WARNING - Dependency <Task(BashOperator): create_tag>, delete_tag already registered for DAG: example_complex
[2023-05-21T00:00:45.930+0000] {logging_mixin.py:149} INFO - [2023-05-21T00:00:45.930+0000] {taskmixin.py:211} WARNING - Dependency <Task(BashOperator): delete_tag>, create_tag already registered for DAG: example_complex
[2023-05-21T00:00:45.933+0000] {processor.py:836} INFO - DAG(s) dict_keys(['example_complex']) retrieved from /home/airflow/.local/lib/python3.7/site-packages/airflow/example_dags/example_complex.py
[2023-05-21T00:00:45.979+0000] {logging_mixin.py:149} INFO - [2023-05-21T00:00:45.979+0000] {dag.py:2726} INFO - Sync 1 DAGs
[2023-05-21T00:00:46.018+0000] {logging_mixin.py:149} INFO - [2023-05-21T00:00:46.017+0000] {dag.py:3490} INFO - Setting next_dagrun for example_complex to None, run_after=None
[2023-05-21T00:00:46.049+0000] {processor.py:179} INFO - Processing /home/airflow/.local/lib/python3.7/site-packages/airflow/example_dags/example_complex.py took 0.141 seconds
[2023-05-21T00:01:16.755+0000] {processor.py:157} INFO - Started process (PID=21045) to work on /home/airflow/.local/lib/python3.7/site-packages/airflow/example_dags/example_complex.py
[2023-05-21T00:01:16.756+0000] {processor.py:826} INFO - Processing file /home/airflow/.local/lib/python3.7/site-packages/airflow/example_dags/example_complex.py for tasks to queue
[2023-05-21T00:01:16.757+0000] {logging_mixin.py:149} INFO - [2023-05-21T00:01:16.757+0000] {dagbag.py:541} INFO - Filling up the DagBag from /home/airflow/.local/lib/python3.7/site-packages/airflow/example_dags/example_complex.py
[2023-05-21T00:01:16.767+0000] {logging_mixin.py:149} INFO - [2023-05-21T00:01:16.766+0000] {taskmixin.py:211} WARNING - Dependency <Task(BashOperator): create_entry_group>, delete_entry_group already registered for DAG: example_complex
[2023-05-21T00:01:16.768+0000] {logging_mixin.py:149} INFO - [2023-05-21T00:01:16.767+0000] {taskmixin.py:211} WARNING - Dependency <Task(BashOperator): delete_entry_group>, create_entry_group already registered for DAG: example_complex
[2023-05-21T00:01:16.768+0000] {logging_mixin.py:149} INFO - [2023-05-21T00:01:16.768+0000] {taskmixin.py:211} WARNING - Dependency <Task(BashOperator): create_entry_gcs>, delete_entry already registered for DAG: example_complex
[2023-05-21T00:01:16.769+0000] {logging_mixin.py:149} INFO - [2023-05-21T00:01:16.768+0000] {taskmixin.py:211} WARNING - Dependency <Task(BashOperator): delete_entry>, create_entry_gcs already registered for DAG: example_complex
[2023-05-21T00:01:16.769+0000] {logging_mixin.py:149} INFO - [2023-05-21T00:01:16.769+0000] {taskmixin.py:211} WARNING - Dependency <Task(BashOperator): create_tag>, delete_tag already registered for DAG: example_complex
[2023-05-21T00:01:16.770+0000] {logging_mixin.py:149} INFO - [2023-05-21T00:01:16.770+0000] {taskmixin.py:211} WARNING - Dependency <Task(BashOperator): delete_tag>, create_tag already registered for DAG: example_complex
[2023-05-21T00:01:16.771+0000] {processor.py:836} INFO - DAG(s) dict_keys(['example_complex']) retrieved from /home/airflow/.local/lib/python3.7/site-packages/airflow/example_dags/example_complex.py
[2023-05-21T00:01:16.811+0000] {logging_mixin.py:149} INFO - [2023-05-21T00:01:16.811+0000] {dag.py:2726} INFO - Sync 1 DAGs
[2023-05-21T00:01:16.840+0000] {logging_mixin.py:149} INFO - [2023-05-21T00:01:16.840+0000] {dag.py:3490} INFO - Setting next_dagrun for example_complex to None, run_after=None
[2023-05-21T00:01:16.868+0000] {processor.py:179} INFO - Processing /home/airflow/.local/lib/python3.7/site-packages/airflow/example_dags/example_complex.py took 0.116 seconds
[2023-05-21T00:01:47.309+0000] {processor.py:157} INFO - Started process (PID=21113) to work on /home/airflow/.local/lib/python3.7/site-packages/airflow/example_dags/example_complex.py
[2023-05-21T00:01:47.310+0000] {processor.py:826} INFO - Processing file /home/airflow/.local/lib/python3.7/site-packages/airflow/example_dags/example_complex.py for tasks to queue
[2023-05-21T00:01:47.311+0000] {logging_mixin.py:149} INFO - [2023-05-21T00:01:47.311+0000] {dagbag.py:541} INFO - Filling up the DagBag from /home/airflow/.local/lib/python3.7/site-packages/airflow/example_dags/example_complex.py
[2023-05-21T00:01:47.324+0000] {logging_mixin.py:149} INFO - [2023-05-21T00:01:47.323+0000] {taskmixin.py:211} WARNING - Dependency <Task(BashOperator): create_entry_group>, delete_entry_group already registered for DAG: example_complex
[2023-05-21T00:01:47.324+0000] {logging_mixin.py:149} INFO - [2023-05-21T00:01:47.324+0000] {taskmixin.py:211} WARNING - Dependency <Task(BashOperator): delete_entry_group>, create_entry_group already registered for DAG: example_complex
[2023-05-21T00:01:47.325+0000] {logging_mixin.py:149} INFO - [2023-05-21T00:01:47.325+0000] {taskmixin.py:211} WARNING - Dependency <Task(BashOperator): create_entry_gcs>, delete_entry already registered for DAG: example_complex
[2023-05-21T00:01:47.325+0000] {logging_mixin.py:149} INFO - [2023-05-21T00:01:47.325+0000] {taskmixin.py:211} WARNING - Dependency <Task(BashOperator): delete_entry>, create_entry_gcs already registered for DAG: example_complex
[2023-05-21T00:01:47.326+0000] {logging_mixin.py:149} INFO - [2023-05-21T00:01:47.326+0000] {taskmixin.py:211} WARNING - Dependency <Task(BashOperator): create_tag>, delete_tag already registered for DAG: example_complex
[2023-05-21T00:01:47.326+0000] {logging_mixin.py:149} INFO - [2023-05-21T00:01:47.326+0000] {taskmixin.py:211} WARNING - Dependency <Task(BashOperator): delete_tag>, create_tag already registered for DAG: example_complex
[2023-05-21T00:01:47.328+0000] {processor.py:836} INFO - DAG(s) dict_keys(['example_complex']) retrieved from /home/airflow/.local/lib/python3.7/site-packages/airflow/example_dags/example_complex.py
[2023-05-21T00:01:47.369+0000] {logging_mixin.py:149} INFO - [2023-05-21T00:01:47.369+0000] {dag.py:2726} INFO - Sync 1 DAGs
[2023-05-21T00:01:47.397+0000] {logging_mixin.py:149} INFO - [2023-05-21T00:01:47.397+0000] {dag.py:3490} INFO - Setting next_dagrun for example_complex to None, run_after=None
[2023-05-21T00:01:47.423+0000] {processor.py:179} INFO - Processing /home/airflow/.local/lib/python3.7/site-packages/airflow/example_dags/example_complex.py took 0.117 seconds
[2023-05-21T00:02:17.600+0000] {processor.py:157} INFO - Started process (PID=21181) to work on /home/airflow/.local/lib/python3.7/site-packages/airflow/example_dags/example_complex.py
[2023-05-21T00:02:17.601+0000] {processor.py:826} INFO - Processing file /home/airflow/.local/lib/python3.7/site-packages/airflow/example_dags/example_complex.py for tasks to queue
[2023-05-21T00:02:17.602+0000] {logging_mixin.py:149} INFO - [2023-05-21T00:02:17.602+0000] {dagbag.py:541} INFO - Filling up the DagBag from /home/airflow/.local/lib/python3.7/site-packages/airflow/example_dags/example_complex.py
[2023-05-21T00:02:17.612+0000] {logging_mixin.py:149} INFO - [2023-05-21T00:02:17.612+0000] {taskmixin.py:211} WARNING - Dependency <Task(BashOperator): create_entry_group>, delete_entry_group already registered for DAG: example_complex
[2023-05-21T00:02:17.613+0000] {logging_mixin.py:149} INFO - [2023-05-21T00:02:17.613+0000] {taskmixin.py:211} WARNING - Dependency <Task(BashOperator): delete_entry_group>, create_entry_group already registered for DAG: example_complex
[2023-05-21T00:02:17.613+0000] {logging_mixin.py:149} INFO - [2023-05-21T00:02:17.613+0000] {taskmixin.py:211} WARNING - Dependency <Task(BashOperator): create_entry_gcs>, delete_entry already registered for DAG: example_complex
[2023-05-21T00:02:17.614+0000] {logging_mixin.py:149} INFO - [2023-05-21T00:02:17.613+0000] {taskmixin.py:211} WARNING - Dependency <Task(BashOperator): delete_entry>, create_entry_gcs already registered for DAG: example_complex
[2023-05-21T00:02:17.614+0000] {logging_mixin.py:149} INFO - [2023-05-21T00:02:17.614+0000] {taskmixin.py:211} WARNING - Dependency <Task(BashOperator): create_tag>, delete_tag already registered for DAG: example_complex
[2023-05-21T00:02:17.615+0000] {logging_mixin.py:149} INFO - [2023-05-21T00:02:17.614+0000] {taskmixin.py:211} WARNING - Dependency <Task(BashOperator): delete_tag>, create_tag already registered for DAG: example_complex
[2023-05-21T00:02:17.616+0000] {processor.py:836} INFO - DAG(s) dict_keys(['example_complex']) retrieved from /home/airflow/.local/lib/python3.7/site-packages/airflow/example_dags/example_complex.py
[2023-05-21T00:02:17.654+0000] {logging_mixin.py:149} INFO - [2023-05-21T00:02:17.654+0000] {dag.py:2726} INFO - Sync 1 DAGs
[2023-05-21T00:02:17.681+0000] {logging_mixin.py:149} INFO - [2023-05-21T00:02:17.681+0000] {dag.py:3490} INFO - Setting next_dagrun for example_complex to None, run_after=None
[2023-05-21T00:02:17.706+0000] {processor.py:179} INFO - Processing /home/airflow/.local/lib/python3.7/site-packages/airflow/example_dags/example_complex.py took 0.109 seconds
[2023-05-21T00:02:48.161+0000] {processor.py:157} INFO - Started process (PID=21249) to work on /home/airflow/.local/lib/python3.7/site-packages/airflow/example_dags/example_complex.py
[2023-05-21T00:02:48.162+0000] {processor.py:826} INFO - Processing file /home/airflow/.local/lib/python3.7/site-packages/airflow/example_dags/example_complex.py for tasks to queue
[2023-05-21T00:02:48.163+0000] {logging_mixin.py:149} INFO - [2023-05-21T00:02:48.162+0000] {dagbag.py:541} INFO - Filling up the DagBag from /home/airflow/.local/lib/python3.7/site-packages/airflow/example_dags/example_complex.py
[2023-05-21T00:02:48.173+0000] {logging_mixin.py:149} INFO - [2023-05-21T00:02:48.173+0000] {taskmixin.py:211} WARNING - Dependency <Task(BashOperator): create_entry_group>, delete_entry_group already registered for DAG: example_complex
[2023-05-21T00:02:48.174+0000] {logging_mixin.py:149} INFO - [2023-05-21T00:02:48.174+0000] {taskmixin.py:211} WARNING - Dependency <Task(BashOperator): delete_entry_group>, create_entry_group already registered for DAG: example_complex
[2023-05-21T00:02:48.174+0000] {logging_mixin.py:149} INFO - [2023-05-21T00:02:48.174+0000] {taskmixin.py:211} WARNING - Dependency <Task(BashOperator): create_entry_gcs>, delete_entry already registered for DAG: example_complex
[2023-05-21T00:02:48.175+0000] {logging_mixin.py:149} INFO - [2023-05-21T00:02:48.175+0000] {taskmixin.py:211} WARNING - Dependency <Task(BashOperator): delete_entry>, create_entry_gcs already registered for DAG: example_complex
[2023-05-21T00:02:48.175+0000] {logging_mixin.py:149} INFO - [2023-05-21T00:02:48.175+0000] {taskmixin.py:211} WARNING - Dependency <Task(BashOperator): create_tag>, delete_tag already registered for DAG: example_complex
[2023-05-21T00:02:48.176+0000] {logging_mixin.py:149} INFO - [2023-05-21T00:02:48.176+0000] {taskmixin.py:211} WARNING - Dependency <Task(BashOperator): delete_tag>, create_tag already registered for DAG: example_complex
[2023-05-21T00:02:48.178+0000] {processor.py:836} INFO - DAG(s) dict_keys(['example_complex']) retrieved from /home/airflow/.local/lib/python3.7/site-packages/airflow/example_dags/example_complex.py
[2023-05-21T00:02:48.220+0000] {logging_mixin.py:149} INFO - [2023-05-21T00:02:48.219+0000] {dag.py:2726} INFO - Sync 1 DAGs
[2023-05-21T00:02:48.249+0000] {logging_mixin.py:149} INFO - [2023-05-21T00:02:48.249+0000] {dag.py:3490} INFO - Setting next_dagrun for example_complex to None, run_after=None
[2023-05-21T00:02:48.322+0000] {processor.py:179} INFO - Processing /home/airflow/.local/lib/python3.7/site-packages/airflow/example_dags/example_complex.py took 0.164 seconds
[2023-05-21T00:03:18.751+0000] {processor.py:157} INFO - Started process (PID=21318) to work on /home/airflow/.local/lib/python3.7/site-packages/airflow/example_dags/example_complex.py
[2023-05-21T00:03:18.752+0000] {processor.py:826} INFO - Processing file /home/airflow/.local/lib/python3.7/site-packages/airflow/example_dags/example_complex.py for tasks to queue
[2023-05-21T00:03:18.753+0000] {logging_mixin.py:149} INFO - [2023-05-21T00:03:18.753+0000] {dagbag.py:541} INFO - Filling up the DagBag from /home/airflow/.local/lib/python3.7/site-packages/airflow/example_dags/example_complex.py
[2023-05-21T00:03:18.764+0000] {logging_mixin.py:149} INFO - [2023-05-21T00:03:18.764+0000] {taskmixin.py:211} WARNING - Dependency <Task(BashOperator): create_entry_group>, delete_entry_group already registered for DAG: example_complex
[2023-05-21T00:03:18.765+0000] {logging_mixin.py:149} INFO - [2023-05-21T00:03:18.765+0000] {taskmixin.py:211} WARNING - Dependency <Task(BashOperator): delete_entry_group>, create_entry_group already registered for DAG: example_complex
[2023-05-21T00:03:18.766+0000] {logging_mixin.py:149} INFO - [2023-05-21T00:03:18.765+0000] {taskmixin.py:211} WARNING - Dependency <Task(BashOperator): create_entry_gcs>, delete_entry already registered for DAG: example_complex
[2023-05-21T00:03:18.766+0000] {logging_mixin.py:149} INFO - [2023-05-21T00:03:18.766+0000] {taskmixin.py:211} WARNING - Dependency <Task(BashOperator): delete_entry>, create_entry_gcs already registered for DAG: example_complex
[2023-05-21T00:03:18.766+0000] {logging_mixin.py:149} INFO - [2023-05-21T00:03:18.766+0000] {taskmixin.py:211} WARNING - Dependency <Task(BashOperator): create_tag>, delete_tag already registered for DAG: example_complex
[2023-05-21T00:03:18.767+0000] {logging_mixin.py:149} INFO - [2023-05-21T00:03:18.767+0000] {taskmixin.py:211} WARNING - Dependency <Task(BashOperator): delete_tag>, create_tag already registered for DAG: example_complex
[2023-05-21T00:03:18.769+0000] {processor.py:836} INFO - DAG(s) dict_keys(['example_complex']) retrieved from /home/airflow/.local/lib/python3.7/site-packages/airflow/example_dags/example_complex.py
[2023-05-21T00:03:18.808+0000] {logging_mixin.py:149} INFO - [2023-05-21T00:03:18.808+0000] {dag.py:2726} INFO - Sync 1 DAGs
[2023-05-21T00:03:18.837+0000] {logging_mixin.py:149} INFO - [2023-05-21T00:03:18.837+0000] {dag.py:3490} INFO - Setting next_dagrun for example_complex to None, run_after=None
[2023-05-21T00:03:18.870+0000] {processor.py:179} INFO - Processing /home/airflow/.local/lib/python3.7/site-packages/airflow/example_dags/example_complex.py took 0.122 seconds
[2023-05-21T00:03:49.271+0000] {processor.py:157} INFO - Started process (PID=21387) to work on /home/airflow/.local/lib/python3.7/site-packages/airflow/example_dags/example_complex.py
[2023-05-21T00:03:49.272+0000] {processor.py:826} INFO - Processing file /home/airflow/.local/lib/python3.7/site-packages/airflow/example_dags/example_complex.py for tasks to queue
[2023-05-21T00:03:49.273+0000] {logging_mixin.py:149} INFO - [2023-05-21T00:03:49.273+0000] {dagbag.py:541} INFO - Filling up the DagBag from /home/airflow/.local/lib/python3.7/site-packages/airflow/example_dags/example_complex.py
[2023-05-21T00:03:49.284+0000] {logging_mixin.py:149} INFO - [2023-05-21T00:03:49.283+0000] {taskmixin.py:211} WARNING - Dependency <Task(BashOperator): create_entry_group>, delete_entry_group already registered for DAG: example_complex
[2023-05-21T00:03:49.284+0000] {logging_mixin.py:149} INFO - [2023-05-21T00:03:49.284+0000] {taskmixin.py:211} WARNING - Dependency <Task(BashOperator): delete_entry_group>, create_entry_group already registered for DAG: example_complex
[2023-05-21T00:03:49.285+0000] {logging_mixin.py:149} INFO - [2023-05-21T00:03:49.285+0000] {taskmixin.py:211} WARNING - Dependency <Task(BashOperator): create_entry_gcs>, delete_entry already registered for DAG: example_complex
[2023-05-21T00:03:49.285+0000] {logging_mixin.py:149} INFO - [2023-05-21T00:03:49.285+0000] {taskmixin.py:211} WARNING - Dependency <Task(BashOperator): delete_entry>, create_entry_gcs already registered for DAG: example_complex
[2023-05-21T00:03:49.286+0000] {logging_mixin.py:149} INFO - [2023-05-21T00:03:49.286+0000] {taskmixin.py:211} WARNING - Dependency <Task(BashOperator): create_tag>, delete_tag already registered for DAG: example_complex
[2023-05-21T00:03:49.286+0000] {logging_mixin.py:149} INFO - [2023-05-21T00:03:49.286+0000] {taskmixin.py:211} WARNING - Dependency <Task(BashOperator): delete_tag>, create_tag already registered for DAG: example_complex
[2023-05-21T00:03:49.288+0000] {processor.py:836} INFO - DAG(s) dict_keys(['example_complex']) retrieved from /home/airflow/.local/lib/python3.7/site-packages/airflow/example_dags/example_complex.py
[2023-05-21T00:03:49.327+0000] {logging_mixin.py:149} INFO - [2023-05-21T00:03:49.327+0000] {dag.py:2726} INFO - Sync 1 DAGs
[2023-05-21T00:03:49.355+0000] {logging_mixin.py:149} INFO - [2023-05-21T00:03:49.355+0000] {dag.py:3490} INFO - Setting next_dagrun for example_complex to None, run_after=None
[2023-05-21T00:03:49.384+0000] {processor.py:179} INFO - Processing /home/airflow/.local/lib/python3.7/site-packages/airflow/example_dags/example_complex.py took 0.115 seconds
[2023-05-21T00:04:19.701+0000] {processor.py:157} INFO - Started process (PID=21456) to work on /home/airflow/.local/lib/python3.7/site-packages/airflow/example_dags/example_complex.py
[2023-05-21T00:04:19.702+0000] {processor.py:826} INFO - Processing file /home/airflow/.local/lib/python3.7/site-packages/airflow/example_dags/example_complex.py for tasks to queue
[2023-05-21T00:04:19.703+0000] {logging_mixin.py:149} INFO - [2023-05-21T00:04:19.703+0000] {dagbag.py:541} INFO - Filling up the DagBag from /home/airflow/.local/lib/python3.7/site-packages/airflow/example_dags/example_complex.py
[2023-05-21T00:04:19.716+0000] {logging_mixin.py:149} INFO - [2023-05-21T00:04:19.716+0000] {taskmixin.py:211} WARNING - Dependency <Task(BashOperator): create_entry_group>, delete_entry_group already registered for DAG: example_complex
[2023-05-21T00:04:19.717+0000] {logging_mixin.py:149} INFO - [2023-05-21T00:04:19.717+0000] {taskmixin.py:211} WARNING - Dependency <Task(BashOperator): delete_entry_group>, create_entry_group already registered for DAG: example_complex
[2023-05-21T00:04:19.717+0000] {logging_mixin.py:149} INFO - [2023-05-21T00:04:19.717+0000] {taskmixin.py:211} WARNING - Dependency <Task(BashOperator): create_entry_gcs>, delete_entry already registered for DAG: example_complex
[2023-05-21T00:04:19.718+0000] {logging_mixin.py:149} INFO - [2023-05-21T00:04:19.718+0000] {taskmixin.py:211} WARNING - Dependency <Task(BashOperator): delete_entry>, create_entry_gcs already registered for DAG: example_complex
[2023-05-21T00:04:19.718+0000] {logging_mixin.py:149} INFO - [2023-05-21T00:04:19.718+0000] {taskmixin.py:211} WARNING - Dependency <Task(BashOperator): create_tag>, delete_tag already registered for DAG: example_complex
[2023-05-21T00:04:19.719+0000] {logging_mixin.py:149} INFO - [2023-05-21T00:04:19.719+0000] {taskmixin.py:211} WARNING - Dependency <Task(BashOperator): delete_tag>, create_tag already registered for DAG: example_complex
[2023-05-21T00:04:19.721+0000] {processor.py:836} INFO - DAG(s) dict_keys(['example_complex']) retrieved from /home/airflow/.local/lib/python3.7/site-packages/airflow/example_dags/example_complex.py
[2023-05-21T00:04:19.760+0000] {logging_mixin.py:149} INFO - [2023-05-21T00:04:19.759+0000] {dag.py:2726} INFO - Sync 1 DAGs
[2023-05-21T00:04:19.788+0000] {logging_mixin.py:149} INFO - [2023-05-21T00:04:19.788+0000] {dag.py:3490} INFO - Setting next_dagrun for example_complex to None, run_after=None
[2023-05-21T00:04:19.821+0000] {processor.py:179} INFO - Processing /home/airflow/.local/lib/python3.7/site-packages/airflow/example_dags/example_complex.py took 0.123 seconds
[2023-05-21T00:04:50.281+0000] {processor.py:157} INFO - Started process (PID=21525) to work on /home/airflow/.local/lib/python3.7/site-packages/airflow/example_dags/example_complex.py
[2023-05-21T00:04:50.282+0000] {processor.py:826} INFO - Processing file /home/airflow/.local/lib/python3.7/site-packages/airflow/example_dags/example_complex.py for tasks to queue
[2023-05-21T00:04:50.283+0000] {logging_mixin.py:149} INFO - [2023-05-21T00:04:50.283+0000] {dagbag.py:541} INFO - Filling up the DagBag from /home/airflow/.local/lib/python3.7/site-packages/airflow/example_dags/example_complex.py
[2023-05-21T00:04:50.293+0000] {logging_mixin.py:149} INFO - [2023-05-21T00:04:50.293+0000] {taskmixin.py:211} WARNING - Dependency <Task(BashOperator): create_entry_group>, delete_entry_group already registered for DAG: example_complex
[2023-05-21T00:04:50.294+0000] {logging_mixin.py:149} INFO - [2023-05-21T00:04:50.294+0000] {taskmixin.py:211} WARNING - Dependency <Task(BashOperator): delete_entry_group>, create_entry_group already registered for DAG: example_complex
[2023-05-21T00:04:50.295+0000] {logging_mixin.py:149} INFO - [2023-05-21T00:04:50.295+0000] {taskmixin.py:211} WARNING - Dependency <Task(BashOperator): create_entry_gcs>, delete_entry already registered for DAG: example_complex
[2023-05-21T00:04:50.295+0000] {logging_mixin.py:149} INFO - [2023-05-21T00:04:50.295+0000] {taskmixin.py:211} WARNING - Dependency <Task(BashOperator): delete_entry>, create_entry_gcs already registered for DAG: example_complex
[2023-05-21T00:04:50.296+0000] {logging_mixin.py:149} INFO - [2023-05-21T00:04:50.296+0000] {taskmixin.py:211} WARNING - Dependency <Task(BashOperator): create_tag>, delete_tag already registered for DAG: example_complex
[2023-05-21T00:04:50.296+0000] {logging_mixin.py:149} INFO - [2023-05-21T00:04:50.296+0000] {taskmixin.py:211} WARNING - Dependency <Task(BashOperator): delete_tag>, create_tag already registered for DAG: example_complex
[2023-05-21T00:04:50.298+0000] {processor.py:836} INFO - DAG(s) dict_keys(['example_complex']) retrieved from /home/airflow/.local/lib/python3.7/site-packages/airflow/example_dags/example_complex.py
[2023-05-21T00:04:50.334+0000] {logging_mixin.py:149} INFO - [2023-05-21T00:04:50.334+0000] {dag.py:2726} INFO - Sync 1 DAGs
[2023-05-21T00:04:50.362+0000] {logging_mixin.py:149} INFO - [2023-05-21T00:04:50.361+0000] {dag.py:3490} INFO - Setting next_dagrun for example_complex to None, run_after=None
[2023-05-21T00:04:50.387+0000] {processor.py:179} INFO - Processing /home/airflow/.local/lib/python3.7/site-packages/airflow/example_dags/example_complex.py took 0.108 seconds
[2023-05-21T00:05:20.693+0000] {processor.py:157} INFO - Started process (PID=21593) to work on /home/airflow/.local/lib/python3.7/site-packages/airflow/example_dags/example_complex.py
[2023-05-21T00:05:20.694+0000] {processor.py:826} INFO - Processing file /home/airflow/.local/lib/python3.7/site-packages/airflow/example_dags/example_complex.py for tasks to queue
[2023-05-21T00:05:20.695+0000] {logging_mixin.py:149} INFO - [2023-05-21T00:05:20.695+0000] {dagbag.py:541} INFO - Filling up the DagBag from /home/airflow/.local/lib/python3.7/site-packages/airflow/example_dags/example_complex.py
[2023-05-21T00:05:20.707+0000] {logging_mixin.py:149} INFO - [2023-05-21T00:05:20.707+0000] {taskmixin.py:211} WARNING - Dependency <Task(BashOperator): create_entry_group>, delete_entry_group already registered for DAG: example_complex
[2023-05-21T00:05:20.708+0000] {logging_mixin.py:149} INFO - [2023-05-21T00:05:20.708+0000] {taskmixin.py:211} WARNING - Dependency <Task(BashOperator): delete_entry_group>, create_entry_group already registered for DAG: example_complex
[2023-05-21T00:05:20.709+0000] {logging_mixin.py:149} INFO - [2023-05-21T00:05:20.709+0000] {taskmixin.py:211} WARNING - Dependency <Task(BashOperator): create_entry_gcs>, delete_entry already registered for DAG: example_complex
[2023-05-21T00:05:20.709+0000] {logging_mixin.py:149} INFO - [2023-05-21T00:05:20.709+0000] {taskmixin.py:211} WARNING - Dependency <Task(BashOperator): delete_entry>, create_entry_gcs already registered for DAG: example_complex
[2023-05-21T00:05:20.710+0000] {logging_mixin.py:149} INFO - [2023-05-21T00:05:20.710+0000] {taskmixin.py:211} WARNING - Dependency <Task(BashOperator): create_tag>, delete_tag already registered for DAG: example_complex
[2023-05-21T00:05:20.711+0000] {logging_mixin.py:149} INFO - [2023-05-21T00:05:20.710+0000] {taskmixin.py:211} WARNING - Dependency <Task(BashOperator): delete_tag>, create_tag already registered for DAG: example_complex
[2023-05-21T00:05:20.713+0000] {processor.py:836} INFO - DAG(s) dict_keys(['example_complex']) retrieved from /home/airflow/.local/lib/python3.7/site-packages/airflow/example_dags/example_complex.py
[2023-05-21T00:05:20.753+0000] {logging_mixin.py:149} INFO - [2023-05-21T00:05:20.753+0000] {dag.py:2726} INFO - Sync 1 DAGs
[2023-05-21T00:05:20.782+0000] {logging_mixin.py:149} INFO - [2023-05-21T00:05:20.782+0000] {dag.py:3490} INFO - Setting next_dagrun for example_complex to None, run_after=None
[2023-05-21T00:05:20.809+0000] {processor.py:179} INFO - Processing /home/airflow/.local/lib/python3.7/site-packages/airflow/example_dags/example_complex.py took 0.119 seconds
[2023-05-21T00:05:51.238+0000] {processor.py:157} INFO - Started process (PID=21661) to work on /home/airflow/.local/lib/python3.7/site-packages/airflow/example_dags/example_complex.py
[2023-05-21T00:05:51.239+0000] {processor.py:826} INFO - Processing file /home/airflow/.local/lib/python3.7/site-packages/airflow/example_dags/example_complex.py for tasks to queue
[2023-05-21T00:05:51.240+0000] {logging_mixin.py:149} INFO - [2023-05-21T00:05:51.240+0000] {dagbag.py:541} INFO - Filling up the DagBag from /home/airflow/.local/lib/python3.7/site-packages/airflow/example_dags/example_complex.py
[2023-05-21T00:05:51.251+0000] {logging_mixin.py:149} INFO - [2023-05-21T00:05:51.251+0000] {taskmixin.py:211} WARNING - Dependency <Task(BashOperator): create_entry_group>, delete_entry_group already registered for DAG: example_complex
[2023-05-21T00:05:51.252+0000] {logging_mixin.py:149} INFO - [2023-05-21T00:05:51.252+0000] {taskmixin.py:211} WARNING - Dependency <Task(BashOperator): delete_entry_group>, create_entry_group already registered for DAG: example_complex
[2023-05-21T00:05:51.252+0000] {logging_mixin.py:149} INFO - [2023-05-21T00:05:51.252+0000] {taskmixin.py:211} WARNING - Dependency <Task(BashOperator): create_entry_gcs>, delete_entry already registered for DAG: example_complex
[2023-05-21T00:05:51.253+0000] {logging_mixin.py:149} INFO - [2023-05-21T00:05:51.253+0000] {taskmixin.py:211} WARNING - Dependency <Task(BashOperator): delete_entry>, create_entry_gcs already registered for DAG: example_complex
[2023-05-21T00:05:51.253+0000] {logging_mixin.py:149} INFO - [2023-05-21T00:05:51.253+0000] {taskmixin.py:211} WARNING - Dependency <Task(BashOperator): create_tag>, delete_tag already registered for DAG: example_complex
[2023-05-21T00:05:51.254+0000] {logging_mixin.py:149} INFO - [2023-05-21T00:05:51.254+0000] {taskmixin.py:211} WARNING - Dependency <Task(BashOperator): delete_tag>, create_tag already registered for DAG: example_complex
[2023-05-21T00:05:51.256+0000] {processor.py:836} INFO - DAG(s) dict_keys(['example_complex']) retrieved from /home/airflow/.local/lib/python3.7/site-packages/airflow/example_dags/example_complex.py
[2023-05-21T00:05:51.294+0000] {logging_mixin.py:149} INFO - [2023-05-21T00:05:51.294+0000] {dag.py:2726} INFO - Sync 1 DAGs
[2023-05-21T00:05:51.325+0000] {logging_mixin.py:149} INFO - [2023-05-21T00:05:51.325+0000] {dag.py:3490} INFO - Setting next_dagrun for example_complex to None, run_after=None
[2023-05-21T00:05:51.354+0000] {processor.py:179} INFO - Processing /home/airflow/.local/lib/python3.7/site-packages/airflow/example_dags/example_complex.py took 0.120 seconds
[2023-05-21T00:06:21.771+0000] {processor.py:157} INFO - Started process (PID=21730) to work on /home/airflow/.local/lib/python3.7/site-packages/airflow/example_dags/example_complex.py
[2023-05-21T00:06:21.772+0000] {processor.py:826} INFO - Processing file /home/airflow/.local/lib/python3.7/site-packages/airflow/example_dags/example_complex.py for tasks to queue
[2023-05-21T00:06:21.773+0000] {logging_mixin.py:149} INFO - [2023-05-21T00:06:21.773+0000] {dagbag.py:541} INFO - Filling up the DagBag from /home/airflow/.local/lib/python3.7/site-packages/airflow/example_dags/example_complex.py
[2023-05-21T00:06:21.782+0000] {logging_mixin.py:149} INFO - [2023-05-21T00:06:21.782+0000] {taskmixin.py:211} WARNING - Dependency <Task(BashOperator): create_entry_group>, delete_entry_group already registered for DAG: example_complex
[2023-05-21T00:06:21.783+0000] {logging_mixin.py:149} INFO - [2023-05-21T00:06:21.783+0000] {taskmixin.py:211} WARNING - Dependency <Task(BashOperator): delete_entry_group>, create_entry_group already registered for DAG: example_complex
[2023-05-21T00:06:21.783+0000] {logging_mixin.py:149} INFO - [2023-05-21T00:06:21.783+0000] {taskmixin.py:211} WARNING - Dependency <Task(BashOperator): create_entry_gcs>, delete_entry already registered for DAG: example_complex
[2023-05-21T00:06:21.784+0000] {logging_mixin.py:149} INFO - [2023-05-21T00:06:21.784+0000] {taskmixin.py:211} WARNING - Dependency <Task(BashOperator): delete_entry>, create_entry_gcs already registered for DAG: example_complex
[2023-05-21T00:06:21.784+0000] {logging_mixin.py:149} INFO - [2023-05-21T00:06:21.784+0000] {taskmixin.py:211} WARNING - Dependency <Task(BashOperator): create_tag>, delete_tag already registered for DAG: example_complex
[2023-05-21T00:06:21.785+0000] {logging_mixin.py:149} INFO - [2023-05-21T00:06:21.785+0000] {taskmixin.py:211} WARNING - Dependency <Task(BashOperator): delete_tag>, create_tag already registered for DAG: example_complex
[2023-05-21T00:06:21.787+0000] {processor.py:836} INFO - DAG(s) dict_keys(['example_complex']) retrieved from /home/airflow/.local/lib/python3.7/site-packages/airflow/example_dags/example_complex.py
[2023-05-21T00:06:21.823+0000] {logging_mixin.py:149} INFO - [2023-05-21T00:06:21.822+0000] {dag.py:2726} INFO - Sync 1 DAGs
[2023-05-21T00:06:21.849+0000] {logging_mixin.py:149} INFO - [2023-05-21T00:06:21.849+0000] {dag.py:3490} INFO - Setting next_dagrun for example_complex to None, run_after=None
[2023-05-21T00:06:21.874+0000] {processor.py:179} INFO - Processing /home/airflow/.local/lib/python3.7/site-packages/airflow/example_dags/example_complex.py took 0.106 seconds
[2023-05-21T00:06:52.228+0000] {processor.py:157} INFO - Started process (PID=21798) to work on /home/airflow/.local/lib/python3.7/site-packages/airflow/example_dags/example_complex.py
[2023-05-21T00:06:52.229+0000] {processor.py:826} INFO - Processing file /home/airflow/.local/lib/python3.7/site-packages/airflow/example_dags/example_complex.py for tasks to queue
[2023-05-21T00:06:52.230+0000] {logging_mixin.py:149} INFO - [2023-05-21T00:06:52.230+0000] {dagbag.py:541} INFO - Filling up the DagBag from /home/airflow/.local/lib/python3.7/site-packages/airflow/example_dags/example_complex.py
[2023-05-21T00:06:52.240+0000] {logging_mixin.py:149} INFO - [2023-05-21T00:06:52.240+0000] {taskmixin.py:211} WARNING - Dependency <Task(BashOperator): create_entry_group>, delete_entry_group already registered for DAG: example_complex
[2023-05-21T00:06:52.241+0000] {logging_mixin.py:149} INFO - [2023-05-21T00:06:52.241+0000] {taskmixin.py:211} WARNING - Dependency <Task(BashOperator): delete_entry_group>, create_entry_group already registered for DAG: example_complex
[2023-05-21T00:06:52.242+0000] {logging_mixin.py:149} INFO - [2023-05-21T00:06:52.242+0000] {taskmixin.py:211} WARNING - Dependency <Task(BashOperator): create_entry_gcs>, delete_entry already registered for DAG: example_complex
[2023-05-21T00:06:52.243+0000] {logging_mixin.py:149} INFO - [2023-05-21T00:06:52.242+0000] {taskmixin.py:211} WARNING - Dependency <Task(BashOperator): delete_entry>, create_entry_gcs already registered for DAG: example_complex
[2023-05-21T00:06:52.244+0000] {logging_mixin.py:149} INFO - [2023-05-21T00:06:52.243+0000] {taskmixin.py:211} WARNING - Dependency <Task(BashOperator): create_tag>, delete_tag already registered for DAG: example_complex
[2023-05-21T00:06:52.244+0000] {logging_mixin.py:149} INFO - [2023-05-21T00:06:52.244+0000] {taskmixin.py:211} WARNING - Dependency <Task(BashOperator): delete_tag>, create_tag already registered for DAG: example_complex
[2023-05-21T00:06:52.246+0000] {processor.py:836} INFO - DAG(s) dict_keys(['example_complex']) retrieved from /home/airflow/.local/lib/python3.7/site-packages/airflow/example_dags/example_complex.py
[2023-05-21T00:06:52.284+0000] {logging_mixin.py:149} INFO - [2023-05-21T00:06:52.284+0000] {dag.py:2726} INFO - Sync 1 DAGs
[2023-05-21T00:06:52.313+0000] {logging_mixin.py:149} INFO - [2023-05-21T00:06:52.313+0000] {dag.py:3490} INFO - Setting next_dagrun for example_complex to None, run_after=None
[2023-05-21T00:06:52.340+0000] {processor.py:179} INFO - Processing /home/airflow/.local/lib/python3.7/site-packages/airflow/example_dags/example_complex.py took 0.115 seconds
[2023-05-21T00:07:22.620+0000] {processor.py:157} INFO - Started process (PID=21866) to work on /home/airflow/.local/lib/python3.7/site-packages/airflow/example_dags/example_complex.py
[2023-05-21T00:07:22.621+0000] {processor.py:826} INFO - Processing file /home/airflow/.local/lib/python3.7/site-packages/airflow/example_dags/example_complex.py for tasks to queue
[2023-05-21T00:07:22.622+0000] {logging_mixin.py:149} INFO - [2023-05-21T00:07:22.622+0000] {dagbag.py:541} INFO - Filling up the DagBag from /home/airflow/.local/lib/python3.7/site-packages/airflow/example_dags/example_complex.py
[2023-05-21T00:07:22.632+0000] {logging_mixin.py:149} INFO - [2023-05-21T00:07:22.632+0000] {taskmixin.py:211} WARNING - Dependency <Task(BashOperator): create_entry_group>, delete_entry_group already registered for DAG: example_complex
[2023-05-21T00:07:22.633+0000] {logging_mixin.py:149} INFO - [2023-05-21T00:07:22.633+0000] {taskmixin.py:211} WARNING - Dependency <Task(BashOperator): delete_entry_group>, create_entry_group already registered for DAG: example_complex
[2023-05-21T00:07:22.633+0000] {logging_mixin.py:149} INFO - [2023-05-21T00:07:22.633+0000] {taskmixin.py:211} WARNING - Dependency <Task(BashOperator): create_entry_gcs>, delete_entry already registered for DAG: example_complex
[2023-05-21T00:07:22.634+0000] {logging_mixin.py:149} INFO - [2023-05-21T00:07:22.634+0000] {taskmixin.py:211} WARNING - Dependency <Task(BashOperator): delete_entry>, create_entry_gcs already registered for DAG: example_complex
[2023-05-21T00:07:22.634+0000] {logging_mixin.py:149} INFO - [2023-05-21T00:07:22.634+0000] {taskmixin.py:211} WARNING - Dependency <Task(BashOperator): create_tag>, delete_tag already registered for DAG: example_complex
[2023-05-21T00:07:22.635+0000] {logging_mixin.py:149} INFO - [2023-05-21T00:07:22.635+0000] {taskmixin.py:211} WARNING - Dependency <Task(BashOperator): delete_tag>, create_tag already registered for DAG: example_complex
[2023-05-21T00:07:22.636+0000] {processor.py:836} INFO - DAG(s) dict_keys(['example_complex']) retrieved from /home/airflow/.local/lib/python3.7/site-packages/airflow/example_dags/example_complex.py
[2023-05-21T00:07:22.672+0000] {logging_mixin.py:149} INFO - [2023-05-21T00:07:22.672+0000] {dag.py:2726} INFO - Sync 1 DAGs
[2023-05-21T00:07:22.698+0000] {logging_mixin.py:149} INFO - [2023-05-21T00:07:22.697+0000] {dag.py:3490} INFO - Setting next_dagrun for example_complex to None, run_after=None
[2023-05-21T00:07:22.719+0000] {processor.py:179} INFO - Processing /home/airflow/.local/lib/python3.7/site-packages/airflow/example_dags/example_complex.py took 0.102 seconds
[2023-05-21T00:07:53.126+0000] {processor.py:157} INFO - Started process (PID=21934) to work on /home/airflow/.local/lib/python3.7/site-packages/airflow/example_dags/example_complex.py
[2023-05-21T00:07:53.127+0000] {processor.py:826} INFO - Processing file /home/airflow/.local/lib/python3.7/site-packages/airflow/example_dags/example_complex.py for tasks to queue
[2023-05-21T00:07:53.127+0000] {logging_mixin.py:149} INFO - [2023-05-21T00:07:53.127+0000] {dagbag.py:541} INFO - Filling up the DagBag from /home/airflow/.local/lib/python3.7/site-packages/airflow/example_dags/example_complex.py
[2023-05-21T00:07:53.136+0000] {logging_mixin.py:149} INFO - [2023-05-21T00:07:53.136+0000] {taskmixin.py:211} WARNING - Dependency <Task(BashOperator): create_entry_group>, delete_entry_group already registered for DAG: example_complex
[2023-05-21T00:07:53.137+0000] {logging_mixin.py:149} INFO - [2023-05-21T00:07:53.137+0000] {taskmixin.py:211} WARNING - Dependency <Task(BashOperator): delete_entry_group>, create_entry_group already registered for DAG: example_complex
[2023-05-21T00:07:53.137+0000] {logging_mixin.py:149} INFO - [2023-05-21T00:07:53.137+0000] {taskmixin.py:211} WARNING - Dependency <Task(BashOperator): create_entry_gcs>, delete_entry already registered for DAG: example_complex
[2023-05-21T00:07:53.138+0000] {logging_mixin.py:149} INFO - [2023-05-21T00:07:53.138+0000] {taskmixin.py:211} WARNING - Dependency <Task(BashOperator): delete_entry>, create_entry_gcs already registered for DAG: example_complex
[2023-05-21T00:07:53.138+0000] {logging_mixin.py:149} INFO - [2023-05-21T00:07:53.138+0000] {taskmixin.py:211} WARNING - Dependency <Task(BashOperator): create_tag>, delete_tag already registered for DAG: example_complex
[2023-05-21T00:07:53.139+0000] {logging_mixin.py:149} INFO - [2023-05-21T00:07:53.139+0000] {taskmixin.py:211} WARNING - Dependency <Task(BashOperator): delete_tag>, create_tag already registered for DAG: example_complex
[2023-05-21T00:07:53.140+0000] {processor.py:836} INFO - DAG(s) dict_keys(['example_complex']) retrieved from /home/airflow/.local/lib/python3.7/site-packages/airflow/example_dags/example_complex.py
[2023-05-21T00:07:53.175+0000] {logging_mixin.py:149} INFO - [2023-05-21T00:07:53.175+0000] {dag.py:2726} INFO - Sync 1 DAGs
[2023-05-21T00:07:53.201+0000] {logging_mixin.py:149} INFO - [2023-05-21T00:07:53.200+0000] {dag.py:3490} INFO - Setting next_dagrun for example_complex to None, run_after=None
[2023-05-21T00:07:53.316+0000] {processor.py:179} INFO - Processing /home/airflow/.local/lib/python3.7/site-packages/airflow/example_dags/example_complex.py took 0.192 seconds
[2023-05-21T23:12:42.334+0000] {processor.py:157} INFO - Started process (PID=43) to work on /home/airflow/.local/lib/python3.7/site-packages/airflow/example_dags/example_complex.py
[2023-05-21T23:12:42.336+0000] {processor.py:826} INFO - Processing file /home/airflow/.local/lib/python3.7/site-packages/airflow/example_dags/example_complex.py for tasks to queue
[2023-05-21T23:12:42.336+0000] {logging_mixin.py:149} INFO - [2023-05-21T23:12:42.336+0000] {dagbag.py:541} INFO - Filling up the DagBag from /home/airflow/.local/lib/python3.7/site-packages/airflow/example_dags/example_complex.py
[2023-05-21T23:12:42.350+0000] {logging_mixin.py:149} INFO - [2023-05-21T23:12:42.350+0000] {taskmixin.py:211} WARNING - Dependency <Task(BashOperator): create_entry_group>, delete_entry_group already registered for DAG: example_complex
[2023-05-21T23:12:42.351+0000] {logging_mixin.py:149} INFO - [2023-05-21T23:12:42.350+0000] {taskmixin.py:211} WARNING - Dependency <Task(BashOperator): delete_entry_group>, create_entry_group already registered for DAG: example_complex
[2023-05-21T23:12:42.351+0000] {logging_mixin.py:149} INFO - [2023-05-21T23:12:42.351+0000] {taskmixin.py:211} WARNING - Dependency <Task(BashOperator): create_entry_gcs>, delete_entry already registered for DAG: example_complex
[2023-05-21T23:12:42.352+0000] {logging_mixin.py:149} INFO - [2023-05-21T23:12:42.352+0000] {taskmixin.py:211} WARNING - Dependency <Task(BashOperator): delete_entry>, create_entry_gcs already registered for DAG: example_complex
[2023-05-21T23:12:42.352+0000] {logging_mixin.py:149} INFO - [2023-05-21T23:12:42.352+0000] {taskmixin.py:211} WARNING - Dependency <Task(BashOperator): create_tag>, delete_tag already registered for DAG: example_complex
[2023-05-21T23:12:42.353+0000] {logging_mixin.py:149} INFO - [2023-05-21T23:12:42.353+0000] {taskmixin.py:211} WARNING - Dependency <Task(BashOperator): delete_tag>, create_tag already registered for DAG: example_complex
[2023-05-21T23:12:42.356+0000] {processor.py:836} INFO - DAG(s) dict_keys(['example_complex']) retrieved from /home/airflow/.local/lib/python3.7/site-packages/airflow/example_dags/example_complex.py
[2023-05-21T23:12:42.371+0000] {logging_mixin.py:149} INFO - [2023-05-21T23:12:42.370+0000] {dag.py:2726} INFO - Sync 1 DAGs
[2023-05-21T23:12:42.400+0000] {logging_mixin.py:149} INFO - [2023-05-21T23:12:42.399+0000] {dag.py:3490} INFO - Setting next_dagrun for example_complex to None, run_after=None
[2023-05-21T23:12:42.424+0000] {processor.py:179} INFO - Processing /home/airflow/.local/lib/python3.7/site-packages/airflow/example_dags/example_complex.py took 0.092 seconds
