[2023-05-21T00:00:19.369+0000] {processor.py:157} INFO - Started process (PID=20937) to work on /home/airflow/.local/lib/python3.7/site-packages/airflow/example_dags/example_xcomargs.py
[2023-05-21T00:00:19.371+0000] {processor.py:826} INFO - Processing file /home/airflow/.local/lib/python3.7/site-packages/airflow/example_dags/example_xcomargs.py for tasks to queue
[2023-05-21T00:00:19.372+0000] {logging_mixin.py:149} INFO - [2023-05-21T00:00:19.372+0000] {dagbag.py:541} INFO - Filling up the DagBag from /home/airflow/.local/lib/python3.7/site-packages/airflow/example_dags/example_xcomargs.py
[2023-05-21T00:00:19.382+0000] {processor.py:836} INFO - DAG(s) dict_keys(['example_xcom_args', 'example_xcom_args_with_operators']) retrieved from /home/airflow/.local/lib/python3.7/site-packages/airflow/example_dags/example_xcomargs.py
[2023-05-21T00:00:19.419+0000] {logging_mixin.py:149} INFO - [2023-05-21T00:00:19.419+0000] {dag.py:2726} INFO - Sync 2 DAGs
[2023-05-21T00:00:19.450+0000] {logging_mixin.py:149} INFO - [2023-05-21T00:00:19.450+0000] {dag.py:3490} INFO - Setting next_dagrun for example_xcom_args to None, run_after=None
[2023-05-21T00:00:19.456+0000] {logging_mixin.py:149} INFO - [2023-05-21T00:00:19.455+0000] {dag.py:3490} INFO - Setting next_dagrun for example_xcom_args_with_operators to None, run_after=None
[2023-05-21T00:00:19.480+0000] {processor.py:179} INFO - Processing /home/airflow/.local/lib/python3.7/site-packages/airflow/example_dags/example_xcomargs.py took 0.115 seconds
[2023-05-21T00:00:49.924+0000] {processor.py:157} INFO - Started process (PID=21005) to work on /home/airflow/.local/lib/python3.7/site-packages/airflow/example_dags/example_xcomargs.py
[2023-05-21T00:00:49.925+0000] {processor.py:826} INFO - Processing file /home/airflow/.local/lib/python3.7/site-packages/airflow/example_dags/example_xcomargs.py for tasks to queue
[2023-05-21T00:00:49.926+0000] {logging_mixin.py:149} INFO - [2023-05-21T00:00:49.926+0000] {dagbag.py:541} INFO - Filling up the DagBag from /home/airflow/.local/lib/python3.7/site-packages/airflow/example_dags/example_xcomargs.py
[2023-05-21T00:00:49.936+0000] {processor.py:836} INFO - DAG(s) dict_keys(['example_xcom_args_with_operators', 'example_xcom_args']) retrieved from /home/airflow/.local/lib/python3.7/site-packages/airflow/example_dags/example_xcomargs.py
[2023-05-21T00:00:49.970+0000] {logging_mixin.py:149} INFO - [2023-05-21T00:00:49.970+0000] {dag.py:2726} INFO - Sync 2 DAGs
[2023-05-21T00:00:50.007+0000] {logging_mixin.py:149} INFO - [2023-05-21T00:00:50.007+0000] {dag.py:3490} INFO - Setting next_dagrun for example_xcom_args to None, run_after=None
[2023-05-21T00:00:50.013+0000] {logging_mixin.py:149} INFO - [2023-05-21T00:00:50.013+0000] {dag.py:3490} INFO - Setting next_dagrun for example_xcom_args_with_operators to None, run_after=None
[2023-05-21T00:00:50.291+0000] {processor.py:179} INFO - Processing /home/airflow/.local/lib/python3.7/site-packages/airflow/example_dags/example_xcomargs.py took 0.369 seconds
[2023-05-21T00:01:20.705+0000] {processor.py:157} INFO - Started process (PID=21073) to work on /home/airflow/.local/lib/python3.7/site-packages/airflow/example_dags/example_xcomargs.py
[2023-05-21T00:01:20.706+0000] {processor.py:826} INFO - Processing file /home/airflow/.local/lib/python3.7/site-packages/airflow/example_dags/example_xcomargs.py for tasks to queue
[2023-05-21T00:01:20.707+0000] {logging_mixin.py:149} INFO - [2023-05-21T00:01:20.707+0000] {dagbag.py:541} INFO - Filling up the DagBag from /home/airflow/.local/lib/python3.7/site-packages/airflow/example_dags/example_xcomargs.py
[2023-05-21T00:01:20.714+0000] {processor.py:836} INFO - DAG(s) dict_keys(['example_xcom_args_with_operators', 'example_xcom_args']) retrieved from /home/airflow/.local/lib/python3.7/site-packages/airflow/example_dags/example_xcomargs.py
[2023-05-21T00:01:20.746+0000] {logging_mixin.py:149} INFO - [2023-05-21T00:01:20.746+0000] {dag.py:2726} INFO - Sync 2 DAGs
[2023-05-21T00:01:20.774+0000] {logging_mixin.py:149} INFO - [2023-05-21T00:01:20.774+0000] {dag.py:3490} INFO - Setting next_dagrun for example_xcom_args to None, run_after=None
[2023-05-21T00:01:20.778+0000] {logging_mixin.py:149} INFO - [2023-05-21T00:01:20.778+0000] {dag.py:3490} INFO - Setting next_dagrun for example_xcom_args_with_operators to None, run_after=None
[2023-05-21T00:01:20.808+0000] {processor.py:179} INFO - Processing /home/airflow/.local/lib/python3.7/site-packages/airflow/example_dags/example_xcomargs.py took 0.105 seconds
[2023-05-21T00:01:51.217+0000] {processor.py:157} INFO - Started process (PID=21141) to work on /home/airflow/.local/lib/python3.7/site-packages/airflow/example_dags/example_xcomargs.py
[2023-05-21T00:01:51.219+0000] {processor.py:826} INFO - Processing file /home/airflow/.local/lib/python3.7/site-packages/airflow/example_dags/example_xcomargs.py for tasks to queue
[2023-05-21T00:01:51.220+0000] {logging_mixin.py:149} INFO - [2023-05-21T00:01:51.220+0000] {dagbag.py:541} INFO - Filling up the DagBag from /home/airflow/.local/lib/python3.7/site-packages/airflow/example_dags/example_xcomargs.py
[2023-05-21T00:01:51.228+0000] {processor.py:836} INFO - DAG(s) dict_keys(['example_xcom_args_with_operators', 'example_xcom_args']) retrieved from /home/airflow/.local/lib/python3.7/site-packages/airflow/example_dags/example_xcomargs.py
[2023-05-21T00:01:51.267+0000] {logging_mixin.py:149} INFO - [2023-05-21T00:01:51.267+0000] {dag.py:2726} INFO - Sync 2 DAGs
[2023-05-21T00:01:51.299+0000] {logging_mixin.py:149} INFO - [2023-05-21T00:01:51.299+0000] {dag.py:3490} INFO - Setting next_dagrun for example_xcom_args to None, run_after=None
[2023-05-21T00:01:51.305+0000] {logging_mixin.py:149} INFO - [2023-05-21T00:01:51.305+0000] {dag.py:3490} INFO - Setting next_dagrun for example_xcom_args_with_operators to None, run_after=None
[2023-05-21T00:01:51.330+0000] {processor.py:179} INFO - Processing /home/airflow/.local/lib/python3.7/site-packages/airflow/example_dags/example_xcomargs.py took 0.116 seconds
[2023-05-21T00:02:21.441+0000] {processor.py:157} INFO - Started process (PID=21209) to work on /home/airflow/.local/lib/python3.7/site-packages/airflow/example_dags/example_xcomargs.py
[2023-05-21T00:02:21.442+0000] {processor.py:826} INFO - Processing file /home/airflow/.local/lib/python3.7/site-packages/airflow/example_dags/example_xcomargs.py for tasks to queue
[2023-05-21T00:02:21.443+0000] {logging_mixin.py:149} INFO - [2023-05-21T00:02:21.443+0000] {dagbag.py:541} INFO - Filling up the DagBag from /home/airflow/.local/lib/python3.7/site-packages/airflow/example_dags/example_xcomargs.py
[2023-05-21T00:02:21.452+0000] {processor.py:836} INFO - DAG(s) dict_keys(['example_xcom_args', 'example_xcom_args_with_operators']) retrieved from /home/airflow/.local/lib/python3.7/site-packages/airflow/example_dags/example_xcomargs.py
[2023-05-21T00:02:21.487+0000] {logging_mixin.py:149} INFO - [2023-05-21T00:02:21.486+0000] {dag.py:2726} INFO - Sync 2 DAGs
[2023-05-21T00:02:21.518+0000] {logging_mixin.py:149} INFO - [2023-05-21T00:02:21.518+0000] {dag.py:3490} INFO - Setting next_dagrun for example_xcom_args to None, run_after=None
[2023-05-21T00:02:21.524+0000] {logging_mixin.py:149} INFO - [2023-05-21T00:02:21.523+0000] {dag.py:3490} INFO - Setting next_dagrun for example_xcom_args_with_operators to None, run_after=None
[2023-05-21T00:02:21.550+0000] {processor.py:179} INFO - Processing /home/airflow/.local/lib/python3.7/site-packages/airflow/example_dags/example_xcomargs.py took 0.112 seconds
[2023-05-21T00:02:52.188+0000] {processor.py:157} INFO - Started process (PID=21277) to work on /home/airflow/.local/lib/python3.7/site-packages/airflow/example_dags/example_xcomargs.py
[2023-05-21T00:02:52.189+0000] {processor.py:826} INFO - Processing file /home/airflow/.local/lib/python3.7/site-packages/airflow/example_dags/example_xcomargs.py for tasks to queue
[2023-05-21T00:02:52.190+0000] {logging_mixin.py:149} INFO - [2023-05-21T00:02:52.190+0000] {dagbag.py:541} INFO - Filling up the DagBag from /home/airflow/.local/lib/python3.7/site-packages/airflow/example_dags/example_xcomargs.py
[2023-05-21T00:02:52.199+0000] {processor.py:836} INFO - DAG(s) dict_keys(['example_xcom_args', 'example_xcom_args_with_operators']) retrieved from /home/airflow/.local/lib/python3.7/site-packages/airflow/example_dags/example_xcomargs.py
[2023-05-21T00:02:52.232+0000] {logging_mixin.py:149} INFO - [2023-05-21T00:02:52.232+0000] {dag.py:2726} INFO - Sync 2 DAGs
[2023-05-21T00:02:52.261+0000] {logging_mixin.py:149} INFO - [2023-05-21T00:02:52.261+0000] {dag.py:3490} INFO - Setting next_dagrun for example_xcom_args to None, run_after=None
[2023-05-21T00:02:52.266+0000] {logging_mixin.py:149} INFO - [2023-05-21T00:02:52.265+0000] {dag.py:3490} INFO - Setting next_dagrun for example_xcom_args_with_operators to None, run_after=None
[2023-05-21T00:02:52.287+0000] {processor.py:179} INFO - Processing /home/airflow/.local/lib/python3.7/site-packages/airflow/example_dags/example_xcomargs.py took 0.101 seconds
[2023-05-21T00:03:22.721+0000] {processor.py:157} INFO - Started process (PID=21346) to work on /home/airflow/.local/lib/python3.7/site-packages/airflow/example_dags/example_xcomargs.py
[2023-05-21T00:03:22.722+0000] {processor.py:826} INFO - Processing file /home/airflow/.local/lib/python3.7/site-packages/airflow/example_dags/example_xcomargs.py for tasks to queue
[2023-05-21T00:03:22.723+0000] {logging_mixin.py:149} INFO - [2023-05-21T00:03:22.723+0000] {dagbag.py:541} INFO - Filling up the DagBag from /home/airflow/.local/lib/python3.7/site-packages/airflow/example_dags/example_xcomargs.py
[2023-05-21T00:03:22.732+0000] {processor.py:836} INFO - DAG(s) dict_keys(['example_xcom_args', 'example_xcom_args_with_operators']) retrieved from /home/airflow/.local/lib/python3.7/site-packages/airflow/example_dags/example_xcomargs.py
[2023-05-21T00:03:22.767+0000] {logging_mixin.py:149} INFO - [2023-05-21T00:03:22.767+0000] {dag.py:2726} INFO - Sync 2 DAGs
[2023-05-21T00:03:22.808+0000] {logging_mixin.py:149} INFO - [2023-05-21T00:03:22.808+0000] {dag.py:3490} INFO - Setting next_dagrun for example_xcom_args to None, run_after=None
[2023-05-21T00:03:22.814+0000] {logging_mixin.py:149} INFO - [2023-05-21T00:03:22.814+0000] {dag.py:3490} INFO - Setting next_dagrun for example_xcom_args_with_operators to None, run_after=None
[2023-05-21T00:03:22.843+0000] {processor.py:179} INFO - Processing /home/airflow/.local/lib/python3.7/site-packages/airflow/example_dags/example_xcomargs.py took 0.125 seconds
[2023-05-21T00:03:53.328+0000] {processor.py:157} INFO - Started process (PID=21424) to work on /home/airflow/.local/lib/python3.7/site-packages/airflow/example_dags/example_xcomargs.py
[2023-05-21T00:03:53.329+0000] {processor.py:826} INFO - Processing file /home/airflow/.local/lib/python3.7/site-packages/airflow/example_dags/example_xcomargs.py for tasks to queue
[2023-05-21T00:03:53.330+0000] {logging_mixin.py:149} INFO - [2023-05-21T00:03:53.330+0000] {dagbag.py:541} INFO - Filling up the DagBag from /home/airflow/.local/lib/python3.7/site-packages/airflow/example_dags/example_xcomargs.py
[2023-05-21T00:03:53.337+0000] {processor.py:836} INFO - DAG(s) dict_keys(['example_xcom_args', 'example_xcom_args_with_operators']) retrieved from /home/airflow/.local/lib/python3.7/site-packages/airflow/example_dags/example_xcomargs.py
[2023-05-21T00:03:53.371+0000] {logging_mixin.py:149} INFO - [2023-05-21T00:03:53.370+0000] {dag.py:2726} INFO - Sync 2 DAGs
[2023-05-21T00:03:53.403+0000] {logging_mixin.py:149} INFO - [2023-05-21T00:03:53.403+0000] {dag.py:3490} INFO - Setting next_dagrun for example_xcom_args to None, run_after=None
[2023-05-21T00:03:53.408+0000] {logging_mixin.py:149} INFO - [2023-05-21T00:03:53.408+0000] {dag.py:3490} INFO - Setting next_dagrun for example_xcom_args_with_operators to None, run_after=None
[2023-05-21T00:03:53.432+0000] {processor.py:179} INFO - Processing /home/airflow/.local/lib/python3.7/site-packages/airflow/example_dags/example_xcomargs.py took 0.107 seconds
[2023-05-21T00:04:23.875+0000] {processor.py:157} INFO - Started process (PID=21492) to work on /home/airflow/.local/lib/python3.7/site-packages/airflow/example_dags/example_xcomargs.py
[2023-05-21T00:04:23.876+0000] {processor.py:826} INFO - Processing file /home/airflow/.local/lib/python3.7/site-packages/airflow/example_dags/example_xcomargs.py for tasks to queue
[2023-05-21T00:04:23.877+0000] {logging_mixin.py:149} INFO - [2023-05-21T00:04:23.876+0000] {dagbag.py:541} INFO - Filling up the DagBag from /home/airflow/.local/lib/python3.7/site-packages/airflow/example_dags/example_xcomargs.py
[2023-05-21T00:04:23.884+0000] {processor.py:836} INFO - DAG(s) dict_keys(['example_xcom_args', 'example_xcom_args_with_operators']) retrieved from /home/airflow/.local/lib/python3.7/site-packages/airflow/example_dags/example_xcomargs.py
[2023-05-21T00:04:23.918+0000] {logging_mixin.py:149} INFO - [2023-05-21T00:04:23.918+0000] {dag.py:2726} INFO - Sync 2 DAGs
[2023-05-21T00:04:23.950+0000] {logging_mixin.py:149} INFO - [2023-05-21T00:04:23.950+0000] {dag.py:3490} INFO - Setting next_dagrun for example_xcom_args to None, run_after=None
[2023-05-21T00:04:23.955+0000] {logging_mixin.py:149} INFO - [2023-05-21T00:04:23.955+0000] {dag.py:3490} INFO - Setting next_dagrun for example_xcom_args_with_operators to None, run_after=None
[2023-05-21T00:04:23.980+0000] {processor.py:179} INFO - Processing /home/airflow/.local/lib/python3.7/site-packages/airflow/example_dags/example_xcomargs.py took 0.108 seconds
[2023-05-21T00:04:54.239+0000] {processor.py:157} INFO - Started process (PID=21561) to work on /home/airflow/.local/lib/python3.7/site-packages/airflow/example_dags/example_xcomargs.py
[2023-05-21T00:04:54.240+0000] {processor.py:826} INFO - Processing file /home/airflow/.local/lib/python3.7/site-packages/airflow/example_dags/example_xcomargs.py for tasks to queue
[2023-05-21T00:04:54.241+0000] {logging_mixin.py:149} INFO - [2023-05-21T00:04:54.241+0000] {dagbag.py:541} INFO - Filling up the DagBag from /home/airflow/.local/lib/python3.7/site-packages/airflow/example_dags/example_xcomargs.py
[2023-05-21T00:04:54.248+0000] {processor.py:836} INFO - DAG(s) dict_keys(['example_xcom_args_with_operators', 'example_xcom_args']) retrieved from /home/airflow/.local/lib/python3.7/site-packages/airflow/example_dags/example_xcomargs.py
[2023-05-21T00:04:54.282+0000] {logging_mixin.py:149} INFO - [2023-05-21T00:04:54.282+0000] {dag.py:2726} INFO - Sync 2 DAGs
[2023-05-21T00:04:54.312+0000] {logging_mixin.py:149} INFO - [2023-05-21T00:04:54.311+0000] {dag.py:3490} INFO - Setting next_dagrun for example_xcom_args to None, run_after=None
[2023-05-21T00:04:54.316+0000] {logging_mixin.py:149} INFO - [2023-05-21T00:04:54.316+0000] {dag.py:3490} INFO - Setting next_dagrun for example_xcom_args_with_operators to None, run_after=None
[2023-05-21T00:04:54.338+0000] {processor.py:179} INFO - Processing /home/airflow/.local/lib/python3.7/site-packages/airflow/example_dags/example_xcomargs.py took 0.102 seconds
[2023-05-21T00:05:24.695+0000] {processor.py:157} INFO - Started process (PID=21628) to work on /home/airflow/.local/lib/python3.7/site-packages/airflow/example_dags/example_xcomargs.py
[2023-05-21T00:05:24.696+0000] {processor.py:826} INFO - Processing file /home/airflow/.local/lib/python3.7/site-packages/airflow/example_dags/example_xcomargs.py for tasks to queue
[2023-05-21T00:05:24.696+0000] {logging_mixin.py:149} INFO - [2023-05-21T00:05:24.696+0000] {dagbag.py:541} INFO - Filling up the DagBag from /home/airflow/.local/lib/python3.7/site-packages/airflow/example_dags/example_xcomargs.py
[2023-05-21T00:05:24.704+0000] {processor.py:836} INFO - DAG(s) dict_keys(['example_xcom_args', 'example_xcom_args_with_operators']) retrieved from /home/airflow/.local/lib/python3.7/site-packages/airflow/example_dags/example_xcomargs.py
[2023-05-21T00:05:24.734+0000] {logging_mixin.py:149} INFO - [2023-05-21T00:05:24.733+0000] {dag.py:2726} INFO - Sync 2 DAGs
[2023-05-21T00:05:24.764+0000] {logging_mixin.py:149} INFO - [2023-05-21T00:05:24.764+0000] {dag.py:3490} INFO - Setting next_dagrun for example_xcom_args to None, run_after=None
[2023-05-21T00:05:24.768+0000] {logging_mixin.py:149} INFO - [2023-05-21T00:05:24.768+0000] {dag.py:3490} INFO - Setting next_dagrun for example_xcom_args_with_operators to None, run_after=None
[2023-05-21T00:05:24.792+0000] {processor.py:179} INFO - Processing /home/airflow/.local/lib/python3.7/site-packages/airflow/example_dags/example_xcomargs.py took 0.100 seconds
[2023-05-21T00:05:55.145+0000] {processor.py:157} INFO - Started process (PID=21697) to work on /home/airflow/.local/lib/python3.7/site-packages/airflow/example_dags/example_xcomargs.py
[2023-05-21T00:05:55.146+0000] {processor.py:826} INFO - Processing file /home/airflow/.local/lib/python3.7/site-packages/airflow/example_dags/example_xcomargs.py for tasks to queue
[2023-05-21T00:05:55.147+0000] {logging_mixin.py:149} INFO - [2023-05-21T00:05:55.147+0000] {dagbag.py:541} INFO - Filling up the DagBag from /home/airflow/.local/lib/python3.7/site-packages/airflow/example_dags/example_xcomargs.py
[2023-05-21T00:05:55.154+0000] {processor.py:836} INFO - DAG(s) dict_keys(['example_xcom_args', 'example_xcom_args_with_operators']) retrieved from /home/airflow/.local/lib/python3.7/site-packages/airflow/example_dags/example_xcomargs.py
[2023-05-21T00:05:55.185+0000] {logging_mixin.py:149} INFO - [2023-05-21T00:05:55.185+0000] {dag.py:2726} INFO - Sync 2 DAGs
[2023-05-21T00:05:55.217+0000] {logging_mixin.py:149} INFO - [2023-05-21T00:05:55.216+0000] {dag.py:3490} INFO - Setting next_dagrun for example_xcom_args to None, run_after=None
[2023-05-21T00:05:55.222+0000] {logging_mixin.py:149} INFO - [2023-05-21T00:05:55.221+0000] {dag.py:3490} INFO - Setting next_dagrun for example_xcom_args_with_operators to None, run_after=None
[2023-05-21T00:05:55.245+0000] {processor.py:179} INFO - Processing /home/airflow/.local/lib/python3.7/site-packages/airflow/example_dags/example_xcomargs.py took 0.102 seconds
[2023-05-21T00:06:25.752+0000] {processor.py:157} INFO - Started process (PID=21765) to work on /home/airflow/.local/lib/python3.7/site-packages/airflow/example_dags/example_xcomargs.py
[2023-05-21T00:06:25.753+0000] {processor.py:826} INFO - Processing file /home/airflow/.local/lib/python3.7/site-packages/airflow/example_dags/example_xcomargs.py for tasks to queue
[2023-05-21T00:06:25.753+0000] {logging_mixin.py:149} INFO - [2023-05-21T00:06:25.753+0000] {dagbag.py:541} INFO - Filling up the DagBag from /home/airflow/.local/lib/python3.7/site-packages/airflow/example_dags/example_xcomargs.py
[2023-05-21T00:06:25.761+0000] {processor.py:836} INFO - DAG(s) dict_keys(['example_xcom_args_with_operators', 'example_xcom_args']) retrieved from /home/airflow/.local/lib/python3.7/site-packages/airflow/example_dags/example_xcomargs.py
[2023-05-21T00:06:25.794+0000] {logging_mixin.py:149} INFO - [2023-05-21T00:06:25.793+0000] {dag.py:2726} INFO - Sync 2 DAGs
[2023-05-21T00:06:25.825+0000] {logging_mixin.py:149} INFO - [2023-05-21T00:06:25.824+0000] {dag.py:3490} INFO - Setting next_dagrun for example_xcom_args to None, run_after=None
[2023-05-21T00:06:25.829+0000] {logging_mixin.py:149} INFO - [2023-05-21T00:06:25.829+0000] {dag.py:3490} INFO - Setting next_dagrun for example_xcom_args_with_operators to None, run_after=None
[2023-05-21T00:06:25.859+0000] {processor.py:179} INFO - Processing /home/airflow/.local/lib/python3.7/site-packages/airflow/example_dags/example_xcomargs.py took 0.111 seconds
[2023-05-21T00:06:56.323+0000] {processor.py:157} INFO - Started process (PID=21833) to work on /home/airflow/.local/lib/python3.7/site-packages/airflow/example_dags/example_xcomargs.py
[2023-05-21T00:06:56.324+0000] {processor.py:826} INFO - Processing file /home/airflow/.local/lib/python3.7/site-packages/airflow/example_dags/example_xcomargs.py for tasks to queue
[2023-05-21T00:06:56.326+0000] {logging_mixin.py:149} INFO - [2023-05-21T00:06:56.325+0000] {dagbag.py:541} INFO - Filling up the DagBag from /home/airflow/.local/lib/python3.7/site-packages/airflow/example_dags/example_xcomargs.py
[2023-05-21T00:06:56.333+0000] {processor.py:836} INFO - DAG(s) dict_keys(['example_xcom_args_with_operators', 'example_xcom_args']) retrieved from /home/airflow/.local/lib/python3.7/site-packages/airflow/example_dags/example_xcomargs.py
[2023-05-21T00:06:56.368+0000] {logging_mixin.py:149} INFO - [2023-05-21T00:06:56.368+0000] {dag.py:2726} INFO - Sync 2 DAGs
[2023-05-21T00:06:56.398+0000] {logging_mixin.py:149} INFO - [2023-05-21T00:06:56.398+0000] {dag.py:3490} INFO - Setting next_dagrun for example_xcom_args to None, run_after=None
[2023-05-21T00:06:56.404+0000] {logging_mixin.py:149} INFO - [2023-05-21T00:06:56.403+0000] {dag.py:3490} INFO - Setting next_dagrun for example_xcom_args_with_operators to None, run_after=None
[2023-05-21T00:06:56.436+0000] {processor.py:179} INFO - Processing /home/airflow/.local/lib/python3.7/site-packages/airflow/example_dags/example_xcomargs.py took 0.115 seconds
[2023-05-21T00:07:26.716+0000] {processor.py:157} INFO - Started process (PID=21901) to work on /home/airflow/.local/lib/python3.7/site-packages/airflow/example_dags/example_xcomargs.py
[2023-05-21T00:07:26.717+0000] {processor.py:826} INFO - Processing file /home/airflow/.local/lib/python3.7/site-packages/airflow/example_dags/example_xcomargs.py for tasks to queue
[2023-05-21T00:07:26.718+0000] {logging_mixin.py:149} INFO - [2023-05-21T00:07:26.717+0000] {dagbag.py:541} INFO - Filling up the DagBag from /home/airflow/.local/lib/python3.7/site-packages/airflow/example_dags/example_xcomargs.py
[2023-05-21T00:07:26.727+0000] {processor.py:836} INFO - DAG(s) dict_keys(['example_xcom_args', 'example_xcom_args_with_operators']) retrieved from /home/airflow/.local/lib/python3.7/site-packages/airflow/example_dags/example_xcomargs.py
[2023-05-21T00:07:26.764+0000] {logging_mixin.py:149} INFO - [2023-05-21T00:07:26.764+0000] {dag.py:2726} INFO - Sync 2 DAGs
[2023-05-21T00:07:26.796+0000] {logging_mixin.py:149} INFO - [2023-05-21T00:07:26.795+0000] {dag.py:3490} INFO - Setting next_dagrun for example_xcom_args to None, run_after=None
[2023-05-21T00:07:26.802+0000] {logging_mixin.py:149} INFO - [2023-05-21T00:07:26.801+0000] {dag.py:3490} INFO - Setting next_dagrun for example_xcom_args_with_operators to None, run_after=None
[2023-05-21T00:07:26.832+0000] {processor.py:179} INFO - Processing /home/airflow/.local/lib/python3.7/site-packages/airflow/example_dags/example_xcomargs.py took 0.119 seconds
[2023-05-21T00:07:57.448+0000] {processor.py:157} INFO - Started process (PID=21970) to work on /home/airflow/.local/lib/python3.7/site-packages/airflow/example_dags/example_xcomargs.py
[2023-05-21T00:07:57.449+0000] {processor.py:826} INFO - Processing file /home/airflow/.local/lib/python3.7/site-packages/airflow/example_dags/example_xcomargs.py for tasks to queue
[2023-05-21T00:07:57.450+0000] {logging_mixin.py:149} INFO - [2023-05-21T00:07:57.449+0000] {dagbag.py:541} INFO - Filling up the DagBag from /home/airflow/.local/lib/python3.7/site-packages/airflow/example_dags/example_xcomargs.py
[2023-05-21T00:07:57.455+0000] {processor.py:836} INFO - DAG(s) dict_keys(['example_xcom_args', 'example_xcom_args_with_operators']) retrieved from /home/airflow/.local/lib/python3.7/site-packages/airflow/example_dags/example_xcomargs.py
[2023-05-21T00:07:57.479+0000] {logging_mixin.py:149} INFO - [2023-05-21T00:07:57.479+0000] {dag.py:2726} INFO - Sync 2 DAGs
[2023-05-21T00:07:57.506+0000] {logging_mixin.py:149} INFO - [2023-05-21T00:07:57.506+0000] {dag.py:3490} INFO - Setting next_dagrun for example_xcom_args to None, run_after=None
[2023-05-21T00:07:57.512+0000] {logging_mixin.py:149} INFO - [2023-05-21T00:07:57.511+0000] {dag.py:3490} INFO - Setting next_dagrun for example_xcom_args_with_operators to None, run_after=None
[2023-05-21T00:07:57.530+0000] {processor.py:179} INFO - Processing /home/airflow/.local/lib/python3.7/site-packages/airflow/example_dags/example_xcomargs.py took 0.084 seconds
[2023-05-21T23:12:44.338+0000] {processor.py:157} INFO - Started process (PID=72) to work on /home/airflow/.local/lib/python3.7/site-packages/airflow/example_dags/example_xcomargs.py
[2023-05-21T23:12:44.340+0000] {processor.py:826} INFO - Processing file /home/airflow/.local/lib/python3.7/site-packages/airflow/example_dags/example_xcomargs.py for tasks to queue
[2023-05-21T23:12:44.341+0000] {logging_mixin.py:149} INFO - [2023-05-21T23:12:44.341+0000] {dagbag.py:541} INFO - Filling up the DagBag from /home/airflow/.local/lib/python3.7/site-packages/airflow/example_dags/example_xcomargs.py
[2023-05-21T23:12:44.349+0000] {processor.py:836} INFO - DAG(s) dict_keys(['example_xcom_args', 'example_xcom_args_with_operators']) retrieved from /home/airflow/.local/lib/python3.7/site-packages/airflow/example_dags/example_xcomargs.py
[2023-05-21T23:12:44.365+0000] {logging_mixin.py:149} INFO - [2023-05-21T23:12:44.365+0000] {dag.py:2726} INFO - Sync 2 DAGs
[2023-05-21T23:12:44.394+0000] {logging_mixin.py:149} INFO - [2023-05-21T23:12:44.394+0000] {dag.py:3490} INFO - Setting next_dagrun for example_xcom_args to None, run_after=None
[2023-05-21T23:12:44.399+0000] {logging_mixin.py:149} INFO - [2023-05-21T23:12:44.398+0000] {dag.py:3490} INFO - Setting next_dagrun for example_xcom_args_with_operators to None, run_after=None
[2023-05-21T23:12:44.424+0000] {processor.py:179} INFO - Processing /home/airflow/.local/lib/python3.7/site-packages/airflow/example_dags/example_xcomargs.py took 0.089 seconds
