[2023-05-21T00:00:03.428+0000] {processor.py:157} INFO - Started process (PID=20899) to work on /home/airflow/.local/lib/python3.7/site-packages/airflow/example_dags/example_xcom.py
[2023-05-21T00:00:03.428+0000] {processor.py:826} INFO - Processing file /home/airflow/.local/lib/python3.7/site-packages/airflow/example_dags/example_xcom.py for tasks to queue
[2023-05-21T00:00:03.429+0000] {logging_mixin.py:149} INFO - [2023-05-21T00:00:03.429+0000] {dagbag.py:541} INFO - Filling up the DagBag from /home/airflow/.local/lib/python3.7/site-packages/airflow/example_dags/example_xcom.py
[2023-05-21T00:00:03.437+0000] {processor.py:836} INFO - DAG(s) dict_keys(['example_xcom']) retrieved from /home/airflow/.local/lib/python3.7/site-packages/airflow/example_dags/example_xcom.py
[2023-05-21T00:00:03.466+0000] {logging_mixin.py:149} INFO - [2023-05-21T00:00:03.466+0000] {dag.py:2726} INFO - Sync 1 DAGs
[2023-05-21T00:00:03.496+0000] {logging_mixin.py:149} INFO - [2023-05-21T00:00:03.496+0000] {dag.py:3490} INFO - Setting next_dagrun for example_xcom to 2021-01-01T00:00:00+00:00, run_after=2021-01-01T00:00:00+00:00
[2023-05-21T00:00:03.530+0000] {processor.py:179} INFO - Processing /home/airflow/.local/lib/python3.7/site-packages/airflow/example_dags/example_xcom.py took 0.105 seconds
[2023-05-21T00:00:33.942+0000] {processor.py:157} INFO - Started process (PID=20968) to work on /home/airflow/.local/lib/python3.7/site-packages/airflow/example_dags/example_xcom.py
[2023-05-21T00:00:33.943+0000] {processor.py:826} INFO - Processing file /home/airflow/.local/lib/python3.7/site-packages/airflow/example_dags/example_xcom.py for tasks to queue
[2023-05-21T00:00:33.944+0000] {logging_mixin.py:149} INFO - [2023-05-21T00:00:33.943+0000] {dagbag.py:541} INFO - Filling up the DagBag from /home/airflow/.local/lib/python3.7/site-packages/airflow/example_dags/example_xcom.py
[2023-05-21T00:00:33.953+0000] {processor.py:836} INFO - DAG(s) dict_keys(['example_xcom']) retrieved from /home/airflow/.local/lib/python3.7/site-packages/airflow/example_dags/example_xcom.py
[2023-05-21T00:00:33.981+0000] {logging_mixin.py:149} INFO - [2023-05-21T00:00:33.981+0000] {dag.py:2726} INFO - Sync 1 DAGs
[2023-05-21T00:00:34.011+0000] {logging_mixin.py:149} INFO - [2023-05-21T00:00:34.010+0000] {dag.py:3490} INFO - Setting next_dagrun for example_xcom to 2021-01-01T00:00:00+00:00, run_after=2021-01-01T00:00:00+00:00
[2023-05-21T00:00:34.058+0000] {processor.py:179} INFO - Processing /home/airflow/.local/lib/python3.7/site-packages/airflow/example_dags/example_xcom.py took 0.119 seconds
[2023-05-21T00:01:05.014+0000] {processor.py:157} INFO - Started process (PID=21036) to work on /home/airflow/.local/lib/python3.7/site-packages/airflow/example_dags/example_xcom.py
[2023-05-21T00:01:05.014+0000] {processor.py:826} INFO - Processing file /home/airflow/.local/lib/python3.7/site-packages/airflow/example_dags/example_xcom.py for tasks to queue
[2023-05-21T00:01:05.015+0000] {logging_mixin.py:149} INFO - [2023-05-21T00:01:05.015+0000] {dagbag.py:541} INFO - Filling up the DagBag from /home/airflow/.local/lib/python3.7/site-packages/airflow/example_dags/example_xcom.py
[2023-05-21T00:01:05.022+0000] {processor.py:836} INFO - DAG(s) dict_keys(['example_xcom']) retrieved from /home/airflow/.local/lib/python3.7/site-packages/airflow/example_dags/example_xcom.py
[2023-05-21T00:01:05.054+0000] {logging_mixin.py:149} INFO - [2023-05-21T00:01:05.054+0000] {dag.py:2726} INFO - Sync 1 DAGs
[2023-05-21T00:01:05.085+0000] {logging_mixin.py:149} INFO - [2023-05-21T00:01:05.085+0000] {dag.py:3490} INFO - Setting next_dagrun for example_xcom to 2021-01-01T00:00:00+00:00, run_after=2021-01-01T00:00:00+00:00
[2023-05-21T00:01:05.110+0000] {processor.py:179} INFO - Processing /home/airflow/.local/lib/python3.7/site-packages/airflow/example_dags/example_xcom.py took 0.100 seconds
[2023-05-21T00:01:35.495+0000] {processor.py:157} INFO - Started process (PID=21104) to work on /home/airflow/.local/lib/python3.7/site-packages/airflow/example_dags/example_xcom.py
[2023-05-21T00:01:35.496+0000] {processor.py:826} INFO - Processing file /home/airflow/.local/lib/python3.7/site-packages/airflow/example_dags/example_xcom.py for tasks to queue
[2023-05-21T00:01:35.497+0000] {logging_mixin.py:149} INFO - [2023-05-21T00:01:35.497+0000] {dagbag.py:541} INFO - Filling up the DagBag from /home/airflow/.local/lib/python3.7/site-packages/airflow/example_dags/example_xcom.py
[2023-05-21T00:01:35.504+0000] {processor.py:836} INFO - DAG(s) dict_keys(['example_xcom']) retrieved from /home/airflow/.local/lib/python3.7/site-packages/airflow/example_dags/example_xcom.py
[2023-05-21T00:01:35.532+0000] {logging_mixin.py:149} INFO - [2023-05-21T00:01:35.532+0000] {dag.py:2726} INFO - Sync 1 DAGs
[2023-05-21T00:01:35.560+0000] {logging_mixin.py:149} INFO - [2023-05-21T00:01:35.559+0000] {dag.py:3490} INFO - Setting next_dagrun for example_xcom to 2021-01-01T00:00:00+00:00, run_after=2021-01-01T00:00:00+00:00
[2023-05-21T00:01:35.585+0000] {processor.py:179} INFO - Processing /home/airflow/.local/lib/python3.7/site-packages/airflow/example_dags/example_xcom.py took 0.092 seconds
[2023-05-21T00:02:05.777+0000] {processor.py:157} INFO - Started process (PID=21172) to work on /home/airflow/.local/lib/python3.7/site-packages/airflow/example_dags/example_xcom.py
[2023-05-21T00:02:05.778+0000] {processor.py:826} INFO - Processing file /home/airflow/.local/lib/python3.7/site-packages/airflow/example_dags/example_xcom.py for tasks to queue
[2023-05-21T00:02:05.779+0000] {logging_mixin.py:149} INFO - [2023-05-21T00:02:05.778+0000] {dagbag.py:541} INFO - Filling up the DagBag from /home/airflow/.local/lib/python3.7/site-packages/airflow/example_dags/example_xcom.py
[2023-05-21T00:02:05.786+0000] {processor.py:836} INFO - DAG(s) dict_keys(['example_xcom']) retrieved from /home/airflow/.local/lib/python3.7/site-packages/airflow/example_dags/example_xcom.py
[2023-05-21T00:02:05.815+0000] {logging_mixin.py:149} INFO - [2023-05-21T00:02:05.815+0000] {dag.py:2726} INFO - Sync 1 DAGs
[2023-05-21T00:02:05.845+0000] {logging_mixin.py:149} INFO - [2023-05-21T00:02:05.845+0000] {dag.py:3490} INFO - Setting next_dagrun for example_xcom to 2021-01-01T00:00:00+00:00, run_after=2021-01-01T00:00:00+00:00
[2023-05-21T00:02:05.905+0000] {processor.py:179} INFO - Processing /home/airflow/.local/lib/python3.7/site-packages/airflow/example_dags/example_xcom.py took 0.131 seconds
[2023-05-21T00:02:36.196+0000] {processor.py:157} INFO - Started process (PID=21240) to work on /home/airflow/.local/lib/python3.7/site-packages/airflow/example_dags/example_xcom.py
[2023-05-21T00:02:36.197+0000] {processor.py:826} INFO - Processing file /home/airflow/.local/lib/python3.7/site-packages/airflow/example_dags/example_xcom.py for tasks to queue
[2023-05-21T00:02:36.198+0000] {logging_mixin.py:149} INFO - [2023-05-21T00:02:36.198+0000] {dagbag.py:541} INFO - Filling up the DagBag from /home/airflow/.local/lib/python3.7/site-packages/airflow/example_dags/example_xcom.py
[2023-05-21T00:02:36.206+0000] {processor.py:836} INFO - DAG(s) dict_keys(['example_xcom']) retrieved from /home/airflow/.local/lib/python3.7/site-packages/airflow/example_dags/example_xcom.py
[2023-05-21T00:02:36.234+0000] {logging_mixin.py:149} INFO - [2023-05-21T00:02:36.234+0000] {dag.py:2726} INFO - Sync 1 DAGs
[2023-05-21T00:02:36.262+0000] {logging_mixin.py:149} INFO - [2023-05-21T00:02:36.262+0000] {dag.py:3490} INFO - Setting next_dagrun for example_xcom to 2021-01-01T00:00:00+00:00, run_after=2021-01-01T00:00:00+00:00
[2023-05-21T00:02:36.286+0000] {processor.py:179} INFO - Processing /home/airflow/.local/lib/python3.7/site-packages/airflow/example_dags/example_xcom.py took 0.092 seconds
[2023-05-21T00:03:06.950+0000] {processor.py:157} INFO - Started process (PID=21309) to work on /home/airflow/.local/lib/python3.7/site-packages/airflow/example_dags/example_xcom.py
[2023-05-21T00:03:06.951+0000] {processor.py:826} INFO - Processing file /home/airflow/.local/lib/python3.7/site-packages/airflow/example_dags/example_xcom.py for tasks to queue
[2023-05-21T00:03:06.952+0000] {logging_mixin.py:149} INFO - [2023-05-21T00:03:06.952+0000] {dagbag.py:541} INFO - Filling up the DagBag from /home/airflow/.local/lib/python3.7/site-packages/airflow/example_dags/example_xcom.py
[2023-05-21T00:03:06.959+0000] {processor.py:836} INFO - DAG(s) dict_keys(['example_xcom']) retrieved from /home/airflow/.local/lib/python3.7/site-packages/airflow/example_dags/example_xcom.py
[2023-05-21T00:03:06.986+0000] {logging_mixin.py:149} INFO - [2023-05-21T00:03:06.986+0000] {dag.py:2726} INFO - Sync 1 DAGs
[2023-05-21T00:03:07.015+0000] {logging_mixin.py:149} INFO - [2023-05-21T00:03:07.015+0000] {dag.py:3490} INFO - Setting next_dagrun for example_xcom to 2021-01-01T00:00:00+00:00, run_after=2021-01-01T00:00:00+00:00
[2023-05-21T00:03:07.040+0000] {processor.py:179} INFO - Processing /home/airflow/.local/lib/python3.7/site-packages/airflow/example_dags/example_xcom.py took 0.092 seconds
[2023-05-21T00:03:37.478+0000] {processor.py:157} INFO - Started process (PID=21378) to work on /home/airflow/.local/lib/python3.7/site-packages/airflow/example_dags/example_xcom.py
[2023-05-21T00:03:37.479+0000] {processor.py:826} INFO - Processing file /home/airflow/.local/lib/python3.7/site-packages/airflow/example_dags/example_xcom.py for tasks to queue
[2023-05-21T00:03:37.480+0000] {logging_mixin.py:149} INFO - [2023-05-21T00:03:37.480+0000] {dagbag.py:541} INFO - Filling up the DagBag from /home/airflow/.local/lib/python3.7/site-packages/airflow/example_dags/example_xcom.py
[2023-05-21T00:03:37.487+0000] {processor.py:836} INFO - DAG(s) dict_keys(['example_xcom']) retrieved from /home/airflow/.local/lib/python3.7/site-packages/airflow/example_dags/example_xcom.py
[2023-05-21T00:03:37.514+0000] {logging_mixin.py:149} INFO - [2023-05-21T00:03:37.514+0000] {dag.py:2726} INFO - Sync 1 DAGs
[2023-05-21T00:03:37.541+0000] {logging_mixin.py:149} INFO - [2023-05-21T00:03:37.541+0000] {dag.py:3490} INFO - Setting next_dagrun for example_xcom to 2021-01-01T00:00:00+00:00, run_after=2021-01-01T00:00:00+00:00
[2023-05-21T00:03:37.567+0000] {processor.py:179} INFO - Processing /home/airflow/.local/lib/python3.7/site-packages/airflow/example_dags/example_xcom.py took 0.092 seconds
[2023-05-21T00:04:07.988+0000] {processor.py:157} INFO - Started process (PID=21447) to work on /home/airflow/.local/lib/python3.7/site-packages/airflow/example_dags/example_xcom.py
[2023-05-21T00:04:07.989+0000] {processor.py:826} INFO - Processing file /home/airflow/.local/lib/python3.7/site-packages/airflow/example_dags/example_xcom.py for tasks to queue
[2023-05-21T00:04:07.990+0000] {logging_mixin.py:149} INFO - [2023-05-21T00:04:07.990+0000] {dagbag.py:541} INFO - Filling up the DagBag from /home/airflow/.local/lib/python3.7/site-packages/airflow/example_dags/example_xcom.py
[2023-05-21T00:04:07.997+0000] {processor.py:836} INFO - DAG(s) dict_keys(['example_xcom']) retrieved from /home/airflow/.local/lib/python3.7/site-packages/airflow/example_dags/example_xcom.py
[2023-05-21T00:04:08.025+0000] {logging_mixin.py:149} INFO - [2023-05-21T00:04:08.025+0000] {dag.py:2726} INFO - Sync 1 DAGs
[2023-05-21T00:04:08.056+0000] {logging_mixin.py:149} INFO - [2023-05-21T00:04:08.056+0000] {dag.py:3490} INFO - Setting next_dagrun for example_xcom to 2021-01-01T00:00:00+00:00, run_after=2021-01-01T00:00:00+00:00
[2023-05-21T00:04:08.087+0000] {processor.py:179} INFO - Processing /home/airflow/.local/lib/python3.7/site-packages/airflow/example_dags/example_xcom.py took 0.102 seconds
[2023-05-21T00:04:38.538+0000] {processor.py:157} INFO - Started process (PID=21516) to work on /home/airflow/.local/lib/python3.7/site-packages/airflow/example_dags/example_xcom.py
[2023-05-21T00:04:38.539+0000] {processor.py:826} INFO - Processing file /home/airflow/.local/lib/python3.7/site-packages/airflow/example_dags/example_xcom.py for tasks to queue
[2023-05-21T00:04:38.540+0000] {logging_mixin.py:149} INFO - [2023-05-21T00:04:38.540+0000] {dagbag.py:541} INFO - Filling up the DagBag from /home/airflow/.local/lib/python3.7/site-packages/airflow/example_dags/example_xcom.py
[2023-05-21T00:04:38.546+0000] {processor.py:836} INFO - DAG(s) dict_keys(['example_xcom']) retrieved from /home/airflow/.local/lib/python3.7/site-packages/airflow/example_dags/example_xcom.py
[2023-05-21T00:04:38.572+0000] {logging_mixin.py:149} INFO - [2023-05-21T00:04:38.572+0000] {dag.py:2726} INFO - Sync 1 DAGs
[2023-05-21T00:04:38.601+0000] {logging_mixin.py:149} INFO - [2023-05-21T00:04:38.600+0000] {dag.py:3490} INFO - Setting next_dagrun for example_xcom to 2021-01-01T00:00:00+00:00, run_after=2021-01-01T00:00:00+00:00
[2023-05-21T00:04:38.625+0000] {processor.py:179} INFO - Processing /home/airflow/.local/lib/python3.7/site-packages/airflow/example_dags/example_xcom.py took 0.090 seconds
[2023-05-21T00:05:08.880+0000] {processor.py:157} INFO - Started process (PID=21584) to work on /home/airflow/.local/lib/python3.7/site-packages/airflow/example_dags/example_xcom.py
[2023-05-21T00:05:08.881+0000] {processor.py:826} INFO - Processing file /home/airflow/.local/lib/python3.7/site-packages/airflow/example_dags/example_xcom.py for tasks to queue
[2023-05-21T00:05:08.882+0000] {logging_mixin.py:149} INFO - [2023-05-21T00:05:08.882+0000] {dagbag.py:541} INFO - Filling up the DagBag from /home/airflow/.local/lib/python3.7/site-packages/airflow/example_dags/example_xcom.py
[2023-05-21T00:05:08.890+0000] {processor.py:836} INFO - DAG(s) dict_keys(['example_xcom']) retrieved from /home/airflow/.local/lib/python3.7/site-packages/airflow/example_dags/example_xcom.py
[2023-05-21T00:05:08.917+0000] {logging_mixin.py:149} INFO - [2023-05-21T00:05:08.916+0000] {dag.py:2726} INFO - Sync 1 DAGs
[2023-05-21T00:05:08.951+0000] {logging_mixin.py:149} INFO - [2023-05-21T00:05:08.950+0000] {dag.py:3490} INFO - Setting next_dagrun for example_xcom to 2021-01-01T00:00:00+00:00, run_after=2021-01-01T00:00:00+00:00
[2023-05-21T00:05:08.975+0000] {processor.py:179} INFO - Processing /home/airflow/.local/lib/python3.7/site-packages/airflow/example_dags/example_xcom.py took 0.098 seconds
[2023-05-21T00:05:39.394+0000] {processor.py:157} INFO - Started process (PID=21652) to work on /home/airflow/.local/lib/python3.7/site-packages/airflow/example_dags/example_xcom.py
[2023-05-21T00:05:39.395+0000] {processor.py:826} INFO - Processing file /home/airflow/.local/lib/python3.7/site-packages/airflow/example_dags/example_xcom.py for tasks to queue
[2023-05-21T00:05:39.396+0000] {logging_mixin.py:149} INFO - [2023-05-21T00:05:39.396+0000] {dagbag.py:541} INFO - Filling up the DagBag from /home/airflow/.local/lib/python3.7/site-packages/airflow/example_dags/example_xcom.py
[2023-05-21T00:05:39.403+0000] {processor.py:836} INFO - DAG(s) dict_keys(['example_xcom']) retrieved from /home/airflow/.local/lib/python3.7/site-packages/airflow/example_dags/example_xcom.py
[2023-05-21T00:05:39.430+0000] {logging_mixin.py:149} INFO - [2023-05-21T00:05:39.430+0000] {dag.py:2726} INFO - Sync 1 DAGs
[2023-05-21T00:05:39.460+0000] {logging_mixin.py:149} INFO - [2023-05-21T00:05:39.460+0000] {dag.py:3490} INFO - Setting next_dagrun for example_xcom to 2021-01-01T00:00:00+00:00, run_after=2021-01-01T00:00:00+00:00
[2023-05-21T00:05:39.485+0000] {processor.py:179} INFO - Processing /home/airflow/.local/lib/python3.7/site-packages/airflow/example_dags/example_xcom.py took 0.094 seconds
[2023-05-21T00:06:09.920+0000] {processor.py:157} INFO - Started process (PID=21721) to work on /home/airflow/.local/lib/python3.7/site-packages/airflow/example_dags/example_xcom.py
[2023-05-21T00:06:09.921+0000] {processor.py:826} INFO - Processing file /home/airflow/.local/lib/python3.7/site-packages/airflow/example_dags/example_xcom.py for tasks to queue
[2023-05-21T00:06:09.921+0000] {logging_mixin.py:149} INFO - [2023-05-21T00:06:09.921+0000] {dagbag.py:541} INFO - Filling up the DagBag from /home/airflow/.local/lib/python3.7/site-packages/airflow/example_dags/example_xcom.py
[2023-05-21T00:06:09.929+0000] {processor.py:836} INFO - DAG(s) dict_keys(['example_xcom']) retrieved from /home/airflow/.local/lib/python3.7/site-packages/airflow/example_dags/example_xcom.py
[2023-05-21T00:06:09.961+0000] {logging_mixin.py:149} INFO - [2023-05-21T00:06:09.960+0000] {dag.py:2726} INFO - Sync 1 DAGs
[2023-05-21T00:06:09.991+0000] {logging_mixin.py:149} INFO - [2023-05-21T00:06:09.991+0000] {dag.py:3490} INFO - Setting next_dagrun for example_xcom to 2021-01-01T00:00:00+00:00, run_after=2021-01-01T00:00:00+00:00
[2023-05-21T00:06:10.059+0000] {processor.py:179} INFO - Processing /home/airflow/.local/lib/python3.7/site-packages/airflow/example_dags/example_xcom.py took 0.143 seconds
[2023-05-21T00:06:40.408+0000] {processor.py:157} INFO - Started process (PID=21789) to work on /home/airflow/.local/lib/python3.7/site-packages/airflow/example_dags/example_xcom.py
[2023-05-21T00:06:40.409+0000] {processor.py:826} INFO - Processing file /home/airflow/.local/lib/python3.7/site-packages/airflow/example_dags/example_xcom.py for tasks to queue
[2023-05-21T00:06:40.410+0000] {logging_mixin.py:149} INFO - [2023-05-21T00:06:40.409+0000] {dagbag.py:541} INFO - Filling up the DagBag from /home/airflow/.local/lib/python3.7/site-packages/airflow/example_dags/example_xcom.py
[2023-05-21T00:06:40.417+0000] {processor.py:836} INFO - DAG(s) dict_keys(['example_xcom']) retrieved from /home/airflow/.local/lib/python3.7/site-packages/airflow/example_dags/example_xcom.py
[2023-05-21T00:06:40.444+0000] {logging_mixin.py:149} INFO - [2023-05-21T00:06:40.444+0000] {dag.py:2726} INFO - Sync 1 DAGs
[2023-05-21T00:06:40.473+0000] {logging_mixin.py:149} INFO - [2023-05-21T00:06:40.473+0000] {dag.py:3490} INFO - Setting next_dagrun for example_xcom to 2021-01-01T00:00:00+00:00, run_after=2021-01-01T00:00:00+00:00
[2023-05-21T00:06:40.499+0000] {processor.py:179} INFO - Processing /home/airflow/.local/lib/python3.7/site-packages/airflow/example_dags/example_xcom.py took 0.094 seconds
[2023-05-21T00:07:10.995+0000] {processor.py:157} INFO - Started process (PID=21857) to work on /home/airflow/.local/lib/python3.7/site-packages/airflow/example_dags/example_xcom.py
[2023-05-21T00:07:10.996+0000] {processor.py:826} INFO - Processing file /home/airflow/.local/lib/python3.7/site-packages/airflow/example_dags/example_xcom.py for tasks to queue
[2023-05-21T00:07:10.996+0000] {logging_mixin.py:149} INFO - [2023-05-21T00:07:10.996+0000] {dagbag.py:541} INFO - Filling up the DagBag from /home/airflow/.local/lib/python3.7/site-packages/airflow/example_dags/example_xcom.py
[2023-05-21T00:07:11.004+0000] {processor.py:836} INFO - DAG(s) dict_keys(['example_xcom']) retrieved from /home/airflow/.local/lib/python3.7/site-packages/airflow/example_dags/example_xcom.py
[2023-05-21T00:07:11.032+0000] {logging_mixin.py:149} INFO - [2023-05-21T00:07:11.032+0000] {dag.py:2726} INFO - Sync 1 DAGs
[2023-05-21T00:07:11.059+0000] {logging_mixin.py:149} INFO - [2023-05-21T00:07:11.059+0000] {dag.py:3490} INFO - Setting next_dagrun for example_xcom to 2021-01-01T00:00:00+00:00, run_after=2021-01-01T00:00:00+00:00
[2023-05-21T00:07:11.086+0000] {processor.py:179} INFO - Processing /home/airflow/.local/lib/python3.7/site-packages/airflow/example_dags/example_xcom.py took 0.094 seconds
[2023-05-21T00:07:41.550+0000] {processor.py:157} INFO - Started process (PID=21925) to work on /home/airflow/.local/lib/python3.7/site-packages/airflow/example_dags/example_xcom.py
[2023-05-21T00:07:41.551+0000] {processor.py:826} INFO - Processing file /home/airflow/.local/lib/python3.7/site-packages/airflow/example_dags/example_xcom.py for tasks to queue
[2023-05-21T00:07:41.552+0000] {logging_mixin.py:149} INFO - [2023-05-21T00:07:41.552+0000] {dagbag.py:541} INFO - Filling up the DagBag from /home/airflow/.local/lib/python3.7/site-packages/airflow/example_dags/example_xcom.py
[2023-05-21T00:07:41.558+0000] {processor.py:836} INFO - DAG(s) dict_keys(['example_xcom']) retrieved from /home/airflow/.local/lib/python3.7/site-packages/airflow/example_dags/example_xcom.py
[2023-05-21T00:07:41.581+0000] {logging_mixin.py:149} INFO - [2023-05-21T00:07:41.581+0000] {dag.py:2726} INFO - Sync 1 DAGs
[2023-05-21T00:07:41.604+0000] {logging_mixin.py:149} INFO - [2023-05-21T00:07:41.604+0000] {dag.py:3490} INFO - Setting next_dagrun for example_xcom to 2021-01-01T00:00:00+00:00, run_after=2021-01-01T00:00:00+00:00
[2023-05-21T00:07:41.623+0000] {processor.py:179} INFO - Processing /home/airflow/.local/lib/python3.7/site-packages/airflow/example_dags/example_xcom.py took 0.075 seconds
[2023-05-21T23:12:41.490+0000] {processor.py:157} INFO - Started process (PID=35) to work on /home/airflow/.local/lib/python3.7/site-packages/airflow/example_dags/example_xcom.py
[2023-05-21T23:12:41.491+0000] {processor.py:826} INFO - Processing file /home/airflow/.local/lib/python3.7/site-packages/airflow/example_dags/example_xcom.py for tasks to queue
[2023-05-21T23:12:41.492+0000] {logging_mixin.py:149} INFO - [2023-05-21T23:12:41.492+0000] {dagbag.py:541} INFO - Filling up the DagBag from /home/airflow/.local/lib/python3.7/site-packages/airflow/example_dags/example_xcom.py
[2023-05-21T23:12:41.502+0000] {processor.py:836} INFO - DAG(s) dict_keys(['example_xcom']) retrieved from /home/airflow/.local/lib/python3.7/site-packages/airflow/example_dags/example_xcom.py
[2023-05-21T23:12:41.513+0000] {logging_mixin.py:149} INFO - [2023-05-21T23:12:41.513+0000] {dag.py:2726} INFO - Sync 1 DAGs
[2023-05-21T23:12:41.545+0000] {logging_mixin.py:149} INFO - [2023-05-21T23:12:41.544+0000] {dag.py:3490} INFO - Setting next_dagrun for example_xcom to 2021-01-01T00:00:00+00:00, run_after=2021-01-01T00:00:00+00:00
[2023-05-21T23:12:41.565+0000] {processor.py:179} INFO - Processing /home/airflow/.local/lib/python3.7/site-packages/airflow/example_dags/example_xcom.py took 0.077 seconds
