[2023-05-21T00:00:15.185+0000] {processor.py:157} INFO - Started process (PID=20909) to work on /home/airflow/.local/lib/python3.7/site-packages/airflow/example_dags/example_skip_dag.py
[2023-05-21T00:00:15.186+0000] {processor.py:826} INFO - Processing file /home/airflow/.local/lib/python3.7/site-packages/airflow/example_dags/example_skip_dag.py for tasks to queue
[2023-05-21T00:00:15.188+0000] {logging_mixin.py:149} INFO - [2023-05-21T00:00:15.188+0000] {dagbag.py:541} INFO - Filling up the DagBag from /home/airflow/.local/lib/python3.7/site-packages/airflow/example_dags/example_skip_dag.py
[2023-05-21T00:00:15.195+0000] {processor.py:836} INFO - DAG(s) dict_keys(['example_skip_dag']) retrieved from /home/airflow/.local/lib/python3.7/site-packages/airflow/example_dags/example_skip_dag.py
[2023-05-21T00:00:15.223+0000] {logging_mixin.py:149} INFO - [2023-05-21T00:00:15.222+0000] {dag.py:2726} INFO - Sync 1 DAGs
[2023-05-21T00:00:15.250+0000] {logging_mixin.py:149} INFO - [2023-05-21T00:00:15.250+0000] {dag.py:3490} INFO - Setting next_dagrun for example_skip_dag to 2023-05-20T00:00:15.249984+00:00, run_after=2023-05-21T00:00:15.249984+00:00
[2023-05-21T00:00:15.278+0000] {processor.py:179} INFO - Processing /home/airflow/.local/lib/python3.7/site-packages/airflow/example_dags/example_skip_dag.py took 0.095 seconds
[2023-05-21T00:00:45.991+0000] {processor.py:157} INFO - Started process (PID=20978) to work on /home/airflow/.local/lib/python3.7/site-packages/airflow/example_dags/example_skip_dag.py
[2023-05-21T00:00:45.992+0000] {processor.py:826} INFO - Processing file /home/airflow/.local/lib/python3.7/site-packages/airflow/example_dags/example_skip_dag.py for tasks to queue
[2023-05-21T00:00:45.994+0000] {logging_mixin.py:149} INFO - [2023-05-21T00:00:45.994+0000] {dagbag.py:541} INFO - Filling up the DagBag from /home/airflow/.local/lib/python3.7/site-packages/airflow/example_dags/example_skip_dag.py
[2023-05-21T00:00:46.002+0000] {processor.py:836} INFO - DAG(s) dict_keys(['example_skip_dag']) retrieved from /home/airflow/.local/lib/python3.7/site-packages/airflow/example_dags/example_skip_dag.py
[2023-05-21T00:00:46.040+0000] {logging_mixin.py:149} INFO - [2023-05-21T00:00:46.040+0000] {dag.py:2726} INFO - Sync 1 DAGs
[2023-05-21T00:00:46.077+0000] {logging_mixin.py:149} INFO - [2023-05-21T00:00:46.076+0000] {dag.py:3490} INFO - Setting next_dagrun for example_skip_dag to 2023-05-20T00:00:46.076598+00:00, run_after=2023-05-21T00:00:46.076598+00:00
[2023-05-21T00:00:46.108+0000] {processor.py:179} INFO - Processing /home/airflow/.local/lib/python3.7/site-packages/airflow/example_dags/example_skip_dag.py took 0.120 seconds
[2023-05-21T00:01:16.782+0000] {processor.py:157} INFO - Started process (PID=21046) to work on /home/airflow/.local/lib/python3.7/site-packages/airflow/example_dags/example_skip_dag.py
[2023-05-21T00:01:16.783+0000] {processor.py:826} INFO - Processing file /home/airflow/.local/lib/python3.7/site-packages/airflow/example_dags/example_skip_dag.py for tasks to queue
[2023-05-21T00:01:16.784+0000] {logging_mixin.py:149} INFO - [2023-05-21T00:01:16.784+0000] {dagbag.py:541} INFO - Filling up the DagBag from /home/airflow/.local/lib/python3.7/site-packages/airflow/example_dags/example_skip_dag.py
[2023-05-21T00:01:16.791+0000] {processor.py:836} INFO - DAG(s) dict_keys(['example_skip_dag']) retrieved from /home/airflow/.local/lib/python3.7/site-packages/airflow/example_dags/example_skip_dag.py
[2023-05-21T00:01:16.819+0000] {logging_mixin.py:149} INFO - [2023-05-21T00:01:16.819+0000] {dag.py:2726} INFO - Sync 1 DAGs
[2023-05-21T00:01:16.851+0000] {logging_mixin.py:149} INFO - [2023-05-21T00:01:16.851+0000] {dag.py:3490} INFO - Setting next_dagrun for example_skip_dag to 2023-05-20T00:01:16.851023+00:00, run_after=2023-05-21T00:01:16.851023+00:00
[2023-05-21T00:01:16.884+0000] {processor.py:179} INFO - Processing /home/airflow/.local/lib/python3.7/site-packages/airflow/example_dags/example_skip_dag.py took 0.105 seconds
[2023-05-21T00:01:47.330+0000] {processor.py:157} INFO - Started process (PID=21114) to work on /home/airflow/.local/lib/python3.7/site-packages/airflow/example_dags/example_skip_dag.py
[2023-05-21T00:01:47.331+0000] {processor.py:826} INFO - Processing file /home/airflow/.local/lib/python3.7/site-packages/airflow/example_dags/example_skip_dag.py for tasks to queue
[2023-05-21T00:01:47.332+0000] {logging_mixin.py:149} INFO - [2023-05-21T00:01:47.332+0000] {dagbag.py:541} INFO - Filling up the DagBag from /home/airflow/.local/lib/python3.7/site-packages/airflow/example_dags/example_skip_dag.py
[2023-05-21T00:01:47.340+0000] {processor.py:836} INFO - DAG(s) dict_keys(['example_skip_dag']) retrieved from /home/airflow/.local/lib/python3.7/site-packages/airflow/example_dags/example_skip_dag.py
[2023-05-21T00:01:47.367+0000] {logging_mixin.py:149} INFO - [2023-05-21T00:01:47.367+0000] {dag.py:2726} INFO - Sync 1 DAGs
[2023-05-21T00:01:47.397+0000] {logging_mixin.py:149} INFO - [2023-05-21T00:01:47.396+0000] {dag.py:3490} INFO - Setting next_dagrun for example_skip_dag to 2023-05-20T00:01:47.396541+00:00, run_after=2023-05-21T00:01:47.396541+00:00
[2023-05-21T00:01:47.427+0000] {processor.py:179} INFO - Processing /home/airflow/.local/lib/python3.7/site-packages/airflow/example_dags/example_skip_dag.py took 0.100 seconds
[2023-05-21T00:02:17.735+0000] {processor.py:157} INFO - Started process (PID=21182) to work on /home/airflow/.local/lib/python3.7/site-packages/airflow/example_dags/example_skip_dag.py
[2023-05-21T00:02:17.736+0000] {processor.py:826} INFO - Processing file /home/airflow/.local/lib/python3.7/site-packages/airflow/example_dags/example_skip_dag.py for tasks to queue
[2023-05-21T00:02:17.737+0000] {logging_mixin.py:149} INFO - [2023-05-21T00:02:17.737+0000] {dagbag.py:541} INFO - Filling up the DagBag from /home/airflow/.local/lib/python3.7/site-packages/airflow/example_dags/example_skip_dag.py
[2023-05-21T00:02:17.744+0000] {processor.py:836} INFO - DAG(s) dict_keys(['example_skip_dag']) retrieved from /home/airflow/.local/lib/python3.7/site-packages/airflow/example_dags/example_skip_dag.py
[2023-05-21T00:02:17.772+0000] {logging_mixin.py:149} INFO - [2023-05-21T00:02:17.771+0000] {dag.py:2726} INFO - Sync 1 DAGs
[2023-05-21T00:02:17.799+0000] {logging_mixin.py:149} INFO - [2023-05-21T00:02:17.799+0000] {dag.py:3490} INFO - Setting next_dagrun for example_skip_dag to 2023-05-20T00:02:17.799082+00:00, run_after=2023-05-21T00:02:17.799082+00:00
[2023-05-21T00:02:17.825+0000] {processor.py:179} INFO - Processing /home/airflow/.local/lib/python3.7/site-packages/airflow/example_dags/example_skip_dag.py took 0.093 seconds
[2023-05-21T00:02:48.207+0000] {processor.py:157} INFO - Started process (PID=21251) to work on /home/airflow/.local/lib/python3.7/site-packages/airflow/example_dags/example_skip_dag.py
[2023-05-21T00:02:48.208+0000] {processor.py:826} INFO - Processing file /home/airflow/.local/lib/python3.7/site-packages/airflow/example_dags/example_skip_dag.py for tasks to queue
[2023-05-21T00:02:48.208+0000] {logging_mixin.py:149} INFO - [2023-05-21T00:02:48.208+0000] {dagbag.py:541} INFO - Filling up the DagBag from /home/airflow/.local/lib/python3.7/site-packages/airflow/example_dags/example_skip_dag.py
[2023-05-21T00:02:48.216+0000] {processor.py:836} INFO - DAG(s) dict_keys(['example_skip_dag']) retrieved from /home/airflow/.local/lib/python3.7/site-packages/airflow/example_dags/example_skip_dag.py
[2023-05-21T00:02:48.242+0000] {logging_mixin.py:149} INFO - [2023-05-21T00:02:48.242+0000] {dag.py:2726} INFO - Sync 1 DAGs
[2023-05-21T00:02:48.272+0000] {logging_mixin.py:149} INFO - [2023-05-21T00:02:48.272+0000] {dag.py:3490} INFO - Setting next_dagrun for example_skip_dag to 2023-05-20T00:02:48.272470+00:00, run_after=2023-05-21T00:02:48.272470+00:00
[2023-05-21T00:02:48.322+0000] {processor.py:179} INFO - Processing /home/airflow/.local/lib/python3.7/site-packages/airflow/example_dags/example_skip_dag.py took 0.118 seconds
[2023-05-21T00:03:18.771+0000] {processor.py:157} INFO - Started process (PID=21319) to work on /home/airflow/.local/lib/python3.7/site-packages/airflow/example_dags/example_skip_dag.py
[2023-05-21T00:03:18.772+0000] {processor.py:826} INFO - Processing file /home/airflow/.local/lib/python3.7/site-packages/airflow/example_dags/example_skip_dag.py for tasks to queue
[2023-05-21T00:03:18.773+0000] {logging_mixin.py:149} INFO - [2023-05-21T00:03:18.773+0000] {dagbag.py:541} INFO - Filling up the DagBag from /home/airflow/.local/lib/python3.7/site-packages/airflow/example_dags/example_skip_dag.py
[2023-05-21T00:03:18.780+0000] {processor.py:836} INFO - DAG(s) dict_keys(['example_skip_dag']) retrieved from /home/airflow/.local/lib/python3.7/site-packages/airflow/example_dags/example_skip_dag.py
[2023-05-21T00:03:18.811+0000] {logging_mixin.py:149} INFO - [2023-05-21T00:03:18.811+0000] {dag.py:2726} INFO - Sync 1 DAGs
[2023-05-21T00:03:18.842+0000] {logging_mixin.py:149} INFO - [2023-05-21T00:03:18.841+0000] {dag.py:3490} INFO - Setting next_dagrun for example_skip_dag to 2023-05-20T00:03:18.841488+00:00, run_after=2023-05-21T00:03:18.841488+00:00
[2023-05-21T00:03:18.872+0000] {processor.py:179} INFO - Processing /home/airflow/.local/lib/python3.7/site-packages/airflow/example_dags/example_skip_dag.py took 0.104 seconds
[2023-05-21T00:03:49.291+0000] {processor.py:157} INFO - Started process (PID=21388) to work on /home/airflow/.local/lib/python3.7/site-packages/airflow/example_dags/example_skip_dag.py
[2023-05-21T00:03:49.292+0000] {processor.py:826} INFO - Processing file /home/airflow/.local/lib/python3.7/site-packages/airflow/example_dags/example_skip_dag.py for tasks to queue
[2023-05-21T00:03:49.293+0000] {logging_mixin.py:149} INFO - [2023-05-21T00:03:49.293+0000] {dagbag.py:541} INFO - Filling up the DagBag from /home/airflow/.local/lib/python3.7/site-packages/airflow/example_dags/example_skip_dag.py
[2023-05-21T00:03:49.300+0000] {processor.py:836} INFO - DAG(s) dict_keys(['example_skip_dag']) retrieved from /home/airflow/.local/lib/python3.7/site-packages/airflow/example_dags/example_skip_dag.py
[2023-05-21T00:03:49.327+0000] {logging_mixin.py:149} INFO - [2023-05-21T00:03:49.327+0000] {dag.py:2726} INFO - Sync 1 DAGs
[2023-05-21T00:03:49.356+0000] {logging_mixin.py:149} INFO - [2023-05-21T00:03:49.355+0000] {dag.py:3490} INFO - Setting next_dagrun for example_skip_dag to 2023-05-20T00:03:49.355712+00:00, run_after=2023-05-21T00:03:49.355712+00:00
[2023-05-21T00:03:49.384+0000] {processor.py:179} INFO - Processing /home/airflow/.local/lib/python3.7/site-packages/airflow/example_dags/example_skip_dag.py took 0.096 seconds
[2023-05-21T00:04:19.725+0000] {processor.py:157} INFO - Started process (PID=21457) to work on /home/airflow/.local/lib/python3.7/site-packages/airflow/example_dags/example_skip_dag.py
[2023-05-21T00:04:19.727+0000] {processor.py:826} INFO - Processing file /home/airflow/.local/lib/python3.7/site-packages/airflow/example_dags/example_skip_dag.py for tasks to queue
[2023-05-21T00:04:19.728+0000] {logging_mixin.py:149} INFO - [2023-05-21T00:04:19.727+0000] {dagbag.py:541} INFO - Filling up the DagBag from /home/airflow/.local/lib/python3.7/site-packages/airflow/example_dags/example_skip_dag.py
[2023-05-21T00:04:19.734+0000] {processor.py:836} INFO - DAG(s) dict_keys(['example_skip_dag']) retrieved from /home/airflow/.local/lib/python3.7/site-packages/airflow/example_dags/example_skip_dag.py
[2023-05-21T00:04:19.764+0000] {logging_mixin.py:149} INFO - [2023-05-21T00:04:19.763+0000] {dag.py:2726} INFO - Sync 1 DAGs
[2023-05-21T00:04:19.794+0000] {logging_mixin.py:149} INFO - [2023-05-21T00:04:19.794+0000] {dag.py:3490} INFO - Setting next_dagrun for example_skip_dag to 2023-05-20T00:04:19.794049+00:00, run_after=2023-05-21T00:04:19.794049+00:00
[2023-05-21T00:04:19.830+0000] {processor.py:179} INFO - Processing /home/airflow/.local/lib/python3.7/site-packages/airflow/example_dags/example_skip_dag.py took 0.108 seconds
[2023-05-21T00:04:50.304+0000] {processor.py:157} INFO - Started process (PID=21526) to work on /home/airflow/.local/lib/python3.7/site-packages/airflow/example_dags/example_skip_dag.py
[2023-05-21T00:04:50.305+0000] {processor.py:826} INFO - Processing file /home/airflow/.local/lib/python3.7/site-packages/airflow/example_dags/example_skip_dag.py for tasks to queue
[2023-05-21T00:04:50.306+0000] {logging_mixin.py:149} INFO - [2023-05-21T00:04:50.306+0000] {dagbag.py:541} INFO - Filling up the DagBag from /home/airflow/.local/lib/python3.7/site-packages/airflow/example_dags/example_skip_dag.py
[2023-05-21T00:04:50.313+0000] {processor.py:836} INFO - DAG(s) dict_keys(['example_skip_dag']) retrieved from /home/airflow/.local/lib/python3.7/site-packages/airflow/example_dags/example_skip_dag.py
[2023-05-21T00:04:50.341+0000] {logging_mixin.py:149} INFO - [2023-05-21T00:04:50.341+0000] {dag.py:2726} INFO - Sync 1 DAGs
[2023-05-21T00:04:50.370+0000] {logging_mixin.py:149} INFO - [2023-05-21T00:04:50.370+0000] {dag.py:3490} INFO - Setting next_dagrun for example_skip_dag to 2023-05-20T00:04:50.370112+00:00, run_after=2023-05-21T00:04:50.370112+00:00
[2023-05-21T00:04:50.397+0000] {processor.py:179} INFO - Processing /home/airflow/.local/lib/python3.7/site-packages/airflow/example_dags/example_skip_dag.py took 0.096 seconds
[2023-05-21T00:05:20.724+0000] {processor.py:157} INFO - Started process (PID=21594) to work on /home/airflow/.local/lib/python3.7/site-packages/airflow/example_dags/example_skip_dag.py
[2023-05-21T00:05:20.725+0000] {processor.py:826} INFO - Processing file /home/airflow/.local/lib/python3.7/site-packages/airflow/example_dags/example_skip_dag.py for tasks to queue
[2023-05-21T00:05:20.726+0000] {logging_mixin.py:149} INFO - [2023-05-21T00:05:20.726+0000] {dagbag.py:541} INFO - Filling up the DagBag from /home/airflow/.local/lib/python3.7/site-packages/airflow/example_dags/example_skip_dag.py
[2023-05-21T00:05:20.734+0000] {processor.py:836} INFO - DAG(s) dict_keys(['example_skip_dag']) retrieved from /home/airflow/.local/lib/python3.7/site-packages/airflow/example_dags/example_skip_dag.py
[2023-05-21T00:05:20.763+0000] {logging_mixin.py:149} INFO - [2023-05-21T00:05:20.762+0000] {dag.py:2726} INFO - Sync 1 DAGs
[2023-05-21T00:05:20.791+0000] {logging_mixin.py:149} INFO - [2023-05-21T00:05:20.791+0000] {dag.py:3490} INFO - Setting next_dagrun for example_skip_dag to 2023-05-20T00:05:20.790989+00:00, run_after=2023-05-21T00:05:20.790989+00:00
[2023-05-21T00:05:20.817+0000] {processor.py:179} INFO - Processing /home/airflow/.local/lib/python3.7/site-packages/airflow/example_dags/example_skip_dag.py took 0.097 seconds
[2023-05-21T00:05:51.261+0000] {processor.py:157} INFO - Started process (PID=21662) to work on /home/airflow/.local/lib/python3.7/site-packages/airflow/example_dags/example_skip_dag.py
[2023-05-21T00:05:51.262+0000] {processor.py:826} INFO - Processing file /home/airflow/.local/lib/python3.7/site-packages/airflow/example_dags/example_skip_dag.py for tasks to queue
[2023-05-21T00:05:51.263+0000] {logging_mixin.py:149} INFO - [2023-05-21T00:05:51.263+0000] {dagbag.py:541} INFO - Filling up the DagBag from /home/airflow/.local/lib/python3.7/site-packages/airflow/example_dags/example_skip_dag.py
[2023-05-21T00:05:51.270+0000] {processor.py:836} INFO - DAG(s) dict_keys(['example_skip_dag']) retrieved from /home/airflow/.local/lib/python3.7/site-packages/airflow/example_dags/example_skip_dag.py
[2023-05-21T00:05:51.296+0000] {logging_mixin.py:149} INFO - [2023-05-21T00:05:51.296+0000] {dag.py:2726} INFO - Sync 1 DAGs
[2023-05-21T00:05:51.325+0000] {logging_mixin.py:149} INFO - [2023-05-21T00:05:51.324+0000] {dag.py:3490} INFO - Setting next_dagrun for example_skip_dag to 2023-05-20T00:05:51.324623+00:00, run_after=2023-05-21T00:05:51.324623+00:00
[2023-05-21T00:05:51.350+0000] {processor.py:179} INFO - Processing /home/airflow/.local/lib/python3.7/site-packages/airflow/example_dags/example_skip_dag.py took 0.093 seconds
[2023-05-21T00:06:21.787+0000] {processor.py:157} INFO - Started process (PID=21731) to work on /home/airflow/.local/lib/python3.7/site-packages/airflow/example_dags/example_skip_dag.py
[2023-05-21T00:06:21.788+0000] {processor.py:826} INFO - Processing file /home/airflow/.local/lib/python3.7/site-packages/airflow/example_dags/example_skip_dag.py for tasks to queue
[2023-05-21T00:06:21.788+0000] {logging_mixin.py:149} INFO - [2023-05-21T00:06:21.788+0000] {dagbag.py:541} INFO - Filling up the DagBag from /home/airflow/.local/lib/python3.7/site-packages/airflow/example_dags/example_skip_dag.py
[2023-05-21T00:06:21.795+0000] {processor.py:836} INFO - DAG(s) dict_keys(['example_skip_dag']) retrieved from /home/airflow/.local/lib/python3.7/site-packages/airflow/example_dags/example_skip_dag.py
[2023-05-21T00:06:21.822+0000] {logging_mixin.py:149} INFO - [2023-05-21T00:06:21.821+0000] {dag.py:2726} INFO - Sync 1 DAGs
[2023-05-21T00:06:21.849+0000] {logging_mixin.py:149} INFO - [2023-05-21T00:06:21.849+0000] {dag.py:3490} INFO - Setting next_dagrun for example_skip_dag to 2023-05-20T00:06:21.849463+00:00, run_after=2023-05-21T00:06:21.849463+00:00
[2023-05-21T00:06:21.877+0000] {processor.py:179} INFO - Processing /home/airflow/.local/lib/python3.7/site-packages/airflow/example_dags/example_skip_dag.py took 0.093 seconds
[2023-05-21T00:06:52.378+0000] {processor.py:157} INFO - Started process (PID=21799) to work on /home/airflow/.local/lib/python3.7/site-packages/airflow/example_dags/example_skip_dag.py
[2023-05-21T00:06:52.379+0000] {processor.py:826} INFO - Processing file /home/airflow/.local/lib/python3.7/site-packages/airflow/example_dags/example_skip_dag.py for tasks to queue
[2023-05-21T00:06:52.380+0000] {logging_mixin.py:149} INFO - [2023-05-21T00:06:52.380+0000] {dagbag.py:541} INFO - Filling up the DagBag from /home/airflow/.local/lib/python3.7/site-packages/airflow/example_dags/example_skip_dag.py
[2023-05-21T00:06:52.387+0000] {processor.py:836} INFO - DAG(s) dict_keys(['example_skip_dag']) retrieved from /home/airflow/.local/lib/python3.7/site-packages/airflow/example_dags/example_skip_dag.py
[2023-05-21T00:06:52.423+0000] {logging_mixin.py:149} INFO - [2023-05-21T00:06:52.422+0000] {dag.py:2726} INFO - Sync 1 DAGs
[2023-05-21T00:06:52.455+0000] {logging_mixin.py:149} INFO - [2023-05-21T00:06:52.454+0000] {dag.py:3490} INFO - Setting next_dagrun for example_skip_dag to 2023-05-20T00:06:52.454700+00:00, run_after=2023-05-21T00:06:52.454700+00:00
[2023-05-21T00:06:52.485+0000] {processor.py:179} INFO - Processing /home/airflow/.local/lib/python3.7/site-packages/airflow/example_dags/example_skip_dag.py took 0.110 seconds
[2023-05-21T00:07:22.649+0000] {processor.py:157} INFO - Started process (PID=21867) to work on /home/airflow/.local/lib/python3.7/site-packages/airflow/example_dags/example_skip_dag.py
[2023-05-21T00:07:22.650+0000] {processor.py:826} INFO - Processing file /home/airflow/.local/lib/python3.7/site-packages/airflow/example_dags/example_skip_dag.py for tasks to queue
[2023-05-21T00:07:22.651+0000] {logging_mixin.py:149} INFO - [2023-05-21T00:07:22.651+0000] {dagbag.py:541} INFO - Filling up the DagBag from /home/airflow/.local/lib/python3.7/site-packages/airflow/example_dags/example_skip_dag.py
[2023-05-21T00:07:22.657+0000] {processor.py:836} INFO - DAG(s) dict_keys(['example_skip_dag']) retrieved from /home/airflow/.local/lib/python3.7/site-packages/airflow/example_dags/example_skip_dag.py
[2023-05-21T00:07:22.682+0000] {logging_mixin.py:149} INFO - [2023-05-21T00:07:22.682+0000] {dag.py:2726} INFO - Sync 1 DAGs
[2023-05-21T00:07:22.711+0000] {logging_mixin.py:149} INFO - [2023-05-21T00:07:22.711+0000] {dag.py:3490} INFO - Setting next_dagrun for example_skip_dag to 2023-05-20T00:07:22.710934+00:00, run_after=2023-05-21T00:07:22.710934+00:00
[2023-05-21T00:07:22.732+0000] {processor.py:179} INFO - Processing /home/airflow/.local/lib/python3.7/site-packages/airflow/example_dags/example_skip_dag.py took 0.086 seconds
[2023-05-21T00:07:53.346+0000] {processor.py:157} INFO - Started process (PID=21935) to work on /home/airflow/.local/lib/python3.7/site-packages/airflow/example_dags/example_skip_dag.py
[2023-05-21T00:07:53.347+0000] {processor.py:826} INFO - Processing file /home/airflow/.local/lib/python3.7/site-packages/airflow/example_dags/example_skip_dag.py for tasks to queue
[2023-05-21T00:07:53.348+0000] {logging_mixin.py:149} INFO - [2023-05-21T00:07:53.348+0000] {dagbag.py:541} INFO - Filling up the DagBag from /home/airflow/.local/lib/python3.7/site-packages/airflow/example_dags/example_skip_dag.py
[2023-05-21T00:07:53.354+0000] {processor.py:836} INFO - DAG(s) dict_keys(['example_skip_dag']) retrieved from /home/airflow/.local/lib/python3.7/site-packages/airflow/example_dags/example_skip_dag.py
[2023-05-21T00:07:53.379+0000] {logging_mixin.py:149} INFO - [2023-05-21T00:07:53.379+0000] {dag.py:2726} INFO - Sync 1 DAGs
[2023-05-21T00:07:53.405+0000] {logging_mixin.py:149} INFO - [2023-05-21T00:07:53.404+0000] {dag.py:3490} INFO - Setting next_dagrun for example_skip_dag to 2023-05-20T00:07:53.404555+00:00, run_after=2023-05-21T00:07:53.404555+00:00
[2023-05-21T00:07:53.483+0000] {processor.py:179} INFO - Processing /home/airflow/.local/lib/python3.7/site-packages/airflow/example_dags/example_skip_dag.py took 0.141 seconds
[2023-05-21T23:12:42.453+0000] {processor.py:157} INFO - Started process (PID=44) to work on /home/airflow/.local/lib/python3.7/site-packages/airflow/example_dags/example_skip_dag.py
[2023-05-21T23:12:42.455+0000] {processor.py:826} INFO - Processing file /home/airflow/.local/lib/python3.7/site-packages/airflow/example_dags/example_skip_dag.py for tasks to queue
[2023-05-21T23:12:42.456+0000] {logging_mixin.py:149} INFO - [2023-05-21T23:12:42.456+0000] {dagbag.py:541} INFO - Filling up the DagBag from /home/airflow/.local/lib/python3.7/site-packages/airflow/example_dags/example_skip_dag.py
[2023-05-21T23:12:42.467+0000] {processor.py:836} INFO - DAG(s) dict_keys(['example_skip_dag']) retrieved from /home/airflow/.local/lib/python3.7/site-packages/airflow/example_dags/example_skip_dag.py
[2023-05-21T23:12:42.483+0000] {logging_mixin.py:149} INFO - [2023-05-21T23:12:42.482+0000] {dag.py:2726} INFO - Sync 1 DAGs
[2023-05-21T23:12:42.517+0000] {logging_mixin.py:149} INFO - [2023-05-21T23:12:42.516+0000] {dag.py:3490} INFO - Setting next_dagrun for example_skip_dag to 2023-05-20T23:12:42.516481+00:00, run_after=2023-05-21T23:12:42.516481+00:00
[2023-05-21T23:12:42.548+0000] {processor.py:179} INFO - Processing /home/airflow/.local/lib/python3.7/site-packages/airflow/example_dags/example_skip_dag.py took 0.097 seconds
