[2023-05-21T00:00:04.511+0000] {processor.py:157} INFO - Started process (PID=20901) to work on /home/airflow/.local/lib/python3.7/site-packages/airflow/example_dags/example_branch_labels.py
[2023-05-21T00:00:04.512+0000] {processor.py:826} INFO - Processing file /home/airflow/.local/lib/python3.7/site-packages/airflow/example_dags/example_branch_labels.py for tasks to queue
[2023-05-21T00:00:04.513+0000] {logging_mixin.py:149} INFO - [2023-05-21T00:00:04.513+0000] {dagbag.py:541} INFO - Filling up the DagBag from /home/airflow/.local/lib/python3.7/site-packages/airflow/example_dags/example_branch_labels.py
[2023-05-21T00:00:04.520+0000] {processor.py:836} INFO - DAG(s) dict_keys(['example_branch_labels']) retrieved from /home/airflow/.local/lib/python3.7/site-packages/airflow/example_dags/example_branch_labels.py
[2023-05-21T00:00:04.546+0000] {logging_mixin.py:149} INFO - [2023-05-21T00:00:04.546+0000] {dag.py:2726} INFO - Sync 1 DAGs
[2023-05-21T00:00:04.578+0000] {logging_mixin.py:149} INFO - [2023-05-21T00:00:04.578+0000] {dag.py:3490} INFO - Setting next_dagrun for example_branch_labels to 2023-05-20T00:00:00+00:00, run_after=2023-05-21T00:00:00+00:00
[2023-05-21T00:00:04.602+0000] {processor.py:179} INFO - Processing /home/airflow/.local/lib/python3.7/site-packages/airflow/example_dags/example_branch_labels.py took 0.093 seconds
[2023-05-21T00:00:35.085+0000] {processor.py:157} INFO - Started process (PID=20970) to work on /home/airflow/.local/lib/python3.7/site-packages/airflow/example_dags/example_branch_labels.py
[2023-05-21T00:00:35.086+0000] {processor.py:826} INFO - Processing file /home/airflow/.local/lib/python3.7/site-packages/airflow/example_dags/example_branch_labels.py for tasks to queue
[2023-05-21T00:00:35.087+0000] {logging_mixin.py:149} INFO - [2023-05-21T00:00:35.087+0000] {dagbag.py:541} INFO - Filling up the DagBag from /home/airflow/.local/lib/python3.7/site-packages/airflow/example_dags/example_branch_labels.py
[2023-05-21T00:00:35.094+0000] {processor.py:836} INFO - DAG(s) dict_keys(['example_branch_labels']) retrieved from /home/airflow/.local/lib/python3.7/site-packages/airflow/example_dags/example_branch_labels.py
[2023-05-21T00:00:35.122+0000] {logging_mixin.py:149} INFO - [2023-05-21T00:00:35.122+0000] {dag.py:2726} INFO - Sync 1 DAGs
[2023-05-21T00:00:35.149+0000] {logging_mixin.py:149} INFO - [2023-05-21T00:00:35.149+0000] {dag.py:3490} INFO - Setting next_dagrun for example_branch_labels to 2023-05-20T00:00:00+00:00, run_after=2023-05-21T00:00:00+00:00
[2023-05-21T00:00:35.173+0000] {processor.py:179} INFO - Processing /home/airflow/.local/lib/python3.7/site-packages/airflow/example_dags/example_branch_labels.py took 0.090 seconds
[2023-05-21T00:01:06.037+0000] {processor.py:157} INFO - Started process (PID=21038) to work on /home/airflow/.local/lib/python3.7/site-packages/airflow/example_dags/example_branch_labels.py
[2023-05-21T00:01:06.038+0000] {processor.py:826} INFO - Processing file /home/airflow/.local/lib/python3.7/site-packages/airflow/example_dags/example_branch_labels.py for tasks to queue
[2023-05-21T00:01:06.039+0000] {logging_mixin.py:149} INFO - [2023-05-21T00:01:06.039+0000] {dagbag.py:541} INFO - Filling up the DagBag from /home/airflow/.local/lib/python3.7/site-packages/airflow/example_dags/example_branch_labels.py
[2023-05-21T00:01:06.046+0000] {processor.py:836} INFO - DAG(s) dict_keys(['example_branch_labels']) retrieved from /home/airflow/.local/lib/python3.7/site-packages/airflow/example_dags/example_branch_labels.py
[2023-05-21T00:01:06.072+0000] {logging_mixin.py:149} INFO - [2023-05-21T00:01:06.072+0000] {dag.py:2726} INFO - Sync 1 DAGs
[2023-05-21T00:01:06.103+0000] {logging_mixin.py:149} INFO - [2023-05-21T00:01:06.103+0000] {dag.py:3490} INFO - Setting next_dagrun for example_branch_labels to 2023-05-20T00:00:00+00:00, run_after=2023-05-21T00:00:00+00:00
[2023-05-21T00:01:06.126+0000] {processor.py:179} INFO - Processing /home/airflow/.local/lib/python3.7/site-packages/airflow/example_dags/example_branch_labels.py took 0.091 seconds
[2023-05-21T00:01:36.622+0000] {processor.py:157} INFO - Started process (PID=21106) to work on /home/airflow/.local/lib/python3.7/site-packages/airflow/example_dags/example_branch_labels.py
[2023-05-21T00:01:36.623+0000] {processor.py:826} INFO - Processing file /home/airflow/.local/lib/python3.7/site-packages/airflow/example_dags/example_branch_labels.py for tasks to queue
[2023-05-21T00:01:36.624+0000] {logging_mixin.py:149} INFO - [2023-05-21T00:01:36.624+0000] {dagbag.py:541} INFO - Filling up the DagBag from /home/airflow/.local/lib/python3.7/site-packages/airflow/example_dags/example_branch_labels.py
[2023-05-21T00:01:36.633+0000] {processor.py:836} INFO - DAG(s) dict_keys(['example_branch_labels']) retrieved from /home/airflow/.local/lib/python3.7/site-packages/airflow/example_dags/example_branch_labels.py
[2023-05-21T00:01:36.661+0000] {logging_mixin.py:149} INFO - [2023-05-21T00:01:36.661+0000] {dag.py:2726} INFO - Sync 1 DAGs
[2023-05-21T00:01:36.695+0000] {logging_mixin.py:149} INFO - [2023-05-21T00:01:36.695+0000] {dag.py:3490} INFO - Setting next_dagrun for example_branch_labels to 2023-05-20T00:00:00+00:00, run_after=2023-05-21T00:00:00+00:00
[2023-05-21T00:01:36.733+0000] {processor.py:179} INFO - Processing /home/airflow/.local/lib/python3.7/site-packages/airflow/example_dags/example_branch_labels.py took 0.113 seconds
[2023-05-21T00:02:06.919+0000] {processor.py:157} INFO - Started process (PID=21174) to work on /home/airflow/.local/lib/python3.7/site-packages/airflow/example_dags/example_branch_labels.py
[2023-05-21T00:02:06.920+0000] {processor.py:826} INFO - Processing file /home/airflow/.local/lib/python3.7/site-packages/airflow/example_dags/example_branch_labels.py for tasks to queue
[2023-05-21T00:02:06.920+0000] {logging_mixin.py:149} INFO - [2023-05-21T00:02:06.920+0000] {dagbag.py:541} INFO - Filling up the DagBag from /home/airflow/.local/lib/python3.7/site-packages/airflow/example_dags/example_branch_labels.py
[2023-05-21T00:02:06.928+0000] {processor.py:836} INFO - DAG(s) dict_keys(['example_branch_labels']) retrieved from /home/airflow/.local/lib/python3.7/site-packages/airflow/example_dags/example_branch_labels.py
[2023-05-21T00:02:06.954+0000] {logging_mixin.py:149} INFO - [2023-05-21T00:02:06.954+0000] {dag.py:2726} INFO - Sync 1 DAGs
[2023-05-21T00:02:06.985+0000] {logging_mixin.py:149} INFO - [2023-05-21T00:02:06.985+0000] {dag.py:3490} INFO - Setting next_dagrun for example_branch_labels to 2023-05-20T00:00:00+00:00, run_after=2023-05-21T00:00:00+00:00
[2023-05-21T00:02:07.008+0000] {processor.py:179} INFO - Processing /home/airflow/.local/lib/python3.7/site-packages/airflow/example_dags/example_branch_labels.py took 0.093 seconds
[2023-05-21T00:02:37.319+0000] {processor.py:157} INFO - Started process (PID=21242) to work on /home/airflow/.local/lib/python3.7/site-packages/airflow/example_dags/example_branch_labels.py
[2023-05-21T00:02:37.320+0000] {processor.py:826} INFO - Processing file /home/airflow/.local/lib/python3.7/site-packages/airflow/example_dags/example_branch_labels.py for tasks to queue
[2023-05-21T00:02:37.321+0000] {logging_mixin.py:149} INFO - [2023-05-21T00:02:37.321+0000] {dagbag.py:541} INFO - Filling up the DagBag from /home/airflow/.local/lib/python3.7/site-packages/airflow/example_dags/example_branch_labels.py
[2023-05-21T00:02:37.328+0000] {processor.py:836} INFO - DAG(s) dict_keys(['example_branch_labels']) retrieved from /home/airflow/.local/lib/python3.7/site-packages/airflow/example_dags/example_branch_labels.py
[2023-05-21T00:02:37.354+0000] {logging_mixin.py:149} INFO - [2023-05-21T00:02:37.354+0000] {dag.py:2726} INFO - Sync 1 DAGs
[2023-05-21T00:02:37.384+0000] {logging_mixin.py:149} INFO - [2023-05-21T00:02:37.384+0000] {dag.py:3490} INFO - Setting next_dagrun for example_branch_labels to 2023-05-20T00:00:00+00:00, run_after=2023-05-21T00:00:00+00:00
[2023-05-21T00:02:37.414+0000] {processor.py:179} INFO - Processing /home/airflow/.local/lib/python3.7/site-packages/airflow/example_dags/example_branch_labels.py took 0.097 seconds
[2023-05-21T00:03:08.089+0000] {processor.py:157} INFO - Started process (PID=21311) to work on /home/airflow/.local/lib/python3.7/site-packages/airflow/example_dags/example_branch_labels.py
[2023-05-21T00:03:08.090+0000] {processor.py:826} INFO - Processing file /home/airflow/.local/lib/python3.7/site-packages/airflow/example_dags/example_branch_labels.py for tasks to queue
[2023-05-21T00:03:08.091+0000] {logging_mixin.py:149} INFO - [2023-05-21T00:03:08.091+0000] {dagbag.py:541} INFO - Filling up the DagBag from /home/airflow/.local/lib/python3.7/site-packages/airflow/example_dags/example_branch_labels.py
[2023-05-21T00:03:08.101+0000] {processor.py:836} INFO - DAG(s) dict_keys(['example_branch_labels']) retrieved from /home/airflow/.local/lib/python3.7/site-packages/airflow/example_dags/example_branch_labels.py
[2023-05-21T00:03:08.128+0000] {logging_mixin.py:149} INFO - [2023-05-21T00:03:08.128+0000] {dag.py:2726} INFO - Sync 1 DAGs
[2023-05-21T00:03:08.160+0000] {logging_mixin.py:149} INFO - [2023-05-21T00:03:08.160+0000] {dag.py:3490} INFO - Setting next_dagrun for example_branch_labels to 2023-05-20T00:00:00+00:00, run_after=2023-05-21T00:00:00+00:00
[2023-05-21T00:03:08.188+0000] {processor.py:179} INFO - Processing /home/airflow/.local/lib/python3.7/site-packages/airflow/example_dags/example_branch_labels.py took 0.102 seconds
[2023-05-21T00:03:38.604+0000] {processor.py:157} INFO - Started process (PID=21380) to work on /home/airflow/.local/lib/python3.7/site-packages/airflow/example_dags/example_branch_labels.py
[2023-05-21T00:03:38.605+0000] {processor.py:826} INFO - Processing file /home/airflow/.local/lib/python3.7/site-packages/airflow/example_dags/example_branch_labels.py for tasks to queue
[2023-05-21T00:03:38.605+0000] {logging_mixin.py:149} INFO - [2023-05-21T00:03:38.605+0000] {dagbag.py:541} INFO - Filling up the DagBag from /home/airflow/.local/lib/python3.7/site-packages/airflow/example_dags/example_branch_labels.py
[2023-05-21T00:03:38.612+0000] {processor.py:836} INFO - DAG(s) dict_keys(['example_branch_labels']) retrieved from /home/airflow/.local/lib/python3.7/site-packages/airflow/example_dags/example_branch_labels.py
[2023-05-21T00:03:38.640+0000] {logging_mixin.py:149} INFO - [2023-05-21T00:03:38.640+0000] {dag.py:2726} INFO - Sync 1 DAGs
[2023-05-21T00:03:38.670+0000] {logging_mixin.py:149} INFO - [2023-05-21T00:03:38.670+0000] {dag.py:3490} INFO - Setting next_dagrun for example_branch_labels to 2023-05-20T00:00:00+00:00, run_after=2023-05-21T00:00:00+00:00
[2023-05-21T00:03:38.712+0000] {processor.py:179} INFO - Processing /home/airflow/.local/lib/python3.7/site-packages/airflow/example_dags/example_branch_labels.py took 0.110 seconds
[2023-05-21T00:04:09.052+0000] {processor.py:157} INFO - Started process (PID=21449) to work on /home/airflow/.local/lib/python3.7/site-packages/airflow/example_dags/example_branch_labels.py
[2023-05-21T00:04:09.053+0000] {processor.py:826} INFO - Processing file /home/airflow/.local/lib/python3.7/site-packages/airflow/example_dags/example_branch_labels.py for tasks to queue
[2023-05-21T00:04:09.054+0000] {logging_mixin.py:149} INFO - [2023-05-21T00:04:09.054+0000] {dagbag.py:541} INFO - Filling up the DagBag from /home/airflow/.local/lib/python3.7/site-packages/airflow/example_dags/example_branch_labels.py
[2023-05-21T00:04:09.062+0000] {processor.py:836} INFO - DAG(s) dict_keys(['example_branch_labels']) retrieved from /home/airflow/.local/lib/python3.7/site-packages/airflow/example_dags/example_branch_labels.py
[2023-05-21T00:04:09.088+0000] {logging_mixin.py:149} INFO - [2023-05-21T00:04:09.088+0000] {dag.py:2726} INFO - Sync 1 DAGs
[2023-05-21T00:04:09.122+0000] {logging_mixin.py:149} INFO - [2023-05-21T00:04:09.122+0000] {dag.py:3490} INFO - Setting next_dagrun for example_branch_labels to 2023-05-20T00:00:00+00:00, run_after=2023-05-21T00:00:00+00:00
[2023-05-21T00:04:09.146+0000] {processor.py:179} INFO - Processing /home/airflow/.local/lib/python3.7/site-packages/airflow/example_dags/example_branch_labels.py took 0.096 seconds
[2023-05-21T00:04:39.661+0000] {processor.py:157} INFO - Started process (PID=21518) to work on /home/airflow/.local/lib/python3.7/site-packages/airflow/example_dags/example_branch_labels.py
[2023-05-21T00:04:39.663+0000] {processor.py:826} INFO - Processing file /home/airflow/.local/lib/python3.7/site-packages/airflow/example_dags/example_branch_labels.py for tasks to queue
[2023-05-21T00:04:39.664+0000] {logging_mixin.py:149} INFO - [2023-05-21T00:04:39.664+0000] {dagbag.py:541} INFO - Filling up the DagBag from /home/airflow/.local/lib/python3.7/site-packages/airflow/example_dags/example_branch_labels.py
[2023-05-21T00:04:39.671+0000] {processor.py:836} INFO - DAG(s) dict_keys(['example_branch_labels']) retrieved from /home/airflow/.local/lib/python3.7/site-packages/airflow/example_dags/example_branch_labels.py
[2023-05-21T00:04:39.698+0000] {logging_mixin.py:149} INFO - [2023-05-21T00:04:39.698+0000] {dag.py:2726} INFO - Sync 1 DAGs
[2023-05-21T00:04:39.726+0000] {logging_mixin.py:149} INFO - [2023-05-21T00:04:39.726+0000] {dag.py:3490} INFO - Setting next_dagrun for example_branch_labels to 2023-05-20T00:00:00+00:00, run_after=2023-05-21T00:00:00+00:00
[2023-05-21T00:04:39.751+0000] {processor.py:179} INFO - Processing /home/airflow/.local/lib/python3.7/site-packages/airflow/example_dags/example_branch_labels.py took 0.092 seconds
[2023-05-21T00:05:09.947+0000] {processor.py:157} INFO - Started process (PID=21586) to work on /home/airflow/.local/lib/python3.7/site-packages/airflow/example_dags/example_branch_labels.py
[2023-05-21T00:05:09.948+0000] {processor.py:826} INFO - Processing file /home/airflow/.local/lib/python3.7/site-packages/airflow/example_dags/example_branch_labels.py for tasks to queue
[2023-05-21T00:05:09.949+0000] {logging_mixin.py:149} INFO - [2023-05-21T00:05:09.949+0000] {dagbag.py:541} INFO - Filling up the DagBag from /home/airflow/.local/lib/python3.7/site-packages/airflow/example_dags/example_branch_labels.py
[2023-05-21T00:05:09.956+0000] {processor.py:836} INFO - DAG(s) dict_keys(['example_branch_labels']) retrieved from /home/airflow/.local/lib/python3.7/site-packages/airflow/example_dags/example_branch_labels.py
[2023-05-21T00:05:09.981+0000] {logging_mixin.py:149} INFO - [2023-05-21T00:05:09.981+0000] {dag.py:2726} INFO - Sync 1 DAGs
[2023-05-21T00:05:10.011+0000] {logging_mixin.py:149} INFO - [2023-05-21T00:05:10.011+0000] {dag.py:3490} INFO - Setting next_dagrun for example_branch_labels to 2023-05-20T00:00:00+00:00, run_after=2023-05-21T00:00:00+00:00
[2023-05-21T00:05:10.037+0000] {processor.py:179} INFO - Processing /home/airflow/.local/lib/python3.7/site-packages/airflow/example_dags/example_branch_labels.py took 0.092 seconds
[2023-05-21T00:05:40.524+0000] {processor.py:157} INFO - Started process (PID=21654) to work on /home/airflow/.local/lib/python3.7/site-packages/airflow/example_dags/example_branch_labels.py
[2023-05-21T00:05:40.524+0000] {processor.py:826} INFO - Processing file /home/airflow/.local/lib/python3.7/site-packages/airflow/example_dags/example_branch_labels.py for tasks to queue
[2023-05-21T00:05:40.525+0000] {logging_mixin.py:149} INFO - [2023-05-21T00:05:40.525+0000] {dagbag.py:541} INFO - Filling up the DagBag from /home/airflow/.local/lib/python3.7/site-packages/airflow/example_dags/example_branch_labels.py
[2023-05-21T00:05:40.532+0000] {processor.py:836} INFO - DAG(s) dict_keys(['example_branch_labels']) retrieved from /home/airflow/.local/lib/python3.7/site-packages/airflow/example_dags/example_branch_labels.py
[2023-05-21T00:05:40.557+0000] {logging_mixin.py:149} INFO - [2023-05-21T00:05:40.557+0000] {dag.py:2726} INFO - Sync 1 DAGs
[2023-05-21T00:05:40.584+0000] {logging_mixin.py:149} INFO - [2023-05-21T00:05:40.584+0000] {dag.py:3490} INFO - Setting next_dagrun for example_branch_labels to 2023-05-20T00:00:00+00:00, run_after=2023-05-21T00:00:00+00:00
[2023-05-21T00:05:40.608+0000] {processor.py:179} INFO - Processing /home/airflow/.local/lib/python3.7/site-packages/airflow/example_dags/example_branch_labels.py took 0.087 seconds
[2023-05-21T00:06:11.102+0000] {processor.py:157} INFO - Started process (PID=21723) to work on /home/airflow/.local/lib/python3.7/site-packages/airflow/example_dags/example_branch_labels.py
[2023-05-21T00:06:11.103+0000] {processor.py:826} INFO - Processing file /home/airflow/.local/lib/python3.7/site-packages/airflow/example_dags/example_branch_labels.py for tasks to queue
[2023-05-21T00:06:11.103+0000] {logging_mixin.py:149} INFO - [2023-05-21T00:06:11.103+0000] {dagbag.py:541} INFO - Filling up the DagBag from /home/airflow/.local/lib/python3.7/site-packages/airflow/example_dags/example_branch_labels.py
[2023-05-21T00:06:11.112+0000] {processor.py:836} INFO - DAG(s) dict_keys(['example_branch_labels']) retrieved from /home/airflow/.local/lib/python3.7/site-packages/airflow/example_dags/example_branch_labels.py
[2023-05-21T00:06:11.140+0000] {logging_mixin.py:149} INFO - [2023-05-21T00:06:11.139+0000] {dag.py:2726} INFO - Sync 1 DAGs
[2023-05-21T00:06:11.170+0000] {logging_mixin.py:149} INFO - [2023-05-21T00:06:11.170+0000] {dag.py:3490} INFO - Setting next_dagrun for example_branch_labels to 2023-05-20T00:00:00+00:00, run_after=2023-05-21T00:00:00+00:00
[2023-05-21T00:06:11.199+0000] {processor.py:179} INFO - Processing /home/airflow/.local/lib/python3.7/site-packages/airflow/example_dags/example_branch_labels.py took 0.100 seconds
[2023-05-21T00:06:41.537+0000] {processor.py:157} INFO - Started process (PID=21791) to work on /home/airflow/.local/lib/python3.7/site-packages/airflow/example_dags/example_branch_labels.py
[2023-05-21T00:06:41.538+0000] {processor.py:826} INFO - Processing file /home/airflow/.local/lib/python3.7/site-packages/airflow/example_dags/example_branch_labels.py for tasks to queue
[2023-05-21T00:06:41.539+0000] {logging_mixin.py:149} INFO - [2023-05-21T00:06:41.539+0000] {dagbag.py:541} INFO - Filling up the DagBag from /home/airflow/.local/lib/python3.7/site-packages/airflow/example_dags/example_branch_labels.py
[2023-05-21T00:06:41.547+0000] {processor.py:836} INFO - DAG(s) dict_keys(['example_branch_labels']) retrieved from /home/airflow/.local/lib/python3.7/site-packages/airflow/example_dags/example_branch_labels.py
[2023-05-21T00:06:41.574+0000] {logging_mixin.py:149} INFO - [2023-05-21T00:06:41.574+0000] {dag.py:2726} INFO - Sync 1 DAGs
[2023-05-21T00:06:41.606+0000] {logging_mixin.py:149} INFO - [2023-05-21T00:06:41.605+0000] {dag.py:3490} INFO - Setting next_dagrun for example_branch_labels to 2023-05-20T00:00:00+00:00, run_after=2023-05-21T00:00:00+00:00
[2023-05-21T00:06:41.633+0000] {processor.py:179} INFO - Processing /home/airflow/.local/lib/python3.7/site-packages/airflow/example_dags/example_branch_labels.py took 0.098 seconds
[2023-05-21T00:07:12.041+0000] {processor.py:157} INFO - Started process (PID=21859) to work on /home/airflow/.local/lib/python3.7/site-packages/airflow/example_dags/example_branch_labels.py
[2023-05-21T00:07:12.042+0000] {processor.py:826} INFO - Processing file /home/airflow/.local/lib/python3.7/site-packages/airflow/example_dags/example_branch_labels.py for tasks to queue
[2023-05-21T00:07:12.043+0000] {logging_mixin.py:149} INFO - [2023-05-21T00:07:12.043+0000] {dagbag.py:541} INFO - Filling up the DagBag from /home/airflow/.local/lib/python3.7/site-packages/airflow/example_dags/example_branch_labels.py
[2023-05-21T00:07:12.050+0000] {processor.py:836} INFO - DAG(s) dict_keys(['example_branch_labels']) retrieved from /home/airflow/.local/lib/python3.7/site-packages/airflow/example_dags/example_branch_labels.py
[2023-05-21T00:07:12.075+0000] {logging_mixin.py:149} INFO - [2023-05-21T00:07:12.074+0000] {dag.py:2726} INFO - Sync 1 DAGs
[2023-05-21T00:07:12.103+0000] {logging_mixin.py:149} INFO - [2023-05-21T00:07:12.103+0000] {dag.py:3490} INFO - Setting next_dagrun for example_branch_labels to 2023-05-20T00:00:00+00:00, run_after=2023-05-21T00:00:00+00:00
[2023-05-21T00:07:12.125+0000] {processor.py:179} INFO - Processing /home/airflow/.local/lib/python3.7/site-packages/airflow/example_dags/example_branch_labels.py took 0.086 seconds
[2023-05-21T00:07:42.567+0000] {processor.py:157} INFO - Started process (PID=21927) to work on /home/airflow/.local/lib/python3.7/site-packages/airflow/example_dags/example_branch_labels.py
[2023-05-21T00:07:42.568+0000] {processor.py:826} INFO - Processing file /home/airflow/.local/lib/python3.7/site-packages/airflow/example_dags/example_branch_labels.py for tasks to queue
[2023-05-21T00:07:42.569+0000] {logging_mixin.py:149} INFO - [2023-05-21T00:07:42.569+0000] {dagbag.py:541} INFO - Filling up the DagBag from /home/airflow/.local/lib/python3.7/site-packages/airflow/example_dags/example_branch_labels.py
[2023-05-21T00:07:42.576+0000] {processor.py:836} INFO - DAG(s) dict_keys(['example_branch_labels']) retrieved from /home/airflow/.local/lib/python3.7/site-packages/airflow/example_dags/example_branch_labels.py
[2023-05-21T00:07:42.599+0000] {logging_mixin.py:149} INFO - [2023-05-21T00:07:42.599+0000] {dag.py:2726} INFO - Sync 1 DAGs
[2023-05-21T00:07:42.624+0000] {logging_mixin.py:149} INFO - [2023-05-21T00:07:42.624+0000] {dag.py:3490} INFO - Setting next_dagrun for example_branch_labels to 2023-05-20T00:00:00+00:00, run_after=2023-05-21T00:00:00+00:00
[2023-05-21T00:07:42.644+0000] {processor.py:179} INFO - Processing /home/airflow/.local/lib/python3.7/site-packages/airflow/example_dags/example_branch_labels.py took 0.079 seconds
[2023-05-21T23:12:41.703+0000] {processor.py:157} INFO - Started process (PID=38) to work on /home/airflow/.local/lib/python3.7/site-packages/airflow/example_dags/example_branch_labels.py
[2023-05-21T23:12:41.704+0000] {processor.py:826} INFO - Processing file /home/airflow/.local/lib/python3.7/site-packages/airflow/example_dags/example_branch_labels.py for tasks to queue
[2023-05-21T23:12:41.705+0000] {logging_mixin.py:149} INFO - [2023-05-21T23:12:41.705+0000] {dagbag.py:541} INFO - Filling up the DagBag from /home/airflow/.local/lib/python3.7/site-packages/airflow/example_dags/example_branch_labels.py
[2023-05-21T23:12:41.718+0000] {processor.py:836} INFO - DAG(s) dict_keys(['example_branch_labels']) retrieved from /home/airflow/.local/lib/python3.7/site-packages/airflow/example_dags/example_branch_labels.py
[2023-05-21T23:12:41.730+0000] {logging_mixin.py:149} INFO - [2023-05-21T23:12:41.730+0000] {dag.py:2726} INFO - Sync 1 DAGs
[2023-05-21T23:12:41.763+0000] {logging_mixin.py:149} INFO - [2023-05-21T23:12:41.763+0000] {dag.py:3490} INFO - Setting next_dagrun for example_branch_labels to 2023-05-20T00:00:00+00:00, run_after=2023-05-21T00:00:00+00:00
[2023-05-21T23:12:41.789+0000] {processor.py:179} INFO - Processing /home/airflow/.local/lib/python3.7/site-packages/airflow/example_dags/example_branch_labels.py took 0.089 seconds
