[2023-05-21T00:00:18.683+0000] {processor.py:157} INFO - Started process (PID=20929) to work on /home/airflow/.local/lib/python3.7/site-packages/airflow/example_dags/example_branch_python_dop_operator_3.py
[2023-05-21T00:00:18.684+0000] {processor.py:826} INFO - Processing file /home/airflow/.local/lib/python3.7/site-packages/airflow/example_dags/example_branch_python_dop_operator_3.py for tasks to queue
[2023-05-21T00:00:18.685+0000] {logging_mixin.py:149} INFO - [2023-05-21T00:00:18.685+0000] {dagbag.py:541} INFO - Filling up the DagBag from /home/airflow/.local/lib/python3.7/site-packages/airflow/example_dags/example_branch_python_dop_operator_3.py
[2023-05-21T00:00:18.693+0000] {processor.py:836} INFO - DAG(s) dict_keys(['example_branch_dop_operator_v3']) retrieved from /home/airflow/.local/lib/python3.7/site-packages/airflow/example_dags/example_branch_python_dop_operator_3.py
[2023-05-21T00:00:18.718+0000] {logging_mixin.py:149} INFO - [2023-05-21T00:00:18.718+0000] {dag.py:2726} INFO - Sync 1 DAGs
[2023-05-21T00:00:18.749+0000] {logging_mixin.py:149} INFO - [2023-05-21T00:00:18.749+0000] {dag.py:3490} INFO - Setting next_dagrun for example_branch_dop_operator_v3 to 2023-05-20T23:59:00+00:00, run_after=2023-05-21T00:00:00+00:00
[2023-05-21T00:00:18.776+0000] {processor.py:179} INFO - Processing /home/airflow/.local/lib/python3.7/site-packages/airflow/example_dags/example_branch_python_dop_operator_3.py took 0.095 seconds
[2023-05-21T00:00:48.865+0000] {processor.py:157} INFO - Started process (PID=20998) to work on /home/airflow/.local/lib/python3.7/site-packages/airflow/example_dags/example_branch_python_dop_operator_3.py
[2023-05-21T00:00:48.866+0000] {processor.py:826} INFO - Processing file /home/airflow/.local/lib/python3.7/site-packages/airflow/example_dags/example_branch_python_dop_operator_3.py for tasks to queue
[2023-05-21T00:00:48.867+0000] {logging_mixin.py:149} INFO - [2023-05-21T00:00:48.867+0000] {dagbag.py:541} INFO - Filling up the DagBag from /home/airflow/.local/lib/python3.7/site-packages/airflow/example_dags/example_branch_python_dop_operator_3.py
[2023-05-21T00:00:48.874+0000] {processor.py:836} INFO - DAG(s) dict_keys(['example_branch_dop_operator_v3']) retrieved from /home/airflow/.local/lib/python3.7/site-packages/airflow/example_dags/example_branch_python_dop_operator_3.py
[2023-05-21T00:00:48.901+0000] {logging_mixin.py:149} INFO - [2023-05-21T00:00:48.901+0000] {dag.py:2726} INFO - Sync 1 DAGs
[2023-05-21T00:00:48.936+0000] {logging_mixin.py:149} INFO - [2023-05-21T00:00:48.936+0000] {dag.py:3490} INFO - Setting next_dagrun for example_branch_dop_operator_v3 to 2023-05-20T23:59:00+00:00, run_after=2023-05-21T00:00:00+00:00
[2023-05-21T00:00:49.134+0000] {processor.py:179} INFO - Processing /home/airflow/.local/lib/python3.7/site-packages/airflow/example_dags/example_branch_python_dop_operator_3.py took 0.271 seconds
[2023-05-21T00:01:20.056+0000] {processor.py:157} INFO - Started process (PID=21066) to work on /home/airflow/.local/lib/python3.7/site-packages/airflow/example_dags/example_branch_python_dop_operator_3.py
[2023-05-21T00:01:20.056+0000] {processor.py:826} INFO - Processing file /home/airflow/.local/lib/python3.7/site-packages/airflow/example_dags/example_branch_python_dop_operator_3.py for tasks to queue
[2023-05-21T00:01:20.057+0000] {logging_mixin.py:149} INFO - [2023-05-21T00:01:20.057+0000] {dagbag.py:541} INFO - Filling up the DagBag from /home/airflow/.local/lib/python3.7/site-packages/airflow/example_dags/example_branch_python_dop_operator_3.py
[2023-05-21T00:01:20.064+0000] {processor.py:836} INFO - DAG(s) dict_keys(['example_branch_dop_operator_v3']) retrieved from /home/airflow/.local/lib/python3.7/site-packages/airflow/example_dags/example_branch_python_dop_operator_3.py
[2023-05-21T00:01:20.092+0000] {logging_mixin.py:149} INFO - [2023-05-21T00:01:20.091+0000] {dag.py:2726} INFO - Sync 1 DAGs
[2023-05-21T00:01:20.123+0000] {logging_mixin.py:149} INFO - [2023-05-21T00:01:20.123+0000] {dag.py:3490} INFO - Setting next_dagrun for example_branch_dop_operator_v3 to 2023-05-21T00:00:00+00:00, run_after=2023-05-21T00:01:00+00:00
[2023-05-21T00:01:20.150+0000] {processor.py:179} INFO - Processing /home/airflow/.local/lib/python3.7/site-packages/airflow/example_dags/example_branch_python_dop_operator_3.py took 0.096 seconds
[2023-05-21T00:01:50.551+0000] {processor.py:157} INFO - Started process (PID=21134) to work on /home/airflow/.local/lib/python3.7/site-packages/airflow/example_dags/example_branch_python_dop_operator_3.py
[2023-05-21T00:01:50.552+0000] {processor.py:826} INFO - Processing file /home/airflow/.local/lib/python3.7/site-packages/airflow/example_dags/example_branch_python_dop_operator_3.py for tasks to queue
[2023-05-21T00:01:50.553+0000] {logging_mixin.py:149} INFO - [2023-05-21T00:01:50.553+0000] {dagbag.py:541} INFO - Filling up the DagBag from /home/airflow/.local/lib/python3.7/site-packages/airflow/example_dags/example_branch_python_dop_operator_3.py
[2023-05-21T00:01:50.561+0000] {processor.py:836} INFO - DAG(s) dict_keys(['example_branch_dop_operator_v3']) retrieved from /home/airflow/.local/lib/python3.7/site-packages/airflow/example_dags/example_branch_python_dop_operator_3.py
[2023-05-21T00:01:50.593+0000] {logging_mixin.py:149} INFO - [2023-05-21T00:01:50.592+0000] {dag.py:2726} INFO - Sync 1 DAGs
[2023-05-21T00:01:50.633+0000] {logging_mixin.py:149} INFO - [2023-05-21T00:01:50.632+0000] {dag.py:3490} INFO - Setting next_dagrun for example_branch_dop_operator_v3 to 2023-05-21T00:00:00+00:00, run_after=2023-05-21T00:01:00+00:00
[2023-05-21T00:01:50.658+0000] {processor.py:179} INFO - Processing /home/airflow/.local/lib/python3.7/site-packages/airflow/example_dags/example_branch_python_dop_operator_3.py took 0.111 seconds
[2023-05-21T00:02:20.869+0000] {processor.py:157} INFO - Started process (PID=21202) to work on /home/airflow/.local/lib/python3.7/site-packages/airflow/example_dags/example_branch_python_dop_operator_3.py
[2023-05-21T00:02:20.870+0000] {processor.py:826} INFO - Processing file /home/airflow/.local/lib/python3.7/site-packages/airflow/example_dags/example_branch_python_dop_operator_3.py for tasks to queue
[2023-05-21T00:02:20.871+0000] {logging_mixin.py:149} INFO - [2023-05-21T00:02:20.871+0000] {dagbag.py:541} INFO - Filling up the DagBag from /home/airflow/.local/lib/python3.7/site-packages/airflow/example_dags/example_branch_python_dop_operator_3.py
[2023-05-21T00:02:20.878+0000] {processor.py:836} INFO - DAG(s) dict_keys(['example_branch_dop_operator_v3']) retrieved from /home/airflow/.local/lib/python3.7/site-packages/airflow/example_dags/example_branch_python_dop_operator_3.py
[2023-05-21T00:02:20.907+0000] {logging_mixin.py:149} INFO - [2023-05-21T00:02:20.906+0000] {dag.py:2726} INFO - Sync 1 DAGs
[2023-05-21T00:02:20.940+0000] {logging_mixin.py:149} INFO - [2023-05-21T00:02:20.940+0000] {dag.py:3490} INFO - Setting next_dagrun for example_branch_dop_operator_v3 to 2023-05-21T00:01:00+00:00, run_after=2023-05-21T00:02:00+00:00
[2023-05-21T00:02:21.005+0000] {processor.py:179} INFO - Processing /home/airflow/.local/lib/python3.7/site-packages/airflow/example_dags/example_branch_python_dop_operator_3.py took 0.138 seconds
[2023-05-21T00:02:51.535+0000] {processor.py:157} INFO - Started process (PID=21270) to work on /home/airflow/.local/lib/python3.7/site-packages/airflow/example_dags/example_branch_python_dop_operator_3.py
[2023-05-21T00:02:51.536+0000] {processor.py:826} INFO - Processing file /home/airflow/.local/lib/python3.7/site-packages/airflow/example_dags/example_branch_python_dop_operator_3.py for tasks to queue
[2023-05-21T00:02:51.537+0000] {logging_mixin.py:149} INFO - [2023-05-21T00:02:51.537+0000] {dagbag.py:541} INFO - Filling up the DagBag from /home/airflow/.local/lib/python3.7/site-packages/airflow/example_dags/example_branch_python_dop_operator_3.py
[2023-05-21T00:02:51.546+0000] {processor.py:836} INFO - DAG(s) dict_keys(['example_branch_dop_operator_v3']) retrieved from /home/airflow/.local/lib/python3.7/site-packages/airflow/example_dags/example_branch_python_dop_operator_3.py
[2023-05-21T00:02:51.574+0000] {logging_mixin.py:149} INFO - [2023-05-21T00:02:51.574+0000] {dag.py:2726} INFO - Sync 1 DAGs
[2023-05-21T00:02:51.609+0000] {logging_mixin.py:149} INFO - [2023-05-21T00:02:51.609+0000] {dag.py:3490} INFO - Setting next_dagrun for example_branch_dop_operator_v3 to 2023-05-21T00:01:00+00:00, run_after=2023-05-21T00:02:00+00:00
[2023-05-21T00:02:51.635+0000] {processor.py:179} INFO - Processing /home/airflow/.local/lib/python3.7/site-packages/airflow/example_dags/example_branch_python_dop_operator_3.py took 0.103 seconds
[2023-05-21T00:03:22.060+0000] {processor.py:157} INFO - Started process (PID=21339) to work on /home/airflow/.local/lib/python3.7/site-packages/airflow/example_dags/example_branch_python_dop_operator_3.py
[2023-05-21T00:03:22.061+0000] {processor.py:826} INFO - Processing file /home/airflow/.local/lib/python3.7/site-packages/airflow/example_dags/example_branch_python_dop_operator_3.py for tasks to queue
[2023-05-21T00:03:22.062+0000] {logging_mixin.py:149} INFO - [2023-05-21T00:03:22.062+0000] {dagbag.py:541} INFO - Filling up the DagBag from /home/airflow/.local/lib/python3.7/site-packages/airflow/example_dags/example_branch_python_dop_operator_3.py
[2023-05-21T00:03:22.072+0000] {processor.py:836} INFO - DAG(s) dict_keys(['example_branch_dop_operator_v3']) retrieved from /home/airflow/.local/lib/python3.7/site-packages/airflow/example_dags/example_branch_python_dop_operator_3.py
[2023-05-21T00:03:22.103+0000] {logging_mixin.py:149} INFO - [2023-05-21T00:03:22.103+0000] {dag.py:2726} INFO - Sync 1 DAGs
[2023-05-21T00:03:22.140+0000] {logging_mixin.py:149} INFO - [2023-05-21T00:03:22.139+0000] {dag.py:3490} INFO - Setting next_dagrun for example_branch_dop_operator_v3 to 2023-05-21T00:02:00+00:00, run_after=2023-05-21T00:03:00+00:00
[2023-05-21T00:03:22.169+0000] {processor.py:179} INFO - Processing /home/airflow/.local/lib/python3.7/site-packages/airflow/example_dags/example_branch_python_dop_operator_3.py took 0.112 seconds
[2023-05-21T00:03:52.519+0000] {processor.py:157} INFO - Started process (PID=21408) to work on /home/airflow/.local/lib/python3.7/site-packages/airflow/example_dags/example_branch_python_dop_operator_3.py
[2023-05-21T00:03:52.520+0000] {processor.py:826} INFO - Processing file /home/airflow/.local/lib/python3.7/site-packages/airflow/example_dags/example_branch_python_dop_operator_3.py for tasks to queue
[2023-05-21T00:03:52.521+0000] {logging_mixin.py:149} INFO - [2023-05-21T00:03:52.521+0000] {dagbag.py:541} INFO - Filling up the DagBag from /home/airflow/.local/lib/python3.7/site-packages/airflow/example_dags/example_branch_python_dop_operator_3.py
[2023-05-21T00:03:52.529+0000] {processor.py:836} INFO - DAG(s) dict_keys(['example_branch_dop_operator_v3']) retrieved from /home/airflow/.local/lib/python3.7/site-packages/airflow/example_dags/example_branch_python_dop_operator_3.py
[2023-05-21T00:03:52.557+0000] {logging_mixin.py:149} INFO - [2023-05-21T00:03:52.557+0000] {dag.py:2726} INFO - Sync 1 DAGs
[2023-05-21T00:03:52.589+0000] {logging_mixin.py:149} INFO - [2023-05-21T00:03:52.589+0000] {dag.py:3490} INFO - Setting next_dagrun for example_branch_dop_operator_v3 to 2023-05-21T00:02:00+00:00, run_after=2023-05-21T00:03:00+00:00
[2023-05-21T00:03:52.615+0000] {processor.py:179} INFO - Processing /home/airflow/.local/lib/python3.7/site-packages/airflow/example_dags/example_branch_python_dop_operator_3.py took 0.099 seconds
[2023-05-21T00:04:23.302+0000] {processor.py:157} INFO - Started process (PID=21484) to work on /home/airflow/.local/lib/python3.7/site-packages/airflow/example_dags/example_branch_python_dop_operator_3.py
[2023-05-21T00:04:23.303+0000] {processor.py:826} INFO - Processing file /home/airflow/.local/lib/python3.7/site-packages/airflow/example_dags/example_branch_python_dop_operator_3.py for tasks to queue
[2023-05-21T00:04:23.304+0000] {logging_mixin.py:149} INFO - [2023-05-21T00:04:23.304+0000] {dagbag.py:541} INFO - Filling up the DagBag from /home/airflow/.local/lib/python3.7/site-packages/airflow/example_dags/example_branch_python_dop_operator_3.py
[2023-05-21T00:04:23.314+0000] {processor.py:836} INFO - DAG(s) dict_keys(['example_branch_dop_operator_v3']) retrieved from /home/airflow/.local/lib/python3.7/site-packages/airflow/example_dags/example_branch_python_dop_operator_3.py
[2023-05-21T00:04:23.348+0000] {logging_mixin.py:149} INFO - [2023-05-21T00:04:23.347+0000] {dag.py:2726} INFO - Sync 1 DAGs
[2023-05-21T00:04:23.386+0000] {logging_mixin.py:149} INFO - [2023-05-21T00:04:23.386+0000] {dag.py:3490} INFO - Setting next_dagrun for example_branch_dop_operator_v3 to 2023-05-21T00:03:00+00:00, run_after=2023-05-21T00:04:00+00:00
[2023-05-21T00:04:23.414+0000] {processor.py:179} INFO - Processing /home/airflow/.local/lib/python3.7/site-packages/airflow/example_dags/example_branch_python_dop_operator_3.py took 0.117 seconds
[2023-05-21T00:04:53.572+0000] {processor.py:157} INFO - Started process (PID=21553) to work on /home/airflow/.local/lib/python3.7/site-packages/airflow/example_dags/example_branch_python_dop_operator_3.py
[2023-05-21T00:04:53.573+0000] {processor.py:826} INFO - Processing file /home/airflow/.local/lib/python3.7/site-packages/airflow/example_dags/example_branch_python_dop_operator_3.py for tasks to queue
[2023-05-21T00:04:53.574+0000] {logging_mixin.py:149} INFO - [2023-05-21T00:04:53.574+0000] {dagbag.py:541} INFO - Filling up the DagBag from /home/airflow/.local/lib/python3.7/site-packages/airflow/example_dags/example_branch_python_dop_operator_3.py
[2023-05-21T00:04:53.581+0000] {processor.py:836} INFO - DAG(s) dict_keys(['example_branch_dop_operator_v3']) retrieved from /home/airflow/.local/lib/python3.7/site-packages/airflow/example_dags/example_branch_python_dop_operator_3.py
[2023-05-21T00:04:53.608+0000] {logging_mixin.py:149} INFO - [2023-05-21T00:04:53.608+0000] {dag.py:2726} INFO - Sync 1 DAGs
[2023-05-21T00:04:53.642+0000] {logging_mixin.py:149} INFO - [2023-05-21T00:04:53.642+0000] {dag.py:3490} INFO - Setting next_dagrun for example_branch_dop_operator_v3 to 2023-05-21T00:03:00+00:00, run_after=2023-05-21T00:04:00+00:00
[2023-05-21T00:04:53.676+0000] {processor.py:179} INFO - Processing /home/airflow/.local/lib/python3.7/site-packages/airflow/example_dags/example_branch_python_dop_operator_3.py took 0.107 seconds
[2023-05-21T00:05:24.054+0000] {processor.py:157} INFO - Started process (PID=21621) to work on /home/airflow/.local/lib/python3.7/site-packages/airflow/example_dags/example_branch_python_dop_operator_3.py
[2023-05-21T00:05:24.055+0000] {processor.py:826} INFO - Processing file /home/airflow/.local/lib/python3.7/site-packages/airflow/example_dags/example_branch_python_dop_operator_3.py for tasks to queue
[2023-05-21T00:05:24.056+0000] {logging_mixin.py:149} INFO - [2023-05-21T00:05:24.056+0000] {dagbag.py:541} INFO - Filling up the DagBag from /home/airflow/.local/lib/python3.7/site-packages/airflow/example_dags/example_branch_python_dop_operator_3.py
[2023-05-21T00:05:24.064+0000] {processor.py:836} INFO - DAG(s) dict_keys(['example_branch_dop_operator_v3']) retrieved from /home/airflow/.local/lib/python3.7/site-packages/airflow/example_dags/example_branch_python_dop_operator_3.py
[2023-05-21T00:05:24.093+0000] {logging_mixin.py:149} INFO - [2023-05-21T00:05:24.092+0000] {dag.py:2726} INFO - Sync 1 DAGs
[2023-05-21T00:05:24.129+0000] {logging_mixin.py:149} INFO - [2023-05-21T00:05:24.129+0000] {dag.py:3490} INFO - Setting next_dagrun for example_branch_dop_operator_v3 to 2023-05-21T00:04:00+00:00, run_after=2023-05-21T00:05:00+00:00
[2023-05-21T00:05:24.154+0000] {processor.py:179} INFO - Processing /home/airflow/.local/lib/python3.7/site-packages/airflow/example_dags/example_branch_python_dop_operator_3.py took 0.103 seconds
[2023-05-21T00:05:54.545+0000] {processor.py:157} INFO - Started process (PID=21690) to work on /home/airflow/.local/lib/python3.7/site-packages/airflow/example_dags/example_branch_python_dop_operator_3.py
[2023-05-21T00:05:54.547+0000] {processor.py:826} INFO - Processing file /home/airflow/.local/lib/python3.7/site-packages/airflow/example_dags/example_branch_python_dop_operator_3.py for tasks to queue
[2023-05-21T00:05:54.548+0000] {logging_mixin.py:149} INFO - [2023-05-21T00:05:54.547+0000] {dagbag.py:541} INFO - Filling up the DagBag from /home/airflow/.local/lib/python3.7/site-packages/airflow/example_dags/example_branch_python_dop_operator_3.py
[2023-05-21T00:05:54.555+0000] {processor.py:836} INFO - DAG(s) dict_keys(['example_branch_dop_operator_v3']) retrieved from /home/airflow/.local/lib/python3.7/site-packages/airflow/example_dags/example_branch_python_dop_operator_3.py
[2023-05-21T00:05:54.584+0000] {logging_mixin.py:149} INFO - [2023-05-21T00:05:54.584+0000] {dag.py:2726} INFO - Sync 1 DAGs
[2023-05-21T00:05:54.618+0000] {logging_mixin.py:149} INFO - [2023-05-21T00:05:54.618+0000] {dag.py:3490} INFO - Setting next_dagrun for example_branch_dop_operator_v3 to 2023-05-21T00:04:00+00:00, run_after=2023-05-21T00:05:00+00:00
[2023-05-21T00:05:54.646+0000] {processor.py:179} INFO - Processing /home/airflow/.local/lib/python3.7/site-packages/airflow/example_dags/example_branch_python_dop_operator_3.py took 0.104 seconds
[2023-05-21T00:06:25.133+0000] {processor.py:157} INFO - Started process (PID=21758) to work on /home/airflow/.local/lib/python3.7/site-packages/airflow/example_dags/example_branch_python_dop_operator_3.py
[2023-05-21T00:06:25.134+0000] {processor.py:826} INFO - Processing file /home/airflow/.local/lib/python3.7/site-packages/airflow/example_dags/example_branch_python_dop_operator_3.py for tasks to queue
[2023-05-21T00:06:25.135+0000] {logging_mixin.py:149} INFO - [2023-05-21T00:06:25.134+0000] {dagbag.py:541} INFO - Filling up the DagBag from /home/airflow/.local/lib/python3.7/site-packages/airflow/example_dags/example_branch_python_dop_operator_3.py
[2023-05-21T00:06:25.141+0000] {processor.py:836} INFO - DAG(s) dict_keys(['example_branch_dop_operator_v3']) retrieved from /home/airflow/.local/lib/python3.7/site-packages/airflow/example_dags/example_branch_python_dop_operator_3.py
[2023-05-21T00:06:25.170+0000] {logging_mixin.py:149} INFO - [2023-05-21T00:06:25.170+0000] {dag.py:2726} INFO - Sync 1 DAGs
[2023-05-21T00:06:25.205+0000] {logging_mixin.py:149} INFO - [2023-05-21T00:06:25.204+0000] {dag.py:3490} INFO - Setting next_dagrun for example_branch_dop_operator_v3 to 2023-05-21T00:05:00+00:00, run_after=2023-05-21T00:06:00+00:00
[2023-05-21T00:06:25.235+0000] {processor.py:179} INFO - Processing /home/airflow/.local/lib/python3.7/site-packages/airflow/example_dags/example_branch_python_dop_operator_3.py took 0.105 seconds
[2023-05-21T00:06:55.688+0000] {processor.py:157} INFO - Started process (PID=21826) to work on /home/airflow/.local/lib/python3.7/site-packages/airflow/example_dags/example_branch_python_dop_operator_3.py
[2023-05-21T00:06:55.689+0000] {processor.py:826} INFO - Processing file /home/airflow/.local/lib/python3.7/site-packages/airflow/example_dags/example_branch_python_dop_operator_3.py for tasks to queue
[2023-05-21T00:06:55.689+0000] {logging_mixin.py:149} INFO - [2023-05-21T00:06:55.689+0000] {dagbag.py:541} INFO - Filling up the DagBag from /home/airflow/.local/lib/python3.7/site-packages/airflow/example_dags/example_branch_python_dop_operator_3.py
[2023-05-21T00:06:55.697+0000] {processor.py:836} INFO - DAG(s) dict_keys(['example_branch_dop_operator_v3']) retrieved from /home/airflow/.local/lib/python3.7/site-packages/airflow/example_dags/example_branch_python_dop_operator_3.py
[2023-05-21T00:06:55.727+0000] {logging_mixin.py:149} INFO - [2023-05-21T00:06:55.726+0000] {dag.py:2726} INFO - Sync 1 DAGs
[2023-05-21T00:06:55.763+0000] {logging_mixin.py:149} INFO - [2023-05-21T00:06:55.762+0000] {dag.py:3490} INFO - Setting next_dagrun for example_branch_dop_operator_v3 to 2023-05-21T00:05:00+00:00, run_after=2023-05-21T00:06:00+00:00
[2023-05-21T00:06:55.790+0000] {processor.py:179} INFO - Processing /home/airflow/.local/lib/python3.7/site-packages/airflow/example_dags/example_branch_python_dop_operator_3.py took 0.105 seconds
[2023-05-21T00:07:25.986+0000] {processor.py:157} INFO - Started process (PID=21894) to work on /home/airflow/.local/lib/python3.7/site-packages/airflow/example_dags/example_branch_python_dop_operator_3.py
[2023-05-21T00:07:25.987+0000] {processor.py:826} INFO - Processing file /home/airflow/.local/lib/python3.7/site-packages/airflow/example_dags/example_branch_python_dop_operator_3.py for tasks to queue
[2023-05-21T00:07:25.988+0000] {logging_mixin.py:149} INFO - [2023-05-21T00:07:25.988+0000] {dagbag.py:541} INFO - Filling up the DagBag from /home/airflow/.local/lib/python3.7/site-packages/airflow/example_dags/example_branch_python_dop_operator_3.py
[2023-05-21T00:07:25.997+0000] {processor.py:836} INFO - DAG(s) dict_keys(['example_branch_dop_operator_v3']) retrieved from /home/airflow/.local/lib/python3.7/site-packages/airflow/example_dags/example_branch_python_dop_operator_3.py
[2023-05-21T00:07:26.027+0000] {logging_mixin.py:149} INFO - [2023-05-21T00:07:26.027+0000] {dag.py:2726} INFO - Sync 1 DAGs
[2023-05-21T00:07:26.067+0000] {logging_mixin.py:149} INFO - [2023-05-21T00:07:26.067+0000] {dag.py:3490} INFO - Setting next_dagrun for example_branch_dop_operator_v3 to 2023-05-21T00:06:00+00:00, run_after=2023-05-21T00:07:00+00:00
[2023-05-21T00:07:26.101+0000] {processor.py:179} INFO - Processing /home/airflow/.local/lib/python3.7/site-packages/airflow/example_dags/example_branch_python_dop_operator_3.py took 0.118 seconds
[2023-05-21T00:07:56.734+0000] {processor.py:157} INFO - Started process (PID=21963) to work on /home/airflow/.local/lib/python3.7/site-packages/airflow/example_dags/example_branch_python_dop_operator_3.py
[2023-05-21T00:07:56.735+0000] {processor.py:826} INFO - Processing file /home/airflow/.local/lib/python3.7/site-packages/airflow/example_dags/example_branch_python_dop_operator_3.py for tasks to queue
[2023-05-21T00:07:56.736+0000] {logging_mixin.py:149} INFO - [2023-05-21T00:07:56.736+0000] {dagbag.py:541} INFO - Filling up the DagBag from /home/airflow/.local/lib/python3.7/site-packages/airflow/example_dags/example_branch_python_dop_operator_3.py
[2023-05-21T00:07:56.744+0000] {processor.py:836} INFO - DAG(s) dict_keys(['example_branch_dop_operator_v3']) retrieved from /home/airflow/.local/lib/python3.7/site-packages/airflow/example_dags/example_branch_python_dop_operator_3.py
[2023-05-21T00:07:56.769+0000] {logging_mixin.py:149} INFO - [2023-05-21T00:07:56.769+0000] {dag.py:2726} INFO - Sync 1 DAGs
[2023-05-21T00:07:56.796+0000] {logging_mixin.py:149} INFO - [2023-05-21T00:07:56.796+0000] {dag.py:3490} INFO - Setting next_dagrun for example_branch_dop_operator_v3 to 2023-05-21T00:06:00+00:00, run_after=2023-05-21T00:07:00+00:00
[2023-05-21T00:07:56.952+0000] {processor.py:179} INFO - Processing /home/airflow/.local/lib/python3.7/site-packages/airflow/example_dags/example_branch_python_dop_operator_3.py took 0.221 seconds
[2023-05-21T23:12:43.568+0000] {processor.py:157} INFO - Started process (PID=64) to work on /home/airflow/.local/lib/python3.7/site-packages/airflow/example_dags/example_branch_python_dop_operator_3.py
[2023-05-21T23:12:43.569+0000] {processor.py:826} INFO - Processing file /home/airflow/.local/lib/python3.7/site-packages/airflow/example_dags/example_branch_python_dop_operator_3.py for tasks to queue
[2023-05-21T23:12:43.570+0000] {logging_mixin.py:149} INFO - [2023-05-21T23:12:43.570+0000] {dagbag.py:541} INFO - Filling up the DagBag from /home/airflow/.local/lib/python3.7/site-packages/airflow/example_dags/example_branch_python_dop_operator_3.py
[2023-05-21T23:12:43.580+0000] {processor.py:836} INFO - DAG(s) dict_keys(['example_branch_dop_operator_v3']) retrieved from /home/airflow/.local/lib/python3.7/site-packages/airflow/example_dags/example_branch_python_dop_operator_3.py
[2023-05-21T23:12:43.593+0000] {logging_mixin.py:149} INFO - [2023-05-21T23:12:43.593+0000] {dag.py:2726} INFO - Sync 1 DAGs
[2023-05-21T23:12:43.635+0000] {logging_mixin.py:149} INFO - [2023-05-21T23:12:43.635+0000] {dag.py:3490} INFO - Setting next_dagrun for example_branch_dop_operator_v3 to 2023-05-21T23:11:00+00:00, run_after=2023-05-21T23:12:00+00:00
[2023-05-21T23:12:43.661+0000] {processor.py:179} INFO - Processing /home/airflow/.local/lib/python3.7/site-packages/airflow/example_dags/example_branch_python_dop_operator_3.py took 0.096 seconds
