[2023-05-21T00:00:06.657+0000] {processor.py:157} INFO - Started process (PID=20903) to work on /home/airflow/.local/lib/python3.7/site-packages/airflow/example_dags/example_task_group.py
[2023-05-21T00:00:06.658+0000] {processor.py:826} INFO - Processing file /home/airflow/.local/lib/python3.7/site-packages/airflow/example_dags/example_task_group.py for tasks to queue
[2023-05-21T00:00:06.659+0000] {logging_mixin.py:149} INFO - [2023-05-21T00:00:06.659+0000] {dagbag.py:541} INFO - Filling up the DagBag from /home/airflow/.local/lib/python3.7/site-packages/airflow/example_dags/example_task_group.py
[2023-05-21T00:00:06.667+0000] {processor.py:836} INFO - DAG(s) dict_keys(['example_task_group']) retrieved from /home/airflow/.local/lib/python3.7/site-packages/airflow/example_dags/example_task_group.py
[2023-05-21T00:00:06.694+0000] {logging_mixin.py:149} INFO - [2023-05-21T00:00:06.694+0000] {dag.py:2726} INFO - Sync 1 DAGs
[2023-05-21T00:00:06.722+0000] {logging_mixin.py:149} INFO - [2023-05-21T00:00:06.722+0000] {dag.py:3490} INFO - Setting next_dagrun for example_task_group to 2023-05-20T00:00:06.721970+00:00, run_after=2023-05-21T00:00:06.721970+00:00
[2023-05-21T00:00:06.749+0000] {processor.py:179} INFO - Processing /home/airflow/.local/lib/python3.7/site-packages/airflow/example_dags/example_task_group.py took 0.096 seconds
[2023-05-21T00:00:37.220+0000] {processor.py:157} INFO - Started process (PID=20972) to work on /home/airflow/.local/lib/python3.7/site-packages/airflow/example_dags/example_task_group.py
[2023-05-21T00:00:37.221+0000] {processor.py:826} INFO - Processing file /home/airflow/.local/lib/python3.7/site-packages/airflow/example_dags/example_task_group.py for tasks to queue
[2023-05-21T00:00:37.222+0000] {logging_mixin.py:149} INFO - [2023-05-21T00:00:37.222+0000] {dagbag.py:541} INFO - Filling up the DagBag from /home/airflow/.local/lib/python3.7/site-packages/airflow/example_dags/example_task_group.py
[2023-05-21T00:00:37.229+0000] {processor.py:836} INFO - DAG(s) dict_keys(['example_task_group']) retrieved from /home/airflow/.local/lib/python3.7/site-packages/airflow/example_dags/example_task_group.py
[2023-05-21T00:00:37.258+0000] {logging_mixin.py:149} INFO - [2023-05-21T00:00:37.257+0000] {dag.py:2726} INFO - Sync 1 DAGs
[2023-05-21T00:00:37.290+0000] {logging_mixin.py:149} INFO - [2023-05-21T00:00:37.290+0000] {dag.py:3490} INFO - Setting next_dagrun for example_task_group to 2023-05-20T00:00:37.289990+00:00, run_after=2023-05-21T00:00:37.289990+00:00
[2023-05-21T00:00:37.317+0000] {processor.py:179} INFO - Processing /home/airflow/.local/lib/python3.7/site-packages/airflow/example_dags/example_task_group.py took 0.100 seconds
[2023-05-21T00:01:08.175+0000] {processor.py:157} INFO - Started process (PID=21040) to work on /home/airflow/.local/lib/python3.7/site-packages/airflow/example_dags/example_task_group.py
[2023-05-21T00:01:08.176+0000] {processor.py:826} INFO - Processing file /home/airflow/.local/lib/python3.7/site-packages/airflow/example_dags/example_task_group.py for tasks to queue
[2023-05-21T00:01:08.176+0000] {logging_mixin.py:149} INFO - [2023-05-21T00:01:08.176+0000] {dagbag.py:541} INFO - Filling up the DagBag from /home/airflow/.local/lib/python3.7/site-packages/airflow/example_dags/example_task_group.py
[2023-05-21T00:01:08.183+0000] {processor.py:836} INFO - DAG(s) dict_keys(['example_task_group']) retrieved from /home/airflow/.local/lib/python3.7/site-packages/airflow/example_dags/example_task_group.py
[2023-05-21T00:01:08.211+0000] {logging_mixin.py:149} INFO - [2023-05-21T00:01:08.210+0000] {dag.py:2726} INFO - Sync 1 DAGs
[2023-05-21T00:01:08.239+0000] {logging_mixin.py:149} INFO - [2023-05-21T00:01:08.238+0000] {dag.py:3490} INFO - Setting next_dagrun for example_task_group to 2023-05-20T00:01:08.238546+00:00, run_after=2023-05-21T00:01:08.238546+00:00
[2023-05-21T00:01:08.268+0000] {processor.py:179} INFO - Processing /home/airflow/.local/lib/python3.7/site-packages/airflow/example_dags/example_task_group.py took 0.096 seconds
[2023-05-21T00:01:38.809+0000] {processor.py:157} INFO - Started process (PID=21108) to work on /home/airflow/.local/lib/python3.7/site-packages/airflow/example_dags/example_task_group.py
[2023-05-21T00:01:38.810+0000] {processor.py:826} INFO - Processing file /home/airflow/.local/lib/python3.7/site-packages/airflow/example_dags/example_task_group.py for tasks to queue
[2023-05-21T00:01:38.811+0000] {logging_mixin.py:149} INFO - [2023-05-21T00:01:38.810+0000] {dagbag.py:541} INFO - Filling up the DagBag from /home/airflow/.local/lib/python3.7/site-packages/airflow/example_dags/example_task_group.py
[2023-05-21T00:01:38.818+0000] {processor.py:836} INFO - DAG(s) dict_keys(['example_task_group']) retrieved from /home/airflow/.local/lib/python3.7/site-packages/airflow/example_dags/example_task_group.py
[2023-05-21T00:01:38.844+0000] {logging_mixin.py:149} INFO - [2023-05-21T00:01:38.844+0000] {dag.py:2726} INFO - Sync 1 DAGs
[2023-05-21T00:01:38.871+0000] {logging_mixin.py:149} INFO - [2023-05-21T00:01:38.871+0000] {dag.py:3490} INFO - Setting next_dagrun for example_task_group to 2023-05-20T00:01:38.871070+00:00, run_after=2023-05-21T00:01:38.871070+00:00
[2023-05-21T00:01:38.902+0000] {processor.py:179} INFO - Processing /home/airflow/.local/lib/python3.7/site-packages/airflow/example_dags/example_task_group.py took 0.096 seconds
[2023-05-21T00:02:09.059+0000] {processor.py:157} INFO - Started process (PID=21176) to work on /home/airflow/.local/lib/python3.7/site-packages/airflow/example_dags/example_task_group.py
[2023-05-21T00:02:09.060+0000] {processor.py:826} INFO - Processing file /home/airflow/.local/lib/python3.7/site-packages/airflow/example_dags/example_task_group.py for tasks to queue
[2023-05-21T00:02:09.062+0000] {logging_mixin.py:149} INFO - [2023-05-21T00:02:09.062+0000] {dagbag.py:541} INFO - Filling up the DagBag from /home/airflow/.local/lib/python3.7/site-packages/airflow/example_dags/example_task_group.py
[2023-05-21T00:02:09.069+0000] {processor.py:836} INFO - DAG(s) dict_keys(['example_task_group']) retrieved from /home/airflow/.local/lib/python3.7/site-packages/airflow/example_dags/example_task_group.py
[2023-05-21T00:02:09.096+0000] {logging_mixin.py:149} INFO - [2023-05-21T00:02:09.096+0000] {dag.py:2726} INFO - Sync 1 DAGs
[2023-05-21T00:02:09.124+0000] {logging_mixin.py:149} INFO - [2023-05-21T00:02:09.124+0000] {dag.py:3490} INFO - Setting next_dagrun for example_task_group to 2023-05-20T00:02:09.124313+00:00, run_after=2023-05-21T00:02:09.124313+00:00
[2023-05-21T00:02:09.151+0000] {processor.py:179} INFO - Processing /home/airflow/.local/lib/python3.7/site-packages/airflow/example_dags/example_task_group.py took 0.094 seconds
[2023-05-21T00:02:39.459+0000] {processor.py:157} INFO - Started process (PID=21244) to work on /home/airflow/.local/lib/python3.7/site-packages/airflow/example_dags/example_task_group.py
[2023-05-21T00:02:39.460+0000] {processor.py:826} INFO - Processing file /home/airflow/.local/lib/python3.7/site-packages/airflow/example_dags/example_task_group.py for tasks to queue
[2023-05-21T00:02:39.461+0000] {logging_mixin.py:149} INFO - [2023-05-21T00:02:39.461+0000] {dagbag.py:541} INFO - Filling up the DagBag from /home/airflow/.local/lib/python3.7/site-packages/airflow/example_dags/example_task_group.py
[2023-05-21T00:02:39.469+0000] {processor.py:836} INFO - DAG(s) dict_keys(['example_task_group']) retrieved from /home/airflow/.local/lib/python3.7/site-packages/airflow/example_dags/example_task_group.py
[2023-05-21T00:02:39.497+0000] {logging_mixin.py:149} INFO - [2023-05-21T00:02:39.497+0000] {dag.py:2726} INFO - Sync 1 DAGs
[2023-05-21T00:02:39.526+0000] {logging_mixin.py:149} INFO - [2023-05-21T00:02:39.526+0000] {dag.py:3490} INFO - Setting next_dagrun for example_task_group to 2023-05-20T00:02:39.525856+00:00, run_after=2023-05-21T00:02:39.525856+00:00
[2023-05-21T00:02:39.552+0000] {processor.py:179} INFO - Processing /home/airflow/.local/lib/python3.7/site-packages/airflow/example_dags/example_task_group.py took 0.095 seconds
[2023-05-21T00:03:10.235+0000] {processor.py:157} INFO - Started process (PID=21313) to work on /home/airflow/.local/lib/python3.7/site-packages/airflow/example_dags/example_task_group.py
[2023-05-21T00:03:10.236+0000] {processor.py:826} INFO - Processing file /home/airflow/.local/lib/python3.7/site-packages/airflow/example_dags/example_task_group.py for tasks to queue
[2023-05-21T00:03:10.237+0000] {logging_mixin.py:149} INFO - [2023-05-21T00:03:10.236+0000] {dagbag.py:541} INFO - Filling up the DagBag from /home/airflow/.local/lib/python3.7/site-packages/airflow/example_dags/example_task_group.py
[2023-05-21T00:03:10.244+0000] {processor.py:836} INFO - DAG(s) dict_keys(['example_task_group']) retrieved from /home/airflow/.local/lib/python3.7/site-packages/airflow/example_dags/example_task_group.py
[2023-05-21T00:03:10.271+0000] {logging_mixin.py:149} INFO - [2023-05-21T00:03:10.270+0000] {dag.py:2726} INFO - Sync 1 DAGs
[2023-05-21T00:03:10.299+0000] {logging_mixin.py:149} INFO - [2023-05-21T00:03:10.299+0000] {dag.py:3490} INFO - Setting next_dagrun for example_task_group to 2023-05-20T00:03:10.298868+00:00, run_after=2023-05-21T00:03:10.298868+00:00
[2023-05-21T00:03:10.324+0000] {processor.py:179} INFO - Processing /home/airflow/.local/lib/python3.7/site-packages/airflow/example_dags/example_task_group.py took 0.093 seconds
[2023-05-21T00:03:40.761+0000] {processor.py:157} INFO - Started process (PID=21382) to work on /home/airflow/.local/lib/python3.7/site-packages/airflow/example_dags/example_task_group.py
[2023-05-21T00:03:40.762+0000] {processor.py:826} INFO - Processing file /home/airflow/.local/lib/python3.7/site-packages/airflow/example_dags/example_task_group.py for tasks to queue
[2023-05-21T00:03:40.762+0000] {logging_mixin.py:149} INFO - [2023-05-21T00:03:40.762+0000] {dagbag.py:541} INFO - Filling up the DagBag from /home/airflow/.local/lib/python3.7/site-packages/airflow/example_dags/example_task_group.py
[2023-05-21T00:03:40.770+0000] {processor.py:836} INFO - DAG(s) dict_keys(['example_task_group']) retrieved from /home/airflow/.local/lib/python3.7/site-packages/airflow/example_dags/example_task_group.py
[2023-05-21T00:03:40.797+0000] {logging_mixin.py:149} INFO - [2023-05-21T00:03:40.796+0000] {dag.py:2726} INFO - Sync 1 DAGs
[2023-05-21T00:03:40.825+0000] {logging_mixin.py:149} INFO - [2023-05-21T00:03:40.825+0000] {dag.py:3490} INFO - Setting next_dagrun for example_task_group to 2023-05-20T00:03:40.825475+00:00, run_after=2023-05-21T00:03:40.825475+00:00
[2023-05-21T00:03:40.853+0000] {processor.py:179} INFO - Processing /home/airflow/.local/lib/python3.7/site-packages/airflow/example_dags/example_task_group.py took 0.095 seconds
[2023-05-21T00:04:11.196+0000] {processor.py:157} INFO - Started process (PID=21451) to work on /home/airflow/.local/lib/python3.7/site-packages/airflow/example_dags/example_task_group.py
[2023-05-21T00:04:11.197+0000] {processor.py:826} INFO - Processing file /home/airflow/.local/lib/python3.7/site-packages/airflow/example_dags/example_task_group.py for tasks to queue
[2023-05-21T00:04:11.197+0000] {logging_mixin.py:149} INFO - [2023-05-21T00:04:11.197+0000] {dagbag.py:541} INFO - Filling up the DagBag from /home/airflow/.local/lib/python3.7/site-packages/airflow/example_dags/example_task_group.py
[2023-05-21T00:04:11.205+0000] {processor.py:836} INFO - DAG(s) dict_keys(['example_task_group']) retrieved from /home/airflow/.local/lib/python3.7/site-packages/airflow/example_dags/example_task_group.py
[2023-05-21T00:04:11.232+0000] {logging_mixin.py:149} INFO - [2023-05-21T00:04:11.232+0000] {dag.py:2726} INFO - Sync 1 DAGs
[2023-05-21T00:04:11.262+0000] {logging_mixin.py:149} INFO - [2023-05-21T00:04:11.261+0000] {dag.py:3490} INFO - Setting next_dagrun for example_task_group to 2023-05-20T00:04:11.261491+00:00, run_after=2023-05-21T00:04:11.261491+00:00
[2023-05-21T00:04:11.289+0000] {processor.py:179} INFO - Processing /home/airflow/.local/lib/python3.7/site-packages/airflow/example_dags/example_task_group.py took 0.096 seconds
[2023-05-21T00:04:41.800+0000] {processor.py:157} INFO - Started process (PID=21520) to work on /home/airflow/.local/lib/python3.7/site-packages/airflow/example_dags/example_task_group.py
[2023-05-21T00:04:41.801+0000] {processor.py:826} INFO - Processing file /home/airflow/.local/lib/python3.7/site-packages/airflow/example_dags/example_task_group.py for tasks to queue
[2023-05-21T00:04:41.801+0000] {logging_mixin.py:149} INFO - [2023-05-21T00:04:41.801+0000] {dagbag.py:541} INFO - Filling up the DagBag from /home/airflow/.local/lib/python3.7/site-packages/airflow/example_dags/example_task_group.py
[2023-05-21T00:04:41.808+0000] {processor.py:836} INFO - DAG(s) dict_keys(['example_task_group']) retrieved from /home/airflow/.local/lib/python3.7/site-packages/airflow/example_dags/example_task_group.py
[2023-05-21T00:04:41.835+0000] {logging_mixin.py:149} INFO - [2023-05-21T00:04:41.835+0000] {dag.py:2726} INFO - Sync 1 DAGs
[2023-05-21T00:04:41.862+0000] {logging_mixin.py:149} INFO - [2023-05-21T00:04:41.862+0000] {dag.py:3490} INFO - Setting next_dagrun for example_task_group to 2023-05-20T00:04:41.862290+00:00, run_after=2023-05-21T00:04:41.862290+00:00
[2023-05-21T00:04:41.889+0000] {processor.py:179} INFO - Processing /home/airflow/.local/lib/python3.7/site-packages/airflow/example_dags/example_task_group.py took 0.092 seconds
[2023-05-21T00:05:12.088+0000] {processor.py:157} INFO - Started process (PID=21588) to work on /home/airflow/.local/lib/python3.7/site-packages/airflow/example_dags/example_task_group.py
[2023-05-21T00:05:12.089+0000] {processor.py:826} INFO - Processing file /home/airflow/.local/lib/python3.7/site-packages/airflow/example_dags/example_task_group.py for tasks to queue
[2023-05-21T00:05:12.089+0000] {logging_mixin.py:149} INFO - [2023-05-21T00:05:12.089+0000] {dagbag.py:541} INFO - Filling up the DagBag from /home/airflow/.local/lib/python3.7/site-packages/airflow/example_dags/example_task_group.py
[2023-05-21T00:05:12.097+0000] {processor.py:836} INFO - DAG(s) dict_keys(['example_task_group']) retrieved from /home/airflow/.local/lib/python3.7/site-packages/airflow/example_dags/example_task_group.py
[2023-05-21T00:05:12.124+0000] {logging_mixin.py:149} INFO - [2023-05-21T00:05:12.124+0000] {dag.py:2726} INFO - Sync 1 DAGs
[2023-05-21T00:05:12.156+0000] {logging_mixin.py:149} INFO - [2023-05-21T00:05:12.156+0000] {dag.py:3490} INFO - Setting next_dagrun for example_task_group to 2023-05-20T00:05:12.155872+00:00, run_after=2023-05-21T00:05:12.155872+00:00
[2023-05-21T00:05:12.191+0000] {processor.py:179} INFO - Processing /home/airflow/.local/lib/python3.7/site-packages/airflow/example_dags/example_task_group.py took 0.106 seconds
[2023-05-21T00:05:42.658+0000] {processor.py:157} INFO - Started process (PID=21656) to work on /home/airflow/.local/lib/python3.7/site-packages/airflow/example_dags/example_task_group.py
[2023-05-21T00:05:42.659+0000] {processor.py:826} INFO - Processing file /home/airflow/.local/lib/python3.7/site-packages/airflow/example_dags/example_task_group.py for tasks to queue
[2023-05-21T00:05:42.660+0000] {logging_mixin.py:149} INFO - [2023-05-21T00:05:42.660+0000] {dagbag.py:541} INFO - Filling up the DagBag from /home/airflow/.local/lib/python3.7/site-packages/airflow/example_dags/example_task_group.py
[2023-05-21T00:05:42.667+0000] {processor.py:836} INFO - DAG(s) dict_keys(['example_task_group']) retrieved from /home/airflow/.local/lib/python3.7/site-packages/airflow/example_dags/example_task_group.py
[2023-05-21T00:05:42.695+0000] {logging_mixin.py:149} INFO - [2023-05-21T00:05:42.695+0000] {dag.py:2726} INFO - Sync 1 DAGs
[2023-05-21T00:05:42.723+0000] {logging_mixin.py:149} INFO - [2023-05-21T00:05:42.723+0000] {dag.py:3490} INFO - Setting next_dagrun for example_task_group to 2023-05-20T00:05:42.723312+00:00, run_after=2023-05-21T00:05:42.723312+00:00
[2023-05-21T00:05:42.833+0000] {processor.py:179} INFO - Processing /home/airflow/.local/lib/python3.7/site-packages/airflow/example_dags/example_task_group.py took 0.178 seconds
[2023-05-21T00:06:13.246+0000] {processor.py:157} INFO - Started process (PID=21725) to work on /home/airflow/.local/lib/python3.7/site-packages/airflow/example_dags/example_task_group.py
[2023-05-21T00:06:13.247+0000] {processor.py:826} INFO - Processing file /home/airflow/.local/lib/python3.7/site-packages/airflow/example_dags/example_task_group.py for tasks to queue
[2023-05-21T00:06:13.248+0000] {logging_mixin.py:149} INFO - [2023-05-21T00:06:13.248+0000] {dagbag.py:541} INFO - Filling up the DagBag from /home/airflow/.local/lib/python3.7/site-packages/airflow/example_dags/example_task_group.py
[2023-05-21T00:06:13.257+0000] {processor.py:836} INFO - DAG(s) dict_keys(['example_task_group']) retrieved from /home/airflow/.local/lib/python3.7/site-packages/airflow/example_dags/example_task_group.py
[2023-05-21T00:06:13.286+0000] {logging_mixin.py:149} INFO - [2023-05-21T00:06:13.286+0000] {dag.py:2726} INFO - Sync 1 DAGs
[2023-05-21T00:06:13.314+0000] {logging_mixin.py:149} INFO - [2023-05-21T00:06:13.314+0000] {dag.py:3490} INFO - Setting next_dagrun for example_task_group to 2023-05-20T00:06:13.313777+00:00, run_after=2023-05-21T00:06:13.313777+00:00
[2023-05-21T00:06:13.346+0000] {processor.py:179} INFO - Processing /home/airflow/.local/lib/python3.7/site-packages/airflow/example_dags/example_task_group.py took 0.103 seconds
[2023-05-21T00:06:43.680+0000] {processor.py:157} INFO - Started process (PID=21793) to work on /home/airflow/.local/lib/python3.7/site-packages/airflow/example_dags/example_task_group.py
[2023-05-21T00:06:43.682+0000] {processor.py:826} INFO - Processing file /home/airflow/.local/lib/python3.7/site-packages/airflow/example_dags/example_task_group.py for tasks to queue
[2023-05-21T00:06:43.683+0000] {logging_mixin.py:149} INFO - [2023-05-21T00:06:43.683+0000] {dagbag.py:541} INFO - Filling up the DagBag from /home/airflow/.local/lib/python3.7/site-packages/airflow/example_dags/example_task_group.py
[2023-05-21T00:06:43.690+0000] {processor.py:836} INFO - DAG(s) dict_keys(['example_task_group']) retrieved from /home/airflow/.local/lib/python3.7/site-packages/airflow/example_dags/example_task_group.py
[2023-05-21T00:06:43.717+0000] {logging_mixin.py:149} INFO - [2023-05-21T00:06:43.717+0000] {dag.py:2726} INFO - Sync 1 DAGs
[2023-05-21T00:06:43.748+0000] {logging_mixin.py:149} INFO - [2023-05-21T00:06:43.748+0000] {dag.py:3490} INFO - Setting next_dagrun for example_task_group to 2023-05-20T00:06:43.747856+00:00, run_after=2023-05-21T00:06:43.747856+00:00
[2023-05-21T00:06:43.777+0000] {processor.py:179} INFO - Processing /home/airflow/.local/lib/python3.7/site-packages/airflow/example_dags/example_task_group.py took 0.100 seconds
[2023-05-21T00:07:14.167+0000] {processor.py:157} INFO - Started process (PID=21861) to work on /home/airflow/.local/lib/python3.7/site-packages/airflow/example_dags/example_task_group.py
[2023-05-21T00:07:14.168+0000] {processor.py:826} INFO - Processing file /home/airflow/.local/lib/python3.7/site-packages/airflow/example_dags/example_task_group.py for tasks to queue
[2023-05-21T00:07:14.168+0000] {logging_mixin.py:149} INFO - [2023-05-21T00:07:14.168+0000] {dagbag.py:541} INFO - Filling up the DagBag from /home/airflow/.local/lib/python3.7/site-packages/airflow/example_dags/example_task_group.py
[2023-05-21T00:07:14.175+0000] {processor.py:836} INFO - DAG(s) dict_keys(['example_task_group']) retrieved from /home/airflow/.local/lib/python3.7/site-packages/airflow/example_dags/example_task_group.py
[2023-05-21T00:07:14.199+0000] {logging_mixin.py:149} INFO - [2023-05-21T00:07:14.199+0000] {dag.py:2726} INFO - Sync 1 DAGs
[2023-05-21T00:07:14.226+0000] {logging_mixin.py:149} INFO - [2023-05-21T00:07:14.225+0000] {dag.py:3490} INFO - Setting next_dagrun for example_task_group to 2023-05-20T00:07:14.225654+00:00, run_after=2023-05-21T00:07:14.225654+00:00
[2023-05-21T00:07:14.250+0000] {processor.py:179} INFO - Processing /home/airflow/.local/lib/python3.7/site-packages/airflow/example_dags/example_task_group.py took 0.085 seconds
[2023-05-21T00:07:44.684+0000] {processor.py:157} INFO - Started process (PID=21929) to work on /home/airflow/.local/lib/python3.7/site-packages/airflow/example_dags/example_task_group.py
[2023-05-21T00:07:44.685+0000] {processor.py:826} INFO - Processing file /home/airflow/.local/lib/python3.7/site-packages/airflow/example_dags/example_task_group.py for tasks to queue
[2023-05-21T00:07:44.686+0000] {logging_mixin.py:149} INFO - [2023-05-21T00:07:44.686+0000] {dagbag.py:541} INFO - Filling up the DagBag from /home/airflow/.local/lib/python3.7/site-packages/airflow/example_dags/example_task_group.py
[2023-05-21T00:07:44.693+0000] {processor.py:836} INFO - DAG(s) dict_keys(['example_task_group']) retrieved from /home/airflow/.local/lib/python3.7/site-packages/airflow/example_dags/example_task_group.py
[2023-05-21T00:07:44.715+0000] {logging_mixin.py:149} INFO - [2023-05-21T00:07:44.715+0000] {dag.py:2726} INFO - Sync 1 DAGs
[2023-05-21T00:07:44.739+0000] {logging_mixin.py:149} INFO - [2023-05-21T00:07:44.739+0000] {dag.py:3490} INFO - Setting next_dagrun for example_task_group to 2023-05-20T00:07:44.739308+00:00, run_after=2023-05-21T00:07:44.739308+00:00
[2023-05-21T00:07:44.770+0000] {processor.py:179} INFO - Processing /home/airflow/.local/lib/python3.7/site-packages/airflow/example_dags/example_task_group.py took 0.088 seconds
[2023-05-21T23:12:42.021+0000] {processor.py:157} INFO - Started process (PID=41) to work on /home/airflow/.local/lib/python3.7/site-packages/airflow/example_dags/example_task_group.py
[2023-05-21T23:12:42.087+0000] {processor.py:826} INFO - Processing file /home/airflow/.local/lib/python3.7/site-packages/airflow/example_dags/example_task_group.py for tasks to queue
[2023-05-21T23:12:42.088+0000] {logging_mixin.py:149} INFO - [2023-05-21T23:12:42.088+0000] {dagbag.py:541} INFO - Filling up the DagBag from /home/airflow/.local/lib/python3.7/site-packages/airflow/example_dags/example_task_group.py
[2023-05-21T23:12:42.099+0000] {processor.py:836} INFO - DAG(s) dict_keys(['example_task_group']) retrieved from /home/airflow/.local/lib/python3.7/site-packages/airflow/example_dags/example_task_group.py
[2023-05-21T23:12:42.112+0000] {logging_mixin.py:149} INFO - [2023-05-21T23:12:42.112+0000] {dag.py:2726} INFO - Sync 1 DAGs
[2023-05-21T23:12:42.139+0000] {logging_mixin.py:149} INFO - [2023-05-21T23:12:42.139+0000] {dag.py:3490} INFO - Setting next_dagrun for example_task_group to 2023-05-20T23:12:42.139215+00:00, run_after=2023-05-21T23:12:42.139215+00:00
[2023-05-21T23:12:42.167+0000] {processor.py:179} INFO - Processing /home/airflow/.local/lib/python3.7/site-packages/airflow/example_dags/example_task_group.py took 0.148 seconds
