[2023-05-21T00:00:19.241+0000] {processor.py:157} INFO - Started process (PID=20936) to work on /home/airflow/.local/lib/python3.7/site-packages/airflow/example_dags/example_external_task_marker_dag.py
[2023-05-21T00:00:19.242+0000] {processor.py:826} INFO - Processing file /home/airflow/.local/lib/python3.7/site-packages/airflow/example_dags/example_external_task_marker_dag.py for tasks to queue
[2023-05-21T00:00:19.243+0000] {logging_mixin.py:149} INFO - [2023-05-21T00:00:19.243+0000] {dagbag.py:541} INFO - Filling up the DagBag from /home/airflow/.local/lib/python3.7/site-packages/airflow/example_dags/example_external_task_marker_dag.py
[2023-05-21T00:00:19.248+0000] {processor.py:836} INFO - DAG(s) dict_keys(['example_external_task_marker_parent', 'example_external_task_marker_child']) retrieved from /home/airflow/.local/lib/python3.7/site-packages/airflow/example_dags/example_external_task_marker_dag.py
[2023-05-21T00:00:19.277+0000] {logging_mixin.py:149} INFO - [2023-05-21T00:00:19.277+0000] {dag.py:2726} INFO - Sync 2 DAGs
[2023-05-21T00:00:19.304+0000] {logging_mixin.py:149} INFO - [2023-05-21T00:00:19.304+0000] {dag.py:3490} INFO - Setting next_dagrun for example_external_task_marker_child to None, run_after=None
[2023-05-21T00:00:19.309+0000] {logging_mixin.py:149} INFO - [2023-05-21T00:00:19.309+0000] {dag.py:3490} INFO - Setting next_dagrun for example_external_task_marker_parent to None, run_after=None
[2023-05-21T00:00:19.332+0000] {processor.py:179} INFO - Processing /home/airflow/.local/lib/python3.7/site-packages/airflow/example_dags/example_external_task_marker_dag.py took 0.094 seconds
[2023-05-21T00:00:49.924+0000] {processor.py:157} INFO - Started process (PID=21004) to work on /home/airflow/.local/lib/python3.7/site-packages/airflow/example_dags/example_external_task_marker_dag.py
[2023-05-21T00:00:49.925+0000] {processor.py:826} INFO - Processing file /home/airflow/.local/lib/python3.7/site-packages/airflow/example_dags/example_external_task_marker_dag.py for tasks to queue
[2023-05-21T00:00:49.926+0000] {logging_mixin.py:149} INFO - [2023-05-21T00:00:49.926+0000] {dagbag.py:541} INFO - Filling up the DagBag from /home/airflow/.local/lib/python3.7/site-packages/airflow/example_dags/example_external_task_marker_dag.py
[2023-05-21T00:00:49.931+0000] {processor.py:836} INFO - DAG(s) dict_keys(['example_external_task_marker_parent', 'example_external_task_marker_child']) retrieved from /home/airflow/.local/lib/python3.7/site-packages/airflow/example_dags/example_external_task_marker_dag.py
[2023-05-21T00:00:49.968+0000] {logging_mixin.py:149} INFO - [2023-05-21T00:00:49.968+0000] {dag.py:2726} INFO - Sync 2 DAGs
[2023-05-21T00:00:49.998+0000] {logging_mixin.py:149} INFO - [2023-05-21T00:00:49.997+0000] {dag.py:3490} INFO - Setting next_dagrun for example_external_task_marker_child to None, run_after=None
[2023-05-21T00:00:50.003+0000] {logging_mixin.py:149} INFO - [2023-05-21T00:00:50.003+0000] {dag.py:3490} INFO - Setting next_dagrun for example_external_task_marker_parent to None, run_after=None
[2023-05-21T00:00:50.280+0000] {processor.py:179} INFO - Processing /home/airflow/.local/lib/python3.7/site-packages/airflow/example_dags/example_external_task_marker_dag.py took 0.360 seconds
[2023-05-21T00:01:20.704+0000] {processor.py:157} INFO - Started process (PID=21072) to work on /home/airflow/.local/lib/python3.7/site-packages/airflow/example_dags/example_external_task_marker_dag.py
[2023-05-21T00:01:20.705+0000] {processor.py:826} INFO - Processing file /home/airflow/.local/lib/python3.7/site-packages/airflow/example_dags/example_external_task_marker_dag.py for tasks to queue
[2023-05-21T00:01:20.706+0000] {logging_mixin.py:149} INFO - [2023-05-21T00:01:20.706+0000] {dagbag.py:541} INFO - Filling up the DagBag from /home/airflow/.local/lib/python3.7/site-packages/airflow/example_dags/example_external_task_marker_dag.py
[2023-05-21T00:01:20.712+0000] {processor.py:836} INFO - DAG(s) dict_keys(['example_external_task_marker_parent', 'example_external_task_marker_child']) retrieved from /home/airflow/.local/lib/python3.7/site-packages/airflow/example_dags/example_external_task_marker_dag.py
[2023-05-21T00:01:20.745+0000] {logging_mixin.py:149} INFO - [2023-05-21T00:01:20.745+0000] {dag.py:2726} INFO - Sync 2 DAGs
[2023-05-21T00:01:20.773+0000] {logging_mixin.py:149} INFO - [2023-05-21T00:01:20.773+0000] {dag.py:3490} INFO - Setting next_dagrun for example_external_task_marker_child to None, run_after=None
[2023-05-21T00:01:20.778+0000] {logging_mixin.py:149} INFO - [2023-05-21T00:01:20.778+0000] {dag.py:3490} INFO - Setting next_dagrun for example_external_task_marker_parent to None, run_after=None
[2023-05-21T00:01:20.802+0000] {processor.py:179} INFO - Processing /home/airflow/.local/lib/python3.7/site-packages/airflow/example_dags/example_external_task_marker_dag.py took 0.101 seconds
[2023-05-21T00:01:51.089+0000] {processor.py:157} INFO - Started process (PID=21140) to work on /home/airflow/.local/lib/python3.7/site-packages/airflow/example_dags/example_external_task_marker_dag.py
[2023-05-21T00:01:51.090+0000] {processor.py:826} INFO - Processing file /home/airflow/.local/lib/python3.7/site-packages/airflow/example_dags/example_external_task_marker_dag.py for tasks to queue
[2023-05-21T00:01:51.091+0000] {logging_mixin.py:149} INFO - [2023-05-21T00:01:51.091+0000] {dagbag.py:541} INFO - Filling up the DagBag from /home/airflow/.local/lib/python3.7/site-packages/airflow/example_dags/example_external_task_marker_dag.py
[2023-05-21T00:01:51.096+0000] {processor.py:836} INFO - DAG(s) dict_keys(['example_external_task_marker_child', 'example_external_task_marker_parent']) retrieved from /home/airflow/.local/lib/python3.7/site-packages/airflow/example_dags/example_external_task_marker_dag.py
[2023-05-21T00:01:51.131+0000] {logging_mixin.py:149} INFO - [2023-05-21T00:01:51.130+0000] {dag.py:2726} INFO - Sync 2 DAGs
[2023-05-21T00:01:51.159+0000] {logging_mixin.py:149} INFO - [2023-05-21T00:01:51.159+0000] {dag.py:3490} INFO - Setting next_dagrun for example_external_task_marker_child to None, run_after=None
[2023-05-21T00:01:51.165+0000] {logging_mixin.py:149} INFO - [2023-05-21T00:01:51.165+0000] {dag.py:3490} INFO - Setting next_dagrun for example_external_task_marker_parent to None, run_after=None
[2023-05-21T00:01:51.189+0000] {processor.py:179} INFO - Processing /home/airflow/.local/lib/python3.7/site-packages/airflow/example_dags/example_external_task_marker_dag.py took 0.103 seconds
[2023-05-21T00:02:21.400+0000] {processor.py:157} INFO - Started process (PID=21208) to work on /home/airflow/.local/lib/python3.7/site-packages/airflow/example_dags/example_external_task_marker_dag.py
[2023-05-21T00:02:21.401+0000] {processor.py:826} INFO - Processing file /home/airflow/.local/lib/python3.7/site-packages/airflow/example_dags/example_external_task_marker_dag.py for tasks to queue
[2023-05-21T00:02:21.402+0000] {logging_mixin.py:149} INFO - [2023-05-21T00:02:21.402+0000] {dagbag.py:541} INFO - Filling up the DagBag from /home/airflow/.local/lib/python3.7/site-packages/airflow/example_dags/example_external_task_marker_dag.py
[2023-05-21T00:02:21.408+0000] {processor.py:836} INFO - DAG(s) dict_keys(['example_external_task_marker_child', 'example_external_task_marker_parent']) retrieved from /home/airflow/.local/lib/python3.7/site-packages/airflow/example_dags/example_external_task_marker_dag.py
[2023-05-21T00:02:21.445+0000] {logging_mixin.py:149} INFO - [2023-05-21T00:02:21.445+0000] {dag.py:2726} INFO - Sync 2 DAGs
[2023-05-21T00:02:21.480+0000] {logging_mixin.py:149} INFO - [2023-05-21T00:02:21.480+0000] {dag.py:3490} INFO - Setting next_dagrun for example_external_task_marker_child to None, run_after=None
[2023-05-21T00:02:21.485+0000] {logging_mixin.py:149} INFO - [2023-05-21T00:02:21.485+0000] {dag.py:3490} INFO - Setting next_dagrun for example_external_task_marker_parent to None, run_after=None
[2023-05-21T00:02:21.512+0000] {processor.py:179} INFO - Processing /home/airflow/.local/lib/python3.7/site-packages/airflow/example_dags/example_external_task_marker_dag.py took 0.115 seconds
[2023-05-21T00:02:52.188+0000] {processor.py:157} INFO - Started process (PID=21276) to work on /home/airflow/.local/lib/python3.7/site-packages/airflow/example_dags/example_external_task_marker_dag.py
[2023-05-21T00:02:52.189+0000] {processor.py:826} INFO - Processing file /home/airflow/.local/lib/python3.7/site-packages/airflow/example_dags/example_external_task_marker_dag.py for tasks to queue
[2023-05-21T00:02:52.190+0000] {logging_mixin.py:149} INFO - [2023-05-21T00:02:52.190+0000] {dagbag.py:541} INFO - Filling up the DagBag from /home/airflow/.local/lib/python3.7/site-packages/airflow/example_dags/example_external_task_marker_dag.py
[2023-05-21T00:02:52.195+0000] {processor.py:836} INFO - DAG(s) dict_keys(['example_external_task_marker_child', 'example_external_task_marker_parent']) retrieved from /home/airflow/.local/lib/python3.7/site-packages/airflow/example_dags/example_external_task_marker_dag.py
[2023-05-21T00:02:52.228+0000] {logging_mixin.py:149} INFO - [2023-05-21T00:02:52.228+0000] {dag.py:2726} INFO - Sync 2 DAGs
[2023-05-21T00:02:52.257+0000] {logging_mixin.py:149} INFO - [2023-05-21T00:02:52.257+0000] {dag.py:3490} INFO - Setting next_dagrun for example_external_task_marker_child to None, run_after=None
[2023-05-21T00:02:52.262+0000] {logging_mixin.py:149} INFO - [2023-05-21T00:02:52.262+0000] {dag.py:3490} INFO - Setting next_dagrun for example_external_task_marker_parent to None, run_after=None
[2023-05-21T00:02:52.285+0000] {processor.py:179} INFO - Processing /home/airflow/.local/lib/python3.7/site-packages/airflow/example_dags/example_external_task_marker_dag.py took 0.100 seconds
[2023-05-21T00:03:22.589+0000] {processor.py:157} INFO - Started process (PID=21345) to work on /home/airflow/.local/lib/python3.7/site-packages/airflow/example_dags/example_external_task_marker_dag.py
[2023-05-21T00:03:22.590+0000] {processor.py:826} INFO - Processing file /home/airflow/.local/lib/python3.7/site-packages/airflow/example_dags/example_external_task_marker_dag.py for tasks to queue
[2023-05-21T00:03:22.591+0000] {logging_mixin.py:149} INFO - [2023-05-21T00:03:22.591+0000] {dagbag.py:541} INFO - Filling up the DagBag from /home/airflow/.local/lib/python3.7/site-packages/airflow/example_dags/example_external_task_marker_dag.py
[2023-05-21T00:03:22.596+0000] {processor.py:836} INFO - DAG(s) dict_keys(['example_external_task_marker_child', 'example_external_task_marker_parent']) retrieved from /home/airflow/.local/lib/python3.7/site-packages/airflow/example_dags/example_external_task_marker_dag.py
[2023-05-21T00:03:22.630+0000] {logging_mixin.py:149} INFO - [2023-05-21T00:03:22.630+0000] {dag.py:2726} INFO - Sync 2 DAGs
[2023-05-21T00:03:22.660+0000] {logging_mixin.py:149} INFO - [2023-05-21T00:03:22.660+0000] {dag.py:3490} INFO - Setting next_dagrun for example_external_task_marker_child to None, run_after=None
[2023-05-21T00:03:22.667+0000] {logging_mixin.py:149} INFO - [2023-05-21T00:03:22.667+0000] {dag.py:3490} INFO - Setting next_dagrun for example_external_task_marker_parent to None, run_after=None
[2023-05-21T00:03:22.694+0000] {processor.py:179} INFO - Processing /home/airflow/.local/lib/python3.7/site-packages/airflow/example_dags/example_external_task_marker_dag.py took 0.108 seconds
[2023-05-21T00:03:53.159+0000] {processor.py:157} INFO - Started process (PID=21421) to work on /home/airflow/.local/lib/python3.7/site-packages/airflow/example_dags/example_external_task_marker_dag.py
[2023-05-21T00:03:53.160+0000] {processor.py:826} INFO - Processing file /home/airflow/.local/lib/python3.7/site-packages/airflow/example_dags/example_external_task_marker_dag.py for tasks to queue
[2023-05-21T00:03:53.161+0000] {logging_mixin.py:149} INFO - [2023-05-21T00:03:53.161+0000] {dagbag.py:541} INFO - Filling up the DagBag from /home/airflow/.local/lib/python3.7/site-packages/airflow/example_dags/example_external_task_marker_dag.py
[2023-05-21T00:03:53.169+0000] {processor.py:836} INFO - DAG(s) dict_keys(['example_external_task_marker_child', 'example_external_task_marker_parent']) retrieved from /home/airflow/.local/lib/python3.7/site-packages/airflow/example_dags/example_external_task_marker_dag.py
[2023-05-21T00:03:53.210+0000] {logging_mixin.py:149} INFO - [2023-05-21T00:03:53.210+0000] {dag.py:2726} INFO - Sync 2 DAGs
[2023-05-21T00:03:53.241+0000] {logging_mixin.py:149} INFO - [2023-05-21T00:03:53.241+0000] {dag.py:3490} INFO - Setting next_dagrun for example_external_task_marker_child to None, run_after=None
[2023-05-21T00:03:53.247+0000] {logging_mixin.py:149} INFO - [2023-05-21T00:03:53.247+0000] {dag.py:3490} INFO - Setting next_dagrun for example_external_task_marker_parent to None, run_after=None
[2023-05-21T00:03:53.272+0000] {processor.py:179} INFO - Processing /home/airflow/.local/lib/python3.7/site-packages/airflow/example_dags/example_external_task_marker_dag.py took 0.118 seconds
[2023-05-21T00:04:23.756+0000] {processor.py:157} INFO - Started process (PID=21491) to work on /home/airflow/.local/lib/python3.7/site-packages/airflow/example_dags/example_external_task_marker_dag.py
[2023-05-21T00:04:23.757+0000] {processor.py:826} INFO - Processing file /home/airflow/.local/lib/python3.7/site-packages/airflow/example_dags/example_external_task_marker_dag.py for tasks to queue
[2023-05-21T00:04:23.757+0000] {logging_mixin.py:149} INFO - [2023-05-21T00:04:23.757+0000] {dagbag.py:541} INFO - Filling up the DagBag from /home/airflow/.local/lib/python3.7/site-packages/airflow/example_dags/example_external_task_marker_dag.py
[2023-05-21T00:04:23.763+0000] {processor.py:836} INFO - DAG(s) dict_keys(['example_external_task_marker_parent', 'example_external_task_marker_child']) retrieved from /home/airflow/.local/lib/python3.7/site-packages/airflow/example_dags/example_external_task_marker_dag.py
[2023-05-21T00:04:23.796+0000] {logging_mixin.py:149} INFO - [2023-05-21T00:04:23.796+0000] {dag.py:2726} INFO - Sync 2 DAGs
[2023-05-21T00:04:23.823+0000] {logging_mixin.py:149} INFO - [2023-05-21T00:04:23.823+0000] {dag.py:3490} INFO - Setting next_dagrun for example_external_task_marker_child to None, run_after=None
[2023-05-21T00:04:23.828+0000] {logging_mixin.py:149} INFO - [2023-05-21T00:04:23.827+0000] {dag.py:3490} INFO - Setting next_dagrun for example_external_task_marker_parent to None, run_after=None
[2023-05-21T00:04:23.852+0000] {processor.py:179} INFO - Processing /home/airflow/.local/lib/python3.7/site-packages/airflow/example_dags/example_external_task_marker_dag.py took 0.099 seconds
[2023-05-21T00:04:54.089+0000] {processor.py:157} INFO - Started process (PID=21559) to work on /home/airflow/.local/lib/python3.7/site-packages/airflow/example_dags/example_external_task_marker_dag.py
[2023-05-21T00:04:54.090+0000] {processor.py:826} INFO - Processing file /home/airflow/.local/lib/python3.7/site-packages/airflow/example_dags/example_external_task_marker_dag.py for tasks to queue
[2023-05-21T00:04:54.091+0000] {logging_mixin.py:149} INFO - [2023-05-21T00:04:54.091+0000] {dagbag.py:541} INFO - Filling up the DagBag from /home/airflow/.local/lib/python3.7/site-packages/airflow/example_dags/example_external_task_marker_dag.py
[2023-05-21T00:04:54.096+0000] {processor.py:836} INFO - DAG(s) dict_keys(['example_external_task_marker_child', 'example_external_task_marker_parent']) retrieved from /home/airflow/.local/lib/python3.7/site-packages/airflow/example_dags/example_external_task_marker_dag.py
[2023-05-21T00:04:54.128+0000] {logging_mixin.py:149} INFO - [2023-05-21T00:04:54.128+0000] {dag.py:2726} INFO - Sync 2 DAGs
[2023-05-21T00:04:54.156+0000] {logging_mixin.py:149} INFO - [2023-05-21T00:04:54.156+0000] {dag.py:3490} INFO - Setting next_dagrun for example_external_task_marker_child to None, run_after=None
[2023-05-21T00:04:54.161+0000] {logging_mixin.py:149} INFO - [2023-05-21T00:04:54.161+0000] {dag.py:3490} INFO - Setting next_dagrun for example_external_task_marker_parent to None, run_after=None
[2023-05-21T00:04:54.190+0000] {processor.py:179} INFO - Processing /home/airflow/.local/lib/python3.7/site-packages/airflow/example_dags/example_external_task_marker_dag.py took 0.103 seconds
[2023-05-21T00:05:24.694+0000] {processor.py:157} INFO - Started process (PID=21627) to work on /home/airflow/.local/lib/python3.7/site-packages/airflow/example_dags/example_external_task_marker_dag.py
[2023-05-21T00:05:24.695+0000] {processor.py:826} INFO - Processing file /home/airflow/.local/lib/python3.7/site-packages/airflow/example_dags/example_external_task_marker_dag.py for tasks to queue
[2023-05-21T00:05:24.696+0000] {logging_mixin.py:149} INFO - [2023-05-21T00:05:24.696+0000] {dagbag.py:541} INFO - Filling up the DagBag from /home/airflow/.local/lib/python3.7/site-packages/airflow/example_dags/example_external_task_marker_dag.py
[2023-05-21T00:05:24.702+0000] {processor.py:836} INFO - DAG(s) dict_keys(['example_external_task_marker_child', 'example_external_task_marker_parent']) retrieved from /home/airflow/.local/lib/python3.7/site-packages/airflow/example_dags/example_external_task_marker_dag.py
[2023-05-21T00:05:24.733+0000] {logging_mixin.py:149} INFO - [2023-05-21T00:05:24.733+0000] {dag.py:2726} INFO - Sync 2 DAGs
[2023-05-21T00:05:24.763+0000] {logging_mixin.py:149} INFO - [2023-05-21T00:05:24.763+0000] {dag.py:3490} INFO - Setting next_dagrun for example_external_task_marker_child to None, run_after=None
[2023-05-21T00:05:24.768+0000] {logging_mixin.py:149} INFO - [2023-05-21T00:05:24.768+0000] {dag.py:3490} INFO - Setting next_dagrun for example_external_task_marker_parent to None, run_after=None
[2023-05-21T00:05:24.790+0000] {processor.py:179} INFO - Processing /home/airflow/.local/lib/python3.7/site-packages/airflow/example_dags/example_external_task_marker_dag.py took 0.099 seconds
[2023-05-21T00:05:55.144+0000] {processor.py:157} INFO - Started process (PID=21696) to work on /home/airflow/.local/lib/python3.7/site-packages/airflow/example_dags/example_external_task_marker_dag.py
[2023-05-21T00:05:55.145+0000] {processor.py:826} INFO - Processing file /home/airflow/.local/lib/python3.7/site-packages/airflow/example_dags/example_external_task_marker_dag.py for tasks to queue
[2023-05-21T00:05:55.147+0000] {logging_mixin.py:149} INFO - [2023-05-21T00:05:55.147+0000] {dagbag.py:541} INFO - Filling up the DagBag from /home/airflow/.local/lib/python3.7/site-packages/airflow/example_dags/example_external_task_marker_dag.py
[2023-05-21T00:05:55.152+0000] {processor.py:836} INFO - DAG(s) dict_keys(['example_external_task_marker_child', 'example_external_task_marker_parent']) retrieved from /home/airflow/.local/lib/python3.7/site-packages/airflow/example_dags/example_external_task_marker_dag.py
[2023-05-21T00:05:55.185+0000] {logging_mixin.py:149} INFO - [2023-05-21T00:05:55.185+0000] {dag.py:2726} INFO - Sync 2 DAGs
[2023-05-21T00:05:55.216+0000] {logging_mixin.py:149} INFO - [2023-05-21T00:05:55.216+0000] {dag.py:3490} INFO - Setting next_dagrun for example_external_task_marker_child to None, run_after=None
[2023-05-21T00:05:55.222+0000] {logging_mixin.py:149} INFO - [2023-05-21T00:05:55.222+0000] {dag.py:3490} INFO - Setting next_dagrun for example_external_task_marker_parent to None, run_after=None
[2023-05-21T00:05:55.246+0000] {processor.py:179} INFO - Processing /home/airflow/.local/lib/python3.7/site-packages/airflow/example_dags/example_external_task_marker_dag.py took 0.104 seconds
[2023-05-21T00:06:25.630+0000] {processor.py:157} INFO - Started process (PID=21764) to work on /home/airflow/.local/lib/python3.7/site-packages/airflow/example_dags/example_external_task_marker_dag.py
[2023-05-21T00:06:25.631+0000] {processor.py:826} INFO - Processing file /home/airflow/.local/lib/python3.7/site-packages/airflow/example_dags/example_external_task_marker_dag.py for tasks to queue
[2023-05-21T00:06:25.632+0000] {logging_mixin.py:149} INFO - [2023-05-21T00:06:25.632+0000] {dagbag.py:541} INFO - Filling up the DagBag from /home/airflow/.local/lib/python3.7/site-packages/airflow/example_dags/example_external_task_marker_dag.py
[2023-05-21T00:06:25.637+0000] {processor.py:836} INFO - DAG(s) dict_keys(['example_external_task_marker_parent', 'example_external_task_marker_child']) retrieved from /home/airflow/.local/lib/python3.7/site-packages/airflow/example_dags/example_external_task_marker_dag.py
[2023-05-21T00:06:25.667+0000] {logging_mixin.py:149} INFO - [2023-05-21T00:06:25.667+0000] {dag.py:2726} INFO - Sync 2 DAGs
[2023-05-21T00:06:25.696+0000] {logging_mixin.py:149} INFO - [2023-05-21T00:06:25.695+0000] {dag.py:3490} INFO - Setting next_dagrun for example_external_task_marker_child to None, run_after=None
[2023-05-21T00:06:25.701+0000] {logging_mixin.py:149} INFO - [2023-05-21T00:06:25.701+0000] {dag.py:3490} INFO - Setting next_dagrun for example_external_task_marker_parent to None, run_after=None
[2023-05-21T00:06:25.725+0000] {processor.py:179} INFO - Processing /home/airflow/.local/lib/python3.7/site-packages/airflow/example_dags/example_external_task_marker_dag.py took 0.097 seconds
[2023-05-21T00:06:56.196+0000] {processor.py:157} INFO - Started process (PID=21832) to work on /home/airflow/.local/lib/python3.7/site-packages/airflow/example_dags/example_external_task_marker_dag.py
[2023-05-21T00:06:56.196+0000] {processor.py:826} INFO - Processing file /home/airflow/.local/lib/python3.7/site-packages/airflow/example_dags/example_external_task_marker_dag.py for tasks to queue
[2023-05-21T00:06:56.197+0000] {logging_mixin.py:149} INFO - [2023-05-21T00:06:56.197+0000] {dagbag.py:541} INFO - Filling up the DagBag from /home/airflow/.local/lib/python3.7/site-packages/airflow/example_dags/example_external_task_marker_dag.py
[2023-05-21T00:06:56.203+0000] {processor.py:836} INFO - DAG(s) dict_keys(['example_external_task_marker_parent', 'example_external_task_marker_child']) retrieved from /home/airflow/.local/lib/python3.7/site-packages/airflow/example_dags/example_external_task_marker_dag.py
[2023-05-21T00:06:56.238+0000] {logging_mixin.py:149} INFO - [2023-05-21T00:06:56.238+0000] {dag.py:2726} INFO - Sync 2 DAGs
[2023-05-21T00:06:56.268+0000] {logging_mixin.py:149} INFO - [2023-05-21T00:06:56.267+0000] {dag.py:3490} INFO - Setting next_dagrun for example_external_task_marker_child to None, run_after=None
[2023-05-21T00:06:56.273+0000] {logging_mixin.py:149} INFO - [2023-05-21T00:06:56.273+0000] {dag.py:3490} INFO - Setting next_dagrun for example_external_task_marker_parent to None, run_after=None
[2023-05-21T00:06:56.297+0000] {processor.py:179} INFO - Processing /home/airflow/.local/lib/python3.7/site-packages/airflow/example_dags/example_external_task_marker_dag.py took 0.104 seconds
[2023-05-21T00:07:26.580+0000] {processor.py:157} INFO - Started process (PID=21900) to work on /home/airflow/.local/lib/python3.7/site-packages/airflow/example_dags/example_external_task_marker_dag.py
[2023-05-21T00:07:26.581+0000] {processor.py:826} INFO - Processing file /home/airflow/.local/lib/python3.7/site-packages/airflow/example_dags/example_external_task_marker_dag.py for tasks to queue
[2023-05-21T00:07:26.581+0000] {logging_mixin.py:149} INFO - [2023-05-21T00:07:26.581+0000] {dagbag.py:541} INFO - Filling up the DagBag from /home/airflow/.local/lib/python3.7/site-packages/airflow/example_dags/example_external_task_marker_dag.py
[2023-05-21T00:07:26.587+0000] {processor.py:836} INFO - DAG(s) dict_keys(['example_external_task_marker_parent', 'example_external_task_marker_child']) retrieved from /home/airflow/.local/lib/python3.7/site-packages/airflow/example_dags/example_external_task_marker_dag.py
[2023-05-21T00:07:26.623+0000] {logging_mixin.py:149} INFO - [2023-05-21T00:07:26.623+0000] {dag.py:2726} INFO - Sync 2 DAGs
[2023-05-21T00:07:26.655+0000] {logging_mixin.py:149} INFO - [2023-05-21T00:07:26.655+0000] {dag.py:3490} INFO - Setting next_dagrun for example_external_task_marker_child to None, run_after=None
[2023-05-21T00:07:26.661+0000] {logging_mixin.py:149} INFO - [2023-05-21T00:07:26.660+0000] {dag.py:3490} INFO - Setting next_dagrun for example_external_task_marker_parent to None, run_after=None
[2023-05-21T00:07:26.686+0000] {processor.py:179} INFO - Processing /home/airflow/.local/lib/python3.7/site-packages/airflow/example_dags/example_external_task_marker_dag.py took 0.108 seconds
[2023-05-21T00:07:57.448+0000] {processor.py:157} INFO - Started process (PID=21969) to work on /home/airflow/.local/lib/python3.7/site-packages/airflow/example_dags/example_external_task_marker_dag.py
[2023-05-21T00:07:57.448+0000] {processor.py:826} INFO - Processing file /home/airflow/.local/lib/python3.7/site-packages/airflow/example_dags/example_external_task_marker_dag.py for tasks to queue
[2023-05-21T00:07:57.449+0000] {logging_mixin.py:149} INFO - [2023-05-21T00:07:57.449+0000] {dagbag.py:541} INFO - Filling up the DagBag from /home/airflow/.local/lib/python3.7/site-packages/airflow/example_dags/example_external_task_marker_dag.py
[2023-05-21T00:07:57.453+0000] {processor.py:836} INFO - DAG(s) dict_keys(['example_external_task_marker_child', 'example_external_task_marker_parent']) retrieved from /home/airflow/.local/lib/python3.7/site-packages/airflow/example_dags/example_external_task_marker_dag.py
[2023-05-21T00:07:57.478+0000] {logging_mixin.py:149} INFO - [2023-05-21T00:07:57.478+0000] {dag.py:2726} INFO - Sync 2 DAGs
[2023-05-21T00:07:57.506+0000] {logging_mixin.py:149} INFO - [2023-05-21T00:07:57.506+0000] {dag.py:3490} INFO - Setting next_dagrun for example_external_task_marker_child to None, run_after=None
[2023-05-21T00:07:57.511+0000] {logging_mixin.py:149} INFO - [2023-05-21T00:07:57.511+0000] {dag.py:3490} INFO - Setting next_dagrun for example_external_task_marker_parent to None, run_after=None
[2023-05-21T00:07:57.533+0000] {processor.py:179} INFO - Processing /home/airflow/.local/lib/python3.7/site-packages/airflow/example_dags/example_external_task_marker_dag.py took 0.088 seconds
[2023-05-21T23:12:44.025+0000] {processor.py:157} INFO - Started process (PID=71) to work on /home/airflow/.local/lib/python3.7/site-packages/airflow/example_dags/example_external_task_marker_dag.py
[2023-05-21T23:12:44.026+0000] {processor.py:826} INFO - Processing file /home/airflow/.local/lib/python3.7/site-packages/airflow/example_dags/example_external_task_marker_dag.py for tasks to queue
[2023-05-21T23:12:44.027+0000] {logging_mixin.py:149} INFO - [2023-05-21T23:12:44.027+0000] {dagbag.py:541} INFO - Filling up the DagBag from /home/airflow/.local/lib/python3.7/site-packages/airflow/example_dags/example_external_task_marker_dag.py
[2023-05-21T23:12:44.032+0000] {processor.py:836} INFO - DAG(s) dict_keys(['example_external_task_marker_parent', 'example_external_task_marker_child']) retrieved from /home/airflow/.local/lib/python3.7/site-packages/airflow/example_dags/example_external_task_marker_dag.py
[2023-05-21T23:12:44.044+0000] {logging_mixin.py:149} INFO - [2023-05-21T23:12:44.044+0000] {dag.py:2726} INFO - Sync 2 DAGs
[2023-05-21T23:12:44.073+0000] {logging_mixin.py:149} INFO - [2023-05-21T23:12:44.073+0000] {dag.py:3490} INFO - Setting next_dagrun for example_external_task_marker_child to None, run_after=None
[2023-05-21T23:12:44.077+0000] {logging_mixin.py:149} INFO - [2023-05-21T23:12:44.077+0000] {dag.py:3490} INFO - Setting next_dagrun for example_external_task_marker_parent to None, run_after=None
[2023-05-21T23:12:44.296+0000] {processor.py:179} INFO - Processing /home/airflow/.local/lib/python3.7/site-packages/airflow/example_dags/example_external_task_marker_dag.py took 0.274 seconds
