[2023-05-21T00:00:18.398+0000] {processor.py:157} INFO - Started process (PID=20927) to work on /home/airflow/.local/lib/python3.7/site-packages/airflow/example_dags/example_branch_datetime_operator.py
[2023-05-21T00:00:18.399+0000] {processor.py:826} INFO - Processing file /home/airflow/.local/lib/python3.7/site-packages/airflow/example_dags/example_branch_datetime_operator.py for tasks to queue
[2023-05-21T00:00:18.400+0000] {logging_mixin.py:149} INFO - [2023-05-21T00:00:18.400+0000] {dagbag.py:541} INFO - Filling up the DagBag from /home/airflow/.local/lib/python3.7/site-packages/airflow/example_dags/example_branch_datetime_operator.py
[2023-05-21T00:00:18.413+0000] {processor.py:836} INFO - DAG(s) dict_keys(['example_branch_datetime_operator_2', 'example_branch_datetime_operator_3', 'example_branch_datetime_operator']) retrieved from /home/airflow/.local/lib/python3.7/site-packages/airflow/example_dags/example_branch_datetime_operator.py
[2023-05-21T00:00:18.450+0000] {logging_mixin.py:149} INFO - [2023-05-21T00:00:18.450+0000] {dag.py:2726} INFO - Sync 3 DAGs
[2023-05-21T00:00:18.480+0000] {logging_mixin.py:149} INFO - [2023-05-21T00:00:18.480+0000] {dag.py:3490} INFO - Setting next_dagrun for example_branch_datetime_operator to 2023-05-20T00:00:00+00:00, run_after=2023-05-21T00:00:00+00:00
[2023-05-21T00:00:18.485+0000] {logging_mixin.py:149} INFO - [2023-05-21T00:00:18.485+0000] {dag.py:3490} INFO - Setting next_dagrun for example_branch_datetime_operator_2 to 2023-05-20T00:00:00+00:00, run_after=2023-05-21T00:00:00+00:00
[2023-05-21T00:00:18.489+0000] {logging_mixin.py:149} INFO - [2023-05-21T00:00:18.489+0000] {dag.py:3490} INFO - Setting next_dagrun for example_branch_datetime_operator_3 to 2023-05-20T00:00:00+00:00, run_after=2023-05-21T00:00:00+00:00
[2023-05-21T00:00:18.519+0000] {processor.py:179} INFO - Processing /home/airflow/.local/lib/python3.7/site-packages/airflow/example_dags/example_branch_datetime_operator.py took 0.124 seconds
[2023-05-21T00:00:48.556+0000] {processor.py:157} INFO - Started process (PID=20996) to work on /home/airflow/.local/lib/python3.7/site-packages/airflow/example_dags/example_branch_datetime_operator.py
[2023-05-21T00:00:48.557+0000] {processor.py:826} INFO - Processing file /home/airflow/.local/lib/python3.7/site-packages/airflow/example_dags/example_branch_datetime_operator.py for tasks to queue
[2023-05-21T00:00:48.558+0000] {logging_mixin.py:149} INFO - [2023-05-21T00:00:48.558+0000] {dagbag.py:541} INFO - Filling up the DagBag from /home/airflow/.local/lib/python3.7/site-packages/airflow/example_dags/example_branch_datetime_operator.py
[2023-05-21T00:00:48.567+0000] {processor.py:836} INFO - DAG(s) dict_keys(['example_branch_datetime_operator', 'example_branch_datetime_operator_2', 'example_branch_datetime_operator_3']) retrieved from /home/airflow/.local/lib/python3.7/site-packages/airflow/example_dags/example_branch_datetime_operator.py
[2023-05-21T00:00:48.611+0000] {logging_mixin.py:149} INFO - [2023-05-21T00:00:48.611+0000] {dag.py:2726} INFO - Sync 3 DAGs
[2023-05-21T00:00:48.647+0000] {logging_mixin.py:149} INFO - [2023-05-21T00:00:48.646+0000] {dag.py:3490} INFO - Setting next_dagrun for example_branch_datetime_operator to 2023-05-20T00:00:00+00:00, run_after=2023-05-21T00:00:00+00:00
[2023-05-21T00:00:48.654+0000] {logging_mixin.py:149} INFO - [2023-05-21T00:00:48.654+0000] {dag.py:3490} INFO - Setting next_dagrun for example_branch_datetime_operator_2 to 2023-05-20T00:00:00+00:00, run_after=2023-05-21T00:00:00+00:00
[2023-05-21T00:00:48.658+0000] {logging_mixin.py:149} INFO - [2023-05-21T00:00:48.658+0000] {dag.py:3490} INFO - Setting next_dagrun for example_branch_datetime_operator_3 to 2023-05-20T00:00:00+00:00, run_after=2023-05-21T00:00:00+00:00
[2023-05-21T00:00:48.827+0000] {processor.py:179} INFO - Processing /home/airflow/.local/lib/python3.7/site-packages/airflow/example_dags/example_branch_datetime_operator.py took 0.274 seconds
[2023-05-21T00:01:19.013+0000] {processor.py:157} INFO - Started process (PID=21064) to work on /home/airflow/.local/lib/python3.7/site-packages/airflow/example_dags/example_branch_datetime_operator.py
[2023-05-21T00:01:19.014+0000] {processor.py:826} INFO - Processing file /home/airflow/.local/lib/python3.7/site-packages/airflow/example_dags/example_branch_datetime_operator.py for tasks to queue
[2023-05-21T00:01:19.015+0000] {logging_mixin.py:149} INFO - [2023-05-21T00:01:19.014+0000] {dagbag.py:541} INFO - Filling up the DagBag from /home/airflow/.local/lib/python3.7/site-packages/airflow/example_dags/example_branch_datetime_operator.py
[2023-05-21T00:01:19.024+0000] {processor.py:836} INFO - DAG(s) dict_keys(['example_branch_datetime_operator_3', 'example_branch_datetime_operator_2', 'example_branch_datetime_operator']) retrieved from /home/airflow/.local/lib/python3.7/site-packages/airflow/example_dags/example_branch_datetime_operator.py
[2023-05-21T00:01:19.062+0000] {logging_mixin.py:149} INFO - [2023-05-21T00:01:19.062+0000] {dag.py:2726} INFO - Sync 3 DAGs
[2023-05-21T00:01:19.092+0000] {logging_mixin.py:149} INFO - [2023-05-21T00:01:19.092+0000] {dag.py:3490} INFO - Setting next_dagrun for example_branch_datetime_operator to 2023-05-20T00:00:00+00:00, run_after=2023-05-21T00:00:00+00:00
[2023-05-21T00:01:19.098+0000] {logging_mixin.py:149} INFO - [2023-05-21T00:01:19.098+0000] {dag.py:3490} INFO - Setting next_dagrun for example_branch_datetime_operator_2 to 2023-05-20T00:00:00+00:00, run_after=2023-05-21T00:00:00+00:00
[2023-05-21T00:01:19.102+0000] {logging_mixin.py:149} INFO - [2023-05-21T00:01:19.102+0000] {dag.py:3490} INFO - Setting next_dagrun for example_branch_datetime_operator_3 to 2023-05-20T00:00:00+00:00, run_after=2023-05-21T00:00:00+00:00
[2023-05-21T00:01:19.125+0000] {processor.py:179} INFO - Processing /home/airflow/.local/lib/python3.7/site-packages/airflow/example_dags/example_branch_datetime_operator.py took 0.115 seconds
[2023-05-21T00:01:49.532+0000] {processor.py:157} INFO - Started process (PID=21132) to work on /home/airflow/.local/lib/python3.7/site-packages/airflow/example_dags/example_branch_datetime_operator.py
[2023-05-21T00:01:49.534+0000] {processor.py:826} INFO - Processing file /home/airflow/.local/lib/python3.7/site-packages/airflow/example_dags/example_branch_datetime_operator.py for tasks to queue
[2023-05-21T00:01:49.534+0000] {logging_mixin.py:149} INFO - [2023-05-21T00:01:49.534+0000] {dagbag.py:541} INFO - Filling up the DagBag from /home/airflow/.local/lib/python3.7/site-packages/airflow/example_dags/example_branch_datetime_operator.py
[2023-05-21T00:01:49.544+0000] {processor.py:836} INFO - DAG(s) dict_keys(['example_branch_datetime_operator_3', 'example_branch_datetime_operator_2', 'example_branch_datetime_operator']) retrieved from /home/airflow/.local/lib/python3.7/site-packages/airflow/example_dags/example_branch_datetime_operator.py
[2023-05-21T00:01:49.581+0000] {logging_mixin.py:149} INFO - [2023-05-21T00:01:49.581+0000] {dag.py:2726} INFO - Sync 3 DAGs
[2023-05-21T00:01:49.612+0000] {logging_mixin.py:149} INFO - [2023-05-21T00:01:49.611+0000] {dag.py:3490} INFO - Setting next_dagrun for example_branch_datetime_operator to 2023-05-20T00:00:00+00:00, run_after=2023-05-21T00:00:00+00:00
[2023-05-21T00:01:49.620+0000] {logging_mixin.py:149} INFO - [2023-05-21T00:01:49.619+0000] {dag.py:3490} INFO - Setting next_dagrun for example_branch_datetime_operator_2 to 2023-05-20T00:00:00+00:00, run_after=2023-05-21T00:00:00+00:00
[2023-05-21T00:01:49.623+0000] {logging_mixin.py:149} INFO - [2023-05-21T00:01:49.623+0000] {dag.py:3490} INFO - Setting next_dagrun for example_branch_datetime_operator_3 to 2023-05-20T00:00:00+00:00, run_after=2023-05-21T00:00:00+00:00
[2023-05-21T00:01:49.666+0000] {processor.py:179} INFO - Processing /home/airflow/.local/lib/python3.7/site-packages/airflow/example_dags/example_branch_datetime_operator.py took 0.137 seconds
[2023-05-21T00:02:19.860+0000] {processor.py:157} INFO - Started process (PID=21200) to work on /home/airflow/.local/lib/python3.7/site-packages/airflow/example_dags/example_branch_datetime_operator.py
[2023-05-21T00:02:19.861+0000] {processor.py:826} INFO - Processing file /home/airflow/.local/lib/python3.7/site-packages/airflow/example_dags/example_branch_datetime_operator.py for tasks to queue
[2023-05-21T00:02:19.862+0000] {logging_mixin.py:149} INFO - [2023-05-21T00:02:19.862+0000] {dagbag.py:541} INFO - Filling up the DagBag from /home/airflow/.local/lib/python3.7/site-packages/airflow/example_dags/example_branch_datetime_operator.py
[2023-05-21T00:02:19.872+0000] {processor.py:836} INFO - DAG(s) dict_keys(['example_branch_datetime_operator_2', 'example_branch_datetime_operator_3', 'example_branch_datetime_operator']) retrieved from /home/airflow/.local/lib/python3.7/site-packages/airflow/example_dags/example_branch_datetime_operator.py
[2023-05-21T00:02:19.907+0000] {logging_mixin.py:149} INFO - [2023-05-21T00:02:19.907+0000] {dag.py:2726} INFO - Sync 3 DAGs
[2023-05-21T00:02:19.936+0000] {logging_mixin.py:149} INFO - [2023-05-21T00:02:19.936+0000] {dag.py:3490} INFO - Setting next_dagrun for example_branch_datetime_operator to 2023-05-20T00:00:00+00:00, run_after=2023-05-21T00:00:00+00:00
[2023-05-21T00:02:19.942+0000] {logging_mixin.py:149} INFO - [2023-05-21T00:02:19.942+0000] {dag.py:3490} INFO - Setting next_dagrun for example_branch_datetime_operator_2 to 2023-05-20T00:00:00+00:00, run_after=2023-05-21T00:00:00+00:00
[2023-05-21T00:02:19.946+0000] {logging_mixin.py:149} INFO - [2023-05-21T00:02:19.946+0000] {dag.py:3490} INFO - Setting next_dagrun for example_branch_datetime_operator_3 to 2023-05-20T00:00:00+00:00, run_after=2023-05-21T00:00:00+00:00
[2023-05-21T00:02:19.970+0000] {processor.py:179} INFO - Processing /home/airflow/.local/lib/python3.7/site-packages/airflow/example_dags/example_branch_datetime_operator.py took 0.112 seconds
[2023-05-21T00:02:50.524+0000] {processor.py:157} INFO - Started process (PID=21268) to work on /home/airflow/.local/lib/python3.7/site-packages/airflow/example_dags/example_branch_datetime_operator.py
[2023-05-21T00:02:50.525+0000] {processor.py:826} INFO - Processing file /home/airflow/.local/lib/python3.7/site-packages/airflow/example_dags/example_branch_datetime_operator.py for tasks to queue
[2023-05-21T00:02:50.525+0000] {logging_mixin.py:149} INFO - [2023-05-21T00:02:50.525+0000] {dagbag.py:541} INFO - Filling up the DagBag from /home/airflow/.local/lib/python3.7/site-packages/airflow/example_dags/example_branch_datetime_operator.py
[2023-05-21T00:02:50.534+0000] {processor.py:836} INFO - DAG(s) dict_keys(['example_branch_datetime_operator_3', 'example_branch_datetime_operator_2', 'example_branch_datetime_operator']) retrieved from /home/airflow/.local/lib/python3.7/site-packages/airflow/example_dags/example_branch_datetime_operator.py
[2023-05-21T00:02:50.571+0000] {logging_mixin.py:149} INFO - [2023-05-21T00:02:50.571+0000] {dag.py:2726} INFO - Sync 3 DAGs
[2023-05-21T00:02:50.601+0000] {logging_mixin.py:149} INFO - [2023-05-21T00:02:50.601+0000] {dag.py:3490} INFO - Setting next_dagrun for example_branch_datetime_operator to 2023-05-20T00:00:00+00:00, run_after=2023-05-21T00:00:00+00:00
[2023-05-21T00:02:50.607+0000] {logging_mixin.py:149} INFO - [2023-05-21T00:02:50.607+0000] {dag.py:3490} INFO - Setting next_dagrun for example_branch_datetime_operator_2 to 2023-05-20T00:00:00+00:00, run_after=2023-05-21T00:00:00+00:00
[2023-05-21T00:02:50.611+0000] {logging_mixin.py:149} INFO - [2023-05-21T00:02:50.611+0000] {dag.py:3490} INFO - Setting next_dagrun for example_branch_datetime_operator_3 to 2023-05-20T00:00:00+00:00, run_after=2023-05-21T00:00:00+00:00
[2023-05-21T00:02:50.634+0000] {processor.py:179} INFO - Processing /home/airflow/.local/lib/python3.7/site-packages/airflow/example_dags/example_branch_datetime_operator.py took 0.113 seconds
[2023-05-21T00:03:20.903+0000] {processor.py:157} INFO - Started process (PID=21337) to work on /home/airflow/.local/lib/python3.7/site-packages/airflow/example_dags/example_branch_datetime_operator.py
[2023-05-21T00:03:20.904+0000] {processor.py:826} INFO - Processing file /home/airflow/.local/lib/python3.7/site-packages/airflow/example_dags/example_branch_datetime_operator.py for tasks to queue
[2023-05-21T00:03:20.905+0000] {logging_mixin.py:149} INFO - [2023-05-21T00:03:20.905+0000] {dagbag.py:541} INFO - Filling up the DagBag from /home/airflow/.local/lib/python3.7/site-packages/airflow/example_dags/example_branch_datetime_operator.py
[2023-05-21T00:03:20.916+0000] {processor.py:836} INFO - DAG(s) dict_keys(['example_branch_datetime_operator', 'example_branch_datetime_operator_3', 'example_branch_datetime_operator_2']) retrieved from /home/airflow/.local/lib/python3.7/site-packages/airflow/example_dags/example_branch_datetime_operator.py
[2023-05-21T00:03:20.959+0000] {logging_mixin.py:149} INFO - [2023-05-21T00:03:20.958+0000] {dag.py:2726} INFO - Sync 3 DAGs
[2023-05-21T00:03:20.997+0000] {logging_mixin.py:149} INFO - [2023-05-21T00:03:20.997+0000] {dag.py:3490} INFO - Setting next_dagrun for example_branch_datetime_operator to 2023-05-20T00:00:00+00:00, run_after=2023-05-21T00:00:00+00:00
[2023-05-21T00:03:21.006+0000] {logging_mixin.py:149} INFO - [2023-05-21T00:03:21.005+0000] {dag.py:3490} INFO - Setting next_dagrun for example_branch_datetime_operator_2 to 2023-05-20T00:00:00+00:00, run_after=2023-05-21T00:00:00+00:00
[2023-05-21T00:03:21.010+0000] {logging_mixin.py:149} INFO - [2023-05-21T00:03:21.009+0000] {dag.py:3490} INFO - Setting next_dagrun for example_branch_datetime_operator_3 to 2023-05-20T00:00:00+00:00, run_after=2023-05-21T00:00:00+00:00
[2023-05-21T00:03:21.039+0000] {processor.py:179} INFO - Processing /home/airflow/.local/lib/python3.7/site-packages/airflow/example_dags/example_branch_datetime_operator.py took 0.139 seconds
[2023-05-21T00:03:51.509+0000] {processor.py:157} INFO - Started process (PID=21406) to work on /home/airflow/.local/lib/python3.7/site-packages/airflow/example_dags/example_branch_datetime_operator.py
[2023-05-21T00:03:51.510+0000] {processor.py:826} INFO - Processing file /home/airflow/.local/lib/python3.7/site-packages/airflow/example_dags/example_branch_datetime_operator.py for tasks to queue
[2023-05-21T00:03:51.511+0000] {logging_mixin.py:149} INFO - [2023-05-21T00:03:51.511+0000] {dagbag.py:541} INFO - Filling up the DagBag from /home/airflow/.local/lib/python3.7/site-packages/airflow/example_dags/example_branch_datetime_operator.py
[2023-05-21T00:03:51.520+0000] {processor.py:836} INFO - DAG(s) dict_keys(['example_branch_datetime_operator_2', 'example_branch_datetime_operator_3', 'example_branch_datetime_operator']) retrieved from /home/airflow/.local/lib/python3.7/site-packages/airflow/example_dags/example_branch_datetime_operator.py
[2023-05-21T00:03:51.556+0000] {logging_mixin.py:149} INFO - [2023-05-21T00:03:51.556+0000] {dag.py:2726} INFO - Sync 3 DAGs
[2023-05-21T00:03:51.586+0000] {logging_mixin.py:149} INFO - [2023-05-21T00:03:51.586+0000] {dag.py:3490} INFO - Setting next_dagrun for example_branch_datetime_operator to 2023-05-20T00:00:00+00:00, run_after=2023-05-21T00:00:00+00:00
[2023-05-21T00:03:51.592+0000] {logging_mixin.py:149} INFO - [2023-05-21T00:03:51.592+0000] {dag.py:3490} INFO - Setting next_dagrun for example_branch_datetime_operator_2 to 2023-05-20T00:00:00+00:00, run_after=2023-05-21T00:00:00+00:00
[2023-05-21T00:03:51.596+0000] {logging_mixin.py:149} INFO - [2023-05-21T00:03:51.596+0000] {dag.py:3490} INFO - Setting next_dagrun for example_branch_datetime_operator_3 to 2023-05-20T00:00:00+00:00, run_after=2023-05-21T00:00:00+00:00
[2023-05-21T00:03:51.621+0000] {processor.py:179} INFO - Processing /home/airflow/.local/lib/python3.7/site-packages/airflow/example_dags/example_branch_datetime_operator.py took 0.114 seconds
[2023-05-21T00:04:22.256+0000] {processor.py:157} INFO - Started process (PID=21475) to work on /home/airflow/.local/lib/python3.7/site-packages/airflow/example_dags/example_branch_datetime_operator.py
[2023-05-21T00:04:22.257+0000] {processor.py:826} INFO - Processing file /home/airflow/.local/lib/python3.7/site-packages/airflow/example_dags/example_branch_datetime_operator.py for tasks to queue
[2023-05-21T00:04:22.258+0000] {logging_mixin.py:149} INFO - [2023-05-21T00:04:22.258+0000] {dagbag.py:541} INFO - Filling up the DagBag from /home/airflow/.local/lib/python3.7/site-packages/airflow/example_dags/example_branch_datetime_operator.py
[2023-05-21T00:04:22.267+0000] {processor.py:836} INFO - DAG(s) dict_keys(['example_branch_datetime_operator', 'example_branch_datetime_operator_2', 'example_branch_datetime_operator_3']) retrieved from /home/airflow/.local/lib/python3.7/site-packages/airflow/example_dags/example_branch_datetime_operator.py
[2023-05-21T00:04:22.305+0000] {logging_mixin.py:149} INFO - [2023-05-21T00:04:22.305+0000] {dag.py:2726} INFO - Sync 3 DAGs
[2023-05-21T00:04:22.336+0000] {logging_mixin.py:149} INFO - [2023-05-21T00:04:22.336+0000] {dag.py:3490} INFO - Setting next_dagrun for example_branch_datetime_operator to 2023-05-20T00:00:00+00:00, run_after=2023-05-21T00:00:00+00:00
[2023-05-21T00:04:22.342+0000] {logging_mixin.py:149} INFO - [2023-05-21T00:04:22.342+0000] {dag.py:3490} INFO - Setting next_dagrun for example_branch_datetime_operator_2 to 2023-05-20T00:00:00+00:00, run_after=2023-05-21T00:00:00+00:00
[2023-05-21T00:04:22.346+0000] {logging_mixin.py:149} INFO - [2023-05-21T00:04:22.346+0000] {dag.py:3490} INFO - Setting next_dagrun for example_branch_datetime_operator_3 to 2023-05-20T00:00:00+00:00, run_after=2023-05-21T00:00:00+00:00
[2023-05-21T00:04:22.371+0000] {processor.py:179} INFO - Processing /home/airflow/.local/lib/python3.7/site-packages/airflow/example_dags/example_branch_datetime_operator.py took 0.118 seconds
[2023-05-21T00:04:52.562+0000] {processor.py:157} INFO - Started process (PID=21544) to work on /home/airflow/.local/lib/python3.7/site-packages/airflow/example_dags/example_branch_datetime_operator.py
[2023-05-21T00:04:52.563+0000] {processor.py:826} INFO - Processing file /home/airflow/.local/lib/python3.7/site-packages/airflow/example_dags/example_branch_datetime_operator.py for tasks to queue
[2023-05-21T00:04:52.564+0000] {logging_mixin.py:149} INFO - [2023-05-21T00:04:52.564+0000] {dagbag.py:541} INFO - Filling up the DagBag from /home/airflow/.local/lib/python3.7/site-packages/airflow/example_dags/example_branch_datetime_operator.py
[2023-05-21T00:04:52.574+0000] {processor.py:836} INFO - DAG(s) dict_keys(['example_branch_datetime_operator', 'example_branch_datetime_operator_3', 'example_branch_datetime_operator_2']) retrieved from /home/airflow/.local/lib/python3.7/site-packages/airflow/example_dags/example_branch_datetime_operator.py
[2023-05-21T00:04:52.610+0000] {logging_mixin.py:149} INFO - [2023-05-21T00:04:52.610+0000] {dag.py:2726} INFO - Sync 3 DAGs
[2023-05-21T00:04:52.639+0000] {logging_mixin.py:149} INFO - [2023-05-21T00:04:52.639+0000] {dag.py:3490} INFO - Setting next_dagrun for example_branch_datetime_operator to 2023-05-20T00:00:00+00:00, run_after=2023-05-21T00:00:00+00:00
[2023-05-21T00:04:52.647+0000] {logging_mixin.py:149} INFO - [2023-05-21T00:04:52.647+0000] {dag.py:3490} INFO - Setting next_dagrun for example_branch_datetime_operator_2 to 2023-05-20T00:00:00+00:00, run_after=2023-05-21T00:00:00+00:00
[2023-05-21T00:04:52.651+0000] {logging_mixin.py:149} INFO - [2023-05-21T00:04:52.650+0000] {dag.py:3490} INFO - Setting next_dagrun for example_branch_datetime_operator_3 to 2023-05-20T00:00:00+00:00, run_after=2023-05-21T00:00:00+00:00
[2023-05-21T00:04:52.673+0000] {processor.py:179} INFO - Processing /home/airflow/.local/lib/python3.7/site-packages/airflow/example_dags/example_branch_datetime_operator.py took 0.113 seconds
[2023-05-21T00:05:23.038+0000] {processor.py:157} INFO - Started process (PID=21612) to work on /home/airflow/.local/lib/python3.7/site-packages/airflow/example_dags/example_branch_datetime_operator.py
[2023-05-21T00:05:23.039+0000] {processor.py:826} INFO - Processing file /home/airflow/.local/lib/python3.7/site-packages/airflow/example_dags/example_branch_datetime_operator.py for tasks to queue
[2023-05-21T00:05:23.040+0000] {logging_mixin.py:149} INFO - [2023-05-21T00:05:23.040+0000] {dagbag.py:541} INFO - Filling up the DagBag from /home/airflow/.local/lib/python3.7/site-packages/airflow/example_dags/example_branch_datetime_operator.py
[2023-05-21T00:05:23.049+0000] {processor.py:836} INFO - DAG(s) dict_keys(['example_branch_datetime_operator', 'example_branch_datetime_operator_2', 'example_branch_datetime_operator_3']) retrieved from /home/airflow/.local/lib/python3.7/site-packages/airflow/example_dags/example_branch_datetime_operator.py
[2023-05-21T00:05:23.090+0000] {logging_mixin.py:149} INFO - [2023-05-21T00:05:23.090+0000] {dag.py:2726} INFO - Sync 3 DAGs
[2023-05-21T00:05:23.125+0000] {logging_mixin.py:149} INFO - [2023-05-21T00:05:23.125+0000] {dag.py:3490} INFO - Setting next_dagrun for example_branch_datetime_operator to 2023-05-20T00:00:00+00:00, run_after=2023-05-21T00:00:00+00:00
[2023-05-21T00:05:23.132+0000] {logging_mixin.py:149} INFO - [2023-05-21T00:05:23.132+0000] {dag.py:3490} INFO - Setting next_dagrun for example_branch_datetime_operator_2 to 2023-05-20T00:00:00+00:00, run_after=2023-05-21T00:00:00+00:00
[2023-05-21T00:05:23.137+0000] {logging_mixin.py:149} INFO - [2023-05-21T00:05:23.136+0000] {dag.py:3490} INFO - Setting next_dagrun for example_branch_datetime_operator_3 to 2023-05-20T00:00:00+00:00, run_after=2023-05-21T00:00:00+00:00
[2023-05-21T00:05:23.161+0000] {processor.py:179} INFO - Processing /home/airflow/.local/lib/python3.7/site-packages/airflow/example_dags/example_branch_datetime_operator.py took 0.126 seconds
[2023-05-21T00:05:53.533+0000] {processor.py:157} INFO - Started process (PID=21680) to work on /home/airflow/.local/lib/python3.7/site-packages/airflow/example_dags/example_branch_datetime_operator.py
[2023-05-21T00:05:53.534+0000] {processor.py:826} INFO - Processing file /home/airflow/.local/lib/python3.7/site-packages/airflow/example_dags/example_branch_datetime_operator.py for tasks to queue
[2023-05-21T00:05:53.535+0000] {logging_mixin.py:149} INFO - [2023-05-21T00:05:53.535+0000] {dagbag.py:541} INFO - Filling up the DagBag from /home/airflow/.local/lib/python3.7/site-packages/airflow/example_dags/example_branch_datetime_operator.py
[2023-05-21T00:05:53.544+0000] {processor.py:836} INFO - DAG(s) dict_keys(['example_branch_datetime_operator_3', 'example_branch_datetime_operator_2', 'example_branch_datetime_operator']) retrieved from /home/airflow/.local/lib/python3.7/site-packages/airflow/example_dags/example_branch_datetime_operator.py
[2023-05-21T00:05:53.581+0000] {logging_mixin.py:149} INFO - [2023-05-21T00:05:53.580+0000] {dag.py:2726} INFO - Sync 3 DAGs
[2023-05-21T00:05:53.611+0000] {logging_mixin.py:149} INFO - [2023-05-21T00:05:53.611+0000] {dag.py:3490} INFO - Setting next_dagrun for example_branch_datetime_operator to 2023-05-20T00:00:00+00:00, run_after=2023-05-21T00:00:00+00:00
[2023-05-21T00:05:53.617+0000] {logging_mixin.py:149} INFO - [2023-05-21T00:05:53.617+0000] {dag.py:3490} INFO - Setting next_dagrun for example_branch_datetime_operator_2 to 2023-05-20T00:00:00+00:00, run_after=2023-05-21T00:00:00+00:00
[2023-05-21T00:05:53.621+0000] {logging_mixin.py:149} INFO - [2023-05-21T00:05:53.621+0000] {dag.py:3490} INFO - Setting next_dagrun for example_branch_datetime_operator_3 to 2023-05-20T00:00:00+00:00, run_after=2023-05-21T00:00:00+00:00
[2023-05-21T00:05:53.693+0000] {processor.py:179} INFO - Processing /home/airflow/.local/lib/python3.7/site-packages/airflow/example_dags/example_branch_datetime_operator.py took 0.163 seconds
[2023-05-21T00:06:24.086+0000] {processor.py:157} INFO - Started process (PID=21756) to work on /home/airflow/.local/lib/python3.7/site-packages/airflow/example_dags/example_branch_datetime_operator.py
[2023-05-21T00:06:24.087+0000] {processor.py:826} INFO - Processing file /home/airflow/.local/lib/python3.7/site-packages/airflow/example_dags/example_branch_datetime_operator.py for tasks to queue
[2023-05-21T00:06:24.088+0000] {logging_mixin.py:149} INFO - [2023-05-21T00:06:24.087+0000] {dagbag.py:541} INFO - Filling up the DagBag from /home/airflow/.local/lib/python3.7/site-packages/airflow/example_dags/example_branch_datetime_operator.py
[2023-05-21T00:06:24.096+0000] {processor.py:836} INFO - DAG(s) dict_keys(['example_branch_datetime_operator_2', 'example_branch_datetime_operator', 'example_branch_datetime_operator_3']) retrieved from /home/airflow/.local/lib/python3.7/site-packages/airflow/example_dags/example_branch_datetime_operator.py
[2023-05-21T00:06:24.133+0000] {logging_mixin.py:149} INFO - [2023-05-21T00:06:24.132+0000] {dag.py:2726} INFO - Sync 3 DAGs
[2023-05-21T00:06:24.161+0000] {logging_mixin.py:149} INFO - [2023-05-21T00:06:24.161+0000] {dag.py:3490} INFO - Setting next_dagrun for example_branch_datetime_operator to 2023-05-20T00:00:00+00:00, run_after=2023-05-21T00:00:00+00:00
[2023-05-21T00:06:24.170+0000] {logging_mixin.py:149} INFO - [2023-05-21T00:06:24.169+0000] {dag.py:3490} INFO - Setting next_dagrun for example_branch_datetime_operator_2 to 2023-05-20T00:00:00+00:00, run_after=2023-05-21T00:00:00+00:00
[2023-05-21T00:06:24.173+0000] {logging_mixin.py:149} INFO - [2023-05-21T00:06:24.173+0000] {dag.py:3490} INFO - Setting next_dagrun for example_branch_datetime_operator_3 to 2023-05-20T00:00:00+00:00, run_after=2023-05-21T00:00:00+00:00
[2023-05-21T00:06:24.197+0000] {processor.py:179} INFO - Processing /home/airflow/.local/lib/python3.7/site-packages/airflow/example_dags/example_branch_datetime_operator.py took 0.114 seconds
[2023-05-21T00:06:54.542+0000] {processor.py:157} INFO - Started process (PID=21824) to work on /home/airflow/.local/lib/python3.7/site-packages/airflow/example_dags/example_branch_datetime_operator.py
[2023-05-21T00:06:54.543+0000] {processor.py:826} INFO - Processing file /home/airflow/.local/lib/python3.7/site-packages/airflow/example_dags/example_branch_datetime_operator.py for tasks to queue
[2023-05-21T00:06:54.544+0000] {logging_mixin.py:149} INFO - [2023-05-21T00:06:54.544+0000] {dagbag.py:541} INFO - Filling up the DagBag from /home/airflow/.local/lib/python3.7/site-packages/airflow/example_dags/example_branch_datetime_operator.py
[2023-05-21T00:06:54.556+0000] {processor.py:836} INFO - DAG(s) dict_keys(['example_branch_datetime_operator_3', 'example_branch_datetime_operator', 'example_branch_datetime_operator_2']) retrieved from /home/airflow/.local/lib/python3.7/site-packages/airflow/example_dags/example_branch_datetime_operator.py
[2023-05-21T00:06:54.596+0000] {logging_mixin.py:149} INFO - [2023-05-21T00:06:54.596+0000] {dag.py:2726} INFO - Sync 3 DAGs
[2023-05-21T00:06:54.631+0000] {logging_mixin.py:149} INFO - [2023-05-21T00:06:54.630+0000] {dag.py:3490} INFO - Setting next_dagrun for example_branch_datetime_operator to 2023-05-20T00:00:00+00:00, run_after=2023-05-21T00:00:00+00:00
[2023-05-21T00:06:54.638+0000] {logging_mixin.py:149} INFO - [2023-05-21T00:06:54.637+0000] {dag.py:3490} INFO - Setting next_dagrun for example_branch_datetime_operator_2 to 2023-05-20T00:00:00+00:00, run_after=2023-05-21T00:00:00+00:00
[2023-05-21T00:06:54.641+0000] {logging_mixin.py:149} INFO - [2023-05-21T00:06:54.641+0000] {dag.py:3490} INFO - Setting next_dagrun for example_branch_datetime_operator_3 to 2023-05-20T00:00:00+00:00, run_after=2023-05-21T00:00:00+00:00
[2023-05-21T00:06:54.700+0000] {processor.py:179} INFO - Processing /home/airflow/.local/lib/python3.7/site-packages/airflow/example_dags/example_branch_datetime_operator.py took 0.161 seconds
[2023-05-21T00:07:24.966+0000] {processor.py:157} INFO - Started process (PID=21892) to work on /home/airflow/.local/lib/python3.7/site-packages/airflow/example_dags/example_branch_datetime_operator.py
[2023-05-21T00:07:24.967+0000] {processor.py:826} INFO - Processing file /home/airflow/.local/lib/python3.7/site-packages/airflow/example_dags/example_branch_datetime_operator.py for tasks to queue
[2023-05-21T00:07:24.968+0000] {logging_mixin.py:149} INFO - [2023-05-21T00:07:24.968+0000] {dagbag.py:541} INFO - Filling up the DagBag from /home/airflow/.local/lib/python3.7/site-packages/airflow/example_dags/example_branch_datetime_operator.py
[2023-05-21T00:07:24.979+0000] {processor.py:836} INFO - DAG(s) dict_keys(['example_branch_datetime_operator_3', 'example_branch_datetime_operator', 'example_branch_datetime_operator_2']) retrieved from /home/airflow/.local/lib/python3.7/site-packages/airflow/example_dags/example_branch_datetime_operator.py
[2023-05-21T00:07:25.024+0000] {logging_mixin.py:149} INFO - [2023-05-21T00:07:25.024+0000] {dag.py:2726} INFO - Sync 3 DAGs
[2023-05-21T00:07:25.061+0000] {logging_mixin.py:149} INFO - [2023-05-21T00:07:25.061+0000] {dag.py:3490} INFO - Setting next_dagrun for example_branch_datetime_operator to 2023-05-20T00:00:00+00:00, run_after=2023-05-21T00:00:00+00:00
[2023-05-21T00:07:25.068+0000] {logging_mixin.py:149} INFO - [2023-05-21T00:07:25.068+0000] {dag.py:3490} INFO - Setting next_dagrun for example_branch_datetime_operator_2 to 2023-05-20T00:00:00+00:00, run_after=2023-05-21T00:00:00+00:00
[2023-05-21T00:07:25.073+0000] {logging_mixin.py:149} INFO - [2023-05-21T00:07:25.072+0000] {dag.py:3490} INFO - Setting next_dagrun for example_branch_datetime_operator_3 to 2023-05-20T00:00:00+00:00, run_after=2023-05-21T00:00:00+00:00
[2023-05-21T00:07:25.102+0000] {processor.py:179} INFO - Processing /home/airflow/.local/lib/python3.7/site-packages/airflow/example_dags/example_branch_datetime_operator.py took 0.139 seconds
[2023-05-21T00:07:56.432+0000] {processor.py:157} INFO - Started process (PID=21961) to work on /home/airflow/.local/lib/python3.7/site-packages/airflow/example_dags/example_branch_datetime_operator.py
[2023-05-21T00:07:56.433+0000] {processor.py:826} INFO - Processing file /home/airflow/.local/lib/python3.7/site-packages/airflow/example_dags/example_branch_datetime_operator.py for tasks to queue
[2023-05-21T00:07:56.434+0000] {logging_mixin.py:149} INFO - [2023-05-21T00:07:56.433+0000] {dagbag.py:541} INFO - Filling up the DagBag from /home/airflow/.local/lib/python3.7/site-packages/airflow/example_dags/example_branch_datetime_operator.py
[2023-05-21T00:07:56.442+0000] {processor.py:836} INFO - DAG(s) dict_keys(['example_branch_datetime_operator_3', 'example_branch_datetime_operator', 'example_branch_datetime_operator_2']) retrieved from /home/airflow/.local/lib/python3.7/site-packages/airflow/example_dags/example_branch_datetime_operator.py
[2023-05-21T00:07:56.473+0000] {logging_mixin.py:149} INFO - [2023-05-21T00:07:56.472+0000] {dag.py:2726} INFO - Sync 3 DAGs
[2023-05-21T00:07:56.499+0000] {logging_mixin.py:149} INFO - [2023-05-21T00:07:56.499+0000] {dag.py:3490} INFO - Setting next_dagrun for example_branch_datetime_operator to 2023-05-20T00:00:00+00:00, run_after=2023-05-21T00:00:00+00:00
[2023-05-21T00:07:56.505+0000] {logging_mixin.py:149} INFO - [2023-05-21T00:07:56.505+0000] {dag.py:3490} INFO - Setting next_dagrun for example_branch_datetime_operator_2 to 2023-05-20T00:00:00+00:00, run_after=2023-05-21T00:00:00+00:00
[2023-05-21T00:07:56.508+0000] {logging_mixin.py:149} INFO - [2023-05-21T00:07:56.508+0000] {dag.py:3490} INFO - Setting next_dagrun for example_branch_datetime_operator_3 to 2023-05-20T00:00:00+00:00, run_after=2023-05-21T00:00:00+00:00
[2023-05-21T00:07:56.731+0000] {processor.py:179} INFO - Processing /home/airflow/.local/lib/python3.7/site-packages/airflow/example_dags/example_branch_datetime_operator.py took 0.301 seconds
[2023-05-21T23:12:43.441+0000] {processor.py:157} INFO - Started process (PID=62) to work on /home/airflow/.local/lib/python3.7/site-packages/airflow/example_dags/example_branch_datetime_operator.py
[2023-05-21T23:12:43.442+0000] {processor.py:826} INFO - Processing file /home/airflow/.local/lib/python3.7/site-packages/airflow/example_dags/example_branch_datetime_operator.py for tasks to queue
[2023-05-21T23:12:43.443+0000] {logging_mixin.py:149} INFO - [2023-05-21T23:12:43.443+0000] {dagbag.py:541} INFO - Filling up the DagBag from /home/airflow/.local/lib/python3.7/site-packages/airflow/example_dags/example_branch_datetime_operator.py
[2023-05-21T23:12:43.458+0000] {processor.py:836} INFO - DAG(s) dict_keys(['example_branch_datetime_operator_3', 'example_branch_datetime_operator', 'example_branch_datetime_operator_2']) retrieved from /home/airflow/.local/lib/python3.7/site-packages/airflow/example_dags/example_branch_datetime_operator.py
[2023-05-21T23:12:43.476+0000] {logging_mixin.py:149} INFO - [2023-05-21T23:12:43.476+0000] {dag.py:2726} INFO - Sync 3 DAGs
[2023-05-21T23:12:43.512+0000] {logging_mixin.py:149} INFO - [2023-05-21T23:12:43.512+0000] {dag.py:3490} INFO - Setting next_dagrun for example_branch_datetime_operator to 2023-05-20T00:00:00+00:00, run_after=2023-05-21T00:00:00+00:00
[2023-05-21T23:12:43.518+0000] {logging_mixin.py:149} INFO - [2023-05-21T23:12:43.518+0000] {dag.py:3490} INFO - Setting next_dagrun for example_branch_datetime_operator_2 to 2023-05-20T00:00:00+00:00, run_after=2023-05-21T00:00:00+00:00
[2023-05-21T23:12:43.522+0000] {logging_mixin.py:149} INFO - [2023-05-21T23:12:43.521+0000] {dag.py:3490} INFO - Setting next_dagrun for example_branch_datetime_operator_3 to 2023-05-20T00:00:00+00:00, run_after=2023-05-21T00:00:00+00:00
[2023-05-21T23:12:43.544+0000] {processor.py:179} INFO - Processing /home/airflow/.local/lib/python3.7/site-packages/airflow/example_dags/example_branch_datetime_operator.py took 0.106 seconds
