[2023-05-21T00:00:14.994+0000] {processor.py:157} INFO - Started process (PID=20907) to work on /home/airflow/.local/lib/python3.7/site-packages/airflow/example_dags/example_datasets.py
[2023-05-21T00:00:14.995+0000] {processor.py:826} INFO - Processing file /home/airflow/.local/lib/python3.7/site-packages/airflow/example_dags/example_datasets.py for tasks to queue
[2023-05-21T00:00:14.995+0000] {logging_mixin.py:149} INFO - [2023-05-21T00:00:14.995+0000] {dagbag.py:541} INFO - Filling up the DagBag from /home/airflow/.local/lib/python3.7/site-packages/airflow/example_dags/example_datasets.py
[2023-05-21T00:00:15.004+0000] {processor.py:836} INFO - DAG(s) dict_keys(['dataset_produces_1', 'dataset_consumes_1', 'dataset_consumes_unknown_never_scheduled', 'dataset_consumes_1_and_2', 'dataset_produces_2', 'dataset_consumes_1_never_scheduled']) retrieved from /home/airflow/.local/lib/python3.7/site-packages/airflow/example_dags/example_datasets.py
[2023-05-21T00:00:15.058+0000] {logging_mixin.py:149} INFO - [2023-05-21T00:00:15.057+0000] {dag.py:2726} INFO - Sync 6 DAGs
[2023-05-21T00:00:15.088+0000] {logging_mixin.py:149} INFO - [2023-05-21T00:00:15.088+0000] {dag.py:3490} INFO - Setting next_dagrun for dataset_consumes_1 to None, run_after=None
[2023-05-21T00:00:15.093+0000] {logging_mixin.py:149} INFO - [2023-05-21T00:00:15.093+0000] {dag.py:3490} INFO - Setting next_dagrun for dataset_consumes_1_and_2 to None, run_after=None
[2023-05-21T00:00:15.095+0000] {logging_mixin.py:149} INFO - [2023-05-21T00:00:15.095+0000] {dag.py:3490} INFO - Setting next_dagrun for dataset_consumes_1_never_scheduled to None, run_after=None
[2023-05-21T00:00:15.097+0000] {logging_mixin.py:149} INFO - [2023-05-21T00:00:15.097+0000] {dag.py:3490} INFO - Setting next_dagrun for dataset_consumes_unknown_never_scheduled to None, run_after=None
[2023-05-21T00:00:15.100+0000] {logging_mixin.py:149} INFO - [2023-05-21T00:00:15.100+0000] {dag.py:3490} INFO - Setting next_dagrun for dataset_produces_1 to 2023-05-20T00:00:00+00:00, run_after=2023-05-21T00:00:00+00:00
[2023-05-21T00:00:15.103+0000] {logging_mixin.py:149} INFO - [2023-05-21T00:00:15.102+0000] {dag.py:3490} INFO - Setting next_dagrun for dataset_produces_2 to None, run_after=None
[2023-05-21T00:00:15.151+0000] {processor.py:179} INFO - Processing /home/airflow/.local/lib/python3.7/site-packages/airflow/example_dags/example_datasets.py took 0.160 seconds
[2023-05-21T00:00:45.782+0000] {processor.py:157} INFO - Started process (PID=20976) to work on /home/airflow/.local/lib/python3.7/site-packages/airflow/example_dags/example_datasets.py
[2023-05-21T00:00:45.783+0000] {processor.py:826} INFO - Processing file /home/airflow/.local/lib/python3.7/site-packages/airflow/example_dags/example_datasets.py for tasks to queue
[2023-05-21T00:00:45.784+0000] {logging_mixin.py:149} INFO - [2023-05-21T00:00:45.784+0000] {dagbag.py:541} INFO - Filling up the DagBag from /home/airflow/.local/lib/python3.7/site-packages/airflow/example_dags/example_datasets.py
[2023-05-21T00:00:45.796+0000] {processor.py:836} INFO - DAG(s) dict_keys(['dataset_consumes_unknown_never_scheduled', 'dataset_consumes_1', 'dataset_produces_1', 'dataset_consumes_1_and_2', 'dataset_consumes_1_never_scheduled', 'dataset_produces_2']) retrieved from /home/airflow/.local/lib/python3.7/site-packages/airflow/example_dags/example_datasets.py
[2023-05-21T00:00:45.849+0000] {logging_mixin.py:149} INFO - [2023-05-21T00:00:45.849+0000] {dag.py:2726} INFO - Sync 6 DAGs
[2023-05-21T00:00:45.882+0000] {logging_mixin.py:149} INFO - [2023-05-21T00:00:45.882+0000] {dag.py:3490} INFO - Setting next_dagrun for dataset_consumes_1 to None, run_after=None
[2023-05-21T00:00:45.888+0000] {logging_mixin.py:149} INFO - [2023-05-21T00:00:45.888+0000] {dag.py:3490} INFO - Setting next_dagrun for dataset_consumes_1_and_2 to None, run_after=None
[2023-05-21T00:00:45.890+0000] {logging_mixin.py:149} INFO - [2023-05-21T00:00:45.890+0000] {dag.py:3490} INFO - Setting next_dagrun for dataset_consumes_1_never_scheduled to None, run_after=None
[2023-05-21T00:00:45.892+0000] {logging_mixin.py:149} INFO - [2023-05-21T00:00:45.892+0000] {dag.py:3490} INFO - Setting next_dagrun for dataset_consumes_unknown_never_scheduled to None, run_after=None
[2023-05-21T00:00:45.898+0000] {logging_mixin.py:149} INFO - [2023-05-21T00:00:45.898+0000] {dag.py:3490} INFO - Setting next_dagrun for dataset_produces_1 to 2023-05-20T00:00:00+00:00, run_after=2023-05-21T00:00:00+00:00
[2023-05-21T00:00:45.902+0000] {logging_mixin.py:149} INFO - [2023-05-21T00:00:45.902+0000] {dag.py:3490} INFO - Setting next_dagrun for dataset_produces_2 to None, run_after=None
[2023-05-21T00:00:45.960+0000] {processor.py:179} INFO - Processing /home/airflow/.local/lib/python3.7/site-packages/airflow/example_dags/example_datasets.py took 0.181 seconds
[2023-05-21T00:01:16.564+0000] {processor.py:157} INFO - Started process (PID=21044) to work on /home/airflow/.local/lib/python3.7/site-packages/airflow/example_dags/example_datasets.py
[2023-05-21T00:01:16.565+0000] {processor.py:826} INFO - Processing file /home/airflow/.local/lib/python3.7/site-packages/airflow/example_dags/example_datasets.py for tasks to queue
[2023-05-21T00:01:16.566+0000] {logging_mixin.py:149} INFO - [2023-05-21T00:01:16.566+0000] {dagbag.py:541} INFO - Filling up the DagBag from /home/airflow/.local/lib/python3.7/site-packages/airflow/example_dags/example_datasets.py
[2023-05-21T00:01:16.576+0000] {processor.py:836} INFO - DAG(s) dict_keys(['dataset_produces_1', 'dataset_consumes_unknown_never_scheduled', 'dataset_produces_2', 'dataset_consumes_1_and_2', 'dataset_consumes_1', 'dataset_consumes_1_never_scheduled']) retrieved from /home/airflow/.local/lib/python3.7/site-packages/airflow/example_dags/example_datasets.py
[2023-05-21T00:01:16.631+0000] {logging_mixin.py:149} INFO - [2023-05-21T00:01:16.630+0000] {dag.py:2726} INFO - Sync 6 DAGs
[2023-05-21T00:01:16.664+0000] {logging_mixin.py:149} INFO - [2023-05-21T00:01:16.664+0000] {dag.py:3490} INFO - Setting next_dagrun for dataset_consumes_1 to None, run_after=None
[2023-05-21T00:01:16.670+0000] {logging_mixin.py:149} INFO - [2023-05-21T00:01:16.670+0000] {dag.py:3490} INFO - Setting next_dagrun for dataset_consumes_1_and_2 to None, run_after=None
[2023-05-21T00:01:16.673+0000] {logging_mixin.py:149} INFO - [2023-05-21T00:01:16.672+0000] {dag.py:3490} INFO - Setting next_dagrun for dataset_consumes_1_never_scheduled to None, run_after=None
[2023-05-21T00:01:16.675+0000] {logging_mixin.py:149} INFO - [2023-05-21T00:01:16.675+0000] {dag.py:3490} INFO - Setting next_dagrun for dataset_consumes_unknown_never_scheduled to None, run_after=None
[2023-05-21T00:01:16.679+0000] {logging_mixin.py:149} INFO - [2023-05-21T00:01:16.679+0000] {dag.py:3490} INFO - Setting next_dagrun for dataset_produces_1 to 2023-05-20T00:00:00+00:00, run_after=2023-05-21T00:00:00+00:00
[2023-05-21T00:01:16.682+0000] {logging_mixin.py:149} INFO - [2023-05-21T00:01:16.681+0000] {dag.py:3490} INFO - Setting next_dagrun for dataset_produces_2 to None, run_after=None
[2023-05-21T00:01:16.727+0000] {processor.py:179} INFO - Processing /home/airflow/.local/lib/python3.7/site-packages/airflow/example_dags/example_datasets.py took 0.166 seconds
[2023-05-21T00:01:47.155+0000] {processor.py:157} INFO - Started process (PID=21112) to work on /home/airflow/.local/lib/python3.7/site-packages/airflow/example_dags/example_datasets.py
[2023-05-21T00:01:47.156+0000] {processor.py:826} INFO - Processing file /home/airflow/.local/lib/python3.7/site-packages/airflow/example_dags/example_datasets.py for tasks to queue
[2023-05-21T00:01:47.157+0000] {logging_mixin.py:149} INFO - [2023-05-21T00:01:47.157+0000] {dagbag.py:541} INFO - Filling up the DagBag from /home/airflow/.local/lib/python3.7/site-packages/airflow/example_dags/example_datasets.py
[2023-05-21T00:01:47.165+0000] {processor.py:836} INFO - DAG(s) dict_keys(['dataset_consumes_1_and_2', 'dataset_consumes_1', 'dataset_produces_1', 'dataset_produces_2', 'dataset_consumes_unknown_never_scheduled', 'dataset_consumes_1_never_scheduled']) retrieved from /home/airflow/.local/lib/python3.7/site-packages/airflow/example_dags/example_datasets.py
[2023-05-21T00:01:47.213+0000] {logging_mixin.py:149} INFO - [2023-05-21T00:01:47.212+0000] {dag.py:2726} INFO - Sync 6 DAGs
[2023-05-21T00:01:47.243+0000] {logging_mixin.py:149} INFO - [2023-05-21T00:01:47.242+0000] {dag.py:3490} INFO - Setting next_dagrun for dataset_consumes_1 to None, run_after=None
[2023-05-21T00:01:47.247+0000] {logging_mixin.py:149} INFO - [2023-05-21T00:01:47.247+0000] {dag.py:3490} INFO - Setting next_dagrun for dataset_consumes_1_and_2 to None, run_after=None
[2023-05-21T00:01:47.249+0000] {logging_mixin.py:149} INFO - [2023-05-21T00:01:47.249+0000] {dag.py:3490} INFO - Setting next_dagrun for dataset_consumes_1_never_scheduled to None, run_after=None
[2023-05-21T00:01:47.252+0000] {logging_mixin.py:149} INFO - [2023-05-21T00:01:47.251+0000] {dag.py:3490} INFO - Setting next_dagrun for dataset_consumes_unknown_never_scheduled to None, run_after=None
[2023-05-21T00:01:47.255+0000] {logging_mixin.py:149} INFO - [2023-05-21T00:01:47.255+0000] {dag.py:3490} INFO - Setting next_dagrun for dataset_produces_1 to 2023-05-20T00:00:00+00:00, run_after=2023-05-21T00:00:00+00:00
[2023-05-21T00:01:47.257+0000] {logging_mixin.py:149} INFO - [2023-05-21T00:01:47.257+0000] {dag.py:3490} INFO - Setting next_dagrun for dataset_produces_2 to None, run_after=None
[2023-05-21T00:01:47.301+0000] {processor.py:179} INFO - Processing /home/airflow/.local/lib/python3.7/site-packages/airflow/example_dags/example_datasets.py took 0.149 seconds
[2023-05-21T00:02:17.417+0000] {processor.py:157} INFO - Started process (PID=21180) to work on /home/airflow/.local/lib/python3.7/site-packages/airflow/example_dags/example_datasets.py
[2023-05-21T00:02:17.418+0000] {processor.py:826} INFO - Processing file /home/airflow/.local/lib/python3.7/site-packages/airflow/example_dags/example_datasets.py for tasks to queue
[2023-05-21T00:02:17.419+0000] {logging_mixin.py:149} INFO - [2023-05-21T00:02:17.419+0000] {dagbag.py:541} INFO - Filling up the DagBag from /home/airflow/.local/lib/python3.7/site-packages/airflow/example_dags/example_datasets.py
[2023-05-21T00:02:17.428+0000] {processor.py:836} INFO - DAG(s) dict_keys(['dataset_consumes_unknown_never_scheduled', 'dataset_consumes_1_and_2', 'dataset_consumes_1_never_scheduled', 'dataset_consumes_1', 'dataset_produces_2', 'dataset_produces_1']) retrieved from /home/airflow/.local/lib/python3.7/site-packages/airflow/example_dags/example_datasets.py
[2023-05-21T00:02:17.477+0000] {logging_mixin.py:149} INFO - [2023-05-21T00:02:17.477+0000] {dag.py:2726} INFO - Sync 6 DAGs
[2023-05-21T00:02:17.512+0000] {logging_mixin.py:149} INFO - [2023-05-21T00:02:17.512+0000] {dag.py:3490} INFO - Setting next_dagrun for dataset_consumes_1 to None, run_after=None
[2023-05-21T00:02:17.517+0000] {logging_mixin.py:149} INFO - [2023-05-21T00:02:17.516+0000] {dag.py:3490} INFO - Setting next_dagrun for dataset_consumes_1_and_2 to None, run_after=None
[2023-05-21T00:02:17.519+0000] {logging_mixin.py:149} INFO - [2023-05-21T00:02:17.518+0000] {dag.py:3490} INFO - Setting next_dagrun for dataset_consumes_1_never_scheduled to None, run_after=None
[2023-05-21T00:02:17.521+0000] {logging_mixin.py:149} INFO - [2023-05-21T00:02:17.521+0000] {dag.py:3490} INFO - Setting next_dagrun for dataset_consumes_unknown_never_scheduled to None, run_after=None
[2023-05-21T00:02:17.525+0000] {logging_mixin.py:149} INFO - [2023-05-21T00:02:17.525+0000] {dag.py:3490} INFO - Setting next_dagrun for dataset_produces_1 to 2023-05-20T00:00:00+00:00, run_after=2023-05-21T00:00:00+00:00
[2023-05-21T00:02:17.527+0000] {logging_mixin.py:149} INFO - [2023-05-21T00:02:17.527+0000] {dag.py:3490} INFO - Setting next_dagrun for dataset_produces_2 to None, run_after=None
[2023-05-21T00:02:17.571+0000] {processor.py:179} INFO - Processing /home/airflow/.local/lib/python3.7/site-packages/airflow/example_dags/example_datasets.py took 0.156 seconds
[2023-05-21T00:02:47.623+0000] {processor.py:157} INFO - Started process (PID=21247) to work on /home/airflow/.local/lib/python3.7/site-packages/airflow/example_dags/example_datasets.py
[2023-05-21T00:02:47.624+0000] {processor.py:826} INFO - Processing file /home/airflow/.local/lib/python3.7/site-packages/airflow/example_dags/example_datasets.py for tasks to queue
[2023-05-21T00:02:47.625+0000] {logging_mixin.py:149} INFO - [2023-05-21T00:02:47.625+0000] {dagbag.py:541} INFO - Filling up the DagBag from /home/airflow/.local/lib/python3.7/site-packages/airflow/example_dags/example_datasets.py
[2023-05-21T00:02:47.633+0000] {processor.py:836} INFO - DAG(s) dict_keys(['dataset_produces_2', 'dataset_produces_1', 'dataset_consumes_1', 'dataset_consumes_1_and_2', 'dataset_consumes_unknown_never_scheduled', 'dataset_consumes_1_never_scheduled']) retrieved from /home/airflow/.local/lib/python3.7/site-packages/airflow/example_dags/example_datasets.py
[2023-05-21T00:02:47.687+0000] {logging_mixin.py:149} INFO - [2023-05-21T00:02:47.687+0000] {dag.py:2726} INFO - Sync 6 DAGs
[2023-05-21T00:02:47.720+0000] {logging_mixin.py:149} INFO - [2023-05-21T00:02:47.720+0000] {dag.py:3490} INFO - Setting next_dagrun for dataset_consumes_1 to None, run_after=None
[2023-05-21T00:02:47.724+0000] {logging_mixin.py:149} INFO - [2023-05-21T00:02:47.724+0000] {dag.py:3490} INFO - Setting next_dagrun for dataset_consumes_1_and_2 to None, run_after=None
[2023-05-21T00:02:47.727+0000] {logging_mixin.py:149} INFO - [2023-05-21T00:02:47.727+0000] {dag.py:3490} INFO - Setting next_dagrun for dataset_consumes_1_never_scheduled to None, run_after=None
[2023-05-21T00:02:47.729+0000] {logging_mixin.py:149} INFO - [2023-05-21T00:02:47.729+0000] {dag.py:3490} INFO - Setting next_dagrun for dataset_consumes_unknown_never_scheduled to None, run_after=None
[2023-05-21T00:02:47.733+0000] {logging_mixin.py:149} INFO - [2023-05-21T00:02:47.732+0000] {dag.py:3490} INFO - Setting next_dagrun for dataset_produces_1 to 2023-05-20T00:00:00+00:00, run_after=2023-05-21T00:00:00+00:00
[2023-05-21T00:02:47.735+0000] {logging_mixin.py:149} INFO - [2023-05-21T00:02:47.735+0000] {dag.py:3490} INFO - Setting next_dagrun for dataset_produces_2 to None, run_after=None
[2023-05-21T00:02:47.783+0000] {processor.py:179} INFO - Processing /home/airflow/.local/lib/python3.7/site-packages/airflow/example_dags/example_datasets.py took 0.164 seconds
[2023-05-21T00:03:18.577+0000] {processor.py:157} INFO - Started process (PID=21317) to work on /home/airflow/.local/lib/python3.7/site-packages/airflow/example_dags/example_datasets.py
[2023-05-21T00:03:18.578+0000] {processor.py:826} INFO - Processing file /home/airflow/.local/lib/python3.7/site-packages/airflow/example_dags/example_datasets.py for tasks to queue
[2023-05-21T00:03:18.579+0000] {logging_mixin.py:149} INFO - [2023-05-21T00:03:18.579+0000] {dagbag.py:541} INFO - Filling up the DagBag from /home/airflow/.local/lib/python3.7/site-packages/airflow/example_dags/example_datasets.py
[2023-05-21T00:03:18.589+0000] {processor.py:836} INFO - DAG(s) dict_keys(['dataset_consumes_1', 'dataset_consumes_1_never_scheduled', 'dataset_produces_2', 'dataset_consumes_1_and_2', 'dataset_consumes_unknown_never_scheduled', 'dataset_produces_1']) retrieved from /home/airflow/.local/lib/python3.7/site-packages/airflow/example_dags/example_datasets.py
[2023-05-21T00:03:18.639+0000] {logging_mixin.py:149} INFO - [2023-05-21T00:03:18.639+0000] {dag.py:2726} INFO - Sync 6 DAGs
[2023-05-21T00:03:18.670+0000] {logging_mixin.py:149} INFO - [2023-05-21T00:03:18.670+0000] {dag.py:3490} INFO - Setting next_dagrun for dataset_consumes_1 to None, run_after=None
[2023-05-21T00:03:18.675+0000] {logging_mixin.py:149} INFO - [2023-05-21T00:03:18.674+0000] {dag.py:3490} INFO - Setting next_dagrun for dataset_consumes_1_and_2 to None, run_after=None
[2023-05-21T00:03:18.677+0000] {logging_mixin.py:149} INFO - [2023-05-21T00:03:18.677+0000] {dag.py:3490} INFO - Setting next_dagrun for dataset_consumes_1_never_scheduled to None, run_after=None
[2023-05-21T00:03:18.679+0000] {logging_mixin.py:149} INFO - [2023-05-21T00:03:18.679+0000] {dag.py:3490} INFO - Setting next_dagrun for dataset_consumes_unknown_never_scheduled to None, run_after=None
[2023-05-21T00:03:18.682+0000] {logging_mixin.py:149} INFO - [2023-05-21T00:03:18.682+0000] {dag.py:3490} INFO - Setting next_dagrun for dataset_produces_1 to 2023-05-20T00:00:00+00:00, run_after=2023-05-21T00:00:00+00:00
[2023-05-21T00:03:18.685+0000] {logging_mixin.py:149} INFO - [2023-05-21T00:03:18.684+0000] {dag.py:3490} INFO - Setting next_dagrun for dataset_produces_2 to None, run_after=None
[2023-05-21T00:03:18.740+0000] {processor.py:179} INFO - Processing /home/airflow/.local/lib/python3.7/site-packages/airflow/example_dags/example_datasets.py took 0.166 seconds
[2023-05-21T00:03:49.107+0000] {processor.py:157} INFO - Started process (PID=21386) to work on /home/airflow/.local/lib/python3.7/site-packages/airflow/example_dags/example_datasets.py
[2023-05-21T00:03:49.108+0000] {processor.py:826} INFO - Processing file /home/airflow/.local/lib/python3.7/site-packages/airflow/example_dags/example_datasets.py for tasks to queue
[2023-05-21T00:03:49.109+0000] {logging_mixin.py:149} INFO - [2023-05-21T00:03:49.109+0000] {dagbag.py:541} INFO - Filling up the DagBag from /home/airflow/.local/lib/python3.7/site-packages/airflow/example_dags/example_datasets.py
[2023-05-21T00:03:49.119+0000] {processor.py:836} INFO - DAG(s) dict_keys(['dataset_produces_2', 'dataset_consumes_unknown_never_scheduled', 'dataset_consumes_1', 'dataset_consumes_1_never_scheduled', 'dataset_produces_1', 'dataset_consumes_1_and_2']) retrieved from /home/airflow/.local/lib/python3.7/site-packages/airflow/example_dags/example_datasets.py
[2023-05-21T00:03:49.169+0000] {logging_mixin.py:149} INFO - [2023-05-21T00:03:49.169+0000] {dag.py:2726} INFO - Sync 6 DAGs
[2023-05-21T00:03:49.199+0000] {logging_mixin.py:149} INFO - [2023-05-21T00:03:49.199+0000] {dag.py:3490} INFO - Setting next_dagrun for dataset_consumes_1 to None, run_after=None
[2023-05-21T00:03:49.204+0000] {logging_mixin.py:149} INFO - [2023-05-21T00:03:49.203+0000] {dag.py:3490} INFO - Setting next_dagrun for dataset_consumes_1_and_2 to None, run_after=None
[2023-05-21T00:03:49.205+0000] {logging_mixin.py:149} INFO - [2023-05-21T00:03:49.205+0000] {dag.py:3490} INFO - Setting next_dagrun for dataset_consumes_1_never_scheduled to None, run_after=None
[2023-05-21T00:03:49.208+0000] {logging_mixin.py:149} INFO - [2023-05-21T00:03:49.207+0000] {dag.py:3490} INFO - Setting next_dagrun for dataset_consumes_unknown_never_scheduled to None, run_after=None
[2023-05-21T00:03:49.211+0000] {logging_mixin.py:149} INFO - [2023-05-21T00:03:49.211+0000] {dag.py:3490} INFO - Setting next_dagrun for dataset_produces_1 to 2023-05-20T00:00:00+00:00, run_after=2023-05-21T00:00:00+00:00
[2023-05-21T00:03:49.214+0000] {logging_mixin.py:149} INFO - [2023-05-21T00:03:49.213+0000] {dag.py:3490} INFO - Setting next_dagrun for dataset_produces_2 to None, run_after=None
[2023-05-21T00:03:49.261+0000] {processor.py:179} INFO - Processing /home/airflow/.local/lib/python3.7/site-packages/airflow/example_dags/example_datasets.py took 0.157 seconds
[2023-05-21T00:04:19.531+0000] {processor.py:157} INFO - Started process (PID=21455) to work on /home/airflow/.local/lib/python3.7/site-packages/airflow/example_dags/example_datasets.py
[2023-05-21T00:04:19.532+0000] {processor.py:826} INFO - Processing file /home/airflow/.local/lib/python3.7/site-packages/airflow/example_dags/example_datasets.py for tasks to queue
[2023-05-21T00:04:19.533+0000] {logging_mixin.py:149} INFO - [2023-05-21T00:04:19.533+0000] {dagbag.py:541} INFO - Filling up the DagBag from /home/airflow/.local/lib/python3.7/site-packages/airflow/example_dags/example_datasets.py
[2023-05-21T00:04:19.542+0000] {processor.py:836} INFO - DAG(s) dict_keys(['dataset_consumes_1_and_2', 'dataset_consumes_1', 'dataset_consumes_unknown_never_scheduled', 'dataset_produces_2', 'dataset_produces_1', 'dataset_consumes_1_never_scheduled']) retrieved from /home/airflow/.local/lib/python3.7/site-packages/airflow/example_dags/example_datasets.py
[2023-05-21T00:04:19.592+0000] {logging_mixin.py:149} INFO - [2023-05-21T00:04:19.592+0000] {dag.py:2726} INFO - Sync 6 DAGs
[2023-05-21T00:04:19.628+0000] {logging_mixin.py:149} INFO - [2023-05-21T00:04:19.628+0000] {dag.py:3490} INFO - Setting next_dagrun for dataset_consumes_1 to None, run_after=None
[2023-05-21T00:04:19.632+0000] {logging_mixin.py:149} INFO - [2023-05-21T00:04:19.632+0000] {dag.py:3490} INFO - Setting next_dagrun for dataset_consumes_1_and_2 to None, run_after=None
[2023-05-21T00:04:19.634+0000] {logging_mixin.py:149} INFO - [2023-05-21T00:04:19.634+0000] {dag.py:3490} INFO - Setting next_dagrun for dataset_consumes_1_never_scheduled to None, run_after=None
[2023-05-21T00:04:19.637+0000] {logging_mixin.py:149} INFO - [2023-05-21T00:04:19.637+0000] {dag.py:3490} INFO - Setting next_dagrun for dataset_consumes_unknown_never_scheduled to None, run_after=None
[2023-05-21T00:04:19.641+0000] {logging_mixin.py:149} INFO - [2023-05-21T00:04:19.640+0000] {dag.py:3490} INFO - Setting next_dagrun for dataset_produces_1 to 2023-05-20T00:00:00+00:00, run_after=2023-05-21T00:00:00+00:00
[2023-05-21T00:04:19.643+0000] {logging_mixin.py:149} INFO - [2023-05-21T00:04:19.643+0000] {dag.py:3490} INFO - Setting next_dagrun for dataset_produces_2 to None, run_after=None
[2023-05-21T00:04:19.695+0000] {processor.py:179} INFO - Processing /home/airflow/.local/lib/python3.7/site-packages/airflow/example_dags/example_datasets.py took 0.167 seconds
[2023-05-21T00:04:50.126+0000] {processor.py:157} INFO - Started process (PID=21524) to work on /home/airflow/.local/lib/python3.7/site-packages/airflow/example_dags/example_datasets.py
[2023-05-21T00:04:50.127+0000] {processor.py:826} INFO - Processing file /home/airflow/.local/lib/python3.7/site-packages/airflow/example_dags/example_datasets.py for tasks to queue
[2023-05-21T00:04:50.128+0000] {logging_mixin.py:149} INFO - [2023-05-21T00:04:50.128+0000] {dagbag.py:541} INFO - Filling up the DagBag from /home/airflow/.local/lib/python3.7/site-packages/airflow/example_dags/example_datasets.py
[2023-05-21T00:04:50.137+0000] {processor.py:836} INFO - DAG(s) dict_keys(['dataset_consumes_1_never_scheduled', 'dataset_produces_1', 'dataset_consumes_1', 'dataset_consumes_1_and_2', 'dataset_consumes_unknown_never_scheduled', 'dataset_produces_2']) retrieved from /home/airflow/.local/lib/python3.7/site-packages/airflow/example_dags/example_datasets.py
[2023-05-21T00:04:50.186+0000] {logging_mixin.py:149} INFO - [2023-05-21T00:04:50.186+0000] {dag.py:2726} INFO - Sync 6 DAGs
[2023-05-21T00:04:50.217+0000] {logging_mixin.py:149} INFO - [2023-05-21T00:04:50.217+0000] {dag.py:3490} INFO - Setting next_dagrun for dataset_consumes_1 to None, run_after=None
[2023-05-21T00:04:50.222+0000] {logging_mixin.py:149} INFO - [2023-05-21T00:04:50.222+0000] {dag.py:3490} INFO - Setting next_dagrun for dataset_consumes_1_and_2 to None, run_after=None
[2023-05-21T00:04:50.224+0000] {logging_mixin.py:149} INFO - [2023-05-21T00:04:50.224+0000] {dag.py:3490} INFO - Setting next_dagrun for dataset_consumes_1_never_scheduled to None, run_after=None
[2023-05-21T00:04:50.226+0000] {logging_mixin.py:149} INFO - [2023-05-21T00:04:50.226+0000] {dag.py:3490} INFO - Setting next_dagrun for dataset_consumes_unknown_never_scheduled to None, run_after=None
[2023-05-21T00:04:50.230+0000] {logging_mixin.py:149} INFO - [2023-05-21T00:04:50.229+0000] {dag.py:3490} INFO - Setting next_dagrun for dataset_produces_1 to 2023-05-20T00:00:00+00:00, run_after=2023-05-21T00:00:00+00:00
[2023-05-21T00:04:50.232+0000] {logging_mixin.py:149} INFO - [2023-05-21T00:04:50.232+0000] {dag.py:3490} INFO - Setting next_dagrun for dataset_produces_2 to None, run_after=None
[2023-05-21T00:04:50.276+0000] {processor.py:179} INFO - Processing /home/airflow/.local/lib/python3.7/site-packages/airflow/example_dags/example_datasets.py took 0.153 seconds
[2023-05-21T00:05:20.545+0000] {processor.py:157} INFO - Started process (PID=21592) to work on /home/airflow/.local/lib/python3.7/site-packages/airflow/example_dags/example_datasets.py
[2023-05-21T00:05:20.546+0000] {processor.py:826} INFO - Processing file /home/airflow/.local/lib/python3.7/site-packages/airflow/example_dags/example_datasets.py for tasks to queue
[2023-05-21T00:05:20.547+0000] {logging_mixin.py:149} INFO - [2023-05-21T00:05:20.547+0000] {dagbag.py:541} INFO - Filling up the DagBag from /home/airflow/.local/lib/python3.7/site-packages/airflow/example_dags/example_datasets.py
[2023-05-21T00:05:20.556+0000] {processor.py:836} INFO - DAG(s) dict_keys(['dataset_consumes_unknown_never_scheduled', 'dataset_produces_2', 'dataset_consumes_1_and_2', 'dataset_consumes_1_never_scheduled', 'dataset_consumes_1', 'dataset_produces_1']) retrieved from /home/airflow/.local/lib/python3.7/site-packages/airflow/example_dags/example_datasets.py
[2023-05-21T00:05:20.605+0000] {logging_mixin.py:149} INFO - [2023-05-21T00:05:20.605+0000] {dag.py:2726} INFO - Sync 6 DAGs
[2023-05-21T00:05:20.634+0000] {logging_mixin.py:149} INFO - [2023-05-21T00:05:20.633+0000] {dag.py:3490} INFO - Setting next_dagrun for dataset_consumes_1 to None, run_after=None
[2023-05-21T00:05:20.638+0000] {logging_mixin.py:149} INFO - [2023-05-21T00:05:20.637+0000] {dag.py:3490} INFO - Setting next_dagrun for dataset_consumes_1_and_2 to None, run_after=None
[2023-05-21T00:05:20.640+0000] {logging_mixin.py:149} INFO - [2023-05-21T00:05:20.640+0000] {dag.py:3490} INFO - Setting next_dagrun for dataset_consumes_1_never_scheduled to None, run_after=None
[2023-05-21T00:05:20.642+0000] {logging_mixin.py:149} INFO - [2023-05-21T00:05:20.642+0000] {dag.py:3490} INFO - Setting next_dagrun for dataset_consumes_unknown_never_scheduled to None, run_after=None
[2023-05-21T00:05:20.646+0000] {logging_mixin.py:149} INFO - [2023-05-21T00:05:20.645+0000] {dag.py:3490} INFO - Setting next_dagrun for dataset_produces_1 to 2023-05-20T00:00:00+00:00, run_after=2023-05-21T00:00:00+00:00
[2023-05-21T00:05:20.648+0000] {logging_mixin.py:149} INFO - [2023-05-21T00:05:20.648+0000] {dag.py:3490} INFO - Setting next_dagrun for dataset_produces_2 to None, run_after=None
[2023-05-21T00:05:20.692+0000] {processor.py:179} INFO - Processing /home/airflow/.local/lib/python3.7/site-packages/airflow/example_dags/example_datasets.py took 0.150 seconds
[2023-05-21T00:05:51.081+0000] {processor.py:157} INFO - Started process (PID=21660) to work on /home/airflow/.local/lib/python3.7/site-packages/airflow/example_dags/example_datasets.py
[2023-05-21T00:05:51.082+0000] {processor.py:826} INFO - Processing file /home/airflow/.local/lib/python3.7/site-packages/airflow/example_dags/example_datasets.py for tasks to queue
[2023-05-21T00:05:51.083+0000] {logging_mixin.py:149} INFO - [2023-05-21T00:05:51.083+0000] {dagbag.py:541} INFO - Filling up the DagBag from /home/airflow/.local/lib/python3.7/site-packages/airflow/example_dags/example_datasets.py
[2023-05-21T00:05:51.091+0000] {processor.py:836} INFO - DAG(s) dict_keys(['dataset_consumes_1_never_scheduled', 'dataset_consumes_1', 'dataset_produces_1', 'dataset_consumes_1_and_2', 'dataset_consumes_unknown_never_scheduled', 'dataset_produces_2']) retrieved from /home/airflow/.local/lib/python3.7/site-packages/airflow/example_dags/example_datasets.py
[2023-05-21T00:05:51.139+0000] {logging_mixin.py:149} INFO - [2023-05-21T00:05:51.139+0000] {dag.py:2726} INFO - Sync 6 DAGs
[2023-05-21T00:05:51.173+0000] {logging_mixin.py:149} INFO - [2023-05-21T00:05:51.173+0000] {dag.py:3490} INFO - Setting next_dagrun for dataset_consumes_1 to None, run_after=None
[2023-05-21T00:05:51.177+0000] {logging_mixin.py:149} INFO - [2023-05-21T00:05:51.177+0000] {dag.py:3490} INFO - Setting next_dagrun for dataset_consumes_1_and_2 to None, run_after=None
[2023-05-21T00:05:51.180+0000] {logging_mixin.py:149} INFO - [2023-05-21T00:05:51.180+0000] {dag.py:3490} INFO - Setting next_dagrun for dataset_consumes_1_never_scheduled to None, run_after=None
[2023-05-21T00:05:51.182+0000] {logging_mixin.py:149} INFO - [2023-05-21T00:05:51.182+0000] {dag.py:3490} INFO - Setting next_dagrun for dataset_consumes_unknown_never_scheduled to None, run_after=None
[2023-05-21T00:05:51.185+0000] {logging_mixin.py:149} INFO - [2023-05-21T00:05:51.185+0000] {dag.py:3490} INFO - Setting next_dagrun for dataset_produces_1 to 2023-05-20T00:00:00+00:00, run_after=2023-05-21T00:00:00+00:00
[2023-05-21T00:05:51.188+0000] {logging_mixin.py:149} INFO - [2023-05-21T00:05:51.188+0000] {dag.py:3490} INFO - Setting next_dagrun for dataset_produces_2 to None, run_after=None
[2023-05-21T00:05:51.232+0000] {processor.py:179} INFO - Processing /home/airflow/.local/lib/python3.7/site-packages/airflow/example_dags/example_datasets.py took 0.154 seconds
[2023-05-21T00:06:21.607+0000] {processor.py:157} INFO - Started process (PID=21729) to work on /home/airflow/.local/lib/python3.7/site-packages/airflow/example_dags/example_datasets.py
[2023-05-21T00:06:21.608+0000] {processor.py:826} INFO - Processing file /home/airflow/.local/lib/python3.7/site-packages/airflow/example_dags/example_datasets.py for tasks to queue
[2023-05-21T00:06:21.609+0000] {logging_mixin.py:149} INFO - [2023-05-21T00:06:21.608+0000] {dagbag.py:541} INFO - Filling up the DagBag from /home/airflow/.local/lib/python3.7/site-packages/airflow/example_dags/example_datasets.py
[2023-05-21T00:06:21.618+0000] {processor.py:836} INFO - DAG(s) dict_keys(['dataset_consumes_1', 'dataset_consumes_1_never_scheduled', 'dataset_produces_2', 'dataset_consumes_unknown_never_scheduled', 'dataset_consumes_1_and_2', 'dataset_produces_1']) retrieved from /home/airflow/.local/lib/python3.7/site-packages/airflow/example_dags/example_datasets.py
[2023-05-21T00:06:21.666+0000] {logging_mixin.py:149} INFO - [2023-05-21T00:06:21.666+0000] {dag.py:2726} INFO - Sync 6 DAGs
[2023-05-21T00:06:21.697+0000] {logging_mixin.py:149} INFO - [2023-05-21T00:06:21.697+0000] {dag.py:3490} INFO - Setting next_dagrun for dataset_consumes_1 to None, run_after=None
[2023-05-21T00:06:21.702+0000] {logging_mixin.py:149} INFO - [2023-05-21T00:06:21.702+0000] {dag.py:3490} INFO - Setting next_dagrun for dataset_consumes_1_and_2 to None, run_after=None
[2023-05-21T00:06:21.704+0000] {logging_mixin.py:149} INFO - [2023-05-21T00:06:21.704+0000] {dag.py:3490} INFO - Setting next_dagrun for dataset_consumes_1_never_scheduled to None, run_after=None
[2023-05-21T00:06:21.706+0000] {logging_mixin.py:149} INFO - [2023-05-21T00:06:21.706+0000] {dag.py:3490} INFO - Setting next_dagrun for dataset_consumes_unknown_never_scheduled to None, run_after=None
[2023-05-21T00:06:21.709+0000] {logging_mixin.py:149} INFO - [2023-05-21T00:06:21.709+0000] {dag.py:3490} INFO - Setting next_dagrun for dataset_produces_1 to 2023-05-20T00:00:00+00:00, run_after=2023-05-21T00:00:00+00:00
[2023-05-21T00:06:21.711+0000] {logging_mixin.py:149} INFO - [2023-05-21T00:06:21.711+0000] {dag.py:3490} INFO - Setting next_dagrun for dataset_produces_2 to None, run_after=None
[2023-05-21T00:06:21.758+0000] {processor.py:179} INFO - Processing /home/airflow/.local/lib/python3.7/site-packages/airflow/example_dags/example_datasets.py took 0.154 seconds
[2023-05-21T00:06:52.044+0000] {processor.py:157} INFO - Started process (PID=21797) to work on /home/airflow/.local/lib/python3.7/site-packages/airflow/example_dags/example_datasets.py
[2023-05-21T00:06:52.046+0000] {processor.py:826} INFO - Processing file /home/airflow/.local/lib/python3.7/site-packages/airflow/example_dags/example_datasets.py for tasks to queue
[2023-05-21T00:06:52.047+0000] {logging_mixin.py:149} INFO - [2023-05-21T00:06:52.046+0000] {dagbag.py:541} INFO - Filling up the DagBag from /home/airflow/.local/lib/python3.7/site-packages/airflow/example_dags/example_datasets.py
[2023-05-21T00:06:52.056+0000] {processor.py:836} INFO - DAG(s) dict_keys(['dataset_consumes_1_never_scheduled', 'dataset_produces_2', 'dataset_consumes_1_and_2', 'dataset_consumes_unknown_never_scheduled', 'dataset_consumes_1', 'dataset_produces_1']) retrieved from /home/airflow/.local/lib/python3.7/site-packages/airflow/example_dags/example_datasets.py
[2023-05-21T00:06:52.109+0000] {logging_mixin.py:149} INFO - [2023-05-21T00:06:52.109+0000] {dag.py:2726} INFO - Sync 6 DAGs
[2023-05-21T00:06:52.140+0000] {logging_mixin.py:149} INFO - [2023-05-21T00:06:52.139+0000] {dag.py:3490} INFO - Setting next_dagrun for dataset_consumes_1 to None, run_after=None
[2023-05-21T00:06:52.144+0000] {logging_mixin.py:149} INFO - [2023-05-21T00:06:52.144+0000] {dag.py:3490} INFO - Setting next_dagrun for dataset_consumes_1_and_2 to None, run_after=None
[2023-05-21T00:06:52.147+0000] {logging_mixin.py:149} INFO - [2023-05-21T00:06:52.147+0000] {dag.py:3490} INFO - Setting next_dagrun for dataset_consumes_1_never_scheduled to None, run_after=None
[2023-05-21T00:06:52.150+0000] {logging_mixin.py:149} INFO - [2023-05-21T00:06:52.149+0000] {dag.py:3490} INFO - Setting next_dagrun for dataset_consumes_unknown_never_scheduled to None, run_after=None
[2023-05-21T00:06:52.153+0000] {logging_mixin.py:149} INFO - [2023-05-21T00:06:52.153+0000] {dag.py:3490} INFO - Setting next_dagrun for dataset_produces_1 to 2023-05-20T00:00:00+00:00, run_after=2023-05-21T00:00:00+00:00
[2023-05-21T00:06:52.156+0000] {logging_mixin.py:149} INFO - [2023-05-21T00:06:52.156+0000] {dag.py:3490} INFO - Setting next_dagrun for dataset_produces_2 to None, run_after=None
[2023-05-21T00:06:52.202+0000] {processor.py:179} INFO - Processing /home/airflow/.local/lib/python3.7/site-packages/airflow/example_dags/example_datasets.py took 0.160 seconds
[2023-05-21T00:07:22.484+0000] {processor.py:157} INFO - Started process (PID=21865) to work on /home/airflow/.local/lib/python3.7/site-packages/airflow/example_dags/example_datasets.py
[2023-05-21T00:07:22.485+0000] {processor.py:826} INFO - Processing file /home/airflow/.local/lib/python3.7/site-packages/airflow/example_dags/example_datasets.py for tasks to queue
[2023-05-21T00:07:22.485+0000] {logging_mixin.py:149} INFO - [2023-05-21T00:07:22.485+0000] {dagbag.py:541} INFO - Filling up the DagBag from /home/airflow/.local/lib/python3.7/site-packages/airflow/example_dags/example_datasets.py
[2023-05-21T00:07:22.494+0000] {processor.py:836} INFO - DAG(s) dict_keys(['dataset_produces_1', 'dataset_consumes_unknown_never_scheduled', 'dataset_consumes_1', 'dataset_consumes_1_never_scheduled', 'dataset_consumes_1_and_2', 'dataset_produces_2']) retrieved from /home/airflow/.local/lib/python3.7/site-packages/airflow/example_dags/example_datasets.py
[2023-05-21T00:07:22.538+0000] {logging_mixin.py:149} INFO - [2023-05-21T00:07:22.538+0000] {dag.py:2726} INFO - Sync 6 DAGs
[2023-05-21T00:07:22.567+0000] {logging_mixin.py:149} INFO - [2023-05-21T00:07:22.567+0000] {dag.py:3490} INFO - Setting next_dagrun for dataset_consumes_1 to None, run_after=None
[2023-05-21T00:07:22.571+0000] {logging_mixin.py:149} INFO - [2023-05-21T00:07:22.571+0000] {dag.py:3490} INFO - Setting next_dagrun for dataset_consumes_1_and_2 to None, run_after=None
[2023-05-21T00:07:22.573+0000] {logging_mixin.py:149} INFO - [2023-05-21T00:07:22.573+0000] {dag.py:3490} INFO - Setting next_dagrun for dataset_consumes_1_never_scheduled to None, run_after=None
[2023-05-21T00:07:22.575+0000] {logging_mixin.py:149} INFO - [2023-05-21T00:07:22.575+0000] {dag.py:3490} INFO - Setting next_dagrun for dataset_consumes_unknown_never_scheduled to None, run_after=None
[2023-05-21T00:07:22.578+0000] {logging_mixin.py:149} INFO - [2023-05-21T00:07:22.578+0000] {dag.py:3490} INFO - Setting next_dagrun for dataset_produces_1 to 2023-05-20T00:00:00+00:00, run_after=2023-05-21T00:00:00+00:00
[2023-05-21T00:07:22.580+0000] {logging_mixin.py:149} INFO - [2023-05-21T00:07:22.580+0000] {dag.py:3490} INFO - Setting next_dagrun for dataset_produces_2 to None, run_after=None
[2023-05-21T00:07:22.623+0000] {processor.py:179} INFO - Processing /home/airflow/.local/lib/python3.7/site-packages/airflow/example_dags/example_datasets.py took 0.142 seconds
[2023-05-21T00:07:53.114+0000] {processor.py:157} INFO - Started process (PID=21933) to work on /home/airflow/.local/lib/python3.7/site-packages/airflow/example_dags/example_datasets.py
[2023-05-21T00:07:53.116+0000] {processor.py:826} INFO - Processing file /home/airflow/.local/lib/python3.7/site-packages/airflow/example_dags/example_datasets.py for tasks to queue
[2023-05-21T00:07:53.117+0000] {logging_mixin.py:149} INFO - [2023-05-21T00:07:53.116+0000] {dagbag.py:541} INFO - Filling up the DagBag from /home/airflow/.local/lib/python3.7/site-packages/airflow/example_dags/example_datasets.py
[2023-05-21T00:07:53.124+0000] {processor.py:836} INFO - DAG(s) dict_keys(['dataset_produces_1', 'dataset_consumes_1_and_2', 'dataset_produces_2', 'dataset_consumes_1', 'dataset_consumes_1_never_scheduled', 'dataset_consumes_unknown_never_scheduled']) retrieved from /home/airflow/.local/lib/python3.7/site-packages/airflow/example_dags/example_datasets.py
[2023-05-21T00:07:53.166+0000] {logging_mixin.py:149} INFO - [2023-05-21T00:07:53.166+0000] {dag.py:2726} INFO - Sync 6 DAGs
[2023-05-21T00:07:53.192+0000] {logging_mixin.py:149} INFO - [2023-05-21T00:07:53.192+0000] {dag.py:3490} INFO - Setting next_dagrun for dataset_consumes_1 to None, run_after=None
[2023-05-21T00:07:53.196+0000] {logging_mixin.py:149} INFO - [2023-05-21T00:07:53.196+0000] {dag.py:3490} INFO - Setting next_dagrun for dataset_consumes_1_and_2 to None, run_after=None
[2023-05-21T00:07:53.197+0000] {logging_mixin.py:149} INFO - [2023-05-21T00:07:53.197+0000] {dag.py:3490} INFO - Setting next_dagrun for dataset_consumes_1_never_scheduled to None, run_after=None
[2023-05-21T00:07:53.198+0000] {logging_mixin.py:149} INFO - [2023-05-21T00:07:53.198+0000] {dag.py:3490} INFO - Setting next_dagrun for dataset_consumes_unknown_never_scheduled to None, run_after=None
[2023-05-21T00:07:53.201+0000] {logging_mixin.py:149} INFO - [2023-05-21T00:07:53.201+0000] {dag.py:3490} INFO - Setting next_dagrun for dataset_produces_1 to 2023-05-20T00:00:00+00:00, run_after=2023-05-21T00:00:00+00:00
[2023-05-21T00:07:53.202+0000] {logging_mixin.py:149} INFO - [2023-05-21T00:07:53.202+0000] {dag.py:3490} INFO - Setting next_dagrun for dataset_produces_2 to None, run_after=None
[2023-05-21T00:07:53.318+0000] {processor.py:179} INFO - Processing /home/airflow/.local/lib/python3.7/site-packages/airflow/example_dags/example_datasets.py took 0.206 seconds
[2023-05-21T23:12:42.188+0000] {processor.py:157} INFO - Started process (PID=42) to work on /home/airflow/.local/lib/python3.7/site-packages/airflow/example_dags/example_datasets.py
[2023-05-21T23:12:42.190+0000] {processor.py:826} INFO - Processing file /home/airflow/.local/lib/python3.7/site-packages/airflow/example_dags/example_datasets.py for tasks to queue
[2023-05-21T23:12:42.191+0000] {logging_mixin.py:149} INFO - [2023-05-21T23:12:42.191+0000] {dagbag.py:541} INFO - Filling up the DagBag from /home/airflow/.local/lib/python3.7/site-packages/airflow/example_dags/example_datasets.py
[2023-05-21T23:12:42.201+0000] {processor.py:836} INFO - DAG(s) dict_keys(['dataset_consumes_1_and_2', 'dataset_consumes_1', 'dataset_consumes_1_never_scheduled', 'dataset_produces_2', 'dataset_produces_1', 'dataset_consumes_unknown_never_scheduled']) retrieved from /home/airflow/.local/lib/python3.7/site-packages/airflow/example_dags/example_datasets.py
[2023-05-21T23:12:42.220+0000] {logging_mixin.py:149} INFO - [2023-05-21T23:12:42.220+0000] {dag.py:2726} INFO - Sync 6 DAGs
[2023-05-21T23:12:42.252+0000] {logging_mixin.py:149} INFO - [2023-05-21T23:12:42.251+0000] {dag.py:3490} INFO - Setting next_dagrun for dataset_consumes_1 to None, run_after=None
[2023-05-21T23:12:42.257+0000] {logging_mixin.py:149} INFO - [2023-05-21T23:12:42.256+0000] {dag.py:3490} INFO - Setting next_dagrun for dataset_consumes_1_and_2 to None, run_after=None
[2023-05-21T23:12:42.259+0000] {logging_mixin.py:149} INFO - [2023-05-21T23:12:42.259+0000] {dag.py:3490} INFO - Setting next_dagrun for dataset_consumes_1_never_scheduled to None, run_after=None
[2023-05-21T23:12:42.260+0000] {logging_mixin.py:149} INFO - [2023-05-21T23:12:42.260+0000] {dag.py:3490} INFO - Setting next_dagrun for dataset_consumes_unknown_never_scheduled to None, run_after=None
[2023-05-21T23:12:42.265+0000] {logging_mixin.py:149} INFO - [2023-05-21T23:12:42.265+0000] {dag.py:3490} INFO - Setting next_dagrun for dataset_produces_1 to 2023-05-20T00:00:00+00:00, run_after=2023-05-21T00:00:00+00:00
[2023-05-21T23:12:42.268+0000] {logging_mixin.py:149} INFO - [2023-05-21T23:12:42.267+0000] {dag.py:3490} INFO - Setting next_dagrun for dataset_produces_2 to None, run_after=None
[2023-05-21T23:12:42.309+0000] {processor.py:179} INFO - Processing /home/airflow/.local/lib/python3.7/site-packages/airflow/example_dags/example_datasets.py took 0.123 seconds
