[2023-05-21T00:00:15.918+0000] {processor.py:157} INFO - Started process (PID=20919) to work on /home/airflow/.local/lib/python3.7/site-packages/airflow/example_dags/tutorial_taskflow_api.py
[2023-05-21T00:00:15.920+0000] {processor.py:826} INFO - Processing file /home/airflow/.local/lib/python3.7/site-packages/airflow/example_dags/tutorial_taskflow_api.py for tasks to queue
[2023-05-21T00:00:15.921+0000] {logging_mixin.py:149} INFO - [2023-05-21T00:00:15.920+0000] {dagbag.py:541} INFO - Filling up the DagBag from /home/airflow/.local/lib/python3.7/site-packages/airflow/example_dags/tutorial_taskflow_api.py
[2023-05-21T00:00:15.927+0000] {processor.py:836} INFO - DAG(s) dict_keys(['tutorial_taskflow_api']) retrieved from /home/airflow/.local/lib/python3.7/site-packages/airflow/example_dags/tutorial_taskflow_api.py
[2023-05-21T00:00:15.953+0000] {logging_mixin.py:149} INFO - [2023-05-21T00:00:15.952+0000] {dag.py:2726} INFO - Sync 1 DAGs
[2023-05-21T00:00:15.982+0000] {logging_mixin.py:149} INFO - [2023-05-21T00:00:15.982+0000] {dag.py:3490} INFO - Setting next_dagrun for tutorial_taskflow_api to None, run_after=None
[2023-05-21T00:00:16.009+0000] {processor.py:179} INFO - Processing /home/airflow/.local/lib/python3.7/site-packages/airflow/example_dags/tutorial_taskflow_api.py took 0.094 seconds
[2023-05-21T00:00:47.181+0000] {processor.py:157} INFO - Started process (PID=20988) to work on /home/airflow/.local/lib/python3.7/site-packages/airflow/example_dags/tutorial_taskflow_api.py
[2023-05-21T00:00:47.182+0000] {processor.py:826} INFO - Processing file /home/airflow/.local/lib/python3.7/site-packages/airflow/example_dags/tutorial_taskflow_api.py for tasks to queue
[2023-05-21T00:00:47.183+0000] {logging_mixin.py:149} INFO - [2023-05-21T00:00:47.183+0000] {dagbag.py:541} INFO - Filling up the DagBag from /home/airflow/.local/lib/python3.7/site-packages/airflow/example_dags/tutorial_taskflow_api.py
[2023-05-21T00:00:47.188+0000] {processor.py:836} INFO - DAG(s) dict_keys(['tutorial_taskflow_api']) retrieved from /home/airflow/.local/lib/python3.7/site-packages/airflow/example_dags/tutorial_taskflow_api.py
[2023-05-21T00:00:47.213+0000] {logging_mixin.py:149} INFO - [2023-05-21T00:00:47.213+0000] {dag.py:2726} INFO - Sync 1 DAGs
[2023-05-21T00:00:47.242+0000] {logging_mixin.py:149} INFO - [2023-05-21T00:00:47.242+0000] {dag.py:3490} INFO - Setting next_dagrun for tutorial_taskflow_api to None, run_after=None
[2023-05-21T00:00:47.386+0000] {processor.py:179} INFO - Processing /home/airflow/.local/lib/python3.7/site-packages/airflow/example_dags/tutorial_taskflow_api.py took 0.208 seconds
[2023-05-21T00:01:17.436+0000] {processor.py:157} INFO - Started process (PID=21056) to work on /home/airflow/.local/lib/python3.7/site-packages/airflow/example_dags/tutorial_taskflow_api.py
[2023-05-21T00:01:17.437+0000] {processor.py:826} INFO - Processing file /home/airflow/.local/lib/python3.7/site-packages/airflow/example_dags/tutorial_taskflow_api.py for tasks to queue
[2023-05-21T00:01:17.438+0000] {logging_mixin.py:149} INFO - [2023-05-21T00:01:17.438+0000] {dagbag.py:541} INFO - Filling up the DagBag from /home/airflow/.local/lib/python3.7/site-packages/airflow/example_dags/tutorial_taskflow_api.py
[2023-05-21T00:01:17.444+0000] {processor.py:836} INFO - DAG(s) dict_keys(['tutorial_taskflow_api']) retrieved from /home/airflow/.local/lib/python3.7/site-packages/airflow/example_dags/tutorial_taskflow_api.py
[2023-05-21T00:01:17.472+0000] {logging_mixin.py:149} INFO - [2023-05-21T00:01:17.472+0000] {dag.py:2726} INFO - Sync 1 DAGs
[2023-05-21T00:01:17.501+0000] {logging_mixin.py:149} INFO - [2023-05-21T00:01:17.501+0000] {dag.py:3490} INFO - Setting next_dagrun for tutorial_taskflow_api to None, run_after=None
[2023-05-21T00:01:17.528+0000] {processor.py:179} INFO - Processing /home/airflow/.local/lib/python3.7/site-packages/airflow/example_dags/tutorial_taskflow_api.py took 0.094 seconds
[2023-05-21T00:01:47.997+0000] {processor.py:157} INFO - Started process (PID=21124) to work on /home/airflow/.local/lib/python3.7/site-packages/airflow/example_dags/tutorial_taskflow_api.py
[2023-05-21T00:01:47.998+0000] {processor.py:826} INFO - Processing file /home/airflow/.local/lib/python3.7/site-packages/airflow/example_dags/tutorial_taskflow_api.py for tasks to queue
[2023-05-21T00:01:47.999+0000] {logging_mixin.py:149} INFO - [2023-05-21T00:01:47.999+0000] {dagbag.py:541} INFO - Filling up the DagBag from /home/airflow/.local/lib/python3.7/site-packages/airflow/example_dags/tutorial_taskflow_api.py
[2023-05-21T00:01:48.004+0000] {processor.py:836} INFO - DAG(s) dict_keys(['tutorial_taskflow_api']) retrieved from /home/airflow/.local/lib/python3.7/site-packages/airflow/example_dags/tutorial_taskflow_api.py
[2023-05-21T00:01:48.028+0000] {logging_mixin.py:149} INFO - [2023-05-21T00:01:48.028+0000] {dag.py:2726} INFO - Sync 1 DAGs
[2023-05-21T00:01:48.055+0000] {logging_mixin.py:149} INFO - [2023-05-21T00:01:48.055+0000] {dag.py:3490} INFO - Setting next_dagrun for tutorial_taskflow_api to None, run_after=None
[2023-05-21T00:01:48.083+0000] {processor.py:179} INFO - Processing /home/airflow/.local/lib/python3.7/site-packages/airflow/example_dags/tutorial_taskflow_api.py took 0.088 seconds
[2023-05-21T00:02:18.304+0000] {processor.py:157} INFO - Started process (PID=21192) to work on /home/airflow/.local/lib/python3.7/site-packages/airflow/example_dags/tutorial_taskflow_api.py
[2023-05-21T00:02:18.304+0000] {processor.py:826} INFO - Processing file /home/airflow/.local/lib/python3.7/site-packages/airflow/example_dags/tutorial_taskflow_api.py for tasks to queue
[2023-05-21T00:02:18.305+0000] {logging_mixin.py:149} INFO - [2023-05-21T00:02:18.305+0000] {dagbag.py:541} INFO - Filling up the DagBag from /home/airflow/.local/lib/python3.7/site-packages/airflow/example_dags/tutorial_taskflow_api.py
[2023-05-21T00:02:18.311+0000] {processor.py:836} INFO - DAG(s) dict_keys(['tutorial_taskflow_api']) retrieved from /home/airflow/.local/lib/python3.7/site-packages/airflow/example_dags/tutorial_taskflow_api.py
[2023-05-21T00:02:18.336+0000] {logging_mixin.py:149} INFO - [2023-05-21T00:02:18.336+0000] {dag.py:2726} INFO - Sync 1 DAGs
[2023-05-21T00:02:18.366+0000] {logging_mixin.py:149} INFO - [2023-05-21T00:02:18.365+0000] {dag.py:3490} INFO - Setting next_dagrun for tutorial_taskflow_api to None, run_after=None
[2023-05-21T00:02:18.393+0000] {processor.py:179} INFO - Processing /home/airflow/.local/lib/python3.7/site-packages/airflow/example_dags/tutorial_taskflow_api.py took 0.092 seconds
[2023-05-21T00:02:48.859+0000] {processor.py:157} INFO - Started process (PID=21260) to work on /home/airflow/.local/lib/python3.7/site-packages/airflow/example_dags/tutorial_taskflow_api.py
[2023-05-21T00:02:48.860+0000] {processor.py:826} INFO - Processing file /home/airflow/.local/lib/python3.7/site-packages/airflow/example_dags/tutorial_taskflow_api.py for tasks to queue
[2023-05-21T00:02:48.861+0000] {logging_mixin.py:149} INFO - [2023-05-21T00:02:48.861+0000] {dagbag.py:541} INFO - Filling up the DagBag from /home/airflow/.local/lib/python3.7/site-packages/airflow/example_dags/tutorial_taskflow_api.py
[2023-05-21T00:02:48.866+0000] {processor.py:836} INFO - DAG(s) dict_keys(['tutorial_taskflow_api']) retrieved from /home/airflow/.local/lib/python3.7/site-packages/airflow/example_dags/tutorial_taskflow_api.py
[2023-05-21T00:02:48.893+0000] {logging_mixin.py:149} INFO - [2023-05-21T00:02:48.893+0000] {dag.py:2726} INFO - Sync 1 DAGs
[2023-05-21T00:02:48.921+0000] {logging_mixin.py:149} INFO - [2023-05-21T00:02:48.921+0000] {dag.py:3490} INFO - Setting next_dagrun for tutorial_taskflow_api to None, run_after=None
[2023-05-21T00:02:48.946+0000] {processor.py:179} INFO - Processing /home/airflow/.local/lib/python3.7/site-packages/airflow/example_dags/tutorial_taskflow_api.py took 0.089 seconds
[2023-05-21T00:03:19.476+0000] {processor.py:157} INFO - Started process (PID=21329) to work on /home/airflow/.local/lib/python3.7/site-packages/airflow/example_dags/tutorial_taskflow_api.py
[2023-05-21T00:03:19.477+0000] {processor.py:826} INFO - Processing file /home/airflow/.local/lib/python3.7/site-packages/airflow/example_dags/tutorial_taskflow_api.py for tasks to queue
[2023-05-21T00:03:19.478+0000] {logging_mixin.py:149} INFO - [2023-05-21T00:03:19.478+0000] {dagbag.py:541} INFO - Filling up the DagBag from /home/airflow/.local/lib/python3.7/site-packages/airflow/example_dags/tutorial_taskflow_api.py
[2023-05-21T00:03:19.483+0000] {processor.py:836} INFO - DAG(s) dict_keys(['tutorial_taskflow_api']) retrieved from /home/airflow/.local/lib/python3.7/site-packages/airflow/example_dags/tutorial_taskflow_api.py
[2023-05-21T00:03:19.513+0000] {logging_mixin.py:149} INFO - [2023-05-21T00:03:19.512+0000] {dag.py:2726} INFO - Sync 1 DAGs
[2023-05-21T00:03:19.540+0000] {logging_mixin.py:149} INFO - [2023-05-21T00:03:19.540+0000] {dag.py:3490} INFO - Setting next_dagrun for tutorial_taskflow_api to None, run_after=None
[2023-05-21T00:03:19.570+0000] {processor.py:179} INFO - Processing /home/airflow/.local/lib/python3.7/site-packages/airflow/example_dags/tutorial_taskflow_api.py took 0.096 seconds
[2023-05-21T00:03:49.948+0000] {processor.py:157} INFO - Started process (PID=21398) to work on /home/airflow/.local/lib/python3.7/site-packages/airflow/example_dags/tutorial_taskflow_api.py
[2023-05-21T00:03:49.949+0000] {processor.py:826} INFO - Processing file /home/airflow/.local/lib/python3.7/site-packages/airflow/example_dags/tutorial_taskflow_api.py for tasks to queue
[2023-05-21T00:03:49.950+0000] {logging_mixin.py:149} INFO - [2023-05-21T00:03:49.950+0000] {dagbag.py:541} INFO - Filling up the DagBag from /home/airflow/.local/lib/python3.7/site-packages/airflow/example_dags/tutorial_taskflow_api.py
[2023-05-21T00:03:49.955+0000] {processor.py:836} INFO - DAG(s) dict_keys(['tutorial_taskflow_api']) retrieved from /home/airflow/.local/lib/python3.7/site-packages/airflow/example_dags/tutorial_taskflow_api.py
[2023-05-21T00:03:49.980+0000] {logging_mixin.py:149} INFO - [2023-05-21T00:03:49.980+0000] {dag.py:2726} INFO - Sync 1 DAGs
[2023-05-21T00:03:50.007+0000] {logging_mixin.py:149} INFO - [2023-05-21T00:03:50.007+0000] {dag.py:3490} INFO - Setting next_dagrun for tutorial_taskflow_api to None, run_after=None
[2023-05-21T00:03:50.035+0000] {processor.py:179} INFO - Processing /home/airflow/.local/lib/python3.7/site-packages/airflow/example_dags/tutorial_taskflow_api.py took 0.090 seconds
[2023-05-21T00:04:20.573+0000] {processor.py:157} INFO - Started process (PID=21467) to work on /home/airflow/.local/lib/python3.7/site-packages/airflow/example_dags/tutorial_taskflow_api.py
[2023-05-21T00:04:20.574+0000] {processor.py:826} INFO - Processing file /home/airflow/.local/lib/python3.7/site-packages/airflow/example_dags/tutorial_taskflow_api.py for tasks to queue
[2023-05-21T00:04:20.575+0000] {logging_mixin.py:149} INFO - [2023-05-21T00:04:20.575+0000] {dagbag.py:541} INFO - Filling up the DagBag from /home/airflow/.local/lib/python3.7/site-packages/airflow/example_dags/tutorial_taskflow_api.py
[2023-05-21T00:04:20.581+0000] {processor.py:836} INFO - DAG(s) dict_keys(['tutorial_taskflow_api']) retrieved from /home/airflow/.local/lib/python3.7/site-packages/airflow/example_dags/tutorial_taskflow_api.py
[2023-05-21T00:04:20.607+0000] {logging_mixin.py:149} INFO - [2023-05-21T00:04:20.607+0000] {dag.py:2726} INFO - Sync 1 DAGs
[2023-05-21T00:04:20.636+0000] {logging_mixin.py:149} INFO - [2023-05-21T00:04:20.636+0000] {dag.py:3490} INFO - Setting next_dagrun for tutorial_taskflow_api to None, run_after=None
[2023-05-21T00:04:20.661+0000] {processor.py:179} INFO - Processing /home/airflow/.local/lib/python3.7/site-packages/airflow/example_dags/tutorial_taskflow_api.py took 0.090 seconds
[2023-05-21T00:04:51.000+0000] {processor.py:157} INFO - Started process (PID=21536) to work on /home/airflow/.local/lib/python3.7/site-packages/airflow/example_dags/tutorial_taskflow_api.py
[2023-05-21T00:04:51.000+0000] {processor.py:826} INFO - Processing file /home/airflow/.local/lib/python3.7/site-packages/airflow/example_dags/tutorial_taskflow_api.py for tasks to queue
[2023-05-21T00:04:51.002+0000] {logging_mixin.py:149} INFO - [2023-05-21T00:04:51.001+0000] {dagbag.py:541} INFO - Filling up the DagBag from /home/airflow/.local/lib/python3.7/site-packages/airflow/example_dags/tutorial_taskflow_api.py
[2023-05-21T00:04:51.007+0000] {processor.py:836} INFO - DAG(s) dict_keys(['tutorial_taskflow_api']) retrieved from /home/airflow/.local/lib/python3.7/site-packages/airflow/example_dags/tutorial_taskflow_api.py
[2023-05-21T00:04:51.032+0000] {logging_mixin.py:149} INFO - [2023-05-21T00:04:51.032+0000] {dag.py:2726} INFO - Sync 1 DAGs
[2023-05-21T00:04:51.059+0000] {logging_mixin.py:149} INFO - [2023-05-21T00:04:51.059+0000] {dag.py:3490} INFO - Setting next_dagrun for tutorial_taskflow_api to None, run_after=None
[2023-05-21T00:04:51.085+0000] {processor.py:179} INFO - Processing /home/airflow/.local/lib/python3.7/site-packages/airflow/example_dags/tutorial_taskflow_api.py took 0.088 seconds
[2023-05-21T00:05:21.480+0000] {processor.py:157} INFO - Started process (PID=21604) to work on /home/airflow/.local/lib/python3.7/site-packages/airflow/example_dags/tutorial_taskflow_api.py
[2023-05-21T00:05:21.481+0000] {processor.py:826} INFO - Processing file /home/airflow/.local/lib/python3.7/site-packages/airflow/example_dags/tutorial_taskflow_api.py for tasks to queue
[2023-05-21T00:05:21.482+0000] {logging_mixin.py:149} INFO - [2023-05-21T00:05:21.482+0000] {dagbag.py:541} INFO - Filling up the DagBag from /home/airflow/.local/lib/python3.7/site-packages/airflow/example_dags/tutorial_taskflow_api.py
[2023-05-21T00:05:21.488+0000] {processor.py:836} INFO - DAG(s) dict_keys(['tutorial_taskflow_api']) retrieved from /home/airflow/.local/lib/python3.7/site-packages/airflow/example_dags/tutorial_taskflow_api.py
[2023-05-21T00:05:21.517+0000] {logging_mixin.py:149} INFO - [2023-05-21T00:05:21.517+0000] {dag.py:2726} INFO - Sync 1 DAGs
[2023-05-21T00:05:21.549+0000] {logging_mixin.py:149} INFO - [2023-05-21T00:05:21.548+0000] {dag.py:3490} INFO - Setting next_dagrun for tutorial_taskflow_api to None, run_after=None
[2023-05-21T00:05:21.576+0000] {processor.py:179} INFO - Processing /home/airflow/.local/lib/python3.7/site-packages/airflow/example_dags/tutorial_taskflow_api.py took 0.100 seconds
[2023-05-21T00:05:51.983+0000] {processor.py:157} INFO - Started process (PID=21672) to work on /home/airflow/.local/lib/python3.7/site-packages/airflow/example_dags/tutorial_taskflow_api.py
[2023-05-21T00:05:51.983+0000] {processor.py:826} INFO - Processing file /home/airflow/.local/lib/python3.7/site-packages/airflow/example_dags/tutorial_taskflow_api.py for tasks to queue
[2023-05-21T00:05:51.984+0000] {logging_mixin.py:149} INFO - [2023-05-21T00:05:51.984+0000] {dagbag.py:541} INFO - Filling up the DagBag from /home/airflow/.local/lib/python3.7/site-packages/airflow/example_dags/tutorial_taskflow_api.py
[2023-05-21T00:05:51.990+0000] {processor.py:836} INFO - DAG(s) dict_keys(['tutorial_taskflow_api']) retrieved from /home/airflow/.local/lib/python3.7/site-packages/airflow/example_dags/tutorial_taskflow_api.py
[2023-05-21T00:05:52.016+0000] {logging_mixin.py:149} INFO - [2023-05-21T00:05:52.016+0000] {dag.py:2726} INFO - Sync 1 DAGs
[2023-05-21T00:05:52.046+0000] {logging_mixin.py:149} INFO - [2023-05-21T00:05:52.045+0000] {dag.py:3490} INFO - Setting next_dagrun for tutorial_taskflow_api to None, run_after=None
[2023-05-21T00:05:52.071+0000] {processor.py:179} INFO - Processing /home/airflow/.local/lib/python3.7/site-packages/airflow/example_dags/tutorial_taskflow_api.py took 0.091 seconds
[2023-05-21T00:06:22.540+0000] {processor.py:157} INFO - Started process (PID=21741) to work on /home/airflow/.local/lib/python3.7/site-packages/airflow/example_dags/tutorial_taskflow_api.py
[2023-05-21T00:06:22.541+0000] {processor.py:826} INFO - Processing file /home/airflow/.local/lib/python3.7/site-packages/airflow/example_dags/tutorial_taskflow_api.py for tasks to queue
[2023-05-21T00:06:22.542+0000] {logging_mixin.py:149} INFO - [2023-05-21T00:06:22.542+0000] {dagbag.py:541} INFO - Filling up the DagBag from /home/airflow/.local/lib/python3.7/site-packages/airflow/example_dags/tutorial_taskflow_api.py
[2023-05-21T00:06:22.547+0000] {processor.py:836} INFO - DAG(s) dict_keys(['tutorial_taskflow_api']) retrieved from /home/airflow/.local/lib/python3.7/site-packages/airflow/example_dags/tutorial_taskflow_api.py
[2023-05-21T00:06:22.573+0000] {logging_mixin.py:149} INFO - [2023-05-21T00:06:22.573+0000] {dag.py:2726} INFO - Sync 1 DAGs
[2023-05-21T00:06:22.602+0000] {logging_mixin.py:149} INFO - [2023-05-21T00:06:22.601+0000] {dag.py:3490} INFO - Setting next_dagrun for tutorial_taskflow_api to None, run_after=None
[2023-05-21T00:06:22.633+0000] {processor.py:179} INFO - Processing /home/airflow/.local/lib/python3.7/site-packages/airflow/example_dags/tutorial_taskflow_api.py took 0.096 seconds
[2023-05-21T00:06:53.122+0000] {processor.py:157} INFO - Started process (PID=21809) to work on /home/airflow/.local/lib/python3.7/site-packages/airflow/example_dags/tutorial_taskflow_api.py
[2023-05-21T00:06:53.123+0000] {processor.py:826} INFO - Processing file /home/airflow/.local/lib/python3.7/site-packages/airflow/example_dags/tutorial_taskflow_api.py for tasks to queue
[2023-05-21T00:06:53.124+0000] {logging_mixin.py:149} INFO - [2023-05-21T00:06:53.124+0000] {dagbag.py:541} INFO - Filling up the DagBag from /home/airflow/.local/lib/python3.7/site-packages/airflow/example_dags/tutorial_taskflow_api.py
[2023-05-21T00:06:53.131+0000] {processor.py:836} INFO - DAG(s) dict_keys(['tutorial_taskflow_api']) retrieved from /home/airflow/.local/lib/python3.7/site-packages/airflow/example_dags/tutorial_taskflow_api.py
[2023-05-21T00:06:53.161+0000] {logging_mixin.py:149} INFO - [2023-05-21T00:06:53.161+0000] {dag.py:2726} INFO - Sync 1 DAGs
[2023-05-21T00:06:53.192+0000] {logging_mixin.py:149} INFO - [2023-05-21T00:06:53.192+0000] {dag.py:3490} INFO - Setting next_dagrun for tutorial_taskflow_api to None, run_after=None
[2023-05-21T00:06:53.225+0000] {processor.py:179} INFO - Processing /home/airflow/.local/lib/python3.7/site-packages/airflow/example_dags/tutorial_taskflow_api.py took 0.106 seconds
[2023-05-21T00:07:23.343+0000] {processor.py:157} INFO - Started process (PID=21877) to work on /home/airflow/.local/lib/python3.7/site-packages/airflow/example_dags/tutorial_taskflow_api.py
[2023-05-21T00:07:23.344+0000] {processor.py:826} INFO - Processing file /home/airflow/.local/lib/python3.7/site-packages/airflow/example_dags/tutorial_taskflow_api.py for tasks to queue
[2023-05-21T00:07:23.345+0000] {logging_mixin.py:149} INFO - [2023-05-21T00:07:23.345+0000] {dagbag.py:541} INFO - Filling up the DagBag from /home/airflow/.local/lib/python3.7/site-packages/airflow/example_dags/tutorial_taskflow_api.py
[2023-05-21T00:07:23.350+0000] {processor.py:836} INFO - DAG(s) dict_keys(['tutorial_taskflow_api']) retrieved from /home/airflow/.local/lib/python3.7/site-packages/airflow/example_dags/tutorial_taskflow_api.py
[2023-05-21T00:07:23.378+0000] {logging_mixin.py:149} INFO - [2023-05-21T00:07:23.378+0000] {dag.py:2726} INFO - Sync 1 DAGs
[2023-05-21T00:07:23.408+0000] {logging_mixin.py:149} INFO - [2023-05-21T00:07:23.408+0000] {dag.py:3490} INFO - Setting next_dagrun for tutorial_taskflow_api to None, run_after=None
[2023-05-21T00:07:23.440+0000] {processor.py:179} INFO - Processing /home/airflow/.local/lib/python3.7/site-packages/airflow/example_dags/tutorial_taskflow_api.py took 0.100 seconds
[2023-05-21T00:07:54.098+0000] {processor.py:157} INFO - Started process (PID=21945) to work on /home/airflow/.local/lib/python3.7/site-packages/airflow/example_dags/tutorial_taskflow_api.py
[2023-05-21T00:07:54.099+0000] {processor.py:826} INFO - Processing file /home/airflow/.local/lib/python3.7/site-packages/airflow/example_dags/tutorial_taskflow_api.py for tasks to queue
[2023-05-21T00:07:54.100+0000] {logging_mixin.py:149} INFO - [2023-05-21T00:07:54.099+0000] {dagbag.py:541} INFO - Filling up the DagBag from /home/airflow/.local/lib/python3.7/site-packages/airflow/example_dags/tutorial_taskflow_api.py
[2023-05-21T00:07:54.105+0000] {processor.py:836} INFO - DAG(s) dict_keys(['tutorial_taskflow_api']) retrieved from /home/airflow/.local/lib/python3.7/site-packages/airflow/example_dags/tutorial_taskflow_api.py
[2023-05-21T00:07:54.126+0000] {logging_mixin.py:149} INFO - [2023-05-21T00:07:54.125+0000] {dag.py:2726} INFO - Sync 1 DAGs
[2023-05-21T00:07:54.150+0000] {logging_mixin.py:149} INFO - [2023-05-21T00:07:54.149+0000] {dag.py:3490} INFO - Setting next_dagrun for tutorial_taskflow_api to None, run_after=None
[2023-05-21T00:07:54.233+0000] {processor.py:179} INFO - Processing /home/airflow/.local/lib/python3.7/site-packages/airflow/example_dags/tutorial_taskflow_api.py took 0.137 seconds
[2023-05-21T23:12:43.031+0000] {processor.py:157} INFO - Started process (PID=54) to work on /home/airflow/.local/lib/python3.7/site-packages/airflow/example_dags/tutorial_taskflow_api.py
[2023-05-21T23:12:43.032+0000] {processor.py:826} INFO - Processing file /home/airflow/.local/lib/python3.7/site-packages/airflow/example_dags/tutorial_taskflow_api.py for tasks to queue
[2023-05-21T23:12:43.033+0000] {logging_mixin.py:149} INFO - [2023-05-21T23:12:43.033+0000] {dagbag.py:541} INFO - Filling up the DagBag from /home/airflow/.local/lib/python3.7/site-packages/airflow/example_dags/tutorial_taskflow_api.py
[2023-05-21T23:12:43.039+0000] {processor.py:836} INFO - DAG(s) dict_keys(['tutorial_taskflow_api']) retrieved from /home/airflow/.local/lib/python3.7/site-packages/airflow/example_dags/tutorial_taskflow_api.py
[2023-05-21T23:12:43.051+0000] {logging_mixin.py:149} INFO - [2023-05-21T23:12:43.051+0000] {dag.py:2726} INFO - Sync 1 DAGs
[2023-05-21T23:12:43.079+0000] {logging_mixin.py:149} INFO - [2023-05-21T23:12:43.079+0000] {dag.py:3490} INFO - Setting next_dagrun for tutorial_taskflow_api to None, run_after=None
[2023-05-21T23:12:43.099+0000] {processor.py:179} INFO - Processing /home/airflow/.local/lib/python3.7/site-packages/airflow/example_dags/tutorial_taskflow_api.py took 0.070 seconds
