[2023-05-21T00:00:15.715+0000] {processor.py:157} INFO - Started process (PID=20915) to work on /home/airflow/.local/lib/python3.7/site-packages/airflow/example_dags/tutorial_dag.py
[2023-05-21T00:00:15.716+0000] {processor.py:826} INFO - Processing file /home/airflow/.local/lib/python3.7/site-packages/airflow/example_dags/tutorial_dag.py for tasks to queue
[2023-05-21T00:00:15.717+0000] {logging_mixin.py:149} INFO - [2023-05-21T00:00:15.717+0000] {dagbag.py:541} INFO - Filling up the DagBag from /home/airflow/.local/lib/python3.7/site-packages/airflow/example_dags/tutorial_dag.py
[2023-05-21T00:00:15.722+0000] {processor.py:836} INFO - DAG(s) dict_keys(['tutorial_dag']) retrieved from /home/airflow/.local/lib/python3.7/site-packages/airflow/example_dags/tutorial_dag.py
[2023-05-21T00:00:15.751+0000] {logging_mixin.py:149} INFO - [2023-05-21T00:00:15.751+0000] {dag.py:2726} INFO - Sync 1 DAGs
[2023-05-21T00:00:15.782+0000] {logging_mixin.py:149} INFO - [2023-05-21T00:00:15.782+0000] {dag.py:3490} INFO - Setting next_dagrun for tutorial_dag to None, run_after=None
[2023-05-21T00:00:15.809+0000] {processor.py:179} INFO - Processing /home/airflow/.local/lib/python3.7/site-packages/airflow/example_dags/tutorial_dag.py took 0.097 seconds
[2023-05-21T00:00:46.712+0000] {processor.py:157} INFO - Started process (PID=20984) to work on /home/airflow/.local/lib/python3.7/site-packages/airflow/example_dags/tutorial_dag.py
[2023-05-21T00:00:46.713+0000] {processor.py:826} INFO - Processing file /home/airflow/.local/lib/python3.7/site-packages/airflow/example_dags/tutorial_dag.py for tasks to queue
[2023-05-21T00:00:46.714+0000] {logging_mixin.py:149} INFO - [2023-05-21T00:00:46.714+0000] {dagbag.py:541} INFO - Filling up the DagBag from /home/airflow/.local/lib/python3.7/site-packages/airflow/example_dags/tutorial_dag.py
[2023-05-21T00:00:46.718+0000] {processor.py:836} INFO - DAG(s) dict_keys(['tutorial_dag']) retrieved from /home/airflow/.local/lib/python3.7/site-packages/airflow/example_dags/tutorial_dag.py
[2023-05-21T00:00:46.743+0000] {logging_mixin.py:149} INFO - [2023-05-21T00:00:46.743+0000] {dag.py:2726} INFO - Sync 1 DAGs
[2023-05-21T00:00:46.774+0000] {logging_mixin.py:149} INFO - [2023-05-21T00:00:46.774+0000] {dag.py:3490} INFO - Setting next_dagrun for tutorial_dag to None, run_after=None
[2023-05-21T00:00:46.938+0000] {processor.py:179} INFO - Processing /home/airflow/.local/lib/python3.7/site-packages/airflow/example_dags/tutorial_dag.py took 0.229 seconds
[2023-05-21T00:01:17.227+0000] {processor.py:157} INFO - Started process (PID=21053) to work on /home/airflow/.local/lib/python3.7/site-packages/airflow/example_dags/tutorial_dag.py
[2023-05-21T00:01:17.228+0000] {processor.py:826} INFO - Processing file /home/airflow/.local/lib/python3.7/site-packages/airflow/example_dags/tutorial_dag.py for tasks to queue
[2023-05-21T00:01:17.229+0000] {logging_mixin.py:149} INFO - [2023-05-21T00:01:17.229+0000] {dagbag.py:541} INFO - Filling up the DagBag from /home/airflow/.local/lib/python3.7/site-packages/airflow/example_dags/tutorial_dag.py
[2023-05-21T00:01:17.235+0000] {processor.py:836} INFO - DAG(s) dict_keys(['tutorial_dag']) retrieved from /home/airflow/.local/lib/python3.7/site-packages/airflow/example_dags/tutorial_dag.py
[2023-05-21T00:01:17.262+0000] {logging_mixin.py:149} INFO - [2023-05-21T00:01:17.262+0000] {dag.py:2726} INFO - Sync 1 DAGs
[2023-05-21T00:01:17.296+0000] {logging_mixin.py:149} INFO - [2023-05-21T00:01:17.296+0000] {dag.py:3490} INFO - Setting next_dagrun for tutorial_dag to None, run_after=None
[2023-05-21T00:01:17.326+0000] {processor.py:179} INFO - Processing /home/airflow/.local/lib/python3.7/site-packages/airflow/example_dags/tutorial_dag.py took 0.103 seconds
[2023-05-21T00:01:47.750+0000] {processor.py:157} INFO - Started process (PID=21120) to work on /home/airflow/.local/lib/python3.7/site-packages/airflow/example_dags/tutorial_dag.py
[2023-05-21T00:01:47.751+0000] {processor.py:826} INFO - Processing file /home/airflow/.local/lib/python3.7/site-packages/airflow/example_dags/tutorial_dag.py for tasks to queue
[2023-05-21T00:01:47.752+0000] {logging_mixin.py:149} INFO - [2023-05-21T00:01:47.752+0000] {dagbag.py:541} INFO - Filling up the DagBag from /home/airflow/.local/lib/python3.7/site-packages/airflow/example_dags/tutorial_dag.py
[2023-05-21T00:01:47.756+0000] {processor.py:836} INFO - DAG(s) dict_keys(['tutorial_dag']) retrieved from /home/airflow/.local/lib/python3.7/site-packages/airflow/example_dags/tutorial_dag.py
[2023-05-21T00:01:47.782+0000] {logging_mixin.py:149} INFO - [2023-05-21T00:01:47.782+0000] {dag.py:2726} INFO - Sync 1 DAGs
[2023-05-21T00:01:47.808+0000] {logging_mixin.py:149} INFO - [2023-05-21T00:01:47.808+0000] {dag.py:3490} INFO - Setting next_dagrun for tutorial_dag to None, run_after=None
[2023-05-21T00:01:47.835+0000] {processor.py:179} INFO - Processing /home/airflow/.local/lib/python3.7/site-packages/airflow/example_dags/tutorial_dag.py took 0.087 seconds
[2023-05-21T00:02:18.051+0000] {processor.py:157} INFO - Started process (PID=21188) to work on /home/airflow/.local/lib/python3.7/site-packages/airflow/example_dags/tutorial_dag.py
[2023-05-21T00:02:18.052+0000] {processor.py:826} INFO - Processing file /home/airflow/.local/lib/python3.7/site-packages/airflow/example_dags/tutorial_dag.py for tasks to queue
[2023-05-21T00:02:18.053+0000] {logging_mixin.py:149} INFO - [2023-05-21T00:02:18.053+0000] {dagbag.py:541} INFO - Filling up the DagBag from /home/airflow/.local/lib/python3.7/site-packages/airflow/example_dags/tutorial_dag.py
[2023-05-21T00:02:18.057+0000] {processor.py:836} INFO - DAG(s) dict_keys(['tutorial_dag']) retrieved from /home/airflow/.local/lib/python3.7/site-packages/airflow/example_dags/tutorial_dag.py
[2023-05-21T00:02:18.084+0000] {logging_mixin.py:149} INFO - [2023-05-21T00:02:18.084+0000] {dag.py:2726} INFO - Sync 1 DAGs
[2023-05-21T00:02:18.111+0000] {logging_mixin.py:149} INFO - [2023-05-21T00:02:18.111+0000] {dag.py:3490} INFO - Setting next_dagrun for tutorial_dag to None, run_after=None
[2023-05-21T00:02:18.137+0000] {processor.py:179} INFO - Processing /home/airflow/.local/lib/python3.7/site-packages/airflow/example_dags/tutorial_dag.py took 0.089 seconds
[2023-05-21T00:02:48.606+0000] {processor.py:157} INFO - Started process (PID=21256) to work on /home/airflow/.local/lib/python3.7/site-packages/airflow/example_dags/tutorial_dag.py
[2023-05-21T00:02:48.607+0000] {processor.py:826} INFO - Processing file /home/airflow/.local/lib/python3.7/site-packages/airflow/example_dags/tutorial_dag.py for tasks to queue
[2023-05-21T00:02:48.608+0000] {logging_mixin.py:149} INFO - [2023-05-21T00:02:48.607+0000] {dagbag.py:541} INFO - Filling up the DagBag from /home/airflow/.local/lib/python3.7/site-packages/airflow/example_dags/tutorial_dag.py
[2023-05-21T00:02:48.612+0000] {processor.py:836} INFO - DAG(s) dict_keys(['tutorial_dag']) retrieved from /home/airflow/.local/lib/python3.7/site-packages/airflow/example_dags/tutorial_dag.py
[2023-05-21T00:02:48.638+0000] {logging_mixin.py:149} INFO - [2023-05-21T00:02:48.637+0000] {dag.py:2726} INFO - Sync 1 DAGs
[2023-05-21T00:02:48.669+0000] {logging_mixin.py:149} INFO - [2023-05-21T00:02:48.668+0000] {dag.py:3490} INFO - Setting next_dagrun for tutorial_dag to None, run_after=None
[2023-05-21T00:02:48.694+0000] {processor.py:179} INFO - Processing /home/airflow/.local/lib/python3.7/site-packages/airflow/example_dags/tutorial_dag.py took 0.091 seconds
[2023-05-21T00:03:19.218+0000] {processor.py:157} INFO - Started process (PID=21325) to work on /home/airflow/.local/lib/python3.7/site-packages/airflow/example_dags/tutorial_dag.py
[2023-05-21T00:03:19.219+0000] {processor.py:826} INFO - Processing file /home/airflow/.local/lib/python3.7/site-packages/airflow/example_dags/tutorial_dag.py for tasks to queue
[2023-05-21T00:03:19.220+0000] {logging_mixin.py:149} INFO - [2023-05-21T00:03:19.220+0000] {dagbag.py:541} INFO - Filling up the DagBag from /home/airflow/.local/lib/python3.7/site-packages/airflow/example_dags/tutorial_dag.py
[2023-05-21T00:03:19.224+0000] {processor.py:836} INFO - DAG(s) dict_keys(['tutorial_dag']) retrieved from /home/airflow/.local/lib/python3.7/site-packages/airflow/example_dags/tutorial_dag.py
[2023-05-21T00:03:19.251+0000] {logging_mixin.py:149} INFO - [2023-05-21T00:03:19.251+0000] {dag.py:2726} INFO - Sync 1 DAGs
[2023-05-21T00:03:19.280+0000] {logging_mixin.py:149} INFO - [2023-05-21T00:03:19.280+0000] {dag.py:3490} INFO - Setting next_dagrun for tutorial_dag to None, run_after=None
[2023-05-21T00:03:19.307+0000] {processor.py:179} INFO - Processing /home/airflow/.local/lib/python3.7/site-packages/airflow/example_dags/tutorial_dag.py took 0.093 seconds
[2023-05-21T00:03:49.712+0000] {processor.py:157} INFO - Started process (PID=21394) to work on /home/airflow/.local/lib/python3.7/site-packages/airflow/example_dags/tutorial_dag.py
[2023-05-21T00:03:49.714+0000] {processor.py:826} INFO - Processing file /home/airflow/.local/lib/python3.7/site-packages/airflow/example_dags/tutorial_dag.py for tasks to queue
[2023-05-21T00:03:49.715+0000] {logging_mixin.py:149} INFO - [2023-05-21T00:03:49.714+0000] {dagbag.py:541} INFO - Filling up the DagBag from /home/airflow/.local/lib/python3.7/site-packages/airflow/example_dags/tutorial_dag.py
[2023-05-21T00:03:49.719+0000] {processor.py:836} INFO - DAG(s) dict_keys(['tutorial_dag']) retrieved from /home/airflow/.local/lib/python3.7/site-packages/airflow/example_dags/tutorial_dag.py
[2023-05-21T00:03:49.746+0000] {logging_mixin.py:149} INFO - [2023-05-21T00:03:49.746+0000] {dag.py:2726} INFO - Sync 1 DAGs
[2023-05-21T00:03:49.778+0000] {logging_mixin.py:149} INFO - [2023-05-21T00:03:49.778+0000] {dag.py:3490} INFO - Setting next_dagrun for tutorial_dag to None, run_after=None
[2023-05-21T00:03:49.808+0000] {processor.py:179} INFO - Processing /home/airflow/.local/lib/python3.7/site-packages/airflow/example_dags/tutorial_dag.py took 0.098 seconds
[2023-05-21T00:04:20.190+0000] {processor.py:157} INFO - Started process (PID=21463) to work on /home/airflow/.local/lib/python3.7/site-packages/airflow/example_dags/tutorial_dag.py
[2023-05-21T00:04:20.191+0000] {processor.py:826} INFO - Processing file /home/airflow/.local/lib/python3.7/site-packages/airflow/example_dags/tutorial_dag.py for tasks to queue
[2023-05-21T00:04:20.192+0000] {logging_mixin.py:149} INFO - [2023-05-21T00:04:20.192+0000] {dagbag.py:541} INFO - Filling up the DagBag from /home/airflow/.local/lib/python3.7/site-packages/airflow/example_dags/tutorial_dag.py
[2023-05-21T00:04:20.197+0000] {processor.py:836} INFO - DAG(s) dict_keys(['tutorial_dag']) retrieved from /home/airflow/.local/lib/python3.7/site-packages/airflow/example_dags/tutorial_dag.py
[2023-05-21T00:04:20.225+0000] {logging_mixin.py:149} INFO - [2023-05-21T00:04:20.225+0000] {dag.py:2726} INFO - Sync 1 DAGs
[2023-05-21T00:04:20.256+0000] {logging_mixin.py:149} INFO - [2023-05-21T00:04:20.256+0000] {dag.py:3490} INFO - Setting next_dagrun for tutorial_dag to None, run_after=None
[2023-05-21T00:04:20.284+0000] {processor.py:179} INFO - Processing /home/airflow/.local/lib/python3.7/site-packages/airflow/example_dags/tutorial_dag.py took 0.096 seconds
[2023-05-21T00:04:50.747+0000] {processor.py:157} INFO - Started process (PID=21532) to work on /home/airflow/.local/lib/python3.7/site-packages/airflow/example_dags/tutorial_dag.py
[2023-05-21T00:04:50.748+0000] {processor.py:826} INFO - Processing file /home/airflow/.local/lib/python3.7/site-packages/airflow/example_dags/tutorial_dag.py for tasks to queue
[2023-05-21T00:04:50.749+0000] {logging_mixin.py:149} INFO - [2023-05-21T00:04:50.749+0000] {dagbag.py:541} INFO - Filling up the DagBag from /home/airflow/.local/lib/python3.7/site-packages/airflow/example_dags/tutorial_dag.py
[2023-05-21T00:04:50.753+0000] {processor.py:836} INFO - DAG(s) dict_keys(['tutorial_dag']) retrieved from /home/airflow/.local/lib/python3.7/site-packages/airflow/example_dags/tutorial_dag.py
[2023-05-21T00:04:50.779+0000] {logging_mixin.py:149} INFO - [2023-05-21T00:04:50.779+0000] {dag.py:2726} INFO - Sync 1 DAGs
[2023-05-21T00:04:50.807+0000] {logging_mixin.py:149} INFO - [2023-05-21T00:04:50.807+0000] {dag.py:3490} INFO - Setting next_dagrun for tutorial_dag to None, run_after=None
[2023-05-21T00:04:50.834+0000] {processor.py:179} INFO - Processing /home/airflow/.local/lib/python3.7/site-packages/airflow/example_dags/tutorial_dag.py took 0.090 seconds
[2023-05-21T00:05:21.209+0000] {processor.py:157} INFO - Started process (PID=21600) to work on /home/airflow/.local/lib/python3.7/site-packages/airflow/example_dags/tutorial_dag.py
[2023-05-21T00:05:21.210+0000] {processor.py:826} INFO - Processing file /home/airflow/.local/lib/python3.7/site-packages/airflow/example_dags/tutorial_dag.py for tasks to queue
[2023-05-21T00:05:21.211+0000] {logging_mixin.py:149} INFO - [2023-05-21T00:05:21.211+0000] {dagbag.py:541} INFO - Filling up the DagBag from /home/airflow/.local/lib/python3.7/site-packages/airflow/example_dags/tutorial_dag.py
[2023-05-21T00:05:21.215+0000] {processor.py:836} INFO - DAG(s) dict_keys(['tutorial_dag']) retrieved from /home/airflow/.local/lib/python3.7/site-packages/airflow/example_dags/tutorial_dag.py
[2023-05-21T00:05:21.245+0000] {logging_mixin.py:149} INFO - [2023-05-21T00:05:21.245+0000] {dag.py:2726} INFO - Sync 1 DAGs
[2023-05-21T00:05:21.274+0000] {logging_mixin.py:149} INFO - [2023-05-21T00:05:21.274+0000] {dag.py:3490} INFO - Setting next_dagrun for tutorial_dag to None, run_after=None
[2023-05-21T00:05:21.303+0000] {processor.py:179} INFO - Processing /home/airflow/.local/lib/python3.7/site-packages/airflow/example_dags/tutorial_dag.py took 0.097 seconds
[2023-05-21T00:05:51.727+0000] {processor.py:157} INFO - Started process (PID=21668) to work on /home/airflow/.local/lib/python3.7/site-packages/airflow/example_dags/tutorial_dag.py
[2023-05-21T00:05:51.728+0000] {processor.py:826} INFO - Processing file /home/airflow/.local/lib/python3.7/site-packages/airflow/example_dags/tutorial_dag.py for tasks to queue
[2023-05-21T00:05:51.728+0000] {logging_mixin.py:149} INFO - [2023-05-21T00:05:51.728+0000] {dagbag.py:541} INFO - Filling up the DagBag from /home/airflow/.local/lib/python3.7/site-packages/airflow/example_dags/tutorial_dag.py
[2023-05-21T00:05:51.733+0000] {processor.py:836} INFO - DAG(s) dict_keys(['tutorial_dag']) retrieved from /home/airflow/.local/lib/python3.7/site-packages/airflow/example_dags/tutorial_dag.py
[2023-05-21T00:05:51.760+0000] {logging_mixin.py:149} INFO - [2023-05-21T00:05:51.760+0000] {dag.py:2726} INFO - Sync 1 DAGs
[2023-05-21T00:05:51.792+0000] {logging_mixin.py:149} INFO - [2023-05-21T00:05:51.792+0000] {dag.py:3490} INFO - Setting next_dagrun for tutorial_dag to None, run_after=None
[2023-05-21T00:05:51.819+0000] {processor.py:179} INFO - Processing /home/airflow/.local/lib/python3.7/site-packages/airflow/example_dags/tutorial_dag.py took 0.095 seconds
[2023-05-21T00:06:22.242+0000] {processor.py:157} INFO - Started process (PID=21737) to work on /home/airflow/.local/lib/python3.7/site-packages/airflow/example_dags/tutorial_dag.py
[2023-05-21T00:06:22.243+0000] {processor.py:826} INFO - Processing file /home/airflow/.local/lib/python3.7/site-packages/airflow/example_dags/tutorial_dag.py for tasks to queue
[2023-05-21T00:06:22.244+0000] {logging_mixin.py:149} INFO - [2023-05-21T00:06:22.243+0000] {dagbag.py:541} INFO - Filling up the DagBag from /home/airflow/.local/lib/python3.7/site-packages/airflow/example_dags/tutorial_dag.py
[2023-05-21T00:06:22.249+0000] {processor.py:836} INFO - DAG(s) dict_keys(['tutorial_dag']) retrieved from /home/airflow/.local/lib/python3.7/site-packages/airflow/example_dags/tutorial_dag.py
[2023-05-21T00:06:22.277+0000] {logging_mixin.py:149} INFO - [2023-05-21T00:06:22.276+0000] {dag.py:2726} INFO - Sync 1 DAGs
[2023-05-21T00:06:22.304+0000] {logging_mixin.py:149} INFO - [2023-05-21T00:06:22.303+0000] {dag.py:3490} INFO - Setting next_dagrun for tutorial_dag to None, run_after=None
[2023-05-21T00:06:22.331+0000] {processor.py:179} INFO - Processing /home/airflow/.local/lib/python3.7/site-packages/airflow/example_dags/tutorial_dag.py took 0.092 seconds
[2023-05-21T00:06:52.840+0000] {processor.py:157} INFO - Started process (PID=21805) to work on /home/airflow/.local/lib/python3.7/site-packages/airflow/example_dags/tutorial_dag.py
[2023-05-21T00:06:52.842+0000] {processor.py:826} INFO - Processing file /home/airflow/.local/lib/python3.7/site-packages/airflow/example_dags/tutorial_dag.py for tasks to queue
[2023-05-21T00:06:52.842+0000] {logging_mixin.py:149} INFO - [2023-05-21T00:06:52.842+0000] {dagbag.py:541} INFO - Filling up the DagBag from /home/airflow/.local/lib/python3.7/site-packages/airflow/example_dags/tutorial_dag.py
[2023-05-21T00:06:52.848+0000] {processor.py:836} INFO - DAG(s) dict_keys(['tutorial_dag']) retrieved from /home/airflow/.local/lib/python3.7/site-packages/airflow/example_dags/tutorial_dag.py
[2023-05-21T00:06:52.875+0000] {logging_mixin.py:149} INFO - [2023-05-21T00:06:52.875+0000] {dag.py:2726} INFO - Sync 1 DAGs
[2023-05-21T00:06:52.908+0000] {logging_mixin.py:149} INFO - [2023-05-21T00:06:52.908+0000] {dag.py:3490} INFO - Setting next_dagrun for tutorial_dag to None, run_after=None
[2023-05-21T00:06:52.942+0000] {processor.py:179} INFO - Processing /home/airflow/.local/lib/python3.7/site-packages/airflow/example_dags/tutorial_dag.py took 0.105 seconds
[2023-05-21T00:07:23.077+0000] {processor.py:157} INFO - Started process (PID=21873) to work on /home/airflow/.local/lib/python3.7/site-packages/airflow/example_dags/tutorial_dag.py
[2023-05-21T00:07:23.079+0000] {processor.py:826} INFO - Processing file /home/airflow/.local/lib/python3.7/site-packages/airflow/example_dags/tutorial_dag.py for tasks to queue
[2023-05-21T00:07:23.080+0000] {logging_mixin.py:149} INFO - [2023-05-21T00:07:23.080+0000] {dagbag.py:541} INFO - Filling up the DagBag from /home/airflow/.local/lib/python3.7/site-packages/airflow/example_dags/tutorial_dag.py
[2023-05-21T00:07:23.084+0000] {processor.py:836} INFO - DAG(s) dict_keys(['tutorial_dag']) retrieved from /home/airflow/.local/lib/python3.7/site-packages/airflow/example_dags/tutorial_dag.py
[2023-05-21T00:07:23.113+0000] {logging_mixin.py:149} INFO - [2023-05-21T00:07:23.113+0000] {dag.py:2726} INFO - Sync 1 DAGs
[2023-05-21T00:07:23.144+0000] {logging_mixin.py:149} INFO - [2023-05-21T00:07:23.144+0000] {dag.py:3490} INFO - Setting next_dagrun for tutorial_dag to None, run_after=None
[2023-05-21T00:07:23.172+0000] {processor.py:179} INFO - Processing /home/airflow/.local/lib/python3.7/site-packages/airflow/example_dags/tutorial_dag.py took 0.098 seconds
[2023-05-21T00:07:53.828+0000] {processor.py:157} INFO - Started process (PID=21941) to work on /home/airflow/.local/lib/python3.7/site-packages/airflow/example_dags/tutorial_dag.py
[2023-05-21T00:07:53.829+0000] {processor.py:826} INFO - Processing file /home/airflow/.local/lib/python3.7/site-packages/airflow/example_dags/tutorial_dag.py for tasks to queue
[2023-05-21T00:07:53.830+0000] {logging_mixin.py:149} INFO - [2023-05-21T00:07:53.830+0000] {dagbag.py:541} INFO - Filling up the DagBag from /home/airflow/.local/lib/python3.7/site-packages/airflow/example_dags/tutorial_dag.py
[2023-05-21T00:07:53.833+0000] {processor.py:836} INFO - DAG(s) dict_keys(['tutorial_dag']) retrieved from /home/airflow/.local/lib/python3.7/site-packages/airflow/example_dags/tutorial_dag.py
[2023-05-21T00:07:53.854+0000] {logging_mixin.py:149} INFO - [2023-05-21T00:07:53.854+0000] {dag.py:2726} INFO - Sync 1 DAGs
[2023-05-21T00:07:53.878+0000] {logging_mixin.py:149} INFO - [2023-05-21T00:07:53.877+0000] {dag.py:3490} INFO - Setting next_dagrun for tutorial_dag to None, run_after=None
[2023-05-21T00:07:53.898+0000] {processor.py:179} INFO - Processing /home/airflow/.local/lib/python3.7/site-packages/airflow/example_dags/tutorial_dag.py took 0.072 seconds
[2023-05-21T23:12:42.860+0000] {processor.py:157} INFO - Started process (PID=50) to work on /home/airflow/.local/lib/python3.7/site-packages/airflow/example_dags/tutorial_dag.py
[2023-05-21T23:12:42.861+0000] {processor.py:826} INFO - Processing file /home/airflow/.local/lib/python3.7/site-packages/airflow/example_dags/tutorial_dag.py for tasks to queue
[2023-05-21T23:12:42.862+0000] {logging_mixin.py:149} INFO - [2023-05-21T23:12:42.862+0000] {dagbag.py:541} INFO - Filling up the DagBag from /home/airflow/.local/lib/python3.7/site-packages/airflow/example_dags/tutorial_dag.py
[2023-05-21T23:12:42.870+0000] {processor.py:836} INFO - DAG(s) dict_keys(['tutorial_dag']) retrieved from /home/airflow/.local/lib/python3.7/site-packages/airflow/example_dags/tutorial_dag.py
[2023-05-21T23:12:42.883+0000] {logging_mixin.py:149} INFO - [2023-05-21T23:12:42.882+0000] {dag.py:2726} INFO - Sync 1 DAGs
[2023-05-21T23:12:42.917+0000] {logging_mixin.py:149} INFO - [2023-05-21T23:12:42.917+0000] {dag.py:3490} INFO - Setting next_dagrun for tutorial_dag to None, run_after=None
[2023-05-21T23:12:42.941+0000] {processor.py:179} INFO - Processing /home/airflow/.local/lib/python3.7/site-packages/airflow/example_dags/tutorial_dag.py took 0.085 seconds
