[2023-05-23T00:00:22.057+0000] {processor.py:157} INFO - Started process (PID=7218) to work on /opt/airflow/dags/my-dag.py
[2023-05-23T00:00:22.058+0000] {processor.py:826} INFO - Processing file /opt/airflow/dags/my-dag.py for tasks to queue
[2023-05-23T00:00:22.059+0000] {logging_mixin.py:149} INFO - [2023-05-23T00:00:22.059+0000] {dagbag.py:541} INFO - Filling up the DagBag from /opt/airflow/dags/my-dag.py
[2023-05-23T00:00:22.076+0000] {processor.py:836} INFO - DAG(s) dict_keys(['spotify_dag']) retrieved from /opt/airflow/dags/my-dag.py
[2023-05-23T00:00:22.094+0000] {logging_mixin.py:149} INFO - [2023-05-23T00:00:22.094+0000] {dag.py:2726} INFO - Sync 1 DAGs
[2023-05-23T00:00:22.115+0000] {logging_mixin.py:149} INFO - [2023-05-23T00:00:22.115+0000] {dag.py:3490} INFO - Setting next_dagrun for spotify_dag to 2023-05-22T23:29:07.671801+00:00, run_after=2023-05-23T23:29:07.671801+00:00
[2023-05-23T00:00:22.139+0000] {processor.py:179} INFO - Processing /opt/airflow/dags/my-dag.py took 0.084 seconds
[2023-05-23T00:00:52.164+0000] {processor.py:157} INFO - Started process (PID=7287) to work on /opt/airflow/dags/my-dag.py
[2023-05-23T00:00:52.164+0000] {processor.py:826} INFO - Processing file /opt/airflow/dags/my-dag.py for tasks to queue
[2023-05-23T00:00:52.165+0000] {logging_mixin.py:149} INFO - [2023-05-23T00:00:52.165+0000] {dagbag.py:541} INFO - Filling up the DagBag from /opt/airflow/dags/my-dag.py
[2023-05-23T00:00:52.182+0000] {processor.py:836} INFO - DAG(s) dict_keys(['spotify_dag']) retrieved from /opt/airflow/dags/my-dag.py
[2023-05-23T00:00:52.200+0000] {logging_mixin.py:149} INFO - [2023-05-23T00:00:52.200+0000] {dag.py:2726} INFO - Sync 1 DAGs
[2023-05-23T00:00:52.221+0000] {logging_mixin.py:149} INFO - [2023-05-23T00:00:52.221+0000] {dag.py:3490} INFO - Setting next_dagrun for spotify_dag to 2023-05-22T23:29:07.671801+00:00, run_after=2023-05-23T23:29:07.671801+00:00
[2023-05-23T00:00:52.238+0000] {processor.py:179} INFO - Processing /opt/airflow/dags/my-dag.py took 0.077 seconds
[2023-05-23T00:01:22.694+0000] {processor.py:157} INFO - Started process (PID=7356) to work on /opt/airflow/dags/my-dag.py
[2023-05-23T00:01:22.695+0000] {processor.py:826} INFO - Processing file /opt/airflow/dags/my-dag.py for tasks to queue
[2023-05-23T00:01:22.696+0000] {logging_mixin.py:149} INFO - [2023-05-23T00:01:22.696+0000] {dagbag.py:541} INFO - Filling up the DagBag from /opt/airflow/dags/my-dag.py
[2023-05-23T00:01:22.713+0000] {processor.py:836} INFO - DAG(s) dict_keys(['spotify_dag']) retrieved from /opt/airflow/dags/my-dag.py
[2023-05-23T00:01:22.731+0000] {logging_mixin.py:149} INFO - [2023-05-23T00:01:22.731+0000] {dag.py:2726} INFO - Sync 1 DAGs
[2023-05-23T00:01:22.753+0000] {logging_mixin.py:149} INFO - [2023-05-23T00:01:22.753+0000] {dag.py:3490} INFO - Setting next_dagrun for spotify_dag to 2023-05-22T23:29:07.671801+00:00, run_after=2023-05-23T23:29:07.671801+00:00
[2023-05-23T00:01:22.770+0000] {processor.py:179} INFO - Processing /opt/airflow/dags/my-dag.py took 0.078 seconds
[2023-05-23T00:01:53.267+0000] {processor.py:157} INFO - Started process (PID=7426) to work on /opt/airflow/dags/my-dag.py
[2023-05-23T00:01:53.268+0000] {processor.py:826} INFO - Processing file /opt/airflow/dags/my-dag.py for tasks to queue
[2023-05-23T00:01:53.268+0000] {logging_mixin.py:149} INFO - [2023-05-23T00:01:53.268+0000] {dagbag.py:541} INFO - Filling up the DagBag from /opt/airflow/dags/my-dag.py
[2023-05-23T00:01:53.285+0000] {processor.py:836} INFO - DAG(s) dict_keys(['spotify_dag']) retrieved from /opt/airflow/dags/my-dag.py
[2023-05-23T00:01:53.303+0000] {logging_mixin.py:149} INFO - [2023-05-23T00:01:53.303+0000] {dag.py:2726} INFO - Sync 1 DAGs
[2023-05-23T00:01:53.324+0000] {logging_mixin.py:149} INFO - [2023-05-23T00:01:53.324+0000] {dag.py:3490} INFO - Setting next_dagrun for spotify_dag to 2023-05-22T23:29:07.671801+00:00, run_after=2023-05-23T23:29:07.671801+00:00
[2023-05-23T00:01:53.342+0000] {processor.py:179} INFO - Processing /opt/airflow/dags/my-dag.py took 0.078 seconds
[2023-05-23T00:02:23.630+0000] {processor.py:157} INFO - Started process (PID=7496) to work on /opt/airflow/dags/my-dag.py
[2023-05-23T00:02:23.630+0000] {processor.py:826} INFO - Processing file /opt/airflow/dags/my-dag.py for tasks to queue
[2023-05-23T00:02:23.631+0000] {logging_mixin.py:149} INFO - [2023-05-23T00:02:23.631+0000] {dagbag.py:541} INFO - Filling up the DagBag from /opt/airflow/dags/my-dag.py
[2023-05-23T00:02:23.648+0000] {processor.py:836} INFO - DAG(s) dict_keys(['spotify_dag']) retrieved from /opt/airflow/dags/my-dag.py
[2023-05-23T00:02:23.666+0000] {logging_mixin.py:149} INFO - [2023-05-23T00:02:23.666+0000] {dag.py:2726} INFO - Sync 1 DAGs
[2023-05-23T00:02:23.688+0000] {logging_mixin.py:149} INFO - [2023-05-23T00:02:23.688+0000] {dag.py:3490} INFO - Setting next_dagrun for spotify_dag to 2023-05-22T23:29:07.671801+00:00, run_after=2023-05-23T23:29:07.671801+00:00
[2023-05-23T00:02:23.712+0000] {processor.py:179} INFO - Processing /opt/airflow/dags/my-dag.py took 0.084 seconds
[2023-05-23T00:02:53.838+0000] {processor.py:157} INFO - Started process (PID=7565) to work on /opt/airflow/dags/my-dag.py
[2023-05-23T00:02:53.839+0000] {processor.py:826} INFO - Processing file /opt/airflow/dags/my-dag.py for tasks to queue
[2023-05-23T00:02:53.839+0000] {logging_mixin.py:149} INFO - [2023-05-23T00:02:53.839+0000] {dagbag.py:541} INFO - Filling up the DagBag from /opt/airflow/dags/my-dag.py
[2023-05-23T00:02:53.856+0000] {processor.py:836} INFO - DAG(s) dict_keys(['spotify_dag']) retrieved from /opt/airflow/dags/my-dag.py
[2023-05-23T00:02:53.874+0000] {logging_mixin.py:149} INFO - [2023-05-23T00:02:53.874+0000] {dag.py:2726} INFO - Sync 1 DAGs
[2023-05-23T00:02:53.896+0000] {logging_mixin.py:149} INFO - [2023-05-23T00:02:53.896+0000] {dag.py:3490} INFO - Setting next_dagrun for spotify_dag to 2023-05-22T23:29:07.671801+00:00, run_after=2023-05-23T23:29:07.671801+00:00
[2023-05-23T00:02:53.912+0000] {processor.py:179} INFO - Processing /opt/airflow/dags/my-dag.py took 0.076 seconds
[2023-05-23T00:03:24.002+0000] {processor.py:157} INFO - Started process (PID=7635) to work on /opt/airflow/dags/my-dag.py
[2023-05-23T00:03:24.002+0000] {processor.py:826} INFO - Processing file /opt/airflow/dags/my-dag.py for tasks to queue
[2023-05-23T00:03:24.003+0000] {logging_mixin.py:149} INFO - [2023-05-23T00:03:24.003+0000] {dagbag.py:541} INFO - Filling up the DagBag from /opt/airflow/dags/my-dag.py
[2023-05-23T00:03:24.021+0000] {processor.py:836} INFO - DAG(s) dict_keys(['spotify_dag']) retrieved from /opt/airflow/dags/my-dag.py
[2023-05-23T00:03:24.038+0000] {logging_mixin.py:149} INFO - [2023-05-23T00:03:24.038+0000] {dag.py:2726} INFO - Sync 1 DAGs
[2023-05-23T00:03:24.060+0000] {logging_mixin.py:149} INFO - [2023-05-23T00:03:24.059+0000] {dag.py:3490} INFO - Setting next_dagrun for spotify_dag to 2023-05-22T23:29:07.671801+00:00, run_after=2023-05-23T23:29:07.671801+00:00
[2023-05-23T00:03:24.078+0000] {processor.py:179} INFO - Processing /opt/airflow/dags/my-dag.py took 0.078 seconds
[2023-05-23T00:03:54.197+0000] {processor.py:157} INFO - Started process (PID=7705) to work on /opt/airflow/dags/my-dag.py
[2023-05-23T00:03:54.198+0000] {processor.py:826} INFO - Processing file /opt/airflow/dags/my-dag.py for tasks to queue
[2023-05-23T00:03:54.198+0000] {logging_mixin.py:149} INFO - [2023-05-23T00:03:54.198+0000] {dagbag.py:541} INFO - Filling up the DagBag from /opt/airflow/dags/my-dag.py
[2023-05-23T00:03:54.216+0000] {processor.py:836} INFO - DAG(s) dict_keys(['spotify_dag']) retrieved from /opt/airflow/dags/my-dag.py
[2023-05-23T00:03:54.233+0000] {logging_mixin.py:149} INFO - [2023-05-23T00:03:54.233+0000] {dag.py:2726} INFO - Sync 1 DAGs
[2023-05-23T00:03:54.254+0000] {logging_mixin.py:149} INFO - [2023-05-23T00:03:54.254+0000] {dag.py:3490} INFO - Setting next_dagrun for spotify_dag to 2023-05-22T23:29:07.671801+00:00, run_after=2023-05-23T23:29:07.671801+00:00
[2023-05-23T00:03:54.271+0000] {processor.py:179} INFO - Processing /opt/airflow/dags/my-dag.py took 0.077 seconds
[2023-05-23T00:04:24.461+0000] {processor.py:157} INFO - Started process (PID=7774) to work on /opt/airflow/dags/my-dag.py
[2023-05-23T00:04:24.462+0000] {processor.py:826} INFO - Processing file /opt/airflow/dags/my-dag.py for tasks to queue
[2023-05-23T00:04:24.463+0000] {logging_mixin.py:149} INFO - [2023-05-23T00:04:24.463+0000] {dagbag.py:541} INFO - Filling up the DagBag from /opt/airflow/dags/my-dag.py
[2023-05-23T00:04:24.480+0000] {processor.py:836} INFO - DAG(s) dict_keys(['spotify_dag']) retrieved from /opt/airflow/dags/my-dag.py
[2023-05-23T00:04:24.498+0000] {logging_mixin.py:149} INFO - [2023-05-23T00:04:24.498+0000] {dag.py:2726} INFO - Sync 1 DAGs
[2023-05-23T00:04:24.520+0000] {logging_mixin.py:149} INFO - [2023-05-23T00:04:24.520+0000] {dag.py:3490} INFO - Setting next_dagrun for spotify_dag to 2023-05-22T23:29:07.671801+00:00, run_after=2023-05-23T23:29:07.671801+00:00
[2023-05-23T00:04:24.538+0000] {processor.py:179} INFO - Processing /opt/airflow/dags/my-dag.py took 0.078 seconds
[2023-05-23T00:04:55.012+0000] {processor.py:157} INFO - Started process (PID=7843) to work on /opt/airflow/dags/my-dag.py
[2023-05-23T00:04:55.013+0000] {processor.py:826} INFO - Processing file /opt/airflow/dags/my-dag.py for tasks to queue
[2023-05-23T00:04:55.013+0000] {logging_mixin.py:149} INFO - [2023-05-23T00:04:55.013+0000] {dagbag.py:541} INFO - Filling up the DagBag from /opt/airflow/dags/my-dag.py
[2023-05-23T00:04:55.032+0000] {processor.py:836} INFO - DAG(s) dict_keys(['spotify_dag']) retrieved from /opt/airflow/dags/my-dag.py
[2023-05-23T00:04:55.053+0000] {logging_mixin.py:149} INFO - [2023-05-23T00:04:55.053+0000] {dag.py:2726} INFO - Sync 1 DAGs
[2023-05-23T00:04:55.076+0000] {logging_mixin.py:149} INFO - [2023-05-23T00:04:55.076+0000] {dag.py:3490} INFO - Setting next_dagrun for spotify_dag to 2023-05-22T23:29:07.671801+00:00, run_after=2023-05-23T23:29:07.671801+00:00
[2023-05-23T00:04:55.092+0000] {processor.py:179} INFO - Processing /opt/airflow/dags/my-dag.py took 0.083 seconds
[2023-05-23T00:05:25.572+0000] {processor.py:157} INFO - Started process (PID=7912) to work on /opt/airflow/dags/my-dag.py
[2023-05-23T00:05:25.573+0000] {processor.py:826} INFO - Processing file /opt/airflow/dags/my-dag.py for tasks to queue
[2023-05-23T00:05:25.573+0000] {logging_mixin.py:149} INFO - [2023-05-23T00:05:25.573+0000] {dagbag.py:541} INFO - Filling up the DagBag from /opt/airflow/dags/my-dag.py
[2023-05-23T00:05:25.590+0000] {processor.py:836} INFO - DAG(s) dict_keys(['spotify_dag']) retrieved from /opt/airflow/dags/my-dag.py
[2023-05-23T00:05:25.609+0000] {logging_mixin.py:149} INFO - [2023-05-23T00:05:25.609+0000] {dag.py:2726} INFO - Sync 1 DAGs
[2023-05-23T00:05:25.631+0000] {logging_mixin.py:149} INFO - [2023-05-23T00:05:25.631+0000] {dag.py:3490} INFO - Setting next_dagrun for spotify_dag to 2023-05-22T23:29:07.671801+00:00, run_after=2023-05-23T23:29:07.671801+00:00
[2023-05-23T00:05:25.648+0000] {processor.py:179} INFO - Processing /opt/airflow/dags/my-dag.py took 0.077 seconds
[2023-05-23T00:05:55.855+0000] {processor.py:157} INFO - Started process (PID=7982) to work on /opt/airflow/dags/my-dag.py
[2023-05-23T00:05:55.856+0000] {processor.py:826} INFO - Processing file /opt/airflow/dags/my-dag.py for tasks to queue
[2023-05-23T00:05:55.856+0000] {logging_mixin.py:149} INFO - [2023-05-23T00:05:55.856+0000] {dagbag.py:541} INFO - Filling up the DagBag from /opt/airflow/dags/my-dag.py
[2023-05-23T00:05:55.874+0000] {processor.py:836} INFO - DAG(s) dict_keys(['spotify_dag']) retrieved from /opt/airflow/dags/my-dag.py
[2023-05-23T00:05:55.892+0000] {logging_mixin.py:149} INFO - [2023-05-23T00:05:55.892+0000] {dag.py:2726} INFO - Sync 1 DAGs
[2023-05-23T00:05:55.915+0000] {logging_mixin.py:149} INFO - [2023-05-23T00:05:55.915+0000] {dag.py:3490} INFO - Setting next_dagrun for spotify_dag to 2023-05-22T23:29:07.671801+00:00, run_after=2023-05-23T23:29:07.671801+00:00
[2023-05-23T00:05:55.933+0000] {processor.py:179} INFO - Processing /opt/airflow/dags/my-dag.py took 0.080 seconds
[2023-05-23T00:06:25.983+0000] {processor.py:157} INFO - Started process (PID=8051) to work on /opt/airflow/dags/my-dag.py
[2023-05-23T00:06:25.984+0000] {processor.py:826} INFO - Processing file /opt/airflow/dags/my-dag.py for tasks to queue
[2023-05-23T00:06:25.985+0000] {logging_mixin.py:149} INFO - [2023-05-23T00:06:25.984+0000] {dagbag.py:541} INFO - Filling up the DagBag from /opt/airflow/dags/my-dag.py
[2023-05-23T00:06:26.002+0000] {processor.py:836} INFO - DAG(s) dict_keys(['spotify_dag']) retrieved from /opt/airflow/dags/my-dag.py
[2023-05-23T00:06:26.020+0000] {logging_mixin.py:149} INFO - [2023-05-23T00:06:26.020+0000] {dag.py:2726} INFO - Sync 1 DAGs
[2023-05-23T00:06:26.042+0000] {logging_mixin.py:149} INFO - [2023-05-23T00:06:26.041+0000] {dag.py:3490} INFO - Setting next_dagrun for spotify_dag to 2023-05-22T23:29:07.671801+00:00, run_after=2023-05-23T23:29:07.671801+00:00
[2023-05-23T00:06:26.060+0000] {processor.py:179} INFO - Processing /opt/airflow/dags/my-dag.py took 0.079 seconds
[2023-05-23T00:06:56.922+0000] {processor.py:157} INFO - Started process (PID=8120) to work on /opt/airflow/dags/my-dag.py
[2023-05-23T00:06:56.922+0000] {processor.py:826} INFO - Processing file /opt/airflow/dags/my-dag.py for tasks to queue
[2023-05-23T00:06:56.923+0000] {logging_mixin.py:149} INFO - [2023-05-23T00:06:56.923+0000] {dagbag.py:541} INFO - Filling up the DagBag from /opt/airflow/dags/my-dag.py
[2023-05-23T00:06:56.940+0000] {processor.py:836} INFO - DAG(s) dict_keys(['spotify_dag']) retrieved from /opt/airflow/dags/my-dag.py
[2023-05-23T00:06:56.957+0000] {logging_mixin.py:149} INFO - [2023-05-23T00:06:56.957+0000] {dag.py:2726} INFO - Sync 1 DAGs
[2023-05-23T00:06:56.979+0000] {logging_mixin.py:149} INFO - [2023-05-23T00:06:56.979+0000] {dag.py:3490} INFO - Setting next_dagrun for spotify_dag to 2023-05-22T23:29:07.671801+00:00, run_after=2023-05-23T23:29:07.671801+00:00
[2023-05-23T00:06:56.996+0000] {processor.py:179} INFO - Processing /opt/airflow/dags/my-dag.py took 0.076 seconds
[2023-05-23T00:07:27.150+0000] {processor.py:157} INFO - Started process (PID=8189) to work on /opt/airflow/dags/my-dag.py
[2023-05-23T00:07:27.151+0000] {processor.py:826} INFO - Processing file /opt/airflow/dags/my-dag.py for tasks to queue
[2023-05-23T00:07:27.151+0000] {logging_mixin.py:149} INFO - [2023-05-23T00:07:27.151+0000] {dagbag.py:541} INFO - Filling up the DagBag from /opt/airflow/dags/my-dag.py
[2023-05-23T00:07:27.169+0000] {processor.py:836} INFO - DAG(s) dict_keys(['spotify_dag']) retrieved from /opt/airflow/dags/my-dag.py
[2023-05-23T00:07:27.187+0000] {logging_mixin.py:149} INFO - [2023-05-23T00:07:27.186+0000] {dag.py:2726} INFO - Sync 1 DAGs
[2023-05-23T00:07:27.208+0000] {logging_mixin.py:149} INFO - [2023-05-23T00:07:27.208+0000] {dag.py:3490} INFO - Setting next_dagrun for spotify_dag to 2023-05-22T23:29:07.671801+00:00, run_after=2023-05-23T23:29:07.671801+00:00
[2023-05-23T00:07:27.226+0000] {processor.py:179} INFO - Processing /opt/airflow/dags/my-dag.py took 0.079 seconds
[2023-05-23T00:07:57.651+0000] {processor.py:157} INFO - Started process (PID=8258) to work on /opt/airflow/dags/my-dag.py
[2023-05-23T00:07:57.652+0000] {processor.py:826} INFO - Processing file /opt/airflow/dags/my-dag.py for tasks to queue
[2023-05-23T00:07:57.652+0000] {logging_mixin.py:149} INFO - [2023-05-23T00:07:57.652+0000] {dagbag.py:541} INFO - Filling up the DagBag from /opt/airflow/dags/my-dag.py
[2023-05-23T00:07:57.669+0000] {processor.py:836} INFO - DAG(s) dict_keys(['spotify_dag']) retrieved from /opt/airflow/dags/my-dag.py
[2023-05-23T00:07:57.687+0000] {logging_mixin.py:149} INFO - [2023-05-23T00:07:57.687+0000] {dag.py:2726} INFO - Sync 1 DAGs
[2023-05-23T00:07:57.709+0000] {logging_mixin.py:149} INFO - [2023-05-23T00:07:57.708+0000] {dag.py:3490} INFO - Setting next_dagrun for spotify_dag to 2023-05-22T23:29:07.671801+00:00, run_after=2023-05-23T23:29:07.671801+00:00
[2023-05-23T00:07:57.732+0000] {processor.py:179} INFO - Processing /opt/airflow/dags/my-dag.py took 0.083 seconds
[2023-05-23T00:08:28.003+0000] {processor.py:157} INFO - Started process (PID=8327) to work on /opt/airflow/dags/my-dag.py
[2023-05-23T00:08:28.003+0000] {processor.py:826} INFO - Processing file /opt/airflow/dags/my-dag.py for tasks to queue
[2023-05-23T00:08:28.004+0000] {logging_mixin.py:149} INFO - [2023-05-23T00:08:28.004+0000] {dagbag.py:541} INFO - Filling up the DagBag from /opt/airflow/dags/my-dag.py
[2023-05-23T00:08:28.022+0000] {processor.py:836} INFO - DAG(s) dict_keys(['spotify_dag']) retrieved from /opt/airflow/dags/my-dag.py
[2023-05-23T00:08:28.040+0000] {logging_mixin.py:149} INFO - [2023-05-23T00:08:28.039+0000] {dag.py:2726} INFO - Sync 1 DAGs
[2023-05-23T00:08:28.061+0000] {logging_mixin.py:149} INFO - [2023-05-23T00:08:28.061+0000] {dag.py:3490} INFO - Setting next_dagrun for spotify_dag to 2023-05-22T23:29:07.671801+00:00, run_after=2023-05-23T23:29:07.671801+00:00
[2023-05-23T00:08:28.078+0000] {processor.py:179} INFO - Processing /opt/airflow/dags/my-dag.py took 0.078 seconds
[2023-05-23T00:08:58.187+0000] {processor.py:157} INFO - Started process (PID=8397) to work on /opt/airflow/dags/my-dag.py
[2023-05-23T00:08:58.188+0000] {processor.py:826} INFO - Processing file /opt/airflow/dags/my-dag.py for tasks to queue
[2023-05-23T00:08:58.188+0000] {logging_mixin.py:149} INFO - [2023-05-23T00:08:58.188+0000] {dagbag.py:541} INFO - Filling up the DagBag from /opt/airflow/dags/my-dag.py
[2023-05-23T00:08:58.205+0000] {processor.py:836} INFO - DAG(s) dict_keys(['spotify_dag']) retrieved from /opt/airflow/dags/my-dag.py
[2023-05-23T00:08:58.223+0000] {logging_mixin.py:149} INFO - [2023-05-23T00:08:58.223+0000] {dag.py:2726} INFO - Sync 1 DAGs
[2023-05-23T00:08:58.245+0000] {logging_mixin.py:149} INFO - [2023-05-23T00:08:58.245+0000] {dag.py:3490} INFO - Setting next_dagrun for spotify_dag to 2023-05-22T23:29:07.671801+00:00, run_after=2023-05-23T23:29:07.671801+00:00
[2023-05-23T00:08:58.262+0000] {processor.py:179} INFO - Processing /opt/airflow/dags/my-dag.py took 0.077 seconds
[2023-05-23T00:09:28.584+0000] {processor.py:157} INFO - Started process (PID=8467) to work on /opt/airflow/dags/my-dag.py
[2023-05-23T00:09:28.584+0000] {processor.py:826} INFO - Processing file /opt/airflow/dags/my-dag.py for tasks to queue
[2023-05-23T00:09:28.585+0000] {logging_mixin.py:149} INFO - [2023-05-23T00:09:28.585+0000] {dagbag.py:541} INFO - Filling up the DagBag from /opt/airflow/dags/my-dag.py
[2023-05-23T00:09:28.603+0000] {processor.py:836} INFO - DAG(s) dict_keys(['spotify_dag']) retrieved from /opt/airflow/dags/my-dag.py
[2023-05-23T00:09:28.621+0000] {logging_mixin.py:149} INFO - [2023-05-23T00:09:28.620+0000] {dag.py:2726} INFO - Sync 1 DAGs
[2023-05-23T00:09:28.642+0000] {logging_mixin.py:149} INFO - [2023-05-23T00:09:28.642+0000] {dag.py:3490} INFO - Setting next_dagrun for spotify_dag to 2023-05-22T23:29:07.671801+00:00, run_after=2023-05-23T23:29:07.671801+00:00
[2023-05-23T00:09:28.660+0000] {processor.py:179} INFO - Processing /opt/airflow/dags/my-dag.py took 0.078 seconds
[2023-05-23T00:09:59.257+0000] {processor.py:157} INFO - Started process (PID=8543) to work on /opt/airflow/dags/my-dag.py
[2023-05-23T00:09:59.258+0000] {processor.py:826} INFO - Processing file /opt/airflow/dags/my-dag.py for tasks to queue
[2023-05-23T00:09:59.258+0000] {logging_mixin.py:149} INFO - [2023-05-23T00:09:59.258+0000] {dagbag.py:541} INFO - Filling up the DagBag from /opt/airflow/dags/my-dag.py
[2023-05-23T00:09:59.277+0000] {processor.py:836} INFO - DAG(s) dict_keys(['spotify_dag']) retrieved from /opt/airflow/dags/my-dag.py
[2023-05-23T00:09:59.296+0000] {logging_mixin.py:149} INFO - [2023-05-23T00:09:59.296+0000] {dag.py:2726} INFO - Sync 1 DAGs
[2023-05-23T00:09:59.318+0000] {logging_mixin.py:149} INFO - [2023-05-23T00:09:59.317+0000] {dag.py:3490} INFO - Setting next_dagrun for spotify_dag to 2023-05-22T23:29:07.671801+00:00, run_after=2023-05-23T23:29:07.671801+00:00
[2023-05-23T00:09:59.343+0000] {processor.py:179} INFO - Processing /opt/airflow/dags/my-dag.py took 0.088 seconds
[2023-05-23T00:10:29.940+0000] {processor.py:157} INFO - Started process (PID=8612) to work on /opt/airflow/dags/my-dag.py
[2023-05-23T00:10:29.941+0000] {processor.py:826} INFO - Processing file /opt/airflow/dags/my-dag.py for tasks to queue
[2023-05-23T00:10:29.941+0000] {logging_mixin.py:149} INFO - [2023-05-23T00:10:29.941+0000] {dagbag.py:541} INFO - Filling up the DagBag from /opt/airflow/dags/my-dag.py
[2023-05-23T00:10:29.961+0000] {processor.py:836} INFO - DAG(s) dict_keys(['spotify_dag']) retrieved from /opt/airflow/dags/my-dag.py
[2023-05-23T00:10:29.981+0000] {logging_mixin.py:149} INFO - [2023-05-23T00:10:29.980+0000] {dag.py:2726} INFO - Sync 1 DAGs
[2023-05-23T00:10:30.003+0000] {logging_mixin.py:149} INFO - [2023-05-23T00:10:30.003+0000] {dag.py:3490} INFO - Setting next_dagrun for spotify_dag to 2023-05-22T23:29:07.671801+00:00, run_after=2023-05-23T23:29:07.671801+00:00
[2023-05-23T00:10:30.022+0000] {processor.py:179} INFO - Processing /opt/airflow/dags/my-dag.py took 0.085 seconds
[2023-05-23T00:11:00.332+0000] {processor.py:157} INFO - Started process (PID=8682) to work on /opt/airflow/dags/my-dag.py
[2023-05-23T00:11:00.333+0000] {processor.py:826} INFO - Processing file /opt/airflow/dags/my-dag.py for tasks to queue
[2023-05-23T00:11:00.333+0000] {logging_mixin.py:149} INFO - [2023-05-23T00:11:00.333+0000] {dagbag.py:541} INFO - Filling up the DagBag from /opt/airflow/dags/my-dag.py
[2023-05-23T00:11:00.351+0000] {processor.py:836} INFO - DAG(s) dict_keys(['spotify_dag']) retrieved from /opt/airflow/dags/my-dag.py
[2023-05-23T00:11:00.368+0000] {logging_mixin.py:149} INFO - [2023-05-23T00:11:00.368+0000] {dag.py:2726} INFO - Sync 1 DAGs
[2023-05-23T00:11:00.390+0000] {logging_mixin.py:149} INFO - [2023-05-23T00:11:00.390+0000] {dag.py:3490} INFO - Setting next_dagrun for spotify_dag to 2023-05-22T23:29:07.671801+00:00, run_after=2023-05-23T23:29:07.671801+00:00
[2023-05-23T00:11:00.407+0000] {processor.py:179} INFO - Processing /opt/airflow/dags/my-dag.py took 0.077 seconds
[2023-05-23T00:11:31.373+0000] {processor.py:157} INFO - Started process (PID=8751) to work on /opt/airflow/dags/my-dag.py
[2023-05-23T00:11:31.373+0000] {processor.py:826} INFO - Processing file /opt/airflow/dags/my-dag.py for tasks to queue
[2023-05-23T00:11:31.374+0000] {logging_mixin.py:149} INFO - [2023-05-23T00:11:31.374+0000] {dagbag.py:541} INFO - Filling up the DagBag from /opt/airflow/dags/my-dag.py
[2023-05-23T00:11:31.391+0000] {processor.py:836} INFO - DAG(s) dict_keys(['spotify_dag']) retrieved from /opt/airflow/dags/my-dag.py
[2023-05-23T00:11:31.409+0000] {logging_mixin.py:149} INFO - [2023-05-23T00:11:31.409+0000] {dag.py:2726} INFO - Sync 1 DAGs
[2023-05-23T00:11:31.432+0000] {logging_mixin.py:149} INFO - [2023-05-23T00:11:31.432+0000] {dag.py:3490} INFO - Setting next_dagrun for spotify_dag to 2023-05-22T23:29:07.671801+00:00, run_after=2023-05-23T23:29:07.671801+00:00
[2023-05-23T00:11:31.451+0000] {processor.py:179} INFO - Processing /opt/airflow/dags/my-dag.py took 0.080 seconds
[2023-05-23T00:12:02.160+0000] {processor.py:157} INFO - Started process (PID=8821) to work on /opt/airflow/dags/my-dag.py
[2023-05-23T00:12:02.161+0000] {processor.py:826} INFO - Processing file /opt/airflow/dags/my-dag.py for tasks to queue
[2023-05-23T00:12:02.161+0000] {logging_mixin.py:149} INFO - [2023-05-23T00:12:02.161+0000] {dagbag.py:541} INFO - Filling up the DagBag from /opt/airflow/dags/my-dag.py
[2023-05-23T00:12:02.179+0000] {processor.py:836} INFO - DAG(s) dict_keys(['spotify_dag']) retrieved from /opt/airflow/dags/my-dag.py
[2023-05-23T00:12:02.197+0000] {logging_mixin.py:149} INFO - [2023-05-23T00:12:02.197+0000] {dag.py:2726} INFO - Sync 1 DAGs
[2023-05-23T00:12:02.220+0000] {logging_mixin.py:149} INFO - [2023-05-23T00:12:02.219+0000] {dag.py:3490} INFO - Setting next_dagrun for spotify_dag to 2023-05-22T23:29:07.671801+00:00, run_after=2023-05-23T23:29:07.671801+00:00
[2023-05-23T00:12:02.238+0000] {processor.py:179} INFO - Processing /opt/airflow/dags/my-dag.py took 0.080 seconds
[2023-05-23T00:12:32.908+0000] {processor.py:157} INFO - Started process (PID=8890) to work on /opt/airflow/dags/my-dag.py
[2023-05-23T00:12:32.909+0000] {processor.py:826} INFO - Processing file /opt/airflow/dags/my-dag.py for tasks to queue
[2023-05-23T00:12:32.910+0000] {logging_mixin.py:149} INFO - [2023-05-23T00:12:32.910+0000] {dagbag.py:541} INFO - Filling up the DagBag from /opt/airflow/dags/my-dag.py
[2023-05-23T00:12:32.927+0000] {processor.py:836} INFO - DAG(s) dict_keys(['spotify_dag']) retrieved from /opt/airflow/dags/my-dag.py
[2023-05-23T00:12:32.945+0000] {logging_mixin.py:149} INFO - [2023-05-23T00:12:32.945+0000] {dag.py:2726} INFO - Sync 1 DAGs
[2023-05-23T00:12:32.968+0000] {logging_mixin.py:149} INFO - [2023-05-23T00:12:32.967+0000] {dag.py:3490} INFO - Setting next_dagrun for spotify_dag to 2023-05-22T23:29:07.671801+00:00, run_after=2023-05-23T23:29:07.671801+00:00
[2023-05-23T00:12:32.987+0000] {processor.py:179} INFO - Processing /opt/airflow/dags/my-dag.py took 0.081 seconds
[2023-05-23T00:13:03.323+0000] {processor.py:157} INFO - Started process (PID=8960) to work on /opt/airflow/dags/my-dag.py
[2023-05-23T00:13:03.323+0000] {processor.py:826} INFO - Processing file /opt/airflow/dags/my-dag.py for tasks to queue
[2023-05-23T00:13:03.324+0000] {logging_mixin.py:149} INFO - [2023-05-23T00:13:03.324+0000] {dagbag.py:541} INFO - Filling up the DagBag from /opt/airflow/dags/my-dag.py
[2023-05-23T00:13:03.341+0000] {processor.py:836} INFO - DAG(s) dict_keys(['spotify_dag']) retrieved from /opt/airflow/dags/my-dag.py
[2023-05-23T00:13:03.358+0000] {logging_mixin.py:149} INFO - [2023-05-23T00:13:03.358+0000] {dag.py:2726} INFO - Sync 1 DAGs
[2023-05-23T00:13:03.380+0000] {logging_mixin.py:149} INFO - [2023-05-23T00:13:03.380+0000] {dag.py:3490} INFO - Setting next_dagrun for spotify_dag to 2023-05-22T23:29:07.671801+00:00, run_after=2023-05-23T23:29:07.671801+00:00
[2023-05-23T00:13:03.396+0000] {processor.py:179} INFO - Processing /opt/airflow/dags/my-dag.py took 0.075 seconds
[2023-05-23T00:13:33.705+0000] {processor.py:157} INFO - Started process (PID=9029) to work on /opt/airflow/dags/my-dag.py
[2023-05-23T00:13:33.705+0000] {processor.py:826} INFO - Processing file /opt/airflow/dags/my-dag.py for tasks to queue
[2023-05-23T00:13:33.706+0000] {logging_mixin.py:149} INFO - [2023-05-23T00:13:33.706+0000] {dagbag.py:541} INFO - Filling up the DagBag from /opt/airflow/dags/my-dag.py
[2023-05-23T00:13:33.725+0000] {processor.py:836} INFO - DAG(s) dict_keys(['spotify_dag']) retrieved from /opt/airflow/dags/my-dag.py
[2023-05-23T00:13:33.743+0000] {logging_mixin.py:149} INFO - [2023-05-23T00:13:33.743+0000] {dag.py:2726} INFO - Sync 1 DAGs
[2023-05-23T00:13:33.765+0000] {logging_mixin.py:149} INFO - [2023-05-23T00:13:33.765+0000] {dag.py:3490} INFO - Setting next_dagrun for spotify_dag to 2023-05-22T23:29:07.671801+00:00, run_after=2023-05-23T23:29:07.671801+00:00
[2023-05-23T00:13:33.783+0000] {processor.py:179} INFO - Processing /opt/airflow/dags/my-dag.py took 0.081 seconds
[2023-05-23T00:14:04.196+0000] {processor.py:157} INFO - Started process (PID=9098) to work on /opt/airflow/dags/my-dag.py
[2023-05-23T00:14:04.196+0000] {processor.py:826} INFO - Processing file /opt/airflow/dags/my-dag.py for tasks to queue
[2023-05-23T00:14:04.197+0000] {logging_mixin.py:149} INFO - [2023-05-23T00:14:04.197+0000] {dagbag.py:541} INFO - Filling up the DagBag from /opt/airflow/dags/my-dag.py
[2023-05-23T00:14:04.217+0000] {processor.py:836} INFO - DAG(s) dict_keys(['spotify_dag']) retrieved from /opt/airflow/dags/my-dag.py
[2023-05-23T00:14:04.237+0000] {logging_mixin.py:149} INFO - [2023-05-23T00:14:04.237+0000] {dag.py:2726} INFO - Sync 1 DAGs
[2023-05-23T00:14:04.260+0000] {logging_mixin.py:149} INFO - [2023-05-23T00:14:04.260+0000] {dag.py:3490} INFO - Setting next_dagrun for spotify_dag to 2023-05-22T23:29:07.671801+00:00, run_after=2023-05-23T23:29:07.671801+00:00
[2023-05-23T00:14:04.280+0000] {processor.py:179} INFO - Processing /opt/airflow/dags/my-dag.py took 0.087 seconds
[2023-05-23T00:14:34.356+0000] {processor.py:157} INFO - Started process (PID=9167) to work on /opt/airflow/dags/my-dag.py
[2023-05-23T00:14:34.356+0000] {processor.py:826} INFO - Processing file /opt/airflow/dags/my-dag.py for tasks to queue
[2023-05-23T00:14:34.357+0000] {logging_mixin.py:149} INFO - [2023-05-23T00:14:34.357+0000] {dagbag.py:541} INFO - Filling up the DagBag from /opt/airflow/dags/my-dag.py
[2023-05-23T00:14:34.374+0000] {processor.py:836} INFO - DAG(s) dict_keys(['spotify_dag']) retrieved from /opt/airflow/dags/my-dag.py
[2023-05-23T00:14:34.394+0000] {logging_mixin.py:149} INFO - [2023-05-23T00:14:34.394+0000] {dag.py:2726} INFO - Sync 1 DAGs
[2023-05-23T00:14:34.420+0000] {logging_mixin.py:149} INFO - [2023-05-23T00:14:34.420+0000] {dag.py:3490} INFO - Setting next_dagrun for spotify_dag to 2023-05-22T23:29:07.671801+00:00, run_after=2023-05-23T23:29:07.671801+00:00
[2023-05-23T00:14:34.446+0000] {processor.py:179} INFO - Processing /opt/airflow/dags/my-dag.py took 0.093 seconds
[2023-05-23T00:15:04.617+0000] {processor.py:157} INFO - Started process (PID=9236) to work on /opt/airflow/dags/my-dag.py
[2023-05-23T00:15:04.618+0000] {processor.py:826} INFO - Processing file /opt/airflow/dags/my-dag.py for tasks to queue
[2023-05-23T00:15:04.619+0000] {logging_mixin.py:149} INFO - [2023-05-23T00:15:04.619+0000] {dagbag.py:541} INFO - Filling up the DagBag from /opt/airflow/dags/my-dag.py
[2023-05-23T00:15:04.638+0000] {processor.py:836} INFO - DAG(s) dict_keys(['spotify_dag']) retrieved from /opt/airflow/dags/my-dag.py
[2023-05-23T00:15:04.659+0000] {logging_mixin.py:149} INFO - [2023-05-23T00:15:04.658+0000] {dag.py:2726} INFO - Sync 1 DAGs
[2023-05-23T00:15:04.683+0000] {logging_mixin.py:149} INFO - [2023-05-23T00:15:04.683+0000] {dag.py:3490} INFO - Setting next_dagrun for spotify_dag to 2023-05-22T23:29:07.671801+00:00, run_after=2023-05-23T23:29:07.671801+00:00
[2023-05-23T00:15:04.746+0000] {processor.py:179} INFO - Processing /opt/airflow/dags/my-dag.py took 0.131 seconds
[2023-05-23T00:15:35.128+0000] {processor.py:157} INFO - Started process (PID=9306) to work on /opt/airflow/dags/my-dag.py
[2023-05-23T00:15:35.128+0000] {processor.py:826} INFO - Processing file /opt/airflow/dags/my-dag.py for tasks to queue
[2023-05-23T00:15:35.129+0000] {logging_mixin.py:149} INFO - [2023-05-23T00:15:35.129+0000] {dagbag.py:541} INFO - Filling up the DagBag from /opt/airflow/dags/my-dag.py
[2023-05-23T00:15:35.148+0000] {processor.py:836} INFO - DAG(s) dict_keys(['spotify_dag']) retrieved from /opt/airflow/dags/my-dag.py
[2023-05-23T00:15:35.167+0000] {logging_mixin.py:149} INFO - [2023-05-23T00:15:35.167+0000] {dag.py:2726} INFO - Sync 1 DAGs
[2023-05-23T00:15:35.190+0000] {logging_mixin.py:149} INFO - [2023-05-23T00:15:35.190+0000] {dag.py:3490} INFO - Setting next_dagrun for spotify_dag to 2023-05-22T23:29:07.671801+00:00, run_after=2023-05-23T23:29:07.671801+00:00
[2023-05-23T00:15:35.208+0000] {processor.py:179} INFO - Processing /opt/airflow/dags/my-dag.py took 0.082 seconds
[2023-05-23T00:16:05.544+0000] {processor.py:157} INFO - Started process (PID=9375) to work on /opt/airflow/dags/my-dag.py
[2023-05-23T00:16:05.545+0000] {processor.py:826} INFO - Processing file /opt/airflow/dags/my-dag.py for tasks to queue
[2023-05-23T00:16:05.546+0000] {logging_mixin.py:149} INFO - [2023-05-23T00:16:05.546+0000] {dagbag.py:541} INFO - Filling up the DagBag from /opt/airflow/dags/my-dag.py
[2023-05-23T00:16:05.563+0000] {processor.py:836} INFO - DAG(s) dict_keys(['spotify_dag']) retrieved from /opt/airflow/dags/my-dag.py
[2023-05-23T00:16:05.606+0000] {logging_mixin.py:149} INFO - [2023-05-23T00:16:05.605+0000] {dag.py:2726} INFO - Sync 1 DAGs
[2023-05-23T00:16:05.634+0000] {logging_mixin.py:149} INFO - [2023-05-23T00:16:05.634+0000] {dag.py:3490} INFO - Setting next_dagrun for spotify_dag to 2023-05-22T23:29:07.671801+00:00, run_after=2023-05-23T23:29:07.671801+00:00
[2023-05-23T00:16:05.654+0000] {processor.py:179} INFO - Processing /opt/airflow/dags/my-dag.py took 0.111 seconds
[2023-05-23T00:16:36.092+0000] {processor.py:157} INFO - Started process (PID=9444) to work on /opt/airflow/dags/my-dag.py
[2023-05-23T00:16:36.092+0000] {processor.py:826} INFO - Processing file /opt/airflow/dags/my-dag.py for tasks to queue
[2023-05-23T00:16:36.093+0000] {logging_mixin.py:149} INFO - [2023-05-23T00:16:36.093+0000] {dagbag.py:541} INFO - Filling up the DagBag from /opt/airflow/dags/my-dag.py
[2023-05-23T00:16:36.113+0000] {processor.py:836} INFO - DAG(s) dict_keys(['spotify_dag']) retrieved from /opt/airflow/dags/my-dag.py
[2023-05-23T00:16:36.132+0000] {logging_mixin.py:149} INFO - [2023-05-23T00:16:36.132+0000] {dag.py:2726} INFO - Sync 1 DAGs
[2023-05-23T00:16:36.157+0000] {logging_mixin.py:149} INFO - [2023-05-23T00:16:36.157+0000] {dag.py:3490} INFO - Setting next_dagrun for spotify_dag to 2023-05-22T23:29:07.671801+00:00, run_after=2023-05-23T23:29:07.671801+00:00
[2023-05-23T00:16:36.181+0000] {processor.py:179} INFO - Processing /opt/airflow/dags/my-dag.py took 0.091 seconds
[2023-05-23T00:17:06.239+0000] {processor.py:157} INFO - Started process (PID=9514) to work on /opt/airflow/dags/my-dag.py
[2023-05-23T00:17:06.240+0000] {processor.py:826} INFO - Processing file /opt/airflow/dags/my-dag.py for tasks to queue
[2023-05-23T00:17:06.240+0000] {logging_mixin.py:149} INFO - [2023-05-23T00:17:06.240+0000] {dagbag.py:541} INFO - Filling up the DagBag from /opt/airflow/dags/my-dag.py
[2023-05-23T00:17:06.261+0000] {processor.py:836} INFO - DAG(s) dict_keys(['spotify_dag']) retrieved from /opt/airflow/dags/my-dag.py
[2023-05-23T00:17:06.282+0000] {logging_mixin.py:149} INFO - [2023-05-23T00:17:06.282+0000] {dag.py:2726} INFO - Sync 1 DAGs
[2023-05-23T00:17:06.307+0000] {logging_mixin.py:149} INFO - [2023-05-23T00:17:06.307+0000] {dag.py:3490} INFO - Setting next_dagrun for spotify_dag to 2023-05-22T23:29:07.671801+00:00, run_after=2023-05-23T23:29:07.671801+00:00
[2023-05-23T00:17:06.436+0000] {processor.py:179} INFO - Processing /opt/airflow/dags/my-dag.py took 0.200 seconds
[2023-05-23T00:17:36.627+0000] {processor.py:157} INFO - Started process (PID=9582) to work on /opt/airflow/dags/my-dag.py
[2023-05-23T00:17:36.629+0000] {processor.py:826} INFO - Processing file /opt/airflow/dags/my-dag.py for tasks to queue
[2023-05-23T00:17:36.630+0000] {logging_mixin.py:149} INFO - [2023-05-23T00:17:36.630+0000] {dagbag.py:541} INFO - Filling up the DagBag from /opt/airflow/dags/my-dag.py
[2023-05-23T00:17:36.657+0000] {processor.py:836} INFO - DAG(s) dict_keys(['spotify_dag']) retrieved from /opt/airflow/dags/my-dag.py
[2023-05-23T00:17:36.685+0000] {logging_mixin.py:149} INFO - [2023-05-23T00:17:36.685+0000] {dag.py:2726} INFO - Sync 1 DAGs
[2023-05-23T00:17:36.724+0000] {logging_mixin.py:149} INFO - [2023-05-23T00:17:36.723+0000] {dag.py:3490} INFO - Setting next_dagrun for spotify_dag to 2023-05-22T23:29:07.671801+00:00, run_after=2023-05-23T23:29:07.671801+00:00
[2023-05-23T00:17:36.803+0000] {processor.py:179} INFO - Processing /opt/airflow/dags/my-dag.py took 0.182 seconds
[2023-05-23T00:18:07.545+0000] {processor.py:157} INFO - Started process (PID=9651) to work on /opt/airflow/dags/my-dag.py
[2023-05-23T00:18:07.545+0000] {processor.py:826} INFO - Processing file /opt/airflow/dags/my-dag.py for tasks to queue
[2023-05-23T00:18:07.546+0000] {logging_mixin.py:149} INFO - [2023-05-23T00:18:07.546+0000] {dagbag.py:541} INFO - Filling up the DagBag from /opt/airflow/dags/my-dag.py
[2023-05-23T00:18:07.633+0000] {processor.py:836} INFO - DAG(s) dict_keys(['spotify_dag']) retrieved from /opt/airflow/dags/my-dag.py
[2023-05-23T00:18:07.655+0000] {logging_mixin.py:149} INFO - [2023-05-23T00:18:07.655+0000] {dag.py:2726} INFO - Sync 1 DAGs
[2023-05-23T00:18:07.682+0000] {logging_mixin.py:149} INFO - [2023-05-23T00:18:07.682+0000] {dag.py:3490} INFO - Setting next_dagrun for spotify_dag to 2023-05-22T23:29:07.671801+00:00, run_after=2023-05-23T23:29:07.671801+00:00
[2023-05-23T00:18:08.212+0000] {processor.py:179} INFO - Processing /opt/airflow/dags/my-dag.py took 0.669 seconds
[2023-05-23T00:18:22.219+0000] {processor.py:157} INFO - Started process (PID=9671) to work on /opt/airflow/dags/my-dag.py
[2023-05-23T00:18:22.220+0000] {processor.py:826} INFO - Processing file /opt/airflow/dags/my-dag.py for tasks to queue
[2023-05-23T00:18:22.220+0000] {logging_mixin.py:149} INFO - [2023-05-23T00:18:22.220+0000] {dagbag.py:541} INFO - Filling up the DagBag from /opt/airflow/dags/my-dag.py
[2023-05-23T00:18:22.251+0000] {processor.py:836} INFO - DAG(s) dict_keys(['spotify_dag']) retrieved from /opt/airflow/dags/my-dag.py
[2023-05-23T00:18:22.271+0000] {logging_mixin.py:149} INFO - [2023-05-23T00:18:22.271+0000] {dag.py:2726} INFO - Sync 1 DAGs
[2023-05-23T00:18:22.295+0000] {logging_mixin.py:149} INFO - [2023-05-23T00:18:22.295+0000] {dag.py:3490} INFO - Setting next_dagrun for spotify_dag to 2023-05-22T23:29:07.671801+00:00, run_after=2023-05-23T23:29:07.671801+00:00
[2023-05-23T00:18:22.366+0000] {processor.py:179} INFO - Processing /opt/airflow/dags/my-dag.py took 0.150 seconds
[2023-05-23T00:18:22.611+0000] {processor.py:157} INFO - Started process (PID=9678) to work on /opt/airflow/dags/my-dag.py
[2023-05-23T00:18:22.612+0000] {processor.py:826} INFO - Processing file /opt/airflow/dags/my-dag.py for tasks to queue
[2023-05-23T00:18:22.613+0000] {logging_mixin.py:149} INFO - [2023-05-23T00:18:22.613+0000] {dagbag.py:541} INFO - Filling up the DagBag from /opt/airflow/dags/my-dag.py
[2023-05-23T00:18:22.633+0000] {processor.py:836} INFO - DAG(s) dict_keys(['spotify_dag']) retrieved from /opt/airflow/dags/my-dag.py
[2023-05-23T00:18:22.651+0000] {logging_mixin.py:149} INFO - [2023-05-23T00:18:22.651+0000] {dag.py:2726} INFO - Sync 1 DAGs
[2023-05-23T00:18:22.674+0000] {logging_mixin.py:149} INFO - [2023-05-23T00:18:22.674+0000] {dag.py:3490} INFO - Setting next_dagrun for spotify_dag to 2023-05-22T23:29:07.671801+00:00, run_after=2023-05-23T23:29:07.671801+00:00
[2023-05-23T00:18:22.692+0000] {processor.py:179} INFO - Processing /opt/airflow/dags/my-dag.py took 0.083 seconds
[2023-05-23T00:18:22.720+0000] {processor.py:157} INFO - Started process (PID=9679) to work on /opt/airflow/dags/my-dag.py
[2023-05-23T00:18:22.721+0000] {processor.py:826} INFO - Processing file /opt/airflow/dags/my-dag.py for tasks to queue
[2023-05-23T00:18:22.722+0000] {logging_mixin.py:149} INFO - [2023-05-23T00:18:22.722+0000] {dagbag.py:541} INFO - Filling up the DagBag from /opt/airflow/dags/my-dag.py
[2023-05-23T00:18:22.740+0000] {processor.py:836} INFO - DAG(s) dict_keys(['spotify_dag']) retrieved from /opt/airflow/dags/my-dag.py
[2023-05-23T00:18:22.759+0000] {logging_mixin.py:149} INFO - [2023-05-23T00:18:22.758+0000] {dag.py:2726} INFO - Sync 1 DAGs
[2023-05-23T00:18:22.782+0000] {logging_mixin.py:149} INFO - [2023-05-23T00:18:22.782+0000] {dag.py:3490} INFO - Setting next_dagrun for spotify_dag to 2023-05-22T23:29:07.671801+00:00, run_after=2023-05-23T23:29:07.671801+00:00
[2023-05-23T00:18:22.801+0000] {processor.py:179} INFO - Processing /opt/airflow/dags/my-dag.py took 0.083 seconds
[2023-05-23T00:18:22.827+0000] {processor.py:157} INFO - Started process (PID=9680) to work on /opt/airflow/dags/my-dag.py
[2023-05-23T00:18:22.828+0000] {processor.py:826} INFO - Processing file /opt/airflow/dags/my-dag.py for tasks to queue
[2023-05-23T00:18:22.829+0000] {logging_mixin.py:149} INFO - [2023-05-23T00:18:22.829+0000] {dagbag.py:541} INFO - Filling up the DagBag from /opt/airflow/dags/my-dag.py
[2023-05-23T00:18:22.847+0000] {processor.py:836} INFO - DAG(s) dict_keys(['spotify_dag']) retrieved from /opt/airflow/dags/my-dag.py
[2023-05-23T00:18:22.866+0000] {logging_mixin.py:149} INFO - [2023-05-23T00:18:22.866+0000] {dag.py:2726} INFO - Sync 1 DAGs
[2023-05-23T00:18:22.890+0000] {logging_mixin.py:149} INFO - [2023-05-23T00:18:22.890+0000] {dag.py:3490} INFO - Setting next_dagrun for spotify_dag to 2023-05-22T23:29:07.671801+00:00, run_after=2023-05-23T23:29:07.671801+00:00
[2023-05-23T00:18:22.910+0000] {processor.py:179} INFO - Processing /opt/airflow/dags/my-dag.py took 0.085 seconds
[2023-05-23T00:18:22.938+0000] {processor.py:157} INFO - Started process (PID=9681) to work on /opt/airflow/dags/my-dag.py
[2023-05-23T00:18:22.939+0000] {processor.py:826} INFO - Processing file /opt/airflow/dags/my-dag.py for tasks to queue
[2023-05-23T00:18:22.940+0000] {logging_mixin.py:149} INFO - [2023-05-23T00:18:22.940+0000] {dagbag.py:541} INFO - Filling up the DagBag from /opt/airflow/dags/my-dag.py
[2023-05-23T00:18:22.958+0000] {processor.py:836} INFO - DAG(s) dict_keys(['spotify_dag']) retrieved from /opt/airflow/dags/my-dag.py
[2023-05-23T00:18:22.983+0000] {logging_mixin.py:149} INFO - [2023-05-23T00:18:22.983+0000] {dag.py:2726} INFO - Sync 1 DAGs
[2023-05-23T00:18:23.015+0000] {logging_mixin.py:149} INFO - [2023-05-23T00:18:23.015+0000] {dag.py:3490} INFO - Setting next_dagrun for spotify_dag to 2023-05-22T23:29:07.671801+00:00, run_after=2023-05-23T23:29:07.671801+00:00
[2023-05-23T00:18:23.038+0000] {processor.py:179} INFO - Processing /opt/airflow/dags/my-dag.py took 0.102 seconds
[2023-05-23T00:18:23.068+0000] {processor.py:157} INFO - Started process (PID=9682) to work on /opt/airflow/dags/my-dag.py
[2023-05-23T00:18:23.069+0000] {processor.py:826} INFO - Processing file /opt/airflow/dags/my-dag.py for tasks to queue
[2023-05-23T00:18:23.070+0000] {logging_mixin.py:149} INFO - [2023-05-23T00:18:23.070+0000] {dagbag.py:541} INFO - Filling up the DagBag from /opt/airflow/dags/my-dag.py
[2023-05-23T00:18:23.090+0000] {processor.py:836} INFO - DAG(s) dict_keys(['spotify_dag']) retrieved from /opt/airflow/dags/my-dag.py
[2023-05-23T00:18:23.110+0000] {logging_mixin.py:149} INFO - [2023-05-23T00:18:23.110+0000] {dag.py:2726} INFO - Sync 1 DAGs
[2023-05-23T00:18:23.136+0000] {logging_mixin.py:149} INFO - [2023-05-23T00:18:23.135+0000] {dag.py:3490} INFO - Setting next_dagrun for spotify_dag to 2023-05-22T23:29:07.671801+00:00, run_after=2023-05-23T23:29:07.671801+00:00
[2023-05-23T00:18:23.161+0000] {processor.py:179} INFO - Processing /opt/airflow/dags/my-dag.py took 0.096 seconds
[2023-05-23T00:18:23.194+0000] {processor.py:157} INFO - Started process (PID=9683) to work on /opt/airflow/dags/my-dag.py
[2023-05-23T00:18:23.195+0000] {processor.py:826} INFO - Processing file /opt/airflow/dags/my-dag.py for tasks to queue
[2023-05-23T00:18:23.196+0000] {logging_mixin.py:149} INFO - [2023-05-23T00:18:23.195+0000] {dagbag.py:541} INFO - Filling up the DagBag from /opt/airflow/dags/my-dag.py
[2023-05-23T00:18:23.217+0000] {processor.py:836} INFO - DAG(s) dict_keys(['spotify_dag']) retrieved from /opt/airflow/dags/my-dag.py
[2023-05-23T00:18:23.238+0000] {logging_mixin.py:149} INFO - [2023-05-23T00:18:23.238+0000] {dag.py:2726} INFO - Sync 1 DAGs
[2023-05-23T00:18:23.263+0000] {logging_mixin.py:149} INFO - [2023-05-23T00:18:23.263+0000] {dag.py:3490} INFO - Setting next_dagrun for spotify_dag to 2023-05-22T23:29:07.671801+00:00, run_after=2023-05-23T23:29:07.671801+00:00
[2023-05-23T00:18:23.285+0000] {processor.py:179} INFO - Processing /opt/airflow/dags/my-dag.py took 0.093 seconds
[2023-05-23T00:18:53.761+0000] {processor.py:157} INFO - Started process (PID=9752) to work on /opt/airflow/dags/my-dag.py
[2023-05-23T00:18:53.761+0000] {processor.py:826} INFO - Processing file /opt/airflow/dags/my-dag.py for tasks to queue
[2023-05-23T00:18:53.762+0000] {logging_mixin.py:149} INFO - [2023-05-23T00:18:53.762+0000] {dagbag.py:541} INFO - Filling up the DagBag from /opt/airflow/dags/my-dag.py
[2023-05-23T00:18:53.779+0000] {processor.py:836} INFO - DAG(s) dict_keys(['spotify_dag']) retrieved from /opt/airflow/dags/my-dag.py
[2023-05-23T00:18:53.797+0000] {logging_mixin.py:149} INFO - [2023-05-23T00:18:53.797+0000] {dag.py:2726} INFO - Sync 1 DAGs
[2023-05-23T00:18:53.819+0000] {logging_mixin.py:149} INFO - [2023-05-23T00:18:53.819+0000] {dag.py:3490} INFO - Setting next_dagrun for spotify_dag to 2023-05-22T23:29:07.671801+00:00, run_after=2023-05-23T23:29:07.671801+00:00
[2023-05-23T00:18:53.836+0000] {processor.py:179} INFO - Processing /opt/airflow/dags/my-dag.py took 0.077 seconds
[2023-05-23T00:19:24.180+0000] {processor.py:157} INFO - Started process (PID=9822) to work on /opt/airflow/dags/my-dag.py
[2023-05-23T00:19:24.181+0000] {processor.py:826} INFO - Processing file /opt/airflow/dags/my-dag.py for tasks to queue
[2023-05-23T00:19:24.182+0000] {logging_mixin.py:149} INFO - [2023-05-23T00:19:24.182+0000] {dagbag.py:541} INFO - Filling up the DagBag from /opt/airflow/dags/my-dag.py
[2023-05-23T00:19:24.199+0000] {processor.py:836} INFO - DAG(s) dict_keys(['spotify_dag']) retrieved from /opt/airflow/dags/my-dag.py
[2023-05-23T00:19:24.218+0000] {logging_mixin.py:149} INFO - [2023-05-23T00:19:24.217+0000] {dag.py:2726} INFO - Sync 1 DAGs
[2023-05-23T00:19:24.239+0000] {logging_mixin.py:149} INFO - [2023-05-23T00:19:24.239+0000] {dag.py:3490} INFO - Setting next_dagrun for spotify_dag to 2023-05-22T23:29:07.671801+00:00, run_after=2023-05-23T23:29:07.671801+00:00
[2023-05-23T00:19:24.355+0000] {processor.py:179} INFO - Processing /opt/airflow/dags/my-dag.py took 0.178 seconds
[2023-05-23T00:19:54.985+0000] {processor.py:157} INFO - Started process (PID=9891) to work on /opt/airflow/dags/my-dag.py
[2023-05-23T00:19:54.985+0000] {processor.py:826} INFO - Processing file /opt/airflow/dags/my-dag.py for tasks to queue
[2023-05-23T00:19:54.986+0000] {logging_mixin.py:149} INFO - [2023-05-23T00:19:54.986+0000] {dagbag.py:541} INFO - Filling up the DagBag from /opt/airflow/dags/my-dag.py
[2023-05-23T00:19:55.003+0000] {processor.py:836} INFO - DAG(s) dict_keys(['spotify_dag']) retrieved from /opt/airflow/dags/my-dag.py
[2023-05-23T00:19:55.020+0000] {logging_mixin.py:149} INFO - [2023-05-23T00:19:55.019+0000] {dag.py:2726} INFO - Sync 1 DAGs
[2023-05-23T00:19:55.041+0000] {logging_mixin.py:149} INFO - [2023-05-23T00:19:55.040+0000] {dag.py:3490} INFO - Setting next_dagrun for spotify_dag to 2023-05-22T23:29:07.671801+00:00, run_after=2023-05-23T23:29:07.671801+00:00
[2023-05-23T00:19:55.063+0000] {processor.py:179} INFO - Processing /opt/airflow/dags/my-dag.py took 0.081 seconds
[2023-05-23T00:20:25.491+0000] {processor.py:157} INFO - Started process (PID=9961) to work on /opt/airflow/dags/my-dag.py
[2023-05-23T00:20:25.492+0000] {processor.py:826} INFO - Processing file /opt/airflow/dags/my-dag.py for tasks to queue
[2023-05-23T00:20:25.492+0000] {logging_mixin.py:149} INFO - [2023-05-23T00:20:25.492+0000] {dagbag.py:541} INFO - Filling up the DagBag from /opt/airflow/dags/my-dag.py
[2023-05-23T00:20:25.510+0000] {processor.py:836} INFO - DAG(s) dict_keys(['spotify_dag']) retrieved from /opt/airflow/dags/my-dag.py
[2023-05-23T00:20:25.531+0000] {logging_mixin.py:149} INFO - [2023-05-23T00:20:25.530+0000] {dag.py:2726} INFO - Sync 1 DAGs
[2023-05-23T00:20:25.554+0000] {logging_mixin.py:149} INFO - [2023-05-23T00:20:25.554+0000] {dag.py:3490} INFO - Setting next_dagrun for spotify_dag to 2023-05-22T23:29:07.671801+00:00, run_after=2023-05-23T23:29:07.671801+00:00
[2023-05-23T00:20:25.575+0000] {processor.py:179} INFO - Processing /opt/airflow/dags/my-dag.py took 0.086 seconds
[2023-05-23T00:20:56.438+0000] {processor.py:157} INFO - Started process (PID=10031) to work on /opt/airflow/dags/my-dag.py
[2023-05-23T00:20:56.439+0000] {processor.py:826} INFO - Processing file /opt/airflow/dags/my-dag.py for tasks to queue
[2023-05-23T00:20:56.439+0000] {logging_mixin.py:149} INFO - [2023-05-23T00:20:56.439+0000] {dagbag.py:541} INFO - Filling up the DagBag from /opt/airflow/dags/my-dag.py
[2023-05-23T00:20:56.456+0000] {processor.py:836} INFO - DAG(s) dict_keys(['spotify_dag']) retrieved from /opt/airflow/dags/my-dag.py
[2023-05-23T00:20:56.475+0000] {logging_mixin.py:149} INFO - [2023-05-23T00:20:56.475+0000] {dag.py:2726} INFO - Sync 1 DAGs
[2023-05-23T00:20:56.498+0000] {logging_mixin.py:149} INFO - [2023-05-23T00:20:56.498+0000] {dag.py:3490} INFO - Setting next_dagrun for spotify_dag to 2023-05-22T23:29:07.671801+00:00, run_after=2023-05-23T23:29:07.671801+00:00
[2023-05-23T00:20:56.608+0000] {processor.py:179} INFO - Processing /opt/airflow/dags/my-dag.py took 0.172 seconds
[2023-05-23T00:21:26.788+0000] {processor.py:157} INFO - Started process (PID=10100) to work on /opt/airflow/dags/my-dag.py
[2023-05-23T00:21:26.789+0000] {processor.py:826} INFO - Processing file /opt/airflow/dags/my-dag.py for tasks to queue
[2023-05-23T00:21:26.790+0000] {logging_mixin.py:149} INFO - [2023-05-23T00:21:26.790+0000] {dagbag.py:541} INFO - Filling up the DagBag from /opt/airflow/dags/my-dag.py
[2023-05-23T00:21:26.808+0000] {processor.py:836} INFO - DAG(s) dict_keys(['spotify_dag']) retrieved from /opt/airflow/dags/my-dag.py
[2023-05-23T00:21:26.828+0000] {logging_mixin.py:149} INFO - [2023-05-23T00:21:26.828+0000] {dag.py:2726} INFO - Sync 1 DAGs
[2023-05-23T00:21:26.853+0000] {logging_mixin.py:149} INFO - [2023-05-23T00:21:26.853+0000] {dag.py:3490} INFO - Setting next_dagrun for spotify_dag to 2023-05-22T23:29:07.671801+00:00, run_after=2023-05-23T23:29:07.671801+00:00
[2023-05-23T00:21:26.873+0000] {processor.py:179} INFO - Processing /opt/airflow/dags/my-dag.py took 0.087 seconds
[2023-05-23T00:21:57.192+0000] {processor.py:157} INFO - Started process (PID=10169) to work on /opt/airflow/dags/my-dag.py
[2023-05-23T00:21:57.192+0000] {processor.py:826} INFO - Processing file /opt/airflow/dags/my-dag.py for tasks to queue
[2023-05-23T00:21:57.193+0000] {logging_mixin.py:149} INFO - [2023-05-23T00:21:57.193+0000] {dagbag.py:541} INFO - Filling up the DagBag from /opt/airflow/dags/my-dag.py
[2023-05-23T00:21:57.212+0000] {processor.py:836} INFO - DAG(s) dict_keys(['spotify_dag']) retrieved from /opt/airflow/dags/my-dag.py
[2023-05-23T00:21:57.232+0000] {logging_mixin.py:149} INFO - [2023-05-23T00:21:57.232+0000] {dag.py:2726} INFO - Sync 1 DAGs
[2023-05-23T00:21:57.345+0000] {logging_mixin.py:149} INFO - [2023-05-23T00:21:57.344+0000] {dag.py:3490} INFO - Setting next_dagrun for spotify_dag to 2023-05-22T23:29:07.671801+00:00, run_after=2023-05-23T23:29:07.671801+00:00
[2023-05-23T00:21:57.363+0000] {processor.py:179} INFO - Processing /opt/airflow/dags/my-dag.py took 0.174 seconds
[2023-05-23T00:22:27.756+0000] {processor.py:157} INFO - Started process (PID=10238) to work on /opt/airflow/dags/my-dag.py
[2023-05-23T00:22:27.757+0000] {processor.py:826} INFO - Processing file /opt/airflow/dags/my-dag.py for tasks to queue
[2023-05-23T00:22:27.757+0000] {logging_mixin.py:149} INFO - [2023-05-23T00:22:27.757+0000] {dagbag.py:541} INFO - Filling up the DagBag from /opt/airflow/dags/my-dag.py
[2023-05-23T00:22:27.775+0000] {processor.py:836} INFO - DAG(s) dict_keys(['spotify_dag']) retrieved from /opt/airflow/dags/my-dag.py
[2023-05-23T00:22:27.794+0000] {logging_mixin.py:149} INFO - [2023-05-23T00:22:27.794+0000] {dag.py:2726} INFO - Sync 1 DAGs
[2023-05-23T00:22:27.817+0000] {logging_mixin.py:149} INFO - [2023-05-23T00:22:27.817+0000] {dag.py:3490} INFO - Setting next_dagrun for spotify_dag to 2023-05-22T23:29:07.671801+00:00, run_after=2023-05-23T23:29:07.671801+00:00
[2023-05-23T00:22:27.929+0000] {processor.py:179} INFO - Processing /opt/airflow/dags/my-dag.py took 0.175 seconds
[2023-05-23T00:22:52.753+0000] {processor.py:157} INFO - Started process (PID=10288) to work on /opt/airflow/dags/my-dag.py
[2023-05-23T00:22:52.754+0000] {processor.py:826} INFO - Processing file /opt/airflow/dags/my-dag.py for tasks to queue
[2023-05-23T00:22:52.755+0000] {logging_mixin.py:149} INFO - [2023-05-23T00:22:52.754+0000] {dagbag.py:541} INFO - Filling up the DagBag from /opt/airflow/dags/my-dag.py
[2023-05-23T00:22:52.784+0000] {processor.py:836} INFO - DAG(s) dict_keys(['spotify_dag']) retrieved from /opt/airflow/dags/my-dag.py
[2023-05-23T00:22:52.804+0000] {logging_mixin.py:149} INFO - [2023-05-23T00:22:52.804+0000] {dag.py:2726} INFO - Sync 1 DAGs
[2023-05-23T00:22:52.931+0000] {logging_mixin.py:149} INFO - [2023-05-23T00:22:52.931+0000] {dag.py:3490} INFO - Setting next_dagrun for spotify_dag to 2023-05-22T23:29:07.671801+00:00, run_after=2023-05-23T23:29:07.671801+00:00
[2023-05-23T00:22:52.955+0000] {processor.py:179} INFO - Processing /opt/airflow/dags/my-dag.py took 0.204 seconds
[2023-05-23T00:22:52.982+0000] {processor.py:157} INFO - Started process (PID=10290) to work on /opt/airflow/dags/my-dag.py
[2023-05-23T00:22:52.983+0000] {processor.py:826} INFO - Processing file /opt/airflow/dags/my-dag.py for tasks to queue
[2023-05-23T00:22:52.984+0000] {logging_mixin.py:149} INFO - [2023-05-23T00:22:52.984+0000] {dagbag.py:541} INFO - Filling up the DagBag from /opt/airflow/dags/my-dag.py
[2023-05-23T00:22:53.004+0000] {processor.py:836} INFO - DAG(s) dict_keys(['spotify_dag']) retrieved from /opt/airflow/dags/my-dag.py
[2023-05-23T00:22:53.151+0000] {logging_mixin.py:149} INFO - [2023-05-23T00:22:53.151+0000] {dag.py:2726} INFO - Sync 1 DAGs
[2023-05-23T00:22:53.176+0000] {logging_mixin.py:149} INFO - [2023-05-23T00:22:53.176+0000] {dag.py:3490} INFO - Setting next_dagrun for spotify_dag to 2023-05-22T23:29:07.671801+00:00, run_after=2023-05-23T23:29:07.671801+00:00
[2023-05-23T00:22:53.205+0000] {processor.py:179} INFO - Processing /opt/airflow/dags/my-dag.py took 0.226 seconds
[2023-05-23T00:22:53.286+0000] {processor.py:157} INFO - Started process (PID=10293) to work on /opt/airflow/dags/my-dag.py
[2023-05-23T00:22:53.287+0000] {processor.py:826} INFO - Processing file /opt/airflow/dags/my-dag.py for tasks to queue
[2023-05-23T00:22:53.288+0000] {logging_mixin.py:149} INFO - [2023-05-23T00:22:53.288+0000] {dagbag.py:541} INFO - Filling up the DagBag from /opt/airflow/dags/my-dag.py
[2023-05-23T00:22:53.307+0000] {processor.py:836} INFO - DAG(s) dict_keys(['spotify_dag']) retrieved from /opt/airflow/dags/my-dag.py
[2023-05-23T00:22:53.328+0000] {logging_mixin.py:149} INFO - [2023-05-23T00:22:53.327+0000] {dag.py:2726} INFO - Sync 1 DAGs
[2023-05-23T00:22:53.354+0000] {logging_mixin.py:149} INFO - [2023-05-23T00:22:53.353+0000] {dag.py:3490} INFO - Setting next_dagrun for spotify_dag to 2023-05-22T23:29:07.671801+00:00, run_after=2023-05-23T23:29:07.671801+00:00
[2023-05-23T00:22:53.373+0000] {processor.py:179} INFO - Processing /opt/airflow/dags/my-dag.py took 0.089 seconds
[2023-05-23T00:22:53.397+0000] {processor.py:157} INFO - Started process (PID=10294) to work on /opt/airflow/dags/my-dag.py
[2023-05-23T00:22:53.398+0000] {processor.py:826} INFO - Processing file /opt/airflow/dags/my-dag.py for tasks to queue
[2023-05-23T00:22:53.399+0000] {logging_mixin.py:149} INFO - [2023-05-23T00:22:53.399+0000] {dagbag.py:541} INFO - Filling up the DagBag from /opt/airflow/dags/my-dag.py
[2023-05-23T00:22:53.418+0000] {processor.py:836} INFO - DAG(s) dict_keys(['spotify_dag']) retrieved from /opt/airflow/dags/my-dag.py
[2023-05-23T00:22:53.438+0000] {logging_mixin.py:149} INFO - [2023-05-23T00:22:53.438+0000] {dag.py:2726} INFO - Sync 1 DAGs
[2023-05-23T00:22:53.461+0000] {logging_mixin.py:149} INFO - [2023-05-23T00:22:53.461+0000] {dag.py:3490} INFO - Setting next_dagrun for spotify_dag to 2023-05-22T23:29:07.671801+00:00, run_after=2023-05-23T23:29:07.671801+00:00
[2023-05-23T00:22:53.478+0000] {processor.py:179} INFO - Processing /opt/airflow/dags/my-dag.py took 0.083 seconds
[2023-05-23T00:22:53.504+0000] {processor.py:157} INFO - Started process (PID=10295) to work on /opt/airflow/dags/my-dag.py
[2023-05-23T00:22:53.504+0000] {processor.py:826} INFO - Processing file /opt/airflow/dags/my-dag.py for tasks to queue
[2023-05-23T00:22:53.505+0000] {logging_mixin.py:149} INFO - [2023-05-23T00:22:53.505+0000] {dagbag.py:541} INFO - Filling up the DagBag from /opt/airflow/dags/my-dag.py
[2023-05-23T00:22:53.523+0000] {processor.py:836} INFO - DAG(s) dict_keys(['spotify_dag']) retrieved from /opt/airflow/dags/my-dag.py
[2023-05-23T00:22:53.541+0000] {logging_mixin.py:149} INFO - [2023-05-23T00:22:53.541+0000] {dag.py:2726} INFO - Sync 1 DAGs
[2023-05-23T00:22:53.563+0000] {logging_mixin.py:149} INFO - [2023-05-23T00:22:53.563+0000] {dag.py:3490} INFO - Setting next_dagrun for spotify_dag to 2023-05-22T23:29:07.671801+00:00, run_after=2023-05-23T23:29:07.671801+00:00
[2023-05-23T00:22:53.579+0000] {processor.py:179} INFO - Processing /opt/airflow/dags/my-dag.py took 0.077 seconds
[2023-05-23T00:22:53.605+0000] {processor.py:157} INFO - Started process (PID=10296) to work on /opt/airflow/dags/my-dag.py
[2023-05-23T00:22:53.606+0000] {processor.py:826} INFO - Processing file /opt/airflow/dags/my-dag.py for tasks to queue
[2023-05-23T00:22:53.607+0000] {logging_mixin.py:149} INFO - [2023-05-23T00:22:53.606+0000] {dagbag.py:541} INFO - Filling up the DagBag from /opt/airflow/dags/my-dag.py
[2023-05-23T00:22:53.624+0000] {processor.py:836} INFO - DAG(s) dict_keys(['spotify_dag']) retrieved from /opt/airflow/dags/my-dag.py
[2023-05-23T00:22:53.642+0000] {logging_mixin.py:149} INFO - [2023-05-23T00:22:53.642+0000] {dag.py:2726} INFO - Sync 1 DAGs
[2023-05-23T00:22:53.664+0000] {logging_mixin.py:149} INFO - [2023-05-23T00:22:53.664+0000] {dag.py:3490} INFO - Setting next_dagrun for spotify_dag to 2023-05-22T23:29:07.671801+00:00, run_after=2023-05-23T23:29:07.671801+00:00
[2023-05-23T00:22:53.681+0000] {processor.py:179} INFO - Processing /opt/airflow/dags/my-dag.py took 0.078 seconds
[2023-05-23T00:23:23.917+0000] {processor.py:157} INFO - Started process (PID=10365) to work on /opt/airflow/dags/my-dag.py
[2023-05-23T00:23:23.918+0000] {processor.py:826} INFO - Processing file /opt/airflow/dags/my-dag.py for tasks to queue
[2023-05-23T00:23:23.918+0000] {logging_mixin.py:149} INFO - [2023-05-23T00:23:23.918+0000] {dagbag.py:541} INFO - Filling up the DagBag from /opt/airflow/dags/my-dag.py
[2023-05-23T00:23:23.936+0000] {processor.py:836} INFO - DAG(s) dict_keys(['spotify_dag']) retrieved from /opt/airflow/dags/my-dag.py
[2023-05-23T00:23:23.954+0000] {logging_mixin.py:149} INFO - [2023-05-23T00:23:23.954+0000] {dag.py:2726} INFO - Sync 1 DAGs
[2023-05-23T00:23:24.065+0000] {logging_mixin.py:149} INFO - [2023-05-23T00:23:24.065+0000] {dag.py:3490} INFO - Setting next_dagrun for spotify_dag to 2023-05-22T23:29:07.671801+00:00, run_after=2023-05-23T23:29:07.671801+00:00
[2023-05-23T00:23:24.119+0000] {processor.py:179} INFO - Processing /opt/airflow/dags/my-dag.py took 0.204 seconds
[2023-05-23T00:23:54.951+0000] {processor.py:157} INFO - Started process (PID=10435) to work on /opt/airflow/dags/my-dag.py
[2023-05-23T00:23:54.952+0000] {processor.py:826} INFO - Processing file /opt/airflow/dags/my-dag.py for tasks to queue
[2023-05-23T00:23:54.953+0000] {logging_mixin.py:149} INFO - [2023-05-23T00:23:54.953+0000] {dagbag.py:541} INFO - Filling up the DagBag from /opt/airflow/dags/my-dag.py
[2023-05-23T00:23:54.971+0000] {processor.py:836} INFO - DAG(s) dict_keys(['spotify_dag']) retrieved from /opt/airflow/dags/my-dag.py
[2023-05-23T00:23:54.989+0000] {logging_mixin.py:149} INFO - [2023-05-23T00:23:54.989+0000] {dag.py:2726} INFO - Sync 1 DAGs
[2023-05-23T00:23:55.012+0000] {logging_mixin.py:149} INFO - [2023-05-23T00:23:55.012+0000] {dag.py:3490} INFO - Setting next_dagrun for spotify_dag to 2023-05-22T23:29:07.671801+00:00, run_after=2023-05-23T23:29:07.671801+00:00
[2023-05-23T00:23:55.122+0000] {processor.py:179} INFO - Processing /opt/airflow/dags/my-dag.py took 0.174 seconds
[2023-05-23T00:24:25.563+0000] {processor.py:157} INFO - Started process (PID=10504) to work on /opt/airflow/dags/my-dag.py
[2023-05-23T00:24:25.563+0000] {processor.py:826} INFO - Processing file /opt/airflow/dags/my-dag.py for tasks to queue
[2023-05-23T00:24:25.564+0000] {logging_mixin.py:149} INFO - [2023-05-23T00:24:25.564+0000] {dagbag.py:541} INFO - Filling up the DagBag from /opt/airflow/dags/my-dag.py
[2023-05-23T00:24:25.581+0000] {processor.py:836} INFO - DAG(s) dict_keys(['spotify_dag']) retrieved from /opt/airflow/dags/my-dag.py
[2023-05-23T00:24:25.599+0000] {logging_mixin.py:149} INFO - [2023-05-23T00:24:25.599+0000] {dag.py:2726} INFO - Sync 1 DAGs
[2023-05-23T00:24:25.621+0000] {logging_mixin.py:149} INFO - [2023-05-23T00:24:25.621+0000] {dag.py:3490} INFO - Setting next_dagrun for spotify_dag to 2023-05-22T23:29:07.671801+00:00, run_after=2023-05-23T23:29:07.671801+00:00
[2023-05-23T00:24:25.644+0000] {processor.py:179} INFO - Processing /opt/airflow/dags/my-dag.py took 0.084 seconds
[2023-05-23T00:24:55.861+0000] {processor.py:157} INFO - Started process (PID=10574) to work on /opt/airflow/dags/my-dag.py
[2023-05-23T00:24:55.861+0000] {processor.py:826} INFO - Processing file /opt/airflow/dags/my-dag.py for tasks to queue
[2023-05-23T00:24:55.862+0000] {logging_mixin.py:149} INFO - [2023-05-23T00:24:55.862+0000] {dagbag.py:541} INFO - Filling up the DagBag from /opt/airflow/dags/my-dag.py
[2023-05-23T00:24:55.881+0000] {processor.py:836} INFO - DAG(s) dict_keys(['spotify_dag']) retrieved from /opt/airflow/dags/my-dag.py
[2023-05-23T00:24:55.905+0000] {logging_mixin.py:149} INFO - [2023-05-23T00:24:55.905+0000] {dag.py:2726} INFO - Sync 1 DAGs
[2023-05-23T00:24:56.035+0000] {logging_mixin.py:149} INFO - [2023-05-23T00:24:56.035+0000] {dag.py:3490} INFO - Setting next_dagrun for spotify_dag to 2023-05-22T23:29:07.671801+00:00, run_after=2023-05-23T23:29:07.671801+00:00
[2023-05-23T00:24:56.058+0000] {processor.py:179} INFO - Processing /opt/airflow/dags/my-dag.py took 0.199 seconds
[2023-05-23T00:25:26.197+0000] {processor.py:157} INFO - Started process (PID=10643) to work on /opt/airflow/dags/my-dag.py
[2023-05-23T00:25:26.198+0000] {processor.py:826} INFO - Processing file /opt/airflow/dags/my-dag.py for tasks to queue
[2023-05-23T00:25:26.199+0000] {logging_mixin.py:149} INFO - [2023-05-23T00:25:26.199+0000] {dagbag.py:541} INFO - Filling up the DagBag from /opt/airflow/dags/my-dag.py
[2023-05-23T00:25:26.216+0000] {processor.py:836} INFO - DAG(s) dict_keys(['spotify_dag']) retrieved from /opt/airflow/dags/my-dag.py
[2023-05-23T00:25:26.234+0000] {logging_mixin.py:149} INFO - [2023-05-23T00:25:26.234+0000] {dag.py:2726} INFO - Sync 1 DAGs
[2023-05-23T00:25:26.256+0000] {logging_mixin.py:149} INFO - [2023-05-23T00:25:26.256+0000] {dag.py:3490} INFO - Setting next_dagrun for spotify_dag to 2023-05-22T23:29:07.671801+00:00, run_after=2023-05-23T23:29:07.671801+00:00
[2023-05-23T00:25:26.280+0000] {processor.py:179} INFO - Processing /opt/airflow/dags/my-dag.py took 0.085 seconds
[2023-05-23T00:25:57.188+0000] {processor.py:157} INFO - Started process (PID=10712) to work on /opt/airflow/dags/my-dag.py
[2023-05-23T00:25:57.189+0000] {processor.py:826} INFO - Processing file /opt/airflow/dags/my-dag.py for tasks to queue
[2023-05-23T00:25:57.189+0000] {logging_mixin.py:149} INFO - [2023-05-23T00:25:57.189+0000] {dagbag.py:541} INFO - Filling up the DagBag from /opt/airflow/dags/my-dag.py
[2023-05-23T00:25:57.211+0000] {processor.py:836} INFO - DAG(s) dict_keys(['spotify_dag']) retrieved from /opt/airflow/dags/my-dag.py
[2023-05-23T00:25:57.232+0000] {logging_mixin.py:149} INFO - [2023-05-23T00:25:57.231+0000] {dag.py:2726} INFO - Sync 1 DAGs
[2023-05-23T00:25:57.256+0000] {logging_mixin.py:149} INFO - [2023-05-23T00:25:57.256+0000] {dag.py:3490} INFO - Setting next_dagrun for spotify_dag to 2023-05-22T23:29:07.671801+00:00, run_after=2023-05-23T23:29:07.671801+00:00
[2023-05-23T00:25:57.279+0000] {processor.py:179} INFO - Processing /opt/airflow/dags/my-dag.py took 0.093 seconds
[2023-05-23T00:26:27.913+0000] {processor.py:157} INFO - Started process (PID=10781) to work on /opt/airflow/dags/my-dag.py
[2023-05-23T00:26:27.914+0000] {processor.py:826} INFO - Processing file /opt/airflow/dags/my-dag.py for tasks to queue
[2023-05-23T00:26:27.915+0000] {logging_mixin.py:149} INFO - [2023-05-23T00:26:27.915+0000] {dagbag.py:541} INFO - Filling up the DagBag from /opt/airflow/dags/my-dag.py
[2023-05-23T00:26:27.943+0000] {processor.py:836} INFO - DAG(s) dict_keys(['spotify_dag']) retrieved from /opt/airflow/dags/my-dag.py
[2023-05-23T00:26:27.975+0000] {logging_mixin.py:149} INFO - [2023-05-23T00:26:27.974+0000] {dag.py:2726} INFO - Sync 1 DAGs
[2023-05-23T00:26:28.016+0000] {logging_mixin.py:149} INFO - [2023-05-23T00:26:28.016+0000] {dag.py:3490} INFO - Setting next_dagrun for spotify_dag to 2023-05-22T23:29:07.671801+00:00, run_after=2023-05-23T23:29:07.671801+00:00
[2023-05-23T00:26:28.052+0000] {processor.py:179} INFO - Processing /opt/airflow/dags/my-dag.py took 0.143 seconds
[2023-05-23T00:26:58.544+0000] {processor.py:157} INFO - Started process (PID=10850) to work on /opt/airflow/dags/my-dag.py
[2023-05-23T00:26:58.600+0000] {processor.py:826} INFO - Processing file /opt/airflow/dags/my-dag.py for tasks to queue
[2023-05-23T00:26:58.600+0000] {logging_mixin.py:149} INFO - [2023-05-23T00:26:58.600+0000] {dagbag.py:541} INFO - Filling up the DagBag from /opt/airflow/dags/my-dag.py
[2023-05-23T00:26:58.644+0000] {processor.py:836} INFO - DAG(s) dict_keys(['spotify_dag']) retrieved from /opt/airflow/dags/my-dag.py
[2023-05-23T00:26:58.661+0000] {logging_mixin.py:149} INFO - [2023-05-23T00:26:58.661+0000] {dag.py:2726} INFO - Sync 1 DAGs
[2023-05-23T00:26:58.686+0000] {logging_mixin.py:149} INFO - [2023-05-23T00:26:58.686+0000] {dag.py:3490} INFO - Setting next_dagrun for spotify_dag to 2023-05-22T23:29:07.671801+00:00, run_after=2023-05-23T23:29:07.671801+00:00
[2023-05-23T00:26:59.130+0000] {processor.py:179} INFO - Processing /opt/airflow/dags/my-dag.py took 0.589 seconds
[2023-05-23T00:27:29.498+0000] {processor.py:157} INFO - Started process (PID=10919) to work on /opt/airflow/dags/my-dag.py
[2023-05-23T00:27:29.499+0000] {processor.py:826} INFO - Processing file /opt/airflow/dags/my-dag.py for tasks to queue
[2023-05-23T00:27:29.500+0000] {logging_mixin.py:149} INFO - [2023-05-23T00:27:29.500+0000] {dagbag.py:541} INFO - Filling up the DagBag from /opt/airflow/dags/my-dag.py
[2023-05-23T00:27:29.520+0000] {processor.py:836} INFO - DAG(s) dict_keys(['spotify_dag']) retrieved from /opt/airflow/dags/my-dag.py
[2023-05-23T00:27:29.541+0000] {logging_mixin.py:149} INFO - [2023-05-23T00:27:29.541+0000] {dag.py:2726} INFO - Sync 1 DAGs
[2023-05-23T00:27:29.571+0000] {logging_mixin.py:149} INFO - [2023-05-23T00:27:29.570+0000] {dag.py:3490} INFO - Setting next_dagrun for spotify_dag to 2023-05-22T23:29:07.671801+00:00, run_after=2023-05-23T23:29:07.671801+00:00
[2023-05-23T00:27:29.594+0000] {processor.py:179} INFO - Processing /opt/airflow/dags/my-dag.py took 0.098 seconds
[2023-05-23T00:28:00.232+0000] {processor.py:157} INFO - Started process (PID=10988) to work on /opt/airflow/dags/my-dag.py
[2023-05-23T00:28:00.233+0000] {processor.py:826} INFO - Processing file /opt/airflow/dags/my-dag.py for tasks to queue
[2023-05-23T00:28:00.233+0000] {logging_mixin.py:149} INFO - [2023-05-23T00:28:00.233+0000] {dagbag.py:541} INFO - Filling up the DagBag from /opt/airflow/dags/my-dag.py
[2023-05-23T00:28:00.251+0000] {processor.py:836} INFO - DAG(s) dict_keys(['spotify_dag']) retrieved from /opt/airflow/dags/my-dag.py
[2023-05-23T00:28:00.268+0000] {logging_mixin.py:149} INFO - [2023-05-23T00:28:00.268+0000] {dag.py:2726} INFO - Sync 1 DAGs
[2023-05-23T00:28:00.289+0000] {logging_mixin.py:149} INFO - [2023-05-23T00:28:00.289+0000] {dag.py:3490} INFO - Setting next_dagrun for spotify_dag to 2023-05-22T23:29:07.671801+00:00, run_after=2023-05-23T23:29:07.671801+00:00
[2023-05-23T00:28:00.312+0000] {processor.py:179} INFO - Processing /opt/airflow/dags/my-dag.py took 0.082 seconds
[2023-05-23T00:28:30.948+0000] {processor.py:157} INFO - Started process (PID=11058) to work on /opt/airflow/dags/my-dag.py
[2023-05-23T00:28:30.949+0000] {processor.py:826} INFO - Processing file /opt/airflow/dags/my-dag.py for tasks to queue
[2023-05-23T00:28:30.950+0000] {logging_mixin.py:149} INFO - [2023-05-23T00:28:30.949+0000] {dagbag.py:541} INFO - Filling up the DagBag from /opt/airflow/dags/my-dag.py
[2023-05-23T00:28:30.968+0000] {processor.py:836} INFO - DAG(s) dict_keys(['spotify_dag']) retrieved from /opt/airflow/dags/my-dag.py
[2023-05-23T00:28:30.987+0000] {logging_mixin.py:149} INFO - [2023-05-23T00:28:30.987+0000] {dag.py:2726} INFO - Sync 1 DAGs
[2023-05-23T00:28:31.013+0000] {logging_mixin.py:149} INFO - [2023-05-23T00:28:31.013+0000] {dag.py:3490} INFO - Setting next_dagrun for spotify_dag to 2023-05-22T23:29:07.671801+00:00, run_after=2023-05-23T23:29:07.671801+00:00
[2023-05-23T00:28:31.051+0000] {processor.py:179} INFO - Processing /opt/airflow/dags/my-dag.py took 0.105 seconds
[2023-05-23T00:29:01.366+0000] {processor.py:157} INFO - Started process (PID=11128) to work on /opt/airflow/dags/my-dag.py
[2023-05-23T00:29:01.367+0000] {processor.py:826} INFO - Processing file /opt/airflow/dags/my-dag.py for tasks to queue
[2023-05-23T00:29:01.368+0000] {logging_mixin.py:149} INFO - [2023-05-23T00:29:01.368+0000] {dagbag.py:541} INFO - Filling up the DagBag from /opt/airflow/dags/my-dag.py
[2023-05-23T00:29:01.387+0000] {processor.py:836} INFO - DAG(s) dict_keys(['spotify_dag']) retrieved from /opt/airflow/dags/my-dag.py
[2023-05-23T00:29:01.406+0000] {logging_mixin.py:149} INFO - [2023-05-23T00:29:01.406+0000] {dag.py:2726} INFO - Sync 1 DAGs
[2023-05-23T00:29:01.430+0000] {logging_mixin.py:149} INFO - [2023-05-23T00:29:01.430+0000] {dag.py:3490} INFO - Setting next_dagrun for spotify_dag to 2023-05-22T23:29:07.671801+00:00, run_after=2023-05-23T23:29:07.671801+00:00
[2023-05-23T00:29:01.488+0000] {processor.py:179} INFO - Processing /opt/airflow/dags/my-dag.py took 0.124 seconds
[2023-05-23T00:29:31.842+0000] {processor.py:157} INFO - Started process (PID=11197) to work on /opt/airflow/dags/my-dag.py
[2023-05-23T00:29:31.843+0000] {processor.py:826} INFO - Processing file /opt/airflow/dags/my-dag.py for tasks to queue
[2023-05-23T00:29:31.844+0000] {logging_mixin.py:149} INFO - [2023-05-23T00:29:31.844+0000] {dagbag.py:541} INFO - Filling up the DagBag from /opt/airflow/dags/my-dag.py
[2023-05-23T00:29:31.863+0000] {processor.py:836} INFO - DAG(s) dict_keys(['spotify_dag']) retrieved from /opt/airflow/dags/my-dag.py
[2023-05-23T00:29:31.883+0000] {logging_mixin.py:149} INFO - [2023-05-23T00:29:31.882+0000] {dag.py:2726} INFO - Sync 1 DAGs
[2023-05-23T00:29:31.907+0000] {logging_mixin.py:149} INFO - [2023-05-23T00:29:31.907+0000] {dag.py:3490} INFO - Setting next_dagrun for spotify_dag to 2023-05-22T23:29:07.671801+00:00, run_after=2023-05-23T23:29:07.671801+00:00
[2023-05-23T00:29:31.925+0000] {processor.py:179} INFO - Processing /opt/airflow/dags/my-dag.py took 0.085 seconds
[2023-05-23T00:30:02.268+0000] {processor.py:157} INFO - Started process (PID=11266) to work on /opt/airflow/dags/my-dag.py
[2023-05-23T00:30:02.279+0000] {processor.py:826} INFO - Processing file /opt/airflow/dags/my-dag.py for tasks to queue
[2023-05-23T00:30:02.281+0000] {logging_mixin.py:149} INFO - [2023-05-23T00:30:02.281+0000] {dagbag.py:541} INFO - Filling up the DagBag from /opt/airflow/dags/my-dag.py
[2023-05-23T00:30:02.315+0000] {processor.py:836} INFO - DAG(s) dict_keys(['spotify_dag']) retrieved from /opt/airflow/dags/my-dag.py
[2023-05-23T00:30:02.339+0000] {logging_mixin.py:149} INFO - [2023-05-23T00:30:02.339+0000] {dag.py:2726} INFO - Sync 1 DAGs
[2023-05-23T00:30:02.371+0000] {logging_mixin.py:149} INFO - [2023-05-23T00:30:02.371+0000] {dag.py:3490} INFO - Setting next_dagrun for spotify_dag to 2023-05-22T23:29:07.671801+00:00, run_after=2023-05-23T23:29:07.671801+00:00
[2023-05-23T00:30:02.543+0000] {processor.py:179} INFO - Processing /opt/airflow/dags/my-dag.py took 0.278 seconds
[2023-05-23T00:30:33.529+0000] {processor.py:157} INFO - Started process (PID=11335) to work on /opt/airflow/dags/my-dag.py
[2023-05-23T00:30:33.529+0000] {processor.py:826} INFO - Processing file /opt/airflow/dags/my-dag.py for tasks to queue
[2023-05-23T00:30:33.530+0000] {logging_mixin.py:149} INFO - [2023-05-23T00:30:33.530+0000] {dagbag.py:541} INFO - Filling up the DagBag from /opt/airflow/dags/my-dag.py
[2023-05-23T00:30:33.549+0000] {processor.py:836} INFO - DAG(s) dict_keys(['spotify_dag']) retrieved from /opt/airflow/dags/my-dag.py
[2023-05-23T00:30:33.568+0000] {logging_mixin.py:149} INFO - [2023-05-23T00:30:33.567+0000] {dag.py:2726} INFO - Sync 1 DAGs
[2023-05-23T00:30:33.590+0000] {logging_mixin.py:149} INFO - [2023-05-23T00:30:33.589+0000] {dag.py:3490} INFO - Setting next_dagrun for spotify_dag to 2023-05-22T23:29:07.671801+00:00, run_after=2023-05-23T23:29:07.671801+00:00
[2023-05-23T00:30:33.617+0000] {processor.py:179} INFO - Processing /opt/airflow/dags/my-dag.py took 0.090 seconds
[2023-05-23T00:31:03.969+0000] {processor.py:157} INFO - Started process (PID=11405) to work on /opt/airflow/dags/my-dag.py
[2023-05-23T00:31:03.970+0000] {processor.py:826} INFO - Processing file /opt/airflow/dags/my-dag.py for tasks to queue
[2023-05-23T00:31:03.971+0000] {logging_mixin.py:149} INFO - [2023-05-23T00:31:03.971+0000] {dagbag.py:541} INFO - Filling up the DagBag from /opt/airflow/dags/my-dag.py
[2023-05-23T00:31:03.989+0000] {processor.py:836} INFO - DAG(s) dict_keys(['spotify_dag']) retrieved from /opt/airflow/dags/my-dag.py
[2023-05-23T00:31:04.007+0000] {logging_mixin.py:149} INFO - [2023-05-23T00:31:04.007+0000] {dag.py:2726} INFO - Sync 1 DAGs
[2023-05-23T00:31:04.031+0000] {logging_mixin.py:149} INFO - [2023-05-23T00:31:04.030+0000] {dag.py:3490} INFO - Setting next_dagrun for spotify_dag to 2023-05-22T23:29:07.671801+00:00, run_after=2023-05-23T23:29:07.671801+00:00
[2023-05-23T00:31:04.056+0000] {processor.py:179} INFO - Processing /opt/airflow/dags/my-dag.py took 0.089 seconds
[2023-05-23T00:31:34.504+0000] {processor.py:157} INFO - Started process (PID=11474) to work on /opt/airflow/dags/my-dag.py
[2023-05-23T00:31:34.505+0000] {processor.py:826} INFO - Processing file /opt/airflow/dags/my-dag.py for tasks to queue
[2023-05-23T00:31:34.506+0000] {logging_mixin.py:149} INFO - [2023-05-23T00:31:34.506+0000] {dagbag.py:541} INFO - Filling up the DagBag from /opt/airflow/dags/my-dag.py
[2023-05-23T00:31:34.524+0000] {processor.py:836} INFO - DAG(s) dict_keys(['spotify_dag']) retrieved from /opt/airflow/dags/my-dag.py
[2023-05-23T00:31:34.541+0000] {logging_mixin.py:149} INFO - [2023-05-23T00:31:34.541+0000] {dag.py:2726} INFO - Sync 1 DAGs
[2023-05-23T00:31:34.563+0000] {logging_mixin.py:149} INFO - [2023-05-23T00:31:34.563+0000] {dag.py:3490} INFO - Setting next_dagrun for spotify_dag to 2023-05-22T23:29:07.671801+00:00, run_after=2023-05-23T23:29:07.671801+00:00
[2023-05-23T00:31:34.591+0000] {processor.py:179} INFO - Processing /opt/airflow/dags/my-dag.py took 0.088 seconds
[2023-05-23T00:32:05.004+0000] {processor.py:157} INFO - Started process (PID=11543) to work on /opt/airflow/dags/my-dag.py
[2023-05-23T00:32:05.005+0000] {processor.py:826} INFO - Processing file /opt/airflow/dags/my-dag.py for tasks to queue
[2023-05-23T00:32:05.006+0000] {logging_mixin.py:149} INFO - [2023-05-23T00:32:05.006+0000] {dagbag.py:541} INFO - Filling up the DagBag from /opt/airflow/dags/my-dag.py
[2023-05-23T00:32:05.026+0000] {processor.py:836} INFO - DAG(s) dict_keys(['spotify_dag']) retrieved from /opt/airflow/dags/my-dag.py
[2023-05-23T00:32:05.044+0000] {logging_mixin.py:149} INFO - [2023-05-23T00:32:05.043+0000] {dag.py:2726} INFO - Sync 1 DAGs
[2023-05-23T00:32:05.070+0000] {logging_mixin.py:149} INFO - [2023-05-23T00:32:05.070+0000] {dag.py:3490} INFO - Setting next_dagrun for spotify_dag to 2023-05-22T23:29:07.671801+00:00, run_after=2023-05-23T23:29:07.671801+00:00
[2023-05-23T00:32:05.091+0000] {processor.py:179} INFO - Processing /opt/airflow/dags/my-dag.py took 0.089 seconds
[2023-05-23T00:32:35.624+0000] {processor.py:157} INFO - Started process (PID=11612) to work on /opt/airflow/dags/my-dag.py
[2023-05-23T00:32:35.625+0000] {processor.py:826} INFO - Processing file /opt/airflow/dags/my-dag.py for tasks to queue
[2023-05-23T00:32:35.625+0000] {logging_mixin.py:149} INFO - [2023-05-23T00:32:35.625+0000] {dagbag.py:541} INFO - Filling up the DagBag from /opt/airflow/dags/my-dag.py
[2023-05-23T00:32:35.643+0000] {processor.py:836} INFO - DAG(s) dict_keys(['spotify_dag']) retrieved from /opt/airflow/dags/my-dag.py
[2023-05-23T00:32:35.661+0000] {logging_mixin.py:149} INFO - [2023-05-23T00:32:35.661+0000] {dag.py:2726} INFO - Sync 1 DAGs
[2023-05-23T00:32:35.682+0000] {logging_mixin.py:149} INFO - [2023-05-23T00:32:35.682+0000] {dag.py:3490} INFO - Setting next_dagrun for spotify_dag to 2023-05-22T23:29:07.671801+00:00, run_after=2023-05-23T23:29:07.671801+00:00
[2023-05-23T00:32:35.702+0000] {processor.py:179} INFO - Processing /opt/airflow/dags/my-dag.py took 0.080 seconds
[2023-05-23T00:33:06.199+0000] {processor.py:157} INFO - Started process (PID=11681) to work on /opt/airflow/dags/my-dag.py
[2023-05-23T00:33:06.200+0000] {processor.py:826} INFO - Processing file /opt/airflow/dags/my-dag.py for tasks to queue
[2023-05-23T00:33:06.201+0000] {logging_mixin.py:149} INFO - [2023-05-23T00:33:06.201+0000] {dagbag.py:541} INFO - Filling up the DagBag from /opt/airflow/dags/my-dag.py
[2023-05-23T00:33:06.222+0000] {processor.py:836} INFO - DAG(s) dict_keys(['spotify_dag']) retrieved from /opt/airflow/dags/my-dag.py
[2023-05-23T00:33:06.240+0000] {logging_mixin.py:149} INFO - [2023-05-23T00:33:06.240+0000] {dag.py:2726} INFO - Sync 1 DAGs
[2023-05-23T00:33:06.264+0000] {logging_mixin.py:149} INFO - [2023-05-23T00:33:06.263+0000] {dag.py:3490} INFO - Setting next_dagrun for spotify_dag to 2023-05-22T23:29:07.671801+00:00, run_after=2023-05-23T23:29:07.671801+00:00
[2023-05-23T00:33:06.317+0000] {processor.py:179} INFO - Processing /opt/airflow/dags/my-dag.py took 0.120 seconds
[2023-05-23T00:33:37.181+0000] {processor.py:157} INFO - Started process (PID=11759) to work on /opt/airflow/dags/my-dag.py
[2023-05-23T00:33:37.182+0000] {processor.py:826} INFO - Processing file /opt/airflow/dags/my-dag.py for tasks to queue
[2023-05-23T00:33:37.182+0000] {logging_mixin.py:149} INFO - [2023-05-23T00:33:37.182+0000] {dagbag.py:541} INFO - Filling up the DagBag from /opt/airflow/dags/my-dag.py
[2023-05-23T00:33:37.201+0000] {processor.py:836} INFO - DAG(s) dict_keys(['spotify_dag']) retrieved from /opt/airflow/dags/my-dag.py
[2023-05-23T00:33:37.222+0000] {logging_mixin.py:149} INFO - [2023-05-23T00:33:37.222+0000] {dag.py:2726} INFO - Sync 1 DAGs
[2023-05-23T00:33:37.243+0000] {logging_mixin.py:149} INFO - [2023-05-23T00:33:37.243+0000] {dag.py:3490} INFO - Setting next_dagrun for spotify_dag to 2023-05-22T23:29:07.671801+00:00, run_after=2023-05-23T23:29:07.671801+00:00
[2023-05-23T00:33:37.388+0000] {processor.py:179} INFO - Processing /opt/airflow/dags/my-dag.py took 0.210 seconds
[2023-05-23T00:34:07.901+0000] {processor.py:157} INFO - Started process (PID=11828) to work on /opt/airflow/dags/my-dag.py
[2023-05-23T00:34:07.902+0000] {processor.py:826} INFO - Processing file /opt/airflow/dags/my-dag.py for tasks to queue
[2023-05-23T00:34:07.903+0000] {logging_mixin.py:149} INFO - [2023-05-23T00:34:07.903+0000] {dagbag.py:541} INFO - Filling up the DagBag from /opt/airflow/dags/my-dag.py
[2023-05-23T00:34:07.920+0000] {processor.py:836} INFO - DAG(s) dict_keys(['spotify_dag']) retrieved from /opt/airflow/dags/my-dag.py
[2023-05-23T00:34:07.939+0000] {logging_mixin.py:149} INFO - [2023-05-23T00:34:07.939+0000] {dag.py:2726} INFO - Sync 1 DAGs
[2023-05-23T00:34:07.961+0000] {logging_mixin.py:149} INFO - [2023-05-23T00:34:07.961+0000] {dag.py:3490} INFO - Setting next_dagrun for spotify_dag to 2023-05-22T23:29:07.671801+00:00, run_after=2023-05-23T23:29:07.671801+00:00
[2023-05-23T00:34:07.982+0000] {processor.py:179} INFO - Processing /opt/airflow/dags/my-dag.py took 0.083 seconds
[2023-05-23T00:34:38.482+0000] {processor.py:157} INFO - Started process (PID=11897) to work on /opt/airflow/dags/my-dag.py
[2023-05-23T00:34:38.483+0000] {processor.py:826} INFO - Processing file /opt/airflow/dags/my-dag.py for tasks to queue
[2023-05-23T00:34:38.484+0000] {logging_mixin.py:149} INFO - [2023-05-23T00:34:38.484+0000] {dagbag.py:541} INFO - Filling up the DagBag from /opt/airflow/dags/my-dag.py
[2023-05-23T00:34:38.514+0000] {processor.py:836} INFO - DAG(s) dict_keys(['spotify_dag']) retrieved from /opt/airflow/dags/my-dag.py
[2023-05-23T00:34:38.538+0000] {logging_mixin.py:149} INFO - [2023-05-23T00:34:38.537+0000] {dag.py:2726} INFO - Sync 1 DAGs
[2023-05-23T00:34:38.570+0000] {logging_mixin.py:149} INFO - [2023-05-23T00:34:38.570+0000] {dag.py:3490} INFO - Setting next_dagrun for spotify_dag to 2023-05-22T23:29:07.671801+00:00, run_after=2023-05-23T23:29:07.671801+00:00
[2023-05-23T00:34:38.596+0000] {processor.py:179} INFO - Processing /opt/airflow/dags/my-dag.py took 0.117 seconds
[2023-05-23T00:35:09.069+0000] {processor.py:157} INFO - Started process (PID=11967) to work on /opt/airflow/dags/my-dag.py
[2023-05-23T00:35:09.070+0000] {processor.py:826} INFO - Processing file /opt/airflow/dags/my-dag.py for tasks to queue
[2023-05-23T00:35:09.070+0000] {logging_mixin.py:149} INFO - [2023-05-23T00:35:09.070+0000] {dagbag.py:541} INFO - Filling up the DagBag from /opt/airflow/dags/my-dag.py
[2023-05-23T00:35:09.089+0000] {processor.py:836} INFO - DAG(s) dict_keys(['spotify_dag']) retrieved from /opt/airflow/dags/my-dag.py
[2023-05-23T00:35:09.106+0000] {logging_mixin.py:149} INFO - [2023-05-23T00:35:09.106+0000] {dag.py:2726} INFO - Sync 1 DAGs
[2023-05-23T00:35:09.128+0000] {logging_mixin.py:149} INFO - [2023-05-23T00:35:09.128+0000] {dag.py:3490} INFO - Setting next_dagrun for spotify_dag to 2023-05-22T23:29:07.671801+00:00, run_after=2023-05-23T23:29:07.671801+00:00
[2023-05-23T00:35:09.146+0000] {processor.py:179} INFO - Processing /opt/airflow/dags/my-dag.py took 0.080 seconds
[2023-05-23T00:35:39.544+0000] {processor.py:157} INFO - Started process (PID=12036) to work on /opt/airflow/dags/my-dag.py
[2023-05-23T00:35:39.545+0000] {processor.py:826} INFO - Processing file /opt/airflow/dags/my-dag.py for tasks to queue
[2023-05-23T00:35:39.546+0000] {logging_mixin.py:149} INFO - [2023-05-23T00:35:39.545+0000] {dagbag.py:541} INFO - Filling up the DagBag from /opt/airflow/dags/my-dag.py
[2023-05-23T00:35:39.565+0000] {processor.py:836} INFO - DAG(s) dict_keys(['spotify_dag']) retrieved from /opt/airflow/dags/my-dag.py
[2023-05-23T00:35:39.584+0000] {logging_mixin.py:149} INFO - [2023-05-23T00:35:39.584+0000] {dag.py:2726} INFO - Sync 1 DAGs
[2023-05-23T00:35:39.608+0000] {logging_mixin.py:149} INFO - [2023-05-23T00:35:39.608+0000] {dag.py:3490} INFO - Setting next_dagrun for spotify_dag to 2023-05-22T23:29:07.671801+00:00, run_after=2023-05-23T23:29:07.671801+00:00
[2023-05-23T00:35:39.654+0000] {processor.py:179} INFO - Processing /opt/airflow/dags/my-dag.py took 0.114 seconds
[2023-05-23T00:36:10.438+0000] {processor.py:157} INFO - Started process (PID=12106) to work on /opt/airflow/dags/my-dag.py
[2023-05-23T00:36:10.439+0000] {processor.py:826} INFO - Processing file /opt/airflow/dags/my-dag.py for tasks to queue
[2023-05-23T00:36:10.440+0000] {logging_mixin.py:149} INFO - [2023-05-23T00:36:10.440+0000] {dagbag.py:541} INFO - Filling up the DagBag from /opt/airflow/dags/my-dag.py
[2023-05-23T00:36:10.460+0000] {processor.py:836} INFO - DAG(s) dict_keys(['spotify_dag']) retrieved from /opt/airflow/dags/my-dag.py
[2023-05-23T00:36:10.482+0000] {logging_mixin.py:149} INFO - [2023-05-23T00:36:10.482+0000] {dag.py:2726} INFO - Sync 1 DAGs
[2023-05-23T00:36:10.507+0000] {logging_mixin.py:149} INFO - [2023-05-23T00:36:10.507+0000] {dag.py:3490} INFO - Setting next_dagrun for spotify_dag to 2023-05-22T23:29:07.671801+00:00, run_after=2023-05-23T23:29:07.671801+00:00
[2023-05-23T00:36:10.527+0000] {processor.py:179} INFO - Processing /opt/airflow/dags/my-dag.py took 0.092 seconds
[2023-05-23T00:36:41.380+0000] {processor.py:157} INFO - Started process (PID=12175) to work on /opt/airflow/dags/my-dag.py
[2023-05-23T00:36:41.381+0000] {processor.py:826} INFO - Processing file /opt/airflow/dags/my-dag.py for tasks to queue
[2023-05-23T00:36:41.382+0000] {logging_mixin.py:149} INFO - [2023-05-23T00:36:41.382+0000] {dagbag.py:541} INFO - Filling up the DagBag from /opt/airflow/dags/my-dag.py
[2023-05-23T00:36:41.405+0000] {processor.py:836} INFO - DAG(s) dict_keys(['spotify_dag']) retrieved from /opt/airflow/dags/my-dag.py
[2023-05-23T00:36:41.424+0000] {logging_mixin.py:149} INFO - [2023-05-23T00:36:41.424+0000] {dag.py:2726} INFO - Sync 1 DAGs
[2023-05-23T00:36:41.448+0000] {logging_mixin.py:149} INFO - [2023-05-23T00:36:41.448+0000] {dag.py:3490} INFO - Setting next_dagrun for spotify_dag to 2023-05-22T23:29:07.671801+00:00, run_after=2023-05-23T23:29:07.671801+00:00
[2023-05-23T00:36:41.472+0000] {processor.py:179} INFO - Processing /opt/airflow/dags/my-dag.py took 0.095 seconds
[2023-05-23T00:37:11.591+0000] {processor.py:157} INFO - Started process (PID=12245) to work on /opt/airflow/dags/my-dag.py
[2023-05-23T00:37:11.591+0000] {processor.py:826} INFO - Processing file /opt/airflow/dags/my-dag.py for tasks to queue
[2023-05-23T00:37:11.592+0000] {logging_mixin.py:149} INFO - [2023-05-23T00:37:11.592+0000] {dagbag.py:541} INFO - Filling up the DagBag from /opt/airflow/dags/my-dag.py
[2023-05-23T00:37:11.610+0000] {processor.py:836} INFO - DAG(s) dict_keys(['spotify_dag']) retrieved from /opt/airflow/dags/my-dag.py
[2023-05-23T00:37:11.628+0000] {logging_mixin.py:149} INFO - [2023-05-23T00:37:11.628+0000] {dag.py:2726} INFO - Sync 1 DAGs
[2023-05-23T00:37:11.652+0000] {logging_mixin.py:149} INFO - [2023-05-23T00:37:11.652+0000] {dag.py:3490} INFO - Setting next_dagrun for spotify_dag to 2023-05-22T23:29:07.671801+00:00, run_after=2023-05-23T23:29:07.671801+00:00
[2023-05-23T00:37:11.685+0000] {processor.py:179} INFO - Processing /opt/airflow/dags/my-dag.py took 0.097 seconds
[2023-05-23T00:37:42.227+0000] {processor.py:157} INFO - Started process (PID=12314) to work on /opt/airflow/dags/my-dag.py
[2023-05-23T00:37:42.227+0000] {processor.py:826} INFO - Processing file /opt/airflow/dags/my-dag.py for tasks to queue
[2023-05-23T00:37:42.228+0000] {logging_mixin.py:149} INFO - [2023-05-23T00:37:42.228+0000] {dagbag.py:541} INFO - Filling up the DagBag from /opt/airflow/dags/my-dag.py
[2023-05-23T00:37:42.246+0000] {processor.py:836} INFO - DAG(s) dict_keys(['spotify_dag']) retrieved from /opt/airflow/dags/my-dag.py
[2023-05-23T00:37:42.264+0000] {logging_mixin.py:149} INFO - [2023-05-23T00:37:42.264+0000] {dag.py:2726} INFO - Sync 1 DAGs
[2023-05-23T00:37:42.285+0000] {logging_mixin.py:149} INFO - [2023-05-23T00:37:42.285+0000] {dag.py:3490} INFO - Setting next_dagrun for spotify_dag to 2023-05-22T23:29:07.671801+00:00, run_after=2023-05-23T23:29:07.671801+00:00
[2023-05-23T00:37:42.305+0000] {processor.py:179} INFO - Processing /opt/airflow/dags/my-dag.py took 0.080 seconds
[2023-05-23T00:38:12.395+0000] {processor.py:157} INFO - Started process (PID=12384) to work on /opt/airflow/dags/my-dag.py
[2023-05-23T00:38:12.396+0000] {processor.py:826} INFO - Processing file /opt/airflow/dags/my-dag.py for tasks to queue
[2023-05-23T00:38:12.396+0000] {logging_mixin.py:149} INFO - [2023-05-23T00:38:12.396+0000] {dagbag.py:541} INFO - Filling up the DagBag from /opt/airflow/dags/my-dag.py
[2023-05-23T00:38:12.416+0000] {processor.py:836} INFO - DAG(s) dict_keys(['spotify_dag']) retrieved from /opt/airflow/dags/my-dag.py
[2023-05-23T00:38:12.436+0000] {logging_mixin.py:149} INFO - [2023-05-23T00:38:12.436+0000] {dag.py:2726} INFO - Sync 1 DAGs
[2023-05-23T00:38:12.461+0000] {logging_mixin.py:149} INFO - [2023-05-23T00:38:12.461+0000] {dag.py:3490} INFO - Setting next_dagrun for spotify_dag to 2023-05-22T23:29:07.671801+00:00, run_after=2023-05-23T23:29:07.671801+00:00
[2023-05-23T00:38:12.581+0000] {processor.py:179} INFO - Processing /opt/airflow/dags/my-dag.py took 0.189 seconds
[2023-05-23T00:38:42.847+0000] {processor.py:157} INFO - Started process (PID=12449) to work on /opt/airflow/dags/my-dag.py
[2023-05-23T00:38:42.848+0000] {processor.py:826} INFO - Processing file /opt/airflow/dags/my-dag.py for tasks to queue
[2023-05-23T00:38:42.849+0000] {logging_mixin.py:149} INFO - [2023-05-23T00:38:42.848+0000] {dagbag.py:541} INFO - Filling up the DagBag from /opt/airflow/dags/my-dag.py
[2023-05-23T00:38:42.866+0000] {processor.py:836} INFO - DAG(s) dict_keys(['spotify_dag']) retrieved from /opt/airflow/dags/my-dag.py
[2023-05-23T00:38:42.883+0000] {logging_mixin.py:149} INFO - [2023-05-23T00:38:42.883+0000] {dag.py:2726} INFO - Sync 1 DAGs
[2023-05-23T00:38:42.913+0000] {logging_mixin.py:149} INFO - [2023-05-23T00:38:42.912+0000] {dag.py:3490} INFO - Setting next_dagrun for spotify_dag to 2023-05-22T23:29:07.671801+00:00, run_after=2023-05-23T23:29:07.671801+00:00
[2023-05-23T00:38:42.936+0000] {processor.py:179} INFO - Processing /opt/airflow/dags/my-dag.py took 0.091 seconds
[2023-05-23T00:39:13.420+0000] {processor.py:157} INFO - Started process (PID=12518) to work on /opt/airflow/dags/my-dag.py
[2023-05-23T00:39:13.420+0000] {processor.py:826} INFO - Processing file /opt/airflow/dags/my-dag.py for tasks to queue
[2023-05-23T00:39:13.421+0000] {logging_mixin.py:149} INFO - [2023-05-23T00:39:13.421+0000] {dagbag.py:541} INFO - Filling up the DagBag from /opt/airflow/dags/my-dag.py
[2023-05-23T00:39:13.440+0000] {processor.py:836} INFO - DAG(s) dict_keys(['spotify_dag']) retrieved from /opt/airflow/dags/my-dag.py
[2023-05-23T00:39:13.457+0000] {logging_mixin.py:149} INFO - [2023-05-23T00:39:13.456+0000] {dag.py:2726} INFO - Sync 1 DAGs
[2023-05-23T00:39:13.480+0000] {logging_mixin.py:149} INFO - [2023-05-23T00:39:13.479+0000] {dag.py:3490} INFO - Setting next_dagrun for spotify_dag to 2023-05-22T23:29:07.671801+00:00, run_after=2023-05-23T23:29:07.671801+00:00
[2023-05-23T00:39:13.498+0000] {processor.py:179} INFO - Processing /opt/airflow/dags/my-dag.py took 0.081 seconds
[2023-05-23T00:39:44.012+0000] {processor.py:157} INFO - Started process (PID=12587) to work on /opt/airflow/dags/my-dag.py
[2023-05-23T00:39:44.013+0000] {processor.py:826} INFO - Processing file /opt/airflow/dags/my-dag.py for tasks to queue
[2023-05-23T00:39:44.013+0000] {logging_mixin.py:149} INFO - [2023-05-23T00:39:44.013+0000] {dagbag.py:541} INFO - Filling up the DagBag from /opt/airflow/dags/my-dag.py
[2023-05-23T00:39:44.037+0000] {processor.py:836} INFO - DAG(s) dict_keys(['spotify_dag']) retrieved from /opt/airflow/dags/my-dag.py
[2023-05-23T00:39:44.057+0000] {logging_mixin.py:149} INFO - [2023-05-23T00:39:44.056+0000] {dag.py:2726} INFO - Sync 1 DAGs
[2023-05-23T00:39:44.081+0000] {logging_mixin.py:149} INFO - [2023-05-23T00:39:44.080+0000] {dag.py:3490} INFO - Setting next_dagrun for spotify_dag to 2023-05-22T23:29:07.671801+00:00, run_after=2023-05-23T23:29:07.671801+00:00
[2023-05-23T00:39:44.196+0000] {processor.py:179} INFO - Processing /opt/airflow/dags/my-dag.py took 0.187 seconds
