[2023-05-22T23:36:10.998+0000] {taskinstance.py:1103} INFO - Dependencies all met for dep_context=non-requeueable deps ti=<TaskInstance: spotify_dag.whole_spotify_etl manual__2023-05-22T23:36:09.920553+00:00 [queued]>
[2023-05-22T23:36:11.005+0000] {taskinstance.py:1103} INFO - Dependencies all met for dep_context=requeueable deps ti=<TaskInstance: spotify_dag.whole_spotify_etl manual__2023-05-22T23:36:09.920553+00:00 [queued]>
[2023-05-22T23:36:11.006+0000] {taskinstance.py:1308} INFO - Starting attempt 1 of 2
[2023-05-22T23:36:11.018+0000] {taskinstance.py:1327} INFO - Executing <Task(PythonOperator): whole_spotify_etl> on 2023-05-22 23:36:09.920553+00:00
[2023-05-22T23:36:11.024+0000] {standard_task_runner.py:57} INFO - Started process 405 to run task
[2023-05-22T23:36:11.026+0000] {standard_task_runner.py:84} INFO - Running: ['***', 'tasks', 'run', 'spotify_dag', 'whole_spotify_etl', 'manual__2023-05-22T23:36:09.920553+00:00', '--job-id', '1054', '--raw', '--subdir', 'DAGS_FOLDER/my-dag.py', '--cfg-path', '/tmp/tmpruqig99p']
[2023-05-22T23:36:11.026+0000] {standard_task_runner.py:85} INFO - Job 1054: Subtask whole_spotify_etl
[2023-05-22T23:36:11.064+0000] {task_command.py:410} INFO - Running <TaskInstance: spotify_dag.whole_spotify_etl manual__2023-05-22T23:36:09.920553+00:00 [running]> on host 6819d12c99bf
[2023-05-22T23:36:11.144+0000] {taskinstance.py:1547} INFO - Exporting env vars: AIRFLOW_CTX_DAG_EMAIL='***@example.com' AIRFLOW_CTX_DAG_OWNER='***' AIRFLOW_CTX_DAG_ID='spotify_dag' AIRFLOW_CTX_TASK_ID='whole_spotify_etl' AIRFLOW_CTX_EXECUTION_DATE='2023-05-22T23:36:09.920553+00:00' AIRFLOW_CTX_TRY_NUMBER='1' AIRFLOW_CTX_DAG_RUN_ID='manual__2023-05-22T23:36:09.920553+00:00'
[2023-05-22T23:36:11.146+0000] {taskinstance.py:1824} ERROR - Task failed with exception
Traceback (most recent call last):
  File "/home/airflow/.local/lib/python3.7/site-packages/airflow/operators/python.py", line 181, in execute
    return_value = self.execute_callable()
  File "/home/airflow/.local/lib/python3.7/site-packages/airflow/operators/python.py", line 198, in execute_callable
    return self.python_callable(*self.op_args, **self.op_kwargs)
  File "/opt/airflow/dags/spotify_etl.py", line 31, in run_spotify_etl
    spotify = spotipy.Spotify(client_credentials_manager=SpotifyClientCredentials())
  File "/home/airflow/.local/lib/python3.7/site-packages/spotipy/oauth2.py", line 157, in __init__
    self.client_id = client_id
  File "/home/airflow/.local/lib/python3.7/site-packages/spotipy/oauth2.py", line 109, in client_id
    self._client_id = _ensure_value(val, "client_id")
  File "/home/airflow/.local/lib/python3.7/site-packages/spotipy/oauth2.py", line 77, in _ensure_value
    raise SpotifyOauthError(msg)
spotipy.oauth2.SpotifyOauthError: No client_id. Pass it or set a SPOTIPY_CLIENT_ID environment variable.
[2023-05-22T23:36:11.155+0000] {taskinstance.py:1350} INFO - Marking task as UP_FOR_RETRY. dag_id=spotify_dag, task_id=whole_spotify_etl, execution_date=20230522T233609, start_date=20230522T233610, end_date=20230522T233611
[2023-05-22T23:36:11.164+0000] {standard_task_runner.py:109} ERROR - Failed to execute job 1054 for task whole_spotify_etl (No client_id. Pass it or set a SPOTIPY_CLIENT_ID environment variable.; 405)
[2023-05-22T23:36:11.198+0000] {local_task_job_runner.py:225} INFO - Task exited with return code 1
[2023-05-22T23:36:11.212+0000] {taskinstance.py:2651} INFO - 0 downstream tasks scheduled from follow-on schedule check
