[2023-05-22T20:01:02.368+0000] {taskinstance.py:1103} INFO - Dependencies all met for dep_context=non-requeueable deps ti=<TaskInstance: spotify_dag.whole_spotify_etl scheduled__2022-08-01T00:00:00+00:00 [queued]>
[2023-05-22T20:01:02.413+0000] {taskinstance.py:1103} INFO - Dependencies all met for dep_context=requeueable deps ti=<TaskInstance: spotify_dag.whole_spotify_etl scheduled__2022-08-01T00:00:00+00:00 [queued]>
[2023-05-22T20:01:02.414+0000] {taskinstance.py:1308} INFO - Starting attempt 1 of 2
[2023-05-22T20:01:02.439+0000] {taskinstance.py:1327} INFO - Executing <Task(PythonOperator): whole_spotify_etl> on 2022-08-01 00:00:00+00:00
[2023-05-22T20:01:02.449+0000] {standard_task_runner.py:57} INFO - Started process 873 to run task
[2023-05-22T20:01:02.452+0000] {standard_task_runner.py:84} INFO - Running: ['***', 'tasks', 'run', 'spotify_dag', 'whole_spotify_etl', 'scheduled__2022-08-01T00:00:00+00:00', '--job-id', '949', '--raw', '--subdir', 'DAGS_FOLDER/my-dag.py', '--cfg-path', '/tmp/tmpz8gipzpj']
[2023-05-22T20:01:02.453+0000] {standard_task_runner.py:85} INFO - Job 949: Subtask whole_spotify_etl
[2023-05-22T20:01:02.519+0000] {task_command.py:410} INFO - Running <TaskInstance: spotify_dag.whole_spotify_etl scheduled__2022-08-01T00:00:00+00:00 [running]> on host 676151ea7c9e
[2023-05-22T20:01:02.682+0000] {taskinstance.py:1547} INFO - Exporting env vars: AIRFLOW_CTX_DAG_EMAIL='***@example.com' AIRFLOW_CTX_DAG_OWNER='***' AIRFLOW_CTX_DAG_ID='spotify_dag' AIRFLOW_CTX_TASK_ID='whole_spotify_etl' AIRFLOW_CTX_EXECUTION_DATE='2022-08-01T00:00:00+00:00' AIRFLOW_CTX_TRY_NUMBER='1' AIRFLOW_CTX_DAG_RUN_ID='scheduled__2022-08-01T00:00:00+00:00'
[2023-05-22T20:01:02.794+0000] {logging_mixin.py:149} INFO - {'error': {'status': 401, 'message': 'Invalid access token'}}
[2023-05-22T20:01:02.795+0000] {taskinstance.py:1824} ERROR - Task failed with exception
Traceback (most recent call last):
  File "/home/airflow/.local/lib/python3.7/site-packages/airflow/operators/python.py", line 181, in execute
    return_value = self.execute_callable()
  File "/home/airflow/.local/lib/python3.7/site-packages/airflow/operators/python.py", line 198, in execute_callable
    return self.python_callable(*self.op_args, **self.op_kwargs)
  File "/opt/airflow/dags/spotify_etl.py", line 83, in run_spotify_etl
    for song in data["items"]:
KeyError: 'items'
[2023-05-22T20:01:02.811+0000] {taskinstance.py:1350} INFO - Marking task as UP_FOR_RETRY. dag_id=spotify_dag, task_id=whole_spotify_etl, execution_date=20220801T000000, start_date=20230522T200102, end_date=20230522T200102
[2023-05-22T20:01:02.836+0000] {standard_task_runner.py:109} ERROR - Failed to execute job 949 for task whole_spotify_etl ('items'; 873)
[2023-05-22T20:01:02.865+0000] {local_task_job_runner.py:225} INFO - Task exited with return code 1
[2023-05-22T20:01:02.887+0000] {taskinstance.py:2651} INFO - 0 downstream tasks scheduled from follow-on schedule check
