[2023-05-22T20:01:00.521+0000] {taskinstance.py:1103} INFO - Dependencies all met for dep_context=non-requeueable deps ti=<TaskInstance: spotify_dag.whole_spotify_etl scheduled__2022-07-24T00:00:00+00:00 [queued]>
[2023-05-22T20:01:00.534+0000] {taskinstance.py:1103} INFO - Dependencies all met for dep_context=requeueable deps ti=<TaskInstance: spotify_dag.whole_spotify_etl scheduled__2022-07-24T00:00:00+00:00 [queued]>
[2023-05-22T20:01:00.535+0000] {taskinstance.py:1308} INFO - Starting attempt 1 of 2
[2023-05-22T20:01:00.555+0000] {taskinstance.py:1327} INFO - Executing <Task(PythonOperator): whole_spotify_etl> on 2022-07-24 00:00:00+00:00
[2023-05-22T20:01:00.563+0000] {standard_task_runner.py:57} INFO - Started process 851 to run task
[2023-05-22T20:01:00.566+0000] {standard_task_runner.py:84} INFO - Running: ['***', 'tasks', 'run', 'spotify_dag', 'whole_spotify_etl', 'scheduled__2022-07-24T00:00:00+00:00', '--job-id', '940', '--raw', '--subdir', 'DAGS_FOLDER/my-dag.py', '--cfg-path', '/tmp/tmp1yysnm08']
[2023-05-22T20:01:00.567+0000] {standard_task_runner.py:85} INFO - Job 940: Subtask whole_spotify_etl
[2023-05-22T20:01:00.626+0000] {task_command.py:410} INFO - Running <TaskInstance: spotify_dag.whole_spotify_etl scheduled__2022-07-24T00:00:00+00:00 [running]> on host 676151ea7c9e
[2023-05-22T20:01:00.792+0000] {taskinstance.py:1547} INFO - Exporting env vars: AIRFLOW_CTX_DAG_EMAIL='***@example.com' AIRFLOW_CTX_DAG_OWNER='***' AIRFLOW_CTX_DAG_ID='spotify_dag' AIRFLOW_CTX_TASK_ID='whole_spotify_etl' AIRFLOW_CTX_EXECUTION_DATE='2022-07-24T00:00:00+00:00' AIRFLOW_CTX_TRY_NUMBER='1' AIRFLOW_CTX_DAG_RUN_ID='scheduled__2022-07-24T00:00:00+00:00'
[2023-05-22T20:01:00.907+0000] {logging_mixin.py:149} INFO - {'error': {'status': 401, 'message': 'Invalid access token'}}
[2023-05-22T20:01:00.908+0000] {taskinstance.py:1824} ERROR - Task failed with exception
Traceback (most recent call last):
  File "/home/airflow/.local/lib/python3.7/site-packages/airflow/operators/python.py", line 181, in execute
    return_value = self.execute_callable()
  File "/home/airflow/.local/lib/python3.7/site-packages/airflow/operators/python.py", line 198, in execute_callable
    return self.python_callable(*self.op_args, **self.op_kwargs)
  File "/opt/airflow/dags/spotify_etl.py", line 83, in run_spotify_etl
    for song in data["items"]:
KeyError: 'items'
[2023-05-22T20:01:00.920+0000] {taskinstance.py:1350} INFO - Marking task as UP_FOR_RETRY. dag_id=spotify_dag, task_id=whole_spotify_etl, execution_date=20220724T000000, start_date=20230522T200100, end_date=20230522T200100
[2023-05-22T20:01:00.949+0000] {standard_task_runner.py:109} ERROR - Failed to execute job 940 for task whole_spotify_etl ('items'; 851)
[2023-05-22T20:01:00.980+0000] {local_task_job_runner.py:225} INFO - Task exited with return code 1
[2023-05-22T20:01:01.010+0000] {taskinstance.py:2651} INFO - 0 downstream tasks scheduled from follow-on schedule check
